000000000010	20180517 09:17:04			000000000000000000000000000001	ADM 	"Erro ao executar sincronização.QUERY: {CALL adm.pOrquestAtvoFundo(?)} ERRO: Could not find stored procedure 'adm.pOrquestAtvoFundo'.	StackTrace Excecao:util.BancoDadosException: QUERY: {CALL adm.pOrquestAtvoFundo(?)} ERRO: Could not find stored procedure 'adm.pOrquestAtvoFundo'.
	at br.com.bradesco.custodia.portal.portaladm.integracao.SincronizacaoAtivosSQLDAO.sincronizar(SincronizacaoAtivosSQLDAO.java:41)
	at br.com.bradesco.custodia.portal.portaladm.negocio.ConteudoMenuEntity.sincronizarAtivo(ConteudoMenuEntity.java:113)
	at br.com.bradesco.custodia.portal.portaladm.apresentacao.SincronizacaoAction.sincronizar(SincronizacaoAction.java:70)
	at sun.reflect.NativeMethodAccessorImpl.invoke0(Native Method)
	at sun.reflect.NativeMethodAccessorImpl.invoke(NativeMethodAccessorImpl.java:94)
	at sun.reflect.DelegatingMethodAccessorImpl.invoke(DelegatingMethodAccessorImpl.java:55)
	at java.lang.reflect.Method.invoke(Method.java:619)
	at org.apache.struts.actions.DispatchAction.dispatchMethod(DispatchAction.java:280)
	at org.apache.struts.actions.DispatchAction.execute(DispatchAction.java:216)
	at org.apache.struts.action.RequestProcessor.processActionPerform(RequestProcessor.java:484)
	at br.com.bradesco.portaladm.apresentacao.AplicacaoPortalRequestProcessor.processActionPerform(AplicacaoPortalRequestProcessor.java:79)
	at org.apache.struts.action.RequestProcessor.process(RequestProcessor.java:274)
	at org.apache.struts.action.ActionServlet.process(ActionServlet.java:1482)
	at org.apache.struts.action.ActionServlet.doPost(ActionServlet.java:525)
	at javax.servlet.http.HttpServlet.service(HttpServlet.java:595)
	at javax.servlet.http.HttpServlet.service(HttpServlet.java:668)
	at org.apache.catalina.core.ApplicationFilterChain.internalDoFilter(ApplicationFilterChain.java:303)
	at org.apache.catalina.core.ApplicationFilterChain.doFilter(ApplicationFilterChain.java:208)
	at org.apache.tomcat.websocket.server.WsFilter.doFilter(WsFilter.java:52)
	at org.apache.catalina.core.ApplicationFilterChain.internalDoFilter(ApplicationFilterChain.java:241)
	at org.apache.catalina.core.ApplicationFilterChain.doFilter(ApplicationFilterChain.java:208)
	at br.com.bradesco.custodia.portal.portaladm.apresentacao.CharEncodeFilter.doFilter(CharEncodeFilter.java:37)
	at org.apache.catalina.core.ApplicationFilterChain.internalDoFilter(ApplicationFilterChain.java:241)
	at org.apache.catalina.core.ApplicationFilterChain.doFilter(ApplicationFilterChain.java:208)
	at org.apache.catalina.core.StandardWrapperValve.invoke(StandardWrapperValve.java:219)
	at org.apache.catalina.core.StandardContextValve.invoke(StandardContextValve.java:110)
	at org.apache.catalina.authenticator.AuthenticatorBase.invoke(AuthenticatorBase.java:506)
	at org.apache.catalina.core.StandardHostValve.invoke(StandardHostValve.java:169)
	at org.apache.catalina.valves.ErrorReportValve.invoke(ErrorReportValve.java:103)
	at org.apache.catalina.valves.AccessLogValve.invoke(AccessLogValve.java:962)
	at org.apache.catalina.core.StandardEngineValve.invoke(StandardEngineValve.java:116)
	at org.apache.catalina.connector.CoyoteAdapter.service(CoyoteAdapter.java:445)
	at org.apache.coyote.http11.AbstractHttp11Processor.process(AbstractHttp11Processor.java:1115)
	at org.apache.coyote.AbstractProtocol$AbstractConnectionHandler.process(AbstractProtocol.java:637)
	at org.apache.tomcat.util.net.JIoEndpoint$SocketProcessor.run(JIoEndpoint.java:316)
	at java.util.concurrent.ThreadPoolExecutor.runWorker(ThreadPoolExecutor.java:1176)
	at java.util.concurrent.ThreadPoolExecutor$Worker.run(ThreadPoolExecutor.java:641)
	at org.apache.tomcat.util.threads.TaskThread$WrappingRunnable.run(TaskThread.java:61)
	at java.lang.Thread.run(Thread.java:853)
Caused by: com.microsoft.sqlserver.jdbc.SQLServerException: Could not find stored procedure 'adm.pOrquestAtvoFundo'.
	at com.microsoft.sqlserver.jdbc.SQLServerException.makeFromDatabaseError(SQLServerException.java:216)
	at com.microsoft.sqlserver.jdbc.SQLServerStatement.getNextResult(SQLServerStatement.java:1515)
	at com.microsoft.sqlserver.jdbc.SQLServerPreparedStatement.doExecutePreparedStatement(SQLServerPreparedStatement.java:404)
	at com.microsoft.sqlserver.jdbc.SQLServerPreparedStatement$PrepStmtExecCmd.doExecute(SQLServerPreparedStatement.java:350)
	at com.microsoft.sqlserver.jdbc.TDSCommand.execute(IOBuffer.java:5696)
	at com.microsoft.sqlserver.jdbc.SQLServerConnection.executeCommand(SQLServerConnection.java:1715)
	at com.microsoft.sqlserver.jdbc.SQLServerStatement.executeCommand(SQLServerStatement.java:180)
	at com.microsoft.sqlserver.jdbc.SQLServerStatement.executeStatement(SQLServerStatement.java:155)
	at com.microsoft.sqlserver.jdbc.SQLServerPreparedStatement.executeQuery(SQLServerPreparedStatement.java:285)
	at org.apache.tomcat.dbcp.dbcp.DelegatingPreparedStatement.executeQuery(DelegatingPreparedStatement.java:96)
	at org.apache.tomcat.dbcp.dbcp.DelegatingPreparedStatement.executeQuery(DelegatingPreparedStatement.java:96)
	at br.com.bradesco.custodia.portal.portaladm.integracao.SincronizacaoAtivosSQLDAO.sincronizar(SincronizacaoAtivosSQLDAO.java:32)
	... 38 more"
000000000011	20180517 09:17:18			000000000000000000000000000001	ADM 	"Erro ao executar sincronização.QUERY: {CALL adm.pOrquestAtvoFundo(?)} ERRO: Could not find stored procedure 'adm.pOrquestAtvoFundo'.	StackTrace Excecao:util.BancoDadosException: QUERY: {CALL adm.pOrquestAtvoFundo(?)} ERRO: Could not find stored procedure 'adm.pOrquestAtvoFundo'.
	at br.com.bradesco.custodia.portal.portaladm.integracao.SincronizacaoAtivosSQLDAO.sincronizar(SincronizacaoAtivosSQLDAO.java:41)
	at br.com.bradesco.custodia.portal.portaladm.negocio.ConteudoMenuEntity.sincronizarAtivo(ConteudoMenuEntity.java:113)
	at br.com.bradesco.custodia.portal.portaladm.apresentacao.SincronizacaoAction.sincronizar(SincronizacaoAction.java:70)
	at sun.reflect.NativeMethodAccessorImpl.invoke0(Native Method)
	at sun.reflect.NativeMethodAccessorImpl.invoke(NativeMethodAccessorImpl.java:94)
	at sun.reflect.DelegatingMethodAccessorImpl.invoke(DelegatingMethodAccessorImpl.java:55)
	at java.lang.reflect.Method.invoke(Method.java:619)
	at org.apache.struts.actions.DispatchAction.dispatchMethod(DispatchAction.java:280)
	at org.apache.struts.actions.DispatchAction.execute(DispatchAction.java:216)
	at org.apache.struts.action.RequestProcessor.processActionPerform(RequestProcessor.java:484)
	at br.com.bradesco.portaladm.apresentacao.AplicacaoPortalRequestProcessor.processActionPerform(AplicacaoPortalRequestProcessor.java:79)
	at org.apache.struts.action.RequestProcessor.process(RequestProcessor.java:274)
	at org.apache.struts.action.ActionServlet.process(ActionServlet.java:1482)
	at org.apache.struts.action.ActionServlet.doPost(ActionServlet.java:525)
	at javax.servlet.http.HttpServlet.service(HttpServlet.java:595)
	at javax.servlet.http.HttpServlet.service(HttpServlet.java:668)
	at org.apache.catalina.core.ApplicationFilterChain.internalDoFilter(ApplicationFilterChain.java:303)
	at org.apache.catalina.core.ApplicationFilterChain.doFilter(ApplicationFilterChain.java:208)
	at org.apache.tomcat.websocket.server.WsFilter.doFilter(WsFilter.java:52)
	at org.apache.catalina.core.ApplicationFilterChain.internalDoFilter(ApplicationFilterChain.java:241)
	at org.apache.catalina.core.ApplicationFilterChain.doFilter(ApplicationFilterChain.java:208)
	at br.com.bradesco.custodia.portal.portaladm.apresentacao.CharEncodeFilter.doFilter(CharEncodeFilter.java:37)
	at org.apache.catalina.core.ApplicationFilterChain.internalDoFilter(ApplicationFilterChain.java:241)
	at org.apache.catalina.core.ApplicationFilterChain.doFilter(ApplicationFilterChain.java:208)
	at org.apache.catalina.core.StandardWrapperValve.invoke(StandardWrapperValve.java:219)
	at org.apache.catalina.core.StandardContextValve.invoke(StandardContextValve.java:110)
	at org.apache.catalina.authenticator.AuthenticatorBase.invoke(AuthenticatorBase.java:506)
	at org.apache.catalina.core.StandardHostValve.invoke(StandardHostValve.java:169)
	at org.apache.catalina.valves.ErrorReportValve.invoke(ErrorReportValve.java:103)
	at org.apache.catalina.valves.AccessLogValve.invoke(AccessLogValve.java:962)
	at org.apache.catalina.core.StandardEngineValve.invoke(StandardEngineValve.java:116)
	at org.apache.catalina.connector.CoyoteAdapter.service(CoyoteAdapter.java:445)
	at org.apache.coyote.http11.AbstractHttp11Processor.process(AbstractHttp11Processor.java:1115)
	at org.apache.coyote.AbstractProtocol$AbstractConnectionHandler.process(AbstractProtocol.java:637)
	at org.apache.tomcat.util.net.JIoEndpoint$SocketProcessor.run(JIoEndpoint.java:316)
	at java.util.concurrent.ThreadPoolExecutor.runWorker(ThreadPoolExecutor.java:1176)
	at java.util.concurrent.ThreadPoolExecutor$Worker.run(ThreadPoolExecutor.java:641)
	at org.apache.tomcat.util.threads.TaskThread$WrappingRunnable.run(TaskThread.java:61)
	at java.lang.Thread.run(Thread.java:853)
Caused by: com.microsoft.sqlserver.jdbc.SQLServerException: Could not find stored procedure 'adm.pOrquestAtvoFundo'.
	at com.microsoft.sqlserver.jdbc.SQLServerException.makeFromDatabaseError(SQLServerException.java:216)
	at com.microsoft.sqlserver.jdbc.SQLServerStatement.getNextResult(SQLServerStatement.java:1515)
	at com.microsoft.sqlserver.jdbc.SQLServerPreparedStatement.doExecutePreparedStatement(SQLServerPreparedStatement.java:404)
	at com.microsoft.sqlserver.jdbc.SQLServerPreparedStatement$PrepStmtExecCmd.doExecute(SQLServerPreparedStatement.java:350)
	at com.microsoft.sqlserver.jdbc.TDSCommand.execute(IOBuffer.java:5696)
	at com.microsoft.sqlserver.jdbc.SQLServerConnection.executeCommand(SQLServerConnection.java:1715)
	at com.microsoft.sqlserver.jdbc.SQLServerStatement.executeCommand(SQLServerStatement.java:180)
	at com.microsoft.sqlserver.jdbc.SQLServerStatement.executeStatement(SQLServerStatement.java:155)
	at com.microsoft.sqlserver.jdbc.SQLServerPreparedStatement.executeQuery(SQLServerPreparedStatement.java:285)
	at org.apache.tomcat.dbcp.dbcp.DelegatingPreparedStatement.executeQuery(DelegatingPreparedStatement.java:96)
	at org.apache.tomcat.dbcp.dbcp.DelegatingPreparedStatement.executeQuery(DelegatingPreparedStatement.java:96)
	at br.com.bradesco.custodia.portal.portaladm.integracao.SincronizacaoAtivosSQLDAO.sincronizar(SincronizacaoAtivosSQLDAO.java:32)
	... 38 more"
