000000000010	20170109 12:17:46	A123456	C004	000000000000000000000000000001	NECA	"Ocorreu um BancoDadosException.	StackTrace Excecao:util.BancoDadosException: QUERY: {CALL campanhas.pInsConteudoCampanha01(?, ?, ?, ?)} ERRO: A instrução não retornou um conjunto de resultados.
	at br.com.bradesco.custodia.portal.campanhas.integracao.ConteudoCampanhaSQLDAO.incluirConteudoCampanha(ConteudoCampanhaSQLDAO.java:99)
	at br.com.bradesco.custodia.portal.campanhas.negocio.ConteudoCampanhaEntity.incluirConteudoCampanha(ConteudoCampanhaEntity.java:41)
	at br.com.bradesco.custodia.portal.campanhas.negocio.ConteudoCampanhaEntity.incluirConteudoHome(ConteudoCampanhaEntity.java:61)
	at br.com.bradesco.custodia.portal.campanhas.servico.CampanhaService.cadastrarCampanhaHome(CampanhaService.java:132)
	at br.com.bradesco.custodia.portal.campanhas.apresentacao.IncluirCampanhaHomeEfetivarAction.executeAction(IncluirCampanhaHomeEfetivarAction.java:52)
	at br.com.bradesco.custodia.portal.campanhas.apresentacao.CampanhasBaseAction.execute(CampanhasBaseAction.java:83)
	at org.apache.struts.action.RequestProcessor.processActionPerform(RequestProcessor.java:484)
	at br.com.bradesco.portaladm.apresentacao.AplicacaoPortalRequestProcessor.processActionPerform(AplicacaoPortalRequestProcessor.java:79)
	at org.apache.struts.action.RequestProcessor.process(RequestProcessor.java:274)
	at org.apache.struts.action.ActionServlet.process(ActionServlet.java:1482)
	at org.apache.struts.action.ActionServlet.doPost(ActionServlet.java:525)
	at javax.servlet.http.HttpServlet.service(HttpServlet.java:650)
	at javax.servlet.http.HttpServlet.service(HttpServlet.java:731)
	at org.apache.catalina.core.ApplicationFilterChain.internalDoFilter(ApplicationFilterChain.java:303)
	at org.apache.catalina.core.ApplicationFilterChain.doFilter(ApplicationFilterChain.java:208)
	at br.com.bradesco.custodia.portal.campanhas.apresentacao.CharEncodeFilter.doFilter(CharEncodeFilter.java:37)
	at org.apache.catalina.core.ApplicationFilterChain.internalDoFilter(ApplicationFilterChain.java:241)
	at org.apache.catalina.core.ApplicationFilterChain.doFilter(ApplicationFilterChain.java:208)
	at org.apache.catalina.core.StandardWrapperValve.invoke(StandardWrapperValve.java:220)
	at org.apache.catalina.core.StandardContextValve.invoke(StandardContextValve.java:122)
	at org.apache.catalina.authenticator.AuthenticatorBase.invoke(AuthenticatorBase.java:505)
	at org.apache.catalina.core.StandardHostValve.invoke(StandardHostValve.java:170)
	at org.apache.catalina.valves.ErrorReportValve.invoke(ErrorReportValve.java:103)
	at org.apache.catalina.valves.AccessLogValve.invoke(AccessLogValve.java:956)
	at org.apache.catalina.core.StandardEngineValve.invoke(StandardEngineValve.java:116)
	at org.apache.catalina.connector.CoyoteAdapter.service(CoyoteAdapter.java:423)
	at org.apache.coyote.http11.AbstractHttp11Processor.process(AbstractHttp11Processor.java:1079)
	at org.apache.coyote.AbstractProtocol$AbstractConnectionHandler.process(AbstractProtocol.java:625)
	at org.apache.tomcat.util.net.JIoEndpoint$SocketProcessor.run(JIoEndpoint.java:318)
	at java.util.concurrent.ThreadPoolExecutor$Worker.runTask(ThreadPoolExecutor.java:886)
	at java.util.concurrent.ThreadPoolExecutor$Worker.run(ThreadPoolExecutor.java:908)
	at org.apache.tomcat.util.threads.TaskThread$WrappingRunnable.run(TaskThread.java:61)
	at java.lang.Thread.run(Thread.java:662)
Caused by: com.microsoft.sqlserver.jdbc.SQLServerException: A instrução não retornou um conjunto de resultados.
	at com.microsoft.sqlserver.jdbc.SQLServerException.makeFromDriverError(SQLServerException.java:190)
	at com.microsoft.sqlserver.jdbc.SQLServerPreparedStatement.doExecutePreparedStatement(SQLServerPreparedStatement.java:408)
	at com.microsoft.sqlserver.jdbc.SQLServerPreparedStatement$PrepStmtExecCmd.doExecute(SQLServerPreparedStatement.java:350)
	at com.microsoft.sqlserver.jdbc.TDSCommand.execute(IOBuffer.java:5696)
	at com.microsoft.sqlserver.jdbc.SQLServerConnection.executeCommand(SQLServerConnection.java:1715)
	at com.microsoft.sqlserver.jdbc.SQLServerStatement.executeCommand(SQLServerStatement.java:180)
	at com.microsoft.sqlserver.jdbc.SQLServerStatement.executeStatement(SQLServerStatement.java:155)
	at com.microsoft.sqlserver.jdbc.SQLServerPreparedStatement.executeQuery(SQLServerPreparedStatement.java:285)
	at org.apache.tomcat.dbcp.dbcp.DelegatingPreparedStatement.executeQuery(DelegatingPreparedStatement.java:96)
	at org.apache.tomcat.dbcp.dbcp.DelegatingPreparedStatement.executeQuery(DelegatingPreparedStatement.java:96)
	at br.com.bradesco.custodia.portal.campanhas.integracao.ConteudoCampanhaSQLDAO.incluirConteudoCampanha(ConteudoCampanhaSQLDAO.java:91)
	... 32 more"
000000000010	20170109 12:28:30	A123456	C004	000000000000000000000000000001	NECA	"Ocorreu um BancoDadosException.	StackTrace Excecao:util.BancoDadosException: QUERY: {CALL campanhas.pInsConteudoCampanha01(?, ?, ?, ?)} ERRO: A instrução não retornou um conjunto de resultados.
	at br.com.bradesco.custodia.portal.campanhas.integracao.ConteudoCampanhaSQLDAO.incluirConteudoCampanha(ConteudoCampanhaSQLDAO.java:99)
	at br.com.bradesco.custodia.portal.campanhas.negocio.ConteudoCampanhaEntity.incluirConteudoCampanha(ConteudoCampanhaEntity.java:41)
	at br.com.bradesco.custodia.portal.campanhas.negocio.ConteudoCampanhaEntity.incluirConteudoHome(ConteudoCampanhaEntity.java:61)
	at br.com.bradesco.custodia.portal.campanhas.servico.CampanhaService.cadastrarCampanhaHome(CampanhaService.java:132)
	at br.com.bradesco.custodia.portal.campanhas.apresentacao.IncluirCampanhaHomeEfetivarAction.executeAction(IncluirCampanhaHomeEfetivarAction.java:52)
	at br.com.bradesco.custodia.portal.campanhas.apresentacao.CampanhasBaseAction.execute(CampanhasBaseAction.java:83)
	at org.apache.struts.action.RequestProcessor.processActionPerform(RequestProcessor.java:484)
	at br.com.bradesco.portaladm.apresentacao.AplicacaoPortalRequestProcessor.processActionPerform(AplicacaoPortalRequestProcessor.java:79)
	at org.apache.struts.action.RequestProcessor.process(RequestProcessor.java:274)
	at org.apache.struts.action.ActionServlet.process(ActionServlet.java:1482)
	at org.apache.struts.action.ActionServlet.doPost(ActionServlet.java:525)
	at javax.servlet.http.HttpServlet.service(HttpServlet.java:650)
	at javax.servlet.http.HttpServlet.service(HttpServlet.java:731)
	at org.apache.catalina.core.ApplicationFilterChain.internalDoFilter(ApplicationFilterChain.java:303)
	at org.apache.catalina.core.ApplicationFilterChain.doFilter(ApplicationFilterChain.java:208)
	at br.com.bradesco.custodia.portal.campanhas.apresentacao.CharEncodeFilter.doFilter(CharEncodeFilter.java:37)
	at org.apache.catalina.core.ApplicationFilterChain.internalDoFilter(ApplicationFilterChain.java:241)
	at org.apache.catalina.core.ApplicationFilterChain.doFilter(ApplicationFilterChain.java:208)
	at org.apache.catalina.core.StandardWrapperValve.invoke(StandardWrapperValve.java:220)
	at org.apache.catalina.core.StandardContextValve.invoke(StandardContextValve.java:122)
	at org.apache.catalina.authenticator.AuthenticatorBase.invoke(AuthenticatorBase.java:505)
	at org.apache.catalina.core.StandardHostValve.invoke(StandardHostValve.java:170)
	at org.apache.catalina.valves.ErrorReportValve.invoke(ErrorReportValve.java:103)
	at org.apache.catalina.valves.AccessLogValve.invoke(AccessLogValve.java:956)
	at org.apache.catalina.core.StandardEngineValve.invoke(StandardEngineValve.java:116)
	at org.apache.catalina.connector.CoyoteAdapter.service(CoyoteAdapter.java:423)
	at org.apache.coyote.http11.AbstractHttp11Processor.process(AbstractHttp11Processor.java:1079)
	at org.apache.coyote.AbstractProtocol$AbstractConnectionHandler.process(AbstractProtocol.java:625)
	at org.apache.tomcat.util.net.JIoEndpoint$SocketProcessor.run(JIoEndpoint.java:316)
	at java.util.concurrent.ThreadPoolExecutor$Worker.runTask(ThreadPoolExecutor.java:886)
	at java.util.concurrent.ThreadPoolExecutor$Worker.run(ThreadPoolExecutor.java:908)
	at org.apache.tomcat.util.threads.TaskThread$WrappingRunnable.run(TaskThread.java:61)
	at java.lang.Thread.run(Thread.java:662)
Caused by: com.microsoft.sqlserver.jdbc.SQLServerException: A instrução não retornou um conjunto de resultados.
	at com.microsoft.sqlserver.jdbc.SQLServerException.makeFromDriverError(SQLServerException.java:190)
	at com.microsoft.sqlserver.jdbc.SQLServerPreparedStatement.doExecutePreparedStatement(SQLServerPreparedStatement.java:408)
	at com.microsoft.sqlserver.jdbc.SQLServerPreparedStatement$PrepStmtExecCmd.doExecute(SQLServerPreparedStatement.java:350)
	at com.microsoft.sqlserver.jdbc.TDSCommand.execute(IOBuffer.java:5696)
	at com.microsoft.sqlserver.jdbc.SQLServerConnection.executeCommand(SQLServerConnection.java:1715)
	at com.microsoft.sqlserver.jdbc.SQLServerStatement.executeCommand(SQLServerStatement.java:180)
	at com.microsoft.sqlserver.jdbc.SQLServerStatement.executeStatement(SQLServerStatement.java:155)
	at com.microsoft.sqlserver.jdbc.SQLServerPreparedStatement.executeQuery(SQLServerPreparedStatement.java:285)
	at org.apache.tomcat.dbcp.dbcp.DelegatingPreparedStatement.executeQuery(DelegatingPreparedStatement.java:96)
	at org.apache.tomcat.dbcp.dbcp.DelegatingPreparedStatement.executeQuery(DelegatingPreparedStatement.java:96)
	at br.com.bradesco.custodia.portal.campanhas.integracao.ConteudoCampanhaSQLDAO.incluirConteudoCampanha(ConteudoCampanhaSQLDAO.java:91)
	... 32 more"
000000000011	20170109 12:29:10	A123456	C004	000000000000000000000000000001	NECA	"Ocorreu um BancoDadosException.	StackTrace Excecao:util.BancoDadosException: QUERY: {CALL campanhas.pInsConteudoCampanha01(?, ?, ?, ?)} ERRO: A instrução não retornou um conjunto de resultados.
	at br.com.bradesco.custodia.portal.campanhas.integracao.ConteudoCampanhaSQLDAO.incluirConteudoCampanha(ConteudoCampanhaSQLDAO.java:99)
	at br.com.bradesco.custodia.portal.campanhas.negocio.ConteudoCampanhaEntity.incluirConteudoCampanha(ConteudoCampanhaEntity.java:41)
	at br.com.bradesco.custodia.portal.campanhas.negocio.ConteudoCampanhaEntity.incluirConteudoHome(ConteudoCampanhaEntity.java:61)
	at br.com.bradesco.custodia.portal.campanhas.servico.CampanhaService.cadastrarCampanhaHome(CampanhaService.java:132)
	at br.com.bradesco.custodia.portal.campanhas.apresentacao.IncluirCampanhaHomeEfetivarAction.executeAction(IncluirCampanhaHomeEfetivarAction.java:52)
	at br.com.bradesco.custodia.portal.campanhas.apresentacao.CampanhasBaseAction.execute(CampanhasBaseAction.java:83)
	at org.apache.struts.action.RequestProcessor.processActionPerform(RequestProcessor.java:484)
	at br.com.bradesco.portaladm.apresentacao.AplicacaoPortalRequestProcessor.processActionPerform(AplicacaoPortalRequestProcessor.java:79)
	at org.apache.struts.action.RequestProcessor.process(RequestProcessor.java:274)
	at org.apache.struts.action.ActionServlet.process(ActionServlet.java:1482)
	at org.apache.struts.action.ActionServlet.doPost(ActionServlet.java:525)
	at javax.servlet.http.HttpServlet.service(HttpServlet.java:650)
	at javax.servlet.http.HttpServlet.service(HttpServlet.java:731)
	at org.apache.catalina.core.ApplicationFilterChain.internalDoFilter(ApplicationFilterChain.java:303)
	at org.apache.catalina.core.ApplicationFilterChain.doFilter(ApplicationFilterChain.java:208)
	at br.com.bradesco.custodia.portal.campanhas.apresentacao.CharEncodeFilter.doFilter(CharEncodeFilter.java:37)
	at org.apache.catalina.core.ApplicationFilterChain.internalDoFilter(ApplicationFilterChain.java:241)
	at org.apache.catalina.core.ApplicationFilterChain.doFilter(ApplicationFilterChain.java:208)
	at org.apache.catalina.core.StandardWrapperValve.invoke(StandardWrapperValve.java:220)
	at org.apache.catalina.core.StandardContextValve.invoke(StandardContextValve.java:122)
	at org.apache.catalina.authenticator.AuthenticatorBase.invoke(AuthenticatorBase.java:505)
	at org.apache.catalina.core.StandardHostValve.invoke(StandardHostValve.java:170)
	at org.apache.catalina.valves.ErrorReportValve.invoke(ErrorReportValve.java:103)
	at org.apache.catalina.valves.AccessLogValve.invoke(AccessLogValve.java:956)
	at org.apache.catalina.core.StandardEngineValve.invoke(StandardEngineValve.java:116)
	at org.apache.catalina.connector.CoyoteAdapter.service(CoyoteAdapter.java:423)
	at org.apache.coyote.http11.AbstractHttp11Processor.process(AbstractHttp11Processor.java:1079)
	at org.apache.coyote.AbstractProtocol$AbstractConnectionHandler.process(AbstractProtocol.java:625)
	at org.apache.tomcat.util.net.JIoEndpoint$SocketProcessor.run(JIoEndpoint.java:318)
	at java.util.concurrent.ThreadPoolExecutor$Worker.runTask(ThreadPoolExecutor.java:886)
	at java.util.concurrent.ThreadPoolExecutor$Worker.run(ThreadPoolExecutor.java:908)
	at org.apache.tomcat.util.threads.TaskThread$WrappingRunnable.run(TaskThread.java:61)
	at java.lang.Thread.run(Thread.java:662)
Caused by: com.microsoft.sqlserver.jdbc.SQLServerException: A instrução não retornou um conjunto de resultados.
	at com.microsoft.sqlserver.jdbc.SQLServerException.makeFromDriverError(SQLServerException.java:190)
	at com.microsoft.sqlserver.jdbc.SQLServerPreparedStatement.doExecutePreparedStatement(SQLServerPreparedStatement.java:408)
	at com.microsoft.sqlserver.jdbc.SQLServerPreparedStatement$PrepStmtExecCmd.doExecute(SQLServerPreparedStatement.java:350)
	at com.microsoft.sqlserver.jdbc.TDSCommand.execute(IOBuffer.java:5696)
	at com.microsoft.sqlserver.jdbc.SQLServerConnection.executeCommand(SQLServerConnection.java:1715)
	at com.microsoft.sqlserver.jdbc.SQLServerStatement.executeCommand(SQLServerStatement.java:180)
	at com.microsoft.sqlserver.jdbc.SQLServerStatement.executeStatement(SQLServerStatement.java:155)
	at com.microsoft.sqlserver.jdbc.SQLServerPreparedStatement.executeQuery(SQLServerPreparedStatement.java:285)
	at org.apache.tomcat.dbcp.dbcp.DelegatingPreparedStatement.executeQuery(DelegatingPreparedStatement.java:96)
	at org.apache.tomcat.dbcp.dbcp.DelegatingPreparedStatement.executeQuery(DelegatingPreparedStatement.java:96)
	at br.com.bradesco.custodia.portal.campanhas.integracao.ConteudoCampanhaSQLDAO.incluirConteudoCampanha(ConteudoCampanhaSQLDAO.java:91)
	... 32 more"
000000000010	20170109 12:30:25	A123456	C004	000000000000000000000000000001	NECA	"Ocorreu um BancoDadosException.	StackTrace Excecao:util.BancoDadosException: QUERY: {CALL campanhas.pInsConteudoCampanha01(?, ?, ?, ?)} ERRO: A instrução não retornou um conjunto de resultados.
	at br.com.bradesco.custodia.portal.campanhas.integracao.ConteudoCampanhaSQLDAO.incluirConteudoCampanha(ConteudoCampanhaSQLDAO.java:99)
	at br.com.bradesco.custodia.portal.campanhas.negocio.ConteudoCampanhaEntity.incluirConteudoCampanha(ConteudoCampanhaEntity.java:41)
	at br.com.bradesco.custodia.portal.campanhas.negocio.ConteudoCampanhaEntity.incluirConteudoHome(ConteudoCampanhaEntity.java:61)
	at br.com.bradesco.custodia.portal.campanhas.servico.CampanhaService.cadastrarCampanhaHome(CampanhaService.java:132)
	at br.com.bradesco.custodia.portal.campanhas.apresentacao.IncluirCampanhaHomeEfetivarAction.executeAction(IncluirCampanhaHomeEfetivarAction.java:52)
	at br.com.bradesco.custodia.portal.campanhas.apresentacao.CampanhasBaseAction.execute(CampanhasBaseAction.java:83)
	at org.apache.struts.action.RequestProcessor.processActionPerform(RequestProcessor.java:484)
	at br.com.bradesco.portaladm.apresentacao.AplicacaoPortalRequestProcessor.processActionPerform(AplicacaoPortalRequestProcessor.java:79)
	at org.apache.struts.action.RequestProcessor.process(RequestProcessor.java:274)
	at org.apache.struts.action.ActionServlet.process(ActionServlet.java:1482)
	at org.apache.struts.action.ActionServlet.doPost(ActionServlet.java:525)
	at javax.servlet.http.HttpServlet.service(HttpServlet.java:650)
	at javax.servlet.http.HttpServlet.service(HttpServlet.java:731)
	at org.apache.catalina.core.ApplicationFilterChain.internalDoFilter(ApplicationFilterChain.java:303)
	at org.apache.catalina.core.ApplicationFilterChain.doFilter(ApplicationFilterChain.java:208)
	at br.com.bradesco.custodia.portal.campanhas.apresentacao.CharEncodeFilter.doFilter(CharEncodeFilter.java:37)
	at org.apache.catalina.core.ApplicationFilterChain.internalDoFilter(ApplicationFilterChain.java:241)
	at org.apache.catalina.core.ApplicationFilterChain.doFilter(ApplicationFilterChain.java:208)
	at org.apache.catalina.core.StandardWrapperValve.invoke(StandardWrapperValve.java:220)
	at org.apache.catalina.core.StandardContextValve.invoke(StandardContextValve.java:122)
	at org.apache.catalina.authenticator.AuthenticatorBase.invoke(AuthenticatorBase.java:505)
	at org.apache.catalina.core.StandardHostValve.invoke(StandardHostValve.java:170)
	at org.apache.catalina.valves.ErrorReportValve.invoke(ErrorReportValve.java:103)
	at org.apache.catalina.valves.AccessLogValve.invoke(AccessLogValve.java:956)
	at org.apache.catalina.core.StandardEngineValve.invoke(StandardEngineValve.java:116)
	at org.apache.catalina.connector.CoyoteAdapter.service(CoyoteAdapter.java:423)
	at org.apache.coyote.http11.AbstractHttp11Processor.process(AbstractHttp11Processor.java:1079)
	at org.apache.coyote.AbstractProtocol$AbstractConnectionHandler.process(AbstractProtocol.java:625)
	at org.apache.tomcat.util.net.JIoEndpoint$SocketProcessor.run(JIoEndpoint.java:318)
	at java.util.concurrent.ThreadPoolExecutor$Worker.runTask(ThreadPoolExecutor.java:886)
	at java.util.concurrent.ThreadPoolExecutor$Worker.run(ThreadPoolExecutor.java:908)
	at org.apache.tomcat.util.threads.TaskThread$WrappingRunnable.run(TaskThread.java:61)
	at java.lang.Thread.run(Thread.java:662)
Caused by: com.microsoft.sqlserver.jdbc.SQLServerException: A instrução não retornou um conjunto de resultados.
	at com.microsoft.sqlserver.jdbc.SQLServerException.makeFromDriverError(SQLServerException.java:190)
	at com.microsoft.sqlserver.jdbc.SQLServerPreparedStatement.doExecutePreparedStatement(SQLServerPreparedStatement.java:408)
	at com.microsoft.sqlserver.jdbc.SQLServerPreparedStatement$PrepStmtExecCmd.doExecute(SQLServerPreparedStatement.java:350)
	at com.microsoft.sqlserver.jdbc.TDSCommand.execute(IOBuffer.java:5696)
	at com.microsoft.sqlserver.jdbc.SQLServerConnection.executeCommand(SQLServerConnection.java:1715)
	at com.microsoft.sqlserver.jdbc.SQLServerStatement.executeCommand(SQLServerStatement.java:180)
	at com.microsoft.sqlserver.jdbc.SQLServerStatement.executeStatement(SQLServerStatement.java:155)
	at com.microsoft.sqlserver.jdbc.SQLServerPreparedStatement.executeQuery(SQLServerPreparedStatement.java:285)
	at org.apache.tomcat.dbcp.dbcp.DelegatingPreparedStatement.executeQuery(DelegatingPreparedStatement.java:96)
	at org.apache.tomcat.dbcp.dbcp.DelegatingPreparedStatement.executeQuery(DelegatingPreparedStatement.java:96)
	at br.com.bradesco.custodia.portal.campanhas.integracao.ConteudoCampanhaSQLDAO.incluirConteudoCampanha(ConteudoCampanhaSQLDAO.java:91)
	... 32 more"
