000000000010	20160624 11:53:53	P00	C002	null	NECA	"Ocorreu um BancoDadosException.	StackTrace Excecao:util.BancoDadosException: Ambiente não encontrado
	at br.com.bradesco.custodia.portal.campanhas.negocio.AmbienteInternetEntity.obterAmbienteInternet(AmbienteInternetEntity.java:61)
	at br.com.bradesco.custodia.portal.campanhas.servico.CampanhaService.obterAmbienteInternet(CampanhaService.java:107)
	at br.com.bradesco.custodia.portal.campanhas.apresentacao.IncluirCampanhaEntradaAction.executeAction(IncluirCampanhaEntradaAction.java:42)
	at br.com.bradesco.custodia.portal.campanhas.apresentacao.CampanhasBaseAction.execute(CampanhasBaseAction.java:84)
	at org.apache.struts.action.RequestProcessor.processActionPerform(RequestProcessor.java:484)
	at br.com.bradesco.portaladm.apresentacao.AplicacaoPortalRequestProcessor.processActionPerform(AplicacaoPortalRequestProcessor.java:79)
	at org.apache.struts.action.RequestProcessor.process(RequestProcessor.java:274)
	at org.apache.struts.action.ActionServlet.process(ActionServlet.java:1482)
	at org.apache.struts.action.ActionServlet.doGet(ActionServlet.java:507)
	at javax.servlet.http.HttpServlet.service(HttpServlet.java:624)
	at javax.servlet.http.HttpServlet.service(HttpServlet.java:731)
	at org.apache.catalina.core.ApplicationFilterChain.internalDoFilter(ApplicationFilterChain.java:303)
	at org.apache.catalina.core.ApplicationFilterChain.doFilter(ApplicationFilterChain.java:208)
	at org.apache.tomcat.websocket.server.WsFilter.doFilter(WsFilter.java:52)
	at org.apache.catalina.core.ApplicationFilterChain.internalDoFilter(ApplicationFilterChain.java:241)
	at org.apache.catalina.core.ApplicationFilterChain.doFilter(ApplicationFilterChain.java:208)
	at br.com.bradesco.custodia.portal.campanhas.apresentacao.CharEncodeFilter.doFilter(CharEncodeFilter.java:37)
	at org.apache.catalina.core.ApplicationFilterChain.internalDoFilter(ApplicationFilterChain.java:241)
	at org.apache.catalina.core.ApplicationFilterChain.doFilter(ApplicationFilterChain.java:208)
	at org.apache.catalina.core.StandardWrapperValve.invoke(StandardWrapperValve.java:220)
	at org.apache.catalina.core.StandardContextValve.invoke(StandardContextValve.java:122)
	at org.apache.catalina.authenticator.AuthenticatorBase.invoke(AuthenticatorBase.java:505)
	at org.apache.catalina.core.StandardHostValve.invoke(StandardHostValve.java:170)
	at org.apache.catalina.valves.ErrorReportValve.invoke(ErrorReportValve.java:103)
	at org.apache.catalina.valves.AccessLogValve.invoke(AccessLogValve.java:956)
	at org.apache.catalina.core.StandardEngineValve.invoke(StandardEngineValve.java:116)
	at org.apache.catalina.connector.CoyoteAdapter.service(CoyoteAdapter.java:423)
	at org.apache.coyote.http11.AbstractHttp11Processor.process(AbstractHttp11Processor.java:1079)
	at org.apache.coyote.AbstractProtocol$AbstractConnectionHandler.process(AbstractProtocol.java:625)
	at org.apache.tomcat.util.net.JIoEndpoint$SocketProcessor.run(JIoEndpoint.java:316)
	at java.util.concurrent.ThreadPoolExecutor.runWorker(Unknown Source)
	at java.util.concurrent.ThreadPoolExecutor$Worker.run(Unknown Source)
	at org.apache.tomcat.util.threads.TaskThread$WrappingRunnable.run(TaskThread.java:61)
	at java.lang.Thread.run(Unknown Source)"
000000000011	20160624 11:54:27	A123456	C002	000000000000000000000000000001	NECA	"Ocorreu um BancoDadosException.	StackTrace Excecao:util.BancoDadosException: Ambiente não encontrado
	at br.com.bradesco.custodia.portal.campanhas.negocio.AmbienteInternetEntity.obterAmbienteInternet(AmbienteInternetEntity.java:61)
	at br.com.bradesco.custodia.portal.campanhas.servico.CampanhaService.obterAmbienteInternet(CampanhaService.java:107)
	at br.com.bradesco.custodia.portal.campanhas.apresentacao.IncluirCampanhaEntradaAction.executeAction(IncluirCampanhaEntradaAction.java:42)
	at br.com.bradesco.custodia.portal.campanhas.apresentacao.CampanhasBaseAction.execute(CampanhasBaseAction.java:84)
	at org.apache.struts.action.RequestProcessor.processActionPerform(RequestProcessor.java:484)
	at br.com.bradesco.portaladm.apresentacao.AplicacaoPortalRequestProcessor.processActionPerform(AplicacaoPortalRequestProcessor.java:79)
	at org.apache.struts.action.RequestProcessor.process(RequestProcessor.java:274)
	at org.apache.struts.action.ActionServlet.process(ActionServlet.java:1482)
	at org.apache.struts.action.ActionServlet.doGet(ActionServlet.java:507)
	at javax.servlet.http.HttpServlet.service(HttpServlet.java:624)
	at javax.servlet.http.HttpServlet.service(HttpServlet.java:731)
	at org.apache.catalina.core.ApplicationFilterChain.internalDoFilter(ApplicationFilterChain.java:303)
	at org.apache.catalina.core.ApplicationFilterChain.doFilter(ApplicationFilterChain.java:208)
	at org.apache.tomcat.websocket.server.WsFilter.doFilter(WsFilter.java:52)
	at org.apache.catalina.core.ApplicationFilterChain.internalDoFilter(ApplicationFilterChain.java:241)
	at org.apache.catalina.core.ApplicationFilterChain.doFilter(ApplicationFilterChain.java:208)
	at br.com.bradesco.custodia.portal.campanhas.apresentacao.CharEncodeFilter.doFilter(CharEncodeFilter.java:37)
	at org.apache.catalina.core.ApplicationFilterChain.internalDoFilter(ApplicationFilterChain.java:241)
	at org.apache.catalina.core.ApplicationFilterChain.doFilter(ApplicationFilterChain.java:208)
	at org.apache.catalina.core.StandardWrapperValve.invoke(StandardWrapperValve.java:220)
	at org.apache.catalina.core.StandardContextValve.invoke(StandardContextValve.java:122)
	at org.apache.catalina.authenticator.AuthenticatorBase.invoke(AuthenticatorBase.java:505)
	at org.apache.catalina.core.StandardHostValve.invoke(StandardHostValve.java:170)
	at org.apache.catalina.valves.ErrorReportValve.invoke(ErrorReportValve.java:103)
	at org.apache.catalina.valves.AccessLogValve.invoke(AccessLogValve.java:956)
	at org.apache.catalina.core.StandardEngineValve.invoke(StandardEngineValve.java:116)
	at org.apache.catalina.connector.CoyoteAdapter.service(CoyoteAdapter.java:423)
	at org.apache.coyote.http11.AbstractHttp11Processor.process(AbstractHttp11Processor.java:1079)
	at org.apache.coyote.AbstractProtocol$AbstractConnectionHandler.process(AbstractProtocol.java:625)
	at org.apache.tomcat.util.net.JIoEndpoint$SocketProcessor.run(JIoEndpoint.java:316)
	at java.util.concurrent.ThreadPoolExecutor.runWorker(Unknown Source)
	at java.util.concurrent.ThreadPoolExecutor$Worker.run(Unknown Source)
	at org.apache.tomcat.util.threads.TaskThread$WrappingRunnable.run(TaskThread.java:61)
	at java.lang.Thread.run(Unknown Source)"
000000000012	20160624 11:54:31	A123456	C002	000000000000000000000000000001	NECA	"Ocorreu um BancoDadosException.	StackTrace Excecao:util.BancoDadosException: Ambiente não encontrado
	at br.com.bradesco.custodia.portal.campanhas.negocio.AmbienteInternetEntity.obterAmbienteInternet(AmbienteInternetEntity.java:61)
	at br.com.bradesco.custodia.portal.campanhas.servico.CampanhaService.obterAmbienteInternet(CampanhaService.java:107)
	at br.com.bradesco.custodia.portal.campanhas.apresentacao.IncluirCampanhaEntradaAction.executeAction(IncluirCampanhaEntradaAction.java:42)
	at br.com.bradesco.custodia.portal.campanhas.apresentacao.CampanhasBaseAction.execute(CampanhasBaseAction.java:84)
	at org.apache.struts.action.RequestProcessor.processActionPerform(RequestProcessor.java:484)
	at br.com.bradesco.portaladm.apresentacao.AplicacaoPortalRequestProcessor.processActionPerform(AplicacaoPortalRequestProcessor.java:79)
	at org.apache.struts.action.RequestProcessor.process(RequestProcessor.java:274)
	at org.apache.struts.action.ActionServlet.process(ActionServlet.java:1482)
	at org.apache.struts.action.ActionServlet.doGet(ActionServlet.java:507)
	at javax.servlet.http.HttpServlet.service(HttpServlet.java:624)
	at javax.servlet.http.HttpServlet.service(HttpServlet.java:731)
	at org.apache.catalina.core.ApplicationFilterChain.internalDoFilter(ApplicationFilterChain.java:303)
	at org.apache.catalina.core.ApplicationFilterChain.doFilter(ApplicationFilterChain.java:208)
	at org.apache.tomcat.websocket.server.WsFilter.doFilter(WsFilter.java:52)
	at org.apache.catalina.core.ApplicationFilterChain.internalDoFilter(ApplicationFilterChain.java:241)
	at org.apache.catalina.core.ApplicationFilterChain.doFilter(ApplicationFilterChain.java:208)
	at br.com.bradesco.custodia.portal.campanhas.apresentacao.CharEncodeFilter.doFilter(CharEncodeFilter.java:37)
	at org.apache.catalina.core.ApplicationFilterChain.internalDoFilter(ApplicationFilterChain.java:241)
	at org.apache.catalina.core.ApplicationFilterChain.doFilter(ApplicationFilterChain.java:208)
	at org.apache.catalina.core.StandardWrapperValve.invoke(StandardWrapperValve.java:220)
	at org.apache.catalina.core.StandardContextValve.invoke(StandardContextValve.java:122)
	at org.apache.catalina.authenticator.AuthenticatorBase.invoke(AuthenticatorBase.java:505)
	at org.apache.catalina.core.StandardHostValve.invoke(StandardHostValve.java:170)
	at org.apache.catalina.valves.ErrorReportValve.invoke(ErrorReportValve.java:103)
	at org.apache.catalina.valves.AccessLogValve.invoke(AccessLogValve.java:956)
	at org.apache.catalina.core.StandardEngineValve.invoke(StandardEngineValve.java:116)
	at org.apache.catalina.connector.CoyoteAdapter.service(CoyoteAdapter.java:423)
	at org.apache.coyote.http11.AbstractHttp11Processor.process(AbstractHttp11Processor.java:1079)
	at org.apache.coyote.AbstractProtocol$AbstractConnectionHandler.process(AbstractProtocol.java:625)
	at org.apache.tomcat.util.net.JIoEndpoint$SocketProcessor.run(JIoEndpoint.java:318)
	at java.util.concurrent.ThreadPoolExecutor.runWorker(Unknown Source)
	at java.util.concurrent.ThreadPoolExecutor$Worker.run(Unknown Source)
	at org.apache.tomcat.util.threads.TaskThread$WrappingRunnable.run(TaskThread.java:61)
	at java.lang.Thread.run(Unknown Source)"
