000000000011	20170110 09:37:40	A123456	C002	000000000000000000000000000001	NECA	"Ocorreu um BancoDadosException.	StackTrace Excecao:util.BancoDadosException
	at br.com.bradesco.custodia.portal.campanhas.negocio.CampanhaEntity.converterConteudo(CampanhaEntity.java:140)
	at br.com.bradesco.custodia.portal.campanhas.negocio.CampanhaEntity.obterCampanha(CampanhaEntity.java:77)
	at br.com.bradesco.custodia.portal.campanhas.servico.CampanhaService.obterCampanha(CampanhaService.java:156)
	at br.com.bradesco.custodia.portal.campanhas.apresentacao.ConsultarDetalheAction.executeAction(ConsultarDetalheAction.java:49)
	at br.com.bradesco.custodia.portal.campanhas.apresentacao.CampanhasBaseAction.execute(CampanhasBaseAction.java:83)
	at org.apache.struts.action.RequestProcessor.processActionPerform(RequestProcessor.java:484)
	at br.com.bradesco.portaladm.apresentacao.AplicacaoPortalRequestProcessor.processActionPerform(AplicacaoPortalRequestProcessor.java:79)
	at org.apache.struts.action.RequestProcessor.process(RequestProcessor.java:274)
	at org.apache.struts.action.ActionServlet.process(ActionServlet.java:1482)
	at org.apache.struts.action.ActionServlet.doPost(ActionServlet.java:525)
	at javax.servlet.http.HttpServlet.service(HttpServlet.java:650)
	at javax.servlet.http.HttpServlet.service(HttpServlet.java:731)
	at org.apache.catalina.core.ApplicationFilterChain.internalDoFilter(ApplicationFilterChain.java:303)
	at org.apache.catalina.core.ApplicationFilterChain.doFilter(ApplicationFilterChain.java:208)
	at br.com.bradesco.custodia.portal.campanhas.apresentacao.CharEncodeFilter.doFilter(CharEncodeFilter.java:37)
	at org.apache.catalina.core.ApplicationFilterChain.internalDoFilter(ApplicationFilterChain.java:241)
	at org.apache.catalina.core.ApplicationFilterChain.doFilter(ApplicationFilterChain.java:208)
	at org.apache.catalina.core.StandardWrapperValve.invoke(StandardWrapperValve.java:220)
	at org.apache.catalina.core.StandardContextValve.invoke(StandardContextValve.java:122)
	at org.apache.catalina.authenticator.AuthenticatorBase.invoke(AuthenticatorBase.java:505)
	at org.apache.catalina.core.StandardHostValve.invoke(StandardHostValve.java:170)
	at org.apache.catalina.valves.ErrorReportValve.invoke(ErrorReportValve.java:103)
	at org.apache.catalina.valves.AccessLogValve.invoke(AccessLogValve.java:956)
	at org.apache.catalina.core.StandardEngineValve.invoke(StandardEngineValve.java:116)
	at org.apache.catalina.connector.CoyoteAdapter.service(CoyoteAdapter.java:423)
	at org.apache.coyote.http11.AbstractHttp11Processor.process(AbstractHttp11Processor.java:1079)
	at org.apache.coyote.AbstractProtocol$AbstractConnectionHandler.process(AbstractProtocol.java:625)
	at org.apache.tomcat.util.net.JIoEndpoint$SocketProcessor.run(JIoEndpoint.java:316)
	at java.util.concurrent.ThreadPoolExecutor$Worker.runTask(ThreadPoolExecutor.java:886)
	at java.util.concurrent.ThreadPoolExecutor$Worker.run(ThreadPoolExecutor.java:908)
	at org.apache.tomcat.util.threads.TaskThread$WrappingRunnable.run(TaskThread.java:61)
	at java.lang.Thread.run(Thread.java:662)
Caused by: br.com.bradesco.custodia.portal.campanhas.servico.FileServerException: Arquivo Inexistente.
	at br.com.bradesco.custodia.portal.campanhas.servico.FileServerService.obterArquivo(FileServerService.java:161)
	at br.com.bradesco.custodia.portal.campanhas.negocio.CampanhaEntity.converterConteudo(CampanhaEntity.java:129)
	... 31 more"
000000000012	20170110 10:16:48	A123456	C002	000000000000000000000000000001	NECA	"Ocorreu um BancoDadosException.	StackTrace Excecao:util.BancoDadosException
	at br.com.bradesco.custodia.portal.campanhas.negocio.CampanhaEntity.converterConteudo(CampanhaEntity.java:140)
	at br.com.bradesco.custodia.portal.campanhas.negocio.CampanhaEntity.obterCampanha(CampanhaEntity.java:77)
	at br.com.bradesco.custodia.portal.campanhas.servico.CampanhaService.obterCampanha(CampanhaService.java:156)
	at br.com.bradesco.custodia.portal.campanhas.apresentacao.ConsultarDetalheAction.executeAction(ConsultarDetalheAction.java:49)
	at br.com.bradesco.custodia.portal.campanhas.apresentacao.CampanhasBaseAction.execute(CampanhasBaseAction.java:83)
	at org.apache.struts.action.RequestProcessor.processActionPerform(RequestProcessor.java:484)
	at br.com.bradesco.portaladm.apresentacao.AplicacaoPortalRequestProcessor.processActionPerform(AplicacaoPortalRequestProcessor.java:79)
	at org.apache.struts.action.RequestProcessor.process(RequestProcessor.java:274)
	at org.apache.struts.action.ActionServlet.process(ActionServlet.java:1482)
	at org.apache.struts.action.ActionServlet.doPost(ActionServlet.java:525)
	at javax.servlet.http.HttpServlet.service(HttpServlet.java:650)
	at javax.servlet.http.HttpServlet.service(HttpServlet.java:731)
	at org.apache.catalina.core.ApplicationFilterChain.internalDoFilter(ApplicationFilterChain.java:303)
	at org.apache.catalina.core.ApplicationFilterChain.doFilter(ApplicationFilterChain.java:208)
	at br.com.bradesco.custodia.portal.campanhas.apresentacao.CharEncodeFilter.doFilter(CharEncodeFilter.java:37)
	at org.apache.catalina.core.ApplicationFilterChain.internalDoFilter(ApplicationFilterChain.java:241)
	at org.apache.catalina.core.ApplicationFilterChain.doFilter(ApplicationFilterChain.java:208)
	at org.apache.catalina.core.StandardWrapperValve.invoke(StandardWrapperValve.java:220)
	at org.apache.catalina.core.StandardContextValve.invoke(StandardContextValve.java:122)
	at org.apache.catalina.authenticator.AuthenticatorBase.invoke(AuthenticatorBase.java:505)
	at org.apache.catalina.core.StandardHostValve.invoke(StandardHostValve.java:170)
	at org.apache.catalina.valves.ErrorReportValve.invoke(ErrorReportValve.java:103)
	at org.apache.catalina.valves.AccessLogValve.invoke(AccessLogValve.java:956)
	at org.apache.catalina.core.StandardEngineValve.invoke(StandardEngineValve.java:116)
	at org.apache.catalina.connector.CoyoteAdapter.service(CoyoteAdapter.java:423)
	at org.apache.coyote.http11.AbstractHttp11Processor.process(AbstractHttp11Processor.java:1079)
	at org.apache.coyote.AbstractProtocol$AbstractConnectionHandler.process(AbstractProtocol.java:625)
	at org.apache.tomcat.util.net.JIoEndpoint$SocketProcessor.run(JIoEndpoint.java:318)
	at java.util.concurrent.ThreadPoolExecutor$Worker.runTask(ThreadPoolExecutor.java:886)
	at java.util.concurrent.ThreadPoolExecutor$Worker.run(ThreadPoolExecutor.java:908)
	at org.apache.tomcat.util.threads.TaskThread$WrappingRunnable.run(TaskThread.java:61)
	at java.lang.Thread.run(Thread.java:662)
Caused by: br.com.bradesco.custodia.portal.campanhas.servico.FileServerException: Arquivo Inexistente.
	at br.com.bradesco.custodia.portal.campanhas.servico.FileServerService.obterArquivo(FileServerService.java:161)
	at br.com.bradesco.custodia.portal.campanhas.negocio.CampanhaEntity.converterConteudo(CampanhaEntity.java:129)
	... 31 more"
000000000013	20170110 10:18:26	A123456	C002	000000000000000000000000000001	NECA	"Ocorreu um BancoDadosException.	StackTrace Excecao:util.BancoDadosException
	at br.com.bradesco.custodia.portal.campanhas.negocio.CampanhaEntity.converterConteudo(CampanhaEntity.java:140)
	at br.com.bradesco.custodia.portal.campanhas.negocio.CampanhaEntity.obterCampanha(CampanhaEntity.java:77)
	at br.com.bradesco.custodia.portal.campanhas.servico.CampanhaService.obterCampanha(CampanhaService.java:156)
	at br.com.bradesco.custodia.portal.campanhas.apresentacao.ConsultarDetalheAction.executeAction(ConsultarDetalheAction.java:49)
	at br.com.bradesco.custodia.portal.campanhas.apresentacao.CampanhasBaseAction.execute(CampanhasBaseAction.java:83)
	at org.apache.struts.action.RequestProcessor.processActionPerform(RequestProcessor.java:484)
	at br.com.bradesco.portaladm.apresentacao.AplicacaoPortalRequestProcessor.processActionPerform(AplicacaoPortalRequestProcessor.java:79)
	at org.apache.struts.action.RequestProcessor.process(RequestProcessor.java:274)
	at org.apache.struts.action.ActionServlet.process(ActionServlet.java:1482)
	at org.apache.struts.action.ActionServlet.doPost(ActionServlet.java:525)
	at javax.servlet.http.HttpServlet.service(HttpServlet.java:650)
	at javax.servlet.http.HttpServlet.service(HttpServlet.java:731)
	at org.apache.catalina.core.ApplicationFilterChain.internalDoFilter(ApplicationFilterChain.java:303)
	at org.apache.catalina.core.ApplicationFilterChain.doFilter(ApplicationFilterChain.java:208)
	at br.com.bradesco.custodia.portal.campanhas.apresentacao.CharEncodeFilter.doFilter(CharEncodeFilter.java:37)
	at org.apache.catalina.core.ApplicationFilterChain.internalDoFilter(ApplicationFilterChain.java:241)
	at org.apache.catalina.core.ApplicationFilterChain.doFilter(ApplicationFilterChain.java:208)
	at org.apache.catalina.core.StandardWrapperValve.invoke(StandardWrapperValve.java:220)
	at org.apache.catalina.core.StandardContextValve.invoke(StandardContextValve.java:122)
	at org.apache.catalina.authenticator.AuthenticatorBase.invoke(AuthenticatorBase.java:505)
	at org.apache.catalina.core.StandardHostValve.invoke(StandardHostValve.java:170)
	at org.apache.catalina.valves.ErrorReportValve.invoke(ErrorReportValve.java:103)
	at org.apache.catalina.valves.AccessLogValve.invoke(AccessLogValve.java:956)
	at org.apache.catalina.core.StandardEngineValve.invoke(StandardEngineValve.java:116)
	at org.apache.catalina.connector.CoyoteAdapter.service(CoyoteAdapter.java:423)
	at org.apache.coyote.http11.AbstractHttp11Processor.process(AbstractHttp11Processor.java:1079)
	at org.apache.coyote.AbstractProtocol$AbstractConnectionHandler.process(AbstractProtocol.java:625)
	at org.apache.tomcat.util.net.JIoEndpoint$SocketProcessor.run(JIoEndpoint.java:316)
	at java.util.concurrent.ThreadPoolExecutor$Worker.runTask(ThreadPoolExecutor.java:886)
	at java.util.concurrent.ThreadPoolExecutor$Worker.run(ThreadPoolExecutor.java:908)
	at org.apache.tomcat.util.threads.TaskThread$WrappingRunnable.run(TaskThread.java:61)
	at java.lang.Thread.run(Thread.java:662)
Caused by: br.com.bradesco.custodia.portal.campanhas.servico.FileServerException: Arquivo Inexistente.
	at br.com.bradesco.custodia.portal.campanhas.servico.FileServerService.obterArquivo(FileServerService.java:161)
	at br.com.bradesco.custodia.portal.campanhas.negocio.CampanhaEntity.converterConteudo(CampanhaEntity.java:129)
	... 31 more"
