[20160627-094857]: Ocorreu uma exceção no método processActionPerform., CTRL='null', IP='0:0:0:0:0:0:0:1', contextPath='/calipaadm', URI='/calipaadm/VisualizarTermo.do', Mensagem='Ocorreu uma exceção no método processActionPerform.', Parâmetros:, cdProtocolo='4633', fundo.cFundInves='6274', Mensagem da Exceção:'java.lang.NullPointerException', StackTrace:=javax.servlet.ServletException: java.lang.NullPointerException
[20160627-094857]: 	at org.apache.struts.action.RequestProcessor.processException(RequestProcessor.java:545)
[20160627-094857]: 	at org.apache.struts.action.RequestProcessor.processActionPerform(RequestProcessor.java:486)
[20160627-094857]: 	at br.com.bradesco.portaladm.apresentacao.AplicacaoPortalRequestProcessor.processActionPerform(AplicacaoPortalRequestProcessor.java:79)
[20160627-094857]: 	at org.apache.struts.action.RequestProcessor.process(RequestProcessor.java:274)
[20160627-094857]: 	at org.apache.struts.action.ActionServlet.process(ActionServlet.java:1482)
[20160627-094857]: 	at org.apache.struts.action.ActionServlet.doPost(ActionServlet.java:525)
[20160627-094857]: 	at javax.servlet.http.HttpServlet.service(HttpServlet.java:650)
[20160627-094857]: 	at javax.servlet.http.HttpServlet.service(HttpServlet.java:731)
[20160627-094857]: 	at org.apache.catalina.core.ApplicationFilterChain.internalDoFilter(ApplicationFilterChain.java:303)
[20160627-094857]: 	at org.apache.catalina.core.ApplicationFilterChain.doFilter(ApplicationFilterChain.java:208)
[20160627-094857]: 	at org.apache.tomcat.websocket.server.WsFilter.doFilter(WsFilter.java:52)
[20160627-094857]: 	at org.apache.catalina.core.ApplicationFilterChain.internalDoFilter(ApplicationFilterChain.java:241)
[20160627-094857]: 	at org.apache.catalina.core.ApplicationFilterChain.doFilter(ApplicationFilterChain.java:208)
[20160627-094857]: 	at br.com.bradesco.custodia.portal.portaladm.apresentacao.CharEncodeFilter.doFilter(CharEncodeFilter.java:37)
[20160627-094857]: 	at org.apache.catalina.core.ApplicationFilterChain.internalDoFilter(ApplicationFilterChain.java:241)
[20160627-094857]: 	at org.apache.catalina.core.ApplicationFilterChain.doFilter(ApplicationFilterChain.java:208)
[20160627-094857]: 	at org.apache.catalina.core.StandardWrapperValve.invoke(StandardWrapperValve.java:220)
[20160627-094857]: 	at org.apache.catalina.core.StandardContextValve.invoke(StandardContextValve.java:122)
[20160627-094857]: 	at org.apache.catalina.authenticator.AuthenticatorBase.invoke(AuthenticatorBase.java:505)
[20160627-094857]: 	at org.apache.catalina.core.StandardHostValve.invoke(StandardHostValve.java:170)
[20160627-094857]: 	at org.apache.catalina.valves.ErrorReportValve.invoke(ErrorReportValve.java:103)
[20160627-094857]: 	at org.apache.catalina.valves.AccessLogValve.invoke(AccessLogValve.java:956)
[20160627-094857]: 	at org.apache.catalina.core.StandardEngineValve.invoke(StandardEngineValve.java:116)
[20160627-094857]: 	at org.apache.catalina.connector.CoyoteAdapter.service(CoyoteAdapter.java:423)
[20160627-094857]: 	at org.apache.coyote.http11.AbstractHttp11Processor.process(AbstractHttp11Processor.java:1079)
[20160627-094857]: 	at org.apache.coyote.AbstractProtocol$AbstractConnectionHandler.process(AbstractProtocol.java:625)
[20160627-094857]: 	at org.apache.tomcat.util.net.JIoEndpoint$SocketProcessor.run(JIoEndpoint.java:318)
[20160627-094857]: 	at java.util.concurrent.ThreadPoolExecutor.runWorker(Unknown Source)
[20160627-094857]: 	at java.util.concurrent.ThreadPoolExecutor$Worker.run(Unknown Source)
[20160627-094857]: 	at org.apache.tomcat.util.threads.TaskThread$WrappingRunnable.run(TaskThread.java:61)
[20160627-094857]: 	at java.lang.Thread.run(Unknown Source)
[20160627-094857]: Caused by: java.lang.NullPointerException
[20160627-094857]: 	at br.com.bradesco.custodia.portal.portaladm.apresentacao.VisualizarTermoAction.executeAction(VisualizarTermoAction.java:39)
[20160627-094857]: 	at br.com.bradesco.custodia.portal.portaladm.apresentacao.AdministracaoBaseAction.execute(AdministracaoBaseAction.java:36)
[20160627-094857]: 	at org.apache.struts.action.RequestProcessor.processActionPerform(RequestProcessor.java:484)
[20160627-094857]: 	... 29 more
[20160627-094857]: .
[20160627-095028]: Ocorreu uma exceção no método processActionPerform., CTRL='null', IP='0:0:0:0:0:0:0:1', contextPath='/calipaadm', URI='/calipaadm/VisualizarTermo.do', Mensagem='Ocorreu uma exceção no método processActionPerform.', Parâmetros:, cdProtocolo='4633', fundo.cFundInves='6274', Mensagem da Exceção:'java.lang.NullPointerException', StackTrace:=javax.servlet.ServletException: java.lang.NullPointerException
[20160627-095028]: 	at org.apache.struts.action.RequestProcessor.processException(RequestProcessor.java:545)
[20160627-095028]: 	at org.apache.struts.action.RequestProcessor.processActionPerform(RequestProcessor.java:486)
[20160627-095028]: 	at br.com.bradesco.portaladm.apresentacao.AplicacaoPortalRequestProcessor.processActionPerform(AplicacaoPortalRequestProcessor.java:79)
[20160627-095028]: 	at org.apache.struts.action.RequestProcessor.process(RequestProcessor.java:274)
[20160627-095028]: 	at org.apache.struts.action.ActionServlet.process(ActionServlet.java:1482)
[20160627-095028]: 	at org.apache.struts.action.ActionServlet.doPost(ActionServlet.java:525)
[20160627-095028]: 	at javax.servlet.http.HttpServlet.service(HttpServlet.java:650)
[20160627-095028]: 	at javax.servlet.http.HttpServlet.service(HttpServlet.java:731)
[20160627-095028]: 	at org.apache.catalina.core.ApplicationFilterChain.internalDoFilter(ApplicationFilterChain.java:303)
[20160627-095028]: 	at org.apache.catalina.core.ApplicationFilterChain.doFilter(ApplicationFilterChain.java:208)
[20160627-095028]: 	at org.apache.tomcat.websocket.server.WsFilter.doFilter(WsFilter.java:52)
[20160627-095028]: 	at org.apache.catalina.core.ApplicationFilterChain.internalDoFilter(ApplicationFilterChain.java:241)
[20160627-095028]: 	at org.apache.catalina.core.ApplicationFilterChain.doFilter(ApplicationFilterChain.java:208)
[20160627-095028]: 	at br.com.bradesco.custodia.portal.portaladm.apresentacao.CharEncodeFilter.doFilter(CharEncodeFilter.java:37)
[20160627-095028]: 	at org.apache.catalina.core.ApplicationFilterChain.internalDoFilter(ApplicationFilterChain.java:241)
[20160627-095028]: 	at org.apache.catalina.core.ApplicationFilterChain.doFilter(ApplicationFilterChain.java:208)
[20160627-095028]: 	at org.apache.catalina.core.StandardWrapperValve.invoke(StandardWrapperValve.java:220)
[20160627-095028]: 	at org.apache.catalina.core.StandardContextValve.invoke(StandardContextValve.java:122)
[20160627-095028]: 	at org.apache.catalina.authenticator.AuthenticatorBase.invoke(AuthenticatorBase.java:505)
[20160627-095028]: 	at org.apache.catalina.core.StandardHostValve.invoke(StandardHostValve.java:170)
[20160627-095028]: 	at org.apache.catalina.valves.ErrorReportValve.invoke(ErrorReportValve.java:103)
[20160627-095028]: 	at org.apache.catalina.valves.AccessLogValve.invoke(AccessLogValve.java:956)
[20160627-095028]: 	at org.apache.catalina.core.StandardEngineValve.invoke(StandardEngineValve.java:116)
[20160627-095028]: 	at org.apache.catalina.connector.CoyoteAdapter.service(CoyoteAdapter.java:423)
[20160627-095028]: 	at org.apache.coyote.http11.AbstractHttp11Processor.process(AbstractHttp11Processor.java:1079)
[20160627-095028]: 	at org.apache.coyote.AbstractProtocol$AbstractConnectionHandler.process(AbstractProtocol.java:625)
[20160627-095028]: 	at org.apache.tomcat.util.net.JIoEndpoint$SocketProcessor.run(JIoEndpoint.java:318)
[20160627-095028]: 	at java.util.concurrent.ThreadPoolExecutor.runWorker(Unknown Source)
[20160627-095028]: 	at java.util.concurrent.ThreadPoolExecutor$Worker.run(Unknown Source)
[20160627-095028]: 	at org.apache.tomcat.util.threads.TaskThread$WrappingRunnable.run(TaskThread.java:61)
[20160627-095028]: 	at java.lang.Thread.run(Unknown Source)
[20160627-095028]: Caused by: java.lang.NullPointerException
[20160627-095028]: 	at br.com.bradesco.custodia.portal.portaladm.apresentacao.VisualizarTermoAction.executeAction(VisualizarTermoAction.java:39)
[20160627-095028]: 	at br.com.bradesco.custodia.portal.portaladm.apresentacao.AdministracaoBaseAction.execute(AdministracaoBaseAction.java:36)
[20160627-095028]: 	at org.apache.struts.action.RequestProcessor.processActionPerform(RequestProcessor.java:484)
[20160627-095028]: 	... 29 more
[20160627-095028]: .
[20160627-095038]: Ocorreu uma exceção no método processActionPerform., CTRL='null', IP='0:0:0:0:0:0:0:1', contextPath='/calipaadm', URI='/calipaadm/VisualizarTermo.do', Mensagem='Ocorreu uma exceção no método processActionPerform.', Parâmetros:, cdProtocolo='4633', fundo.cFundInves='6274', Mensagem da Exceção:'java.lang.NullPointerException', StackTrace:=javax.servlet.ServletException: java.lang.NullPointerException
[20160627-095038]: 	at org.apache.struts.action.RequestProcessor.processException(RequestProcessor.java:545)
[20160627-095038]: 	at org.apache.struts.action.RequestProcessor.processActionPerform(RequestProcessor.java:486)
[20160627-095038]: 	at br.com.bradesco.portaladm.apresentacao.AplicacaoPortalRequestProcessor.processActionPerform(AplicacaoPortalRequestProcessor.java:79)
[20160627-095038]: 	at org.apache.struts.action.RequestProcessor.process(RequestProcessor.java:274)
[20160627-095038]: 	at org.apache.struts.action.ActionServlet.process(ActionServlet.java:1482)
[20160627-095038]: 	at org.apache.struts.action.ActionServlet.doPost(ActionServlet.java:525)
[20160627-095038]: 	at javax.servlet.http.HttpServlet.service(HttpServlet.java:650)
[20160627-095038]: 	at javax.servlet.http.HttpServlet.service(HttpServlet.java:731)
[20160627-095038]: 	at org.apache.catalina.core.ApplicationFilterChain.internalDoFilter(ApplicationFilterChain.java:303)
[20160627-095038]: 	at org.apache.catalina.core.ApplicationFilterChain.doFilter(ApplicationFilterChain.java:208)
[20160627-095038]: 	at org.apache.tomcat.websocket.server.WsFilter.doFilter(WsFilter.java:52)
[20160627-095038]: 	at org.apache.catalina.core.ApplicationFilterChain.internalDoFilter(ApplicationFilterChain.java:241)
[20160627-095038]: 	at org.apache.catalina.core.ApplicationFilterChain.doFilter(ApplicationFilterChain.java:208)
[20160627-095038]: 	at br.com.bradesco.custodia.portal.portaladm.apresentacao.CharEncodeFilter.doFilter(CharEncodeFilter.java:37)
[20160627-095038]: 	at org.apache.catalina.core.ApplicationFilterChain.internalDoFilter(ApplicationFilterChain.java:241)
[20160627-095038]: 	at org.apache.catalina.core.ApplicationFilterChain.doFilter(ApplicationFilterChain.java:208)
[20160627-095038]: 	at org.apache.catalina.core.StandardWrapperValve.invoke(StandardWrapperValve.java:220)
[20160627-095038]: 	at org.apache.catalina.core.StandardContextValve.invoke(StandardContextValve.java:122)
[20160627-095038]: 	at org.apache.catalina.authenticator.AuthenticatorBase.invoke(AuthenticatorBase.java:505)
[20160627-095038]: 	at org.apache.catalina.core.StandardHostValve.invoke(StandardHostValve.java:170)
[20160627-095038]: 	at org.apache.catalina.valves.ErrorReportValve.invoke(ErrorReportValve.java:103)
[20160627-095038]: 	at org.apache.catalina.valves.AccessLogValve.invoke(AccessLogValve.java:956)
[20160627-095038]: 	at org.apache.catalina.core.StandardEngineValve.invoke(StandardEngineValve.java:116)
[20160627-095038]: 	at org.apache.catalina.connector.CoyoteAdapter.service(CoyoteAdapter.java:423)
[20160627-095038]: 	at org.apache.coyote.http11.AbstractHttp11Processor.process(AbstractHttp11Processor.java:1079)
[20160627-095038]: 	at org.apache.coyote.AbstractProtocol$AbstractConnectionHandler.process(AbstractProtocol.java:625)
[20160627-095038]: 	at org.apache.tomcat.util.net.JIoEndpoint$SocketProcessor.run(JIoEndpoint.java:318)
[20160627-095038]: 	at java.util.concurrent.ThreadPoolExecutor.runWorker(Unknown Source)
[20160627-095038]: 	at java.util.concurrent.ThreadPoolExecutor$Worker.run(Unknown Source)
[20160627-095038]: 	at org.apache.tomcat.util.threads.TaskThread$WrappingRunnable.run(TaskThread.java:61)
[20160627-095038]: 	at java.lang.Thread.run(Unknown Source)
[20160627-095038]: Caused by: java.lang.NullPointerException
[20160627-095038]: 	at br.com.bradesco.custodia.portal.portaladm.apresentacao.VisualizarTermoAction.executeAction(VisualizarTermoAction.java:39)
[20160627-095038]: 	at br.com.bradesco.custodia.portal.portaladm.apresentacao.AdministracaoBaseAction.execute(AdministracaoBaseAction.java:36)
[20160627-095038]: 	at org.apache.struts.action.RequestProcessor.processActionPerform(RequestProcessor.java:484)
[20160627-095038]: 	... 29 more
[20160627-095038]: .
[20160627-095050]: Ocorreu uma exceção no método processActionPerform., CTRL='null', IP='0:0:0:0:0:0:0:1', contextPath='/calipaadm', URI='/calipaadm/VisualizarTermo.do', Mensagem='Ocorreu uma exceção no método processActionPerform.', Parâmetros:, cdProtocolo='4633', fundo.cFundInves='6274', Mensagem da Exceção:'java.lang.NullPointerException', StackTrace:=javax.servlet.ServletException: java.lang.NullPointerException
[20160627-095050]: 	at org.apache.struts.action.RequestProcessor.processException(RequestProcessor.java:545)
[20160627-095050]: 	at org.apache.struts.action.RequestProcessor.processActionPerform(RequestProcessor.java:486)
[20160627-095050]: 	at br.com.bradesco.portaladm.apresentacao.AplicacaoPortalRequestProcessor.processActionPerform(AplicacaoPortalRequestProcessor.java:79)
[20160627-095050]: 	at org.apache.struts.action.RequestProcessor.process(RequestProcessor.java:274)
[20160627-095050]: 	at org.apache.struts.action.ActionServlet.process(ActionServlet.java:1482)
[20160627-095050]: 	at org.apache.struts.action.ActionServlet.doPost(ActionServlet.java:525)
[20160627-095050]: 	at javax.servlet.http.HttpServlet.service(HttpServlet.java:650)
[20160627-095050]: 	at javax.servlet.http.HttpServlet.service(HttpServlet.java:731)
[20160627-095050]: 	at org.apache.catalina.core.ApplicationFilterChain.internalDoFilter(ApplicationFilterChain.java:303)
[20160627-095050]: 	at org.apache.catalina.core.ApplicationFilterChain.doFilter(ApplicationFilterChain.java:208)
[20160627-095050]: 	at org.apache.tomcat.websocket.server.WsFilter.doFilter(WsFilter.java:52)
[20160627-095050]: 	at org.apache.catalina.core.ApplicationFilterChain.internalDoFilter(ApplicationFilterChain.java:241)
[20160627-095050]: 	at org.apache.catalina.core.ApplicationFilterChain.doFilter(ApplicationFilterChain.java:208)
[20160627-095050]: 	at br.com.bradesco.custodia.portal.portaladm.apresentacao.CharEncodeFilter.doFilter(CharEncodeFilter.java:37)
[20160627-095050]: 	at org.apache.catalina.core.ApplicationFilterChain.internalDoFilter(ApplicationFilterChain.java:241)
[20160627-095050]: 	at org.apache.catalina.core.ApplicationFilterChain.doFilter(ApplicationFilterChain.java:208)
[20160627-095050]: 	at org.apache.catalina.core.StandardWrapperValve.invoke(StandardWrapperValve.java:220)
[20160627-095050]: 	at org.apache.catalina.core.StandardContextValve.invoke(StandardContextValve.java:122)
[20160627-095050]: 	at org.apache.catalina.authenticator.AuthenticatorBase.invoke(AuthenticatorBase.java:505)
[20160627-095050]: 	at org.apache.catalina.core.StandardHostValve.invoke(StandardHostValve.java:170)
[20160627-095050]: 	at org.apache.catalina.valves.ErrorReportValve.invoke(ErrorReportValve.java:103)
[20160627-095050]: 	at org.apache.catalina.valves.AccessLogValve.invoke(AccessLogValve.java:956)
[20160627-095050]: 	at org.apache.catalina.core.StandardEngineValve.invoke(StandardEngineValve.java:116)
[20160627-095050]: 	at org.apache.catalina.connector.CoyoteAdapter.service(CoyoteAdapter.java:423)
[20160627-095050]: 	at org.apache.coyote.http11.AbstractHttp11Processor.process(AbstractHttp11Processor.java:1079)
[20160627-095050]: 	at org.apache.coyote.AbstractProtocol$AbstractConnectionHandler.process(AbstractProtocol.java:625)
[20160627-095050]: 	at org.apache.tomcat.util.net.JIoEndpoint$SocketProcessor.run(JIoEndpoint.java:318)
[20160627-095050]: 	at java.util.concurrent.ThreadPoolExecutor.runWorker(Unknown Source)
[20160627-095050]: 	at java.util.concurrent.ThreadPoolExecutor$Worker.run(Unknown Source)
[20160627-095050]: 	at org.apache.tomcat.util.threads.TaskThread$WrappingRunnable.run(TaskThread.java:61)
[20160627-095050]: 	at java.lang.Thread.run(Unknown Source)
[20160627-095050]: Caused by: java.lang.NullPointerException
[20160627-095050]: 	at br.com.bradesco.custodia.portal.portaladm.apresentacao.VisualizarTermoAction.executeAction(VisualizarTermoAction.java:39)
[20160627-095050]: 	at br.com.bradesco.custodia.portal.portaladm.apresentacao.AdministracaoBaseAction.execute(AdministracaoBaseAction.java:36)
[20160627-095050]: 	at org.apache.struts.action.RequestProcessor.processActionPerform(RequestProcessor.java:484)
[20160627-095050]: 	... 29 more
[20160627-095050]: .
[20160627-095147]: Ocorreu uma exceção no método processActionPerform., CTRL='null', IP='0:0:0:0:0:0:0:1', contextPath='/calipaadm', URI='/calipaadm/VisualizarTermo.do', Mensagem='Ocorreu uma exceção no método processActionPerform.', Parâmetros:, cdProtocolo='4633', fundo.cFundInves='6274', Mensagem da Exceção:'java.lang.NullPointerException', StackTrace:=javax.servlet.ServletException: java.lang.NullPointerException
[20160627-095147]: 	at org.apache.struts.action.RequestProcessor.processException(RequestProcessor.java:545)
[20160627-095147]: 	at org.apache.struts.action.RequestProcessor.processActionPerform(RequestProcessor.java:486)
[20160627-095147]: 	at br.com.bradesco.portaladm.apresentacao.AplicacaoPortalRequestProcessor.processActionPerform(AplicacaoPortalRequestProcessor.java:79)
[20160627-095147]: 	at org.apache.struts.action.RequestProcessor.process(RequestProcessor.java:274)
[20160627-095147]: 	at org.apache.struts.action.ActionServlet.process(ActionServlet.java:1482)
[20160627-095147]: 	at org.apache.struts.action.ActionServlet.doPost(ActionServlet.java:525)
[20160627-095147]: 	at javax.servlet.http.HttpServlet.service(HttpServlet.java:650)
[20160627-095147]: 	at javax.servlet.http.HttpServlet.service(HttpServlet.java:731)
[20160627-095147]: 	at org.apache.catalina.core.ApplicationFilterChain.internalDoFilter(ApplicationFilterChain.java:303)
[20160627-095147]: 	at org.apache.catalina.core.ApplicationFilterChain.doFilter(ApplicationFilterChain.java:208)
[20160627-095147]: 	at org.apache.tomcat.websocket.server.WsFilter.doFilter(WsFilter.java:52)
[20160627-095147]: 	at org.apache.catalina.core.ApplicationFilterChain.internalDoFilter(ApplicationFilterChain.java:241)
[20160627-095147]: 	at org.apache.catalina.core.ApplicationFilterChain.doFilter(ApplicationFilterChain.java:208)
[20160627-095147]: 	at br.com.bradesco.custodia.portal.portaladm.apresentacao.CharEncodeFilter.doFilter(CharEncodeFilter.java:37)
[20160627-095147]: 	at org.apache.catalina.core.ApplicationFilterChain.internalDoFilter(ApplicationFilterChain.java:241)
[20160627-095147]: 	at org.apache.catalina.core.ApplicationFilterChain.doFilter(ApplicationFilterChain.java:208)
[20160627-095147]: 	at org.apache.catalina.core.StandardWrapperValve.invoke(StandardWrapperValve.java:220)
[20160627-095147]: 	at org.apache.catalina.core.StandardContextValve.invoke(StandardContextValve.java:122)
[20160627-095147]: 	at org.apache.catalina.authenticator.AuthenticatorBase.invoke(AuthenticatorBase.java:505)
[20160627-095147]: 	at org.apache.catalina.core.StandardHostValve.invoke(StandardHostValve.java:170)
[20160627-095147]: 	at org.apache.catalina.valves.ErrorReportValve.invoke(ErrorReportValve.java:103)
[20160627-095147]: 	at org.apache.catalina.valves.AccessLogValve.invoke(AccessLogValve.java:956)
[20160627-095147]: 	at org.apache.catalina.core.StandardEngineValve.invoke(StandardEngineValve.java:116)
[20160627-095147]: 	at org.apache.catalina.connector.CoyoteAdapter.service(CoyoteAdapter.java:423)
[20160627-095147]: 	at org.apache.coyote.http11.AbstractHttp11Processor.process(AbstractHttp11Processor.java:1079)
[20160627-095147]: 	at org.apache.coyote.AbstractProtocol$AbstractConnectionHandler.process(AbstractProtocol.java:625)
[20160627-095147]: 	at org.apache.tomcat.util.net.JIoEndpoint$SocketProcessor.run(JIoEndpoint.java:318)
[20160627-095147]: 	at java.util.concurrent.ThreadPoolExecutor.runWorker(Unknown Source)
[20160627-095147]: 	at java.util.concurrent.ThreadPoolExecutor$Worker.run(Unknown Source)
[20160627-095147]: 	at org.apache.tomcat.util.threads.TaskThread$WrappingRunnable.run(TaskThread.java:61)
[20160627-095147]: 	at java.lang.Thread.run(Unknown Source)
[20160627-095147]: Caused by: java.lang.NullPointerException
[20160627-095147]: 	at br.com.bradesco.custodia.portal.portaladm.apresentacao.VisualizarTermoAction.executeAction(VisualizarTermoAction.java:39)
[20160627-095147]: 	at br.com.bradesco.custodia.portal.portaladm.apresentacao.AdministracaoBaseAction.execute(AdministracaoBaseAction.java:36)
[20160627-095147]: 	at org.apache.struts.action.RequestProcessor.processActionPerform(RequestProcessor.java:484)
[20160627-095147]: 	... 29 more
[20160627-095147]: .
[20160627-095241]: Ocorreu uma exceção no método processActionPerform., CTRL='null', IP='0:0:0:0:0:0:0:1', contextPath='/calipaadm', URI='/calipaadm/VisualizarTermo.do', Mensagem='Ocorreu uma exceção no método processActionPerform.', Parâmetros:, cdProtocolo='4633', fundo.cFundInves='6274', Mensagem da Exceção:'java.lang.NullPointerException', StackTrace:=javax.servlet.ServletException: java.lang.NullPointerException
[20160627-095241]: 	at org.apache.struts.action.RequestProcessor.processException(RequestProcessor.java:545)
[20160627-095241]: 	at org.apache.struts.action.RequestProcessor.processActionPerform(RequestProcessor.java:486)
[20160627-095241]: 	at br.com.bradesco.portaladm.apresentacao.AplicacaoPortalRequestProcessor.processActionPerform(AplicacaoPortalRequestProcessor.java:79)
[20160627-095241]: 	at org.apache.struts.action.RequestProcessor.process(RequestProcessor.java:274)
[20160627-095241]: 	at org.apache.struts.action.ActionServlet.process(ActionServlet.java:1482)
[20160627-095241]: 	at org.apache.struts.action.ActionServlet.doPost(ActionServlet.java:525)
[20160627-095241]: 	at javax.servlet.http.HttpServlet.service(HttpServlet.java:650)
[20160627-095241]: 	at javax.servlet.http.HttpServlet.service(HttpServlet.java:731)
[20160627-095241]: 	at org.apache.catalina.core.ApplicationFilterChain.internalDoFilter(ApplicationFilterChain.java:303)
[20160627-095241]: 	at org.apache.catalina.core.ApplicationFilterChain.doFilter(ApplicationFilterChain.java:208)
[20160627-095241]: 	at org.apache.tomcat.websocket.server.WsFilter.doFilter(WsFilter.java:52)
[20160627-095241]: 	at org.apache.catalina.core.ApplicationFilterChain.internalDoFilter(ApplicationFilterChain.java:241)
[20160627-095241]: 	at org.apache.catalina.core.ApplicationFilterChain.doFilter(ApplicationFilterChain.java:208)
[20160627-095241]: 	at br.com.bradesco.custodia.portal.portaladm.apresentacao.CharEncodeFilter.doFilter(CharEncodeFilter.java:37)
[20160627-095241]: 	at org.apache.catalina.core.ApplicationFilterChain.internalDoFilter(ApplicationFilterChain.java:241)
[20160627-095241]: 	at org.apache.catalina.core.ApplicationFilterChain.doFilter(ApplicationFilterChain.java:208)
[20160627-095241]: 	at org.apache.catalina.core.StandardWrapperValve.invoke(StandardWrapperValve.java:220)
[20160627-095241]: 	at org.apache.catalina.core.StandardContextValve.invoke(StandardContextValve.java:122)
[20160627-095241]: 	at org.apache.catalina.authenticator.AuthenticatorBase.invoke(AuthenticatorBase.java:505)
[20160627-095241]: 	at org.apache.catalina.core.StandardHostValve.invoke(StandardHostValve.java:170)
[20160627-095241]: 	at org.apache.catalina.valves.ErrorReportValve.invoke(ErrorReportValve.java:103)
[20160627-095241]: 	at org.apache.catalina.valves.AccessLogValve.invoke(AccessLogValve.java:956)
[20160627-095241]: 	at org.apache.catalina.core.StandardEngineValve.invoke(StandardEngineValve.java:116)
[20160627-095241]: 	at org.apache.catalina.connector.CoyoteAdapter.service(CoyoteAdapter.java:423)
[20160627-095241]: 	at org.apache.coyote.http11.AbstractHttp11Processor.process(AbstractHttp11Processor.java:1079)
[20160627-095241]: 	at org.apache.coyote.AbstractProtocol$AbstractConnectionHandler.process(AbstractProtocol.java:625)
[20160627-095241]: 	at org.apache.tomcat.util.net.JIoEndpoint$SocketProcessor.run(JIoEndpoint.java:318)
[20160627-095241]: 	at java.util.concurrent.ThreadPoolExecutor.runWorker(Unknown Source)
[20160627-095241]: 	at java.util.concurrent.ThreadPoolExecutor$Worker.run(Unknown Source)
[20160627-095241]: 	at org.apache.tomcat.util.threads.TaskThread$WrappingRunnable.run(TaskThread.java:61)
[20160627-095241]: 	at java.lang.Thread.run(Unknown Source)
[20160627-095241]: Caused by: java.lang.NullPointerException
[20160627-095241]: 	at br.com.bradesco.custodia.portal.portaladm.apresentacao.VisualizarTermoAction.executeAction(VisualizarTermoAction.java:39)
[20160627-095241]: 	at br.com.bradesco.custodia.portal.portaladm.apresentacao.AdministracaoBaseAction.execute(AdministracaoBaseAction.java:36)
[20160627-095241]: 	at org.apache.struts.action.RequestProcessor.processActionPerform(RequestProcessor.java:484)
[20160627-095241]: 	... 29 more
[20160627-095241]: .
[20160627-095424]: Ocorreu uma exceção no método processActionPerform., CTRL='null', IP='0:0:0:0:0:0:0:1', contextPath='/calipaadm', URI='/calipaadm/VisualizarTermo.do', Mensagem='Ocorreu uma exceção no método processActionPerform.', Parâmetros:, cdProtocolo='4633', fundo.cFundInves='6274', Mensagem da Exceção:'java.lang.NullPointerException', StackTrace:=javax.servlet.ServletException: java.lang.NullPointerException
[20160627-095424]: 	at org.apache.struts.action.RequestProcessor.processException(RequestProcessor.java:545)
[20160627-095424]: 	at org.apache.struts.action.RequestProcessor.processActionPerform(RequestProcessor.java:486)
[20160627-095424]: 	at br.com.bradesco.portaladm.apresentacao.AplicacaoPortalRequestProcessor.processActionPerform(AplicacaoPortalRequestProcessor.java:79)
[20160627-095424]: 	at org.apache.struts.action.RequestProcessor.process(RequestProcessor.java:274)
[20160627-095424]: 	at org.apache.struts.action.ActionServlet.process(ActionServlet.java:1482)
[20160627-095424]: 	at org.apache.struts.action.ActionServlet.doPost(ActionServlet.java:525)
[20160627-095424]: 	at javax.servlet.http.HttpServlet.service(HttpServlet.java:650)
[20160627-095424]: 	at javax.servlet.http.HttpServlet.service(HttpServlet.java:731)
[20160627-095424]: 	at org.apache.catalina.core.ApplicationFilterChain.internalDoFilter(ApplicationFilterChain.java:303)
[20160627-095424]: 	at org.apache.catalina.core.ApplicationFilterChain.doFilter(ApplicationFilterChain.java:208)
[20160627-095424]: 	at org.apache.tomcat.websocket.server.WsFilter.doFilter(WsFilter.java:52)
[20160627-095424]: 	at org.apache.catalina.core.ApplicationFilterChain.internalDoFilter(ApplicationFilterChain.java:241)
[20160627-095424]: 	at org.apache.catalina.core.ApplicationFilterChain.doFilter(ApplicationFilterChain.java:208)
[20160627-095424]: 	at br.com.bradesco.custodia.portal.portaladm.apresentacao.CharEncodeFilter.doFilter(CharEncodeFilter.java:37)
[20160627-095424]: 	at org.apache.catalina.core.ApplicationFilterChain.internalDoFilter(ApplicationFilterChain.java:241)
[20160627-095424]: 	at org.apache.catalina.core.ApplicationFilterChain.doFilter(ApplicationFilterChain.java:208)
[20160627-095424]: 	at org.apache.catalina.core.StandardWrapperValve.invoke(StandardWrapperValve.java:220)
[20160627-095424]: 	at org.apache.catalina.core.StandardContextValve.invoke(StandardContextValve.java:122)
[20160627-095424]: 	at org.apache.catalina.authenticator.AuthenticatorBase.invoke(AuthenticatorBase.java:505)
[20160627-095424]: 	at org.apache.catalina.core.StandardHostValve.invoke(StandardHostValve.java:170)
[20160627-095424]: 	at org.apache.catalina.valves.ErrorReportValve.invoke(ErrorReportValve.java:103)
[20160627-095424]: 	at org.apache.catalina.valves.AccessLogValve.invoke(AccessLogValve.java:956)
[20160627-095424]: 	at org.apache.catalina.core.StandardEngineValve.invoke(StandardEngineValve.java:116)
[20160627-095424]: 	at org.apache.catalina.connector.CoyoteAdapter.service(CoyoteAdapter.java:423)
[20160627-095424]: 	at org.apache.coyote.http11.AbstractHttp11Processor.process(AbstractHttp11Processor.java:1079)
[20160627-095424]: 	at org.apache.coyote.AbstractProtocol$AbstractConnectionHandler.process(AbstractProtocol.java:625)
[20160627-095424]: 	at org.apache.tomcat.util.net.JIoEndpoint$SocketProcessor.run(JIoEndpoint.java:318)
[20160627-095424]: 	at java.util.concurrent.ThreadPoolExecutor.runWorker(Unknown Source)
[20160627-095424]: 	at java.util.concurrent.ThreadPoolExecutor$Worker.run(Unknown Source)
[20160627-095424]: 	at org.apache.tomcat.util.threads.TaskThread$WrappingRunnable.run(TaskThread.java:61)
[20160627-095424]: 	at java.lang.Thread.run(Unknown Source)
[20160627-095424]: Caused by: java.lang.NullPointerException
[20160627-095424]: 	at br.com.bradesco.custodia.portal.portaladm.apresentacao.VisualizarTermoAction.executeAction(VisualizarTermoAction.java:39)
[20160627-095424]: 	at br.com.bradesco.custodia.portal.portaladm.apresentacao.AdministracaoBaseAction.execute(AdministracaoBaseAction.java:36)
[20160627-095424]: 	at org.apache.struts.action.RequestProcessor.processActionPerform(RequestProcessor.java:484)
[20160627-095424]: 	... 29 more
[20160627-095424]: .
[20160627-095642]: Ocorreu uma exceção no método processActionPerform., CTRL='null', IP='0:0:0:0:0:0:0:1', contextPath='/calipaadm', URI='/calipaadm/VisualizarTermo.do', Mensagem='Ocorreu uma exceção no método processActionPerform.', Parâmetros:, cdProtocolo='4633', fundo.cFundInves='6274', Mensagem da Exceção:'java.lang.NullPointerException', StackTrace:=javax.servlet.ServletException: java.lang.NullPointerException
[20160627-095642]: 	at org.apache.struts.action.RequestProcessor.processException(RequestProcessor.java:545)
[20160627-095642]: 	at org.apache.struts.action.RequestProcessor.processActionPerform(RequestProcessor.java:486)
[20160627-095642]: 	at br.com.bradesco.portaladm.apresentacao.AplicacaoPortalRequestProcessor.processActionPerform(AplicacaoPortalRequestProcessor.java:79)
[20160627-095642]: 	at org.apache.struts.action.RequestProcessor.process(RequestProcessor.java:274)
[20160627-095642]: 	at org.apache.struts.action.ActionServlet.process(ActionServlet.java:1482)
[20160627-095642]: 	at org.apache.struts.action.ActionServlet.doPost(ActionServlet.java:525)
[20160627-095642]: 	at javax.servlet.http.HttpServlet.service(HttpServlet.java:650)
[20160627-095642]: 	at javax.servlet.http.HttpServlet.service(HttpServlet.java:731)
[20160627-095642]: 	at org.apache.catalina.core.ApplicationFilterChain.internalDoFilter(ApplicationFilterChain.java:303)
[20160627-095642]: 	at org.apache.catalina.core.ApplicationFilterChain.doFilter(ApplicationFilterChain.java:208)
[20160627-095642]: 	at org.apache.tomcat.websocket.server.WsFilter.doFilter(WsFilter.java:52)
[20160627-095642]: 	at org.apache.catalina.core.ApplicationFilterChain.internalDoFilter(ApplicationFilterChain.java:241)
[20160627-095642]: 	at org.apache.catalina.core.ApplicationFilterChain.doFilter(ApplicationFilterChain.java:208)
[20160627-095642]: 	at br.com.bradesco.custodia.portal.portaladm.apresentacao.CharEncodeFilter.doFilter(CharEncodeFilter.java:37)
[20160627-095642]: 	at org.apache.catalina.core.ApplicationFilterChain.internalDoFilter(ApplicationFilterChain.java:241)
[20160627-095642]: 	at org.apache.catalina.core.ApplicationFilterChain.doFilter(ApplicationFilterChain.java:208)
[20160627-095642]: 	at org.apache.catalina.core.StandardWrapperValve.invoke(StandardWrapperValve.java:220)
[20160627-095642]: 	at org.apache.catalina.core.StandardContextValve.invoke(StandardContextValve.java:122)
[20160627-095642]: 	at org.apache.catalina.authenticator.AuthenticatorBase.invoke(AuthenticatorBase.java:505)
[20160627-095642]: 	at org.apache.catalina.core.StandardHostValve.invoke(StandardHostValve.java:170)
[20160627-095642]: 	at org.apache.catalina.valves.ErrorReportValve.invoke(ErrorReportValve.java:103)
[20160627-095642]: 	at org.apache.catalina.valves.AccessLogValve.invoke(AccessLogValve.java:956)
[20160627-095642]: 	at org.apache.catalina.core.StandardEngineValve.invoke(StandardEngineValve.java:116)
[20160627-095642]: 	at org.apache.catalina.connector.CoyoteAdapter.service(CoyoteAdapter.java:423)
[20160627-095642]: 	at org.apache.coyote.http11.AbstractHttp11Processor.process(AbstractHttp11Processor.java:1079)
[20160627-095642]: 	at org.apache.coyote.AbstractProtocol$AbstractConnectionHandler.process(AbstractProtocol.java:625)
[20160627-095642]: 	at org.apache.tomcat.util.net.JIoEndpoint$SocketProcessor.run(JIoEndpoint.java:318)
[20160627-095642]: 	at java.util.concurrent.ThreadPoolExecutor.runWorker(Unknown Source)
[20160627-095642]: 	at java.util.concurrent.ThreadPoolExecutor$Worker.run(Unknown Source)
[20160627-095642]: 	at org.apache.tomcat.util.threads.TaskThread$WrappingRunnable.run(TaskThread.java:61)
[20160627-095642]: 	at java.lang.Thread.run(Unknown Source)
[20160627-095642]: Caused by: java.lang.NullPointerException
[20160627-095642]: 	at br.com.bradesco.custodia.portal.portaladm.apresentacao.VisualizarTermoAction.executeAction(VisualizarTermoAction.java:38)
[20160627-095642]: 	at br.com.bradesco.custodia.portal.portaladm.apresentacao.AdministracaoBaseAction.execute(AdministracaoBaseAction.java:36)
[20160627-095642]: 	at org.apache.struts.action.RequestProcessor.processActionPerform(RequestProcessor.java:484)
[20160627-095642]: 	... 29 more
[20160627-095642]: .
[20160627-100007]: Ocorreu uma exceção no método processActionPerform., CTRL='null', IP='0:0:0:0:0:0:0:1', contextPath='/calipaadm', URI='/calipaadm/VisualizarTermo.do', Mensagem='Ocorreu uma exceção no método processActionPerform.', Parâmetros:, cdProtocolo='4633', fundo.cFundInves='6274', Mensagem da Exceção:'java.lang.NullPointerException', StackTrace:=javax.servlet.ServletException: java.lang.NullPointerException
[20160627-100007]: 	at org.apache.struts.action.RequestProcessor.processException(RequestProcessor.java:545)
[20160627-100007]: 	at org.apache.struts.action.RequestProcessor.processActionPerform(RequestProcessor.java:486)
[20160627-100007]: 	at br.com.bradesco.portaladm.apresentacao.AplicacaoPortalRequestProcessor.processActionPerform(AplicacaoPortalRequestProcessor.java:79)
[20160627-100007]: 	at org.apache.struts.action.RequestProcessor.process(RequestProcessor.java:274)
[20160627-100007]: 	at org.apache.struts.action.ActionServlet.process(ActionServlet.java:1482)
[20160627-100007]: 	at org.apache.struts.action.ActionServlet.doPost(ActionServlet.java:525)
[20160627-100007]: 	at javax.servlet.http.HttpServlet.service(HttpServlet.java:650)
[20160627-100007]: 	at javax.servlet.http.HttpServlet.service(HttpServlet.java:731)
[20160627-100007]: 	at org.apache.catalina.core.ApplicationFilterChain.internalDoFilter(ApplicationFilterChain.java:303)
[20160627-100007]: 	at org.apache.catalina.core.ApplicationFilterChain.doFilter(ApplicationFilterChain.java:208)
[20160627-100007]: 	at org.apache.tomcat.websocket.server.WsFilter.doFilter(WsFilter.java:52)
[20160627-100007]: 	at org.apache.catalina.core.ApplicationFilterChain.internalDoFilter(ApplicationFilterChain.java:241)
[20160627-100007]: 	at org.apache.catalina.core.ApplicationFilterChain.doFilter(ApplicationFilterChain.java:208)
[20160627-100007]: 	at br.com.bradesco.custodia.portal.portaladm.apresentacao.CharEncodeFilter.doFilter(CharEncodeFilter.java:37)
[20160627-100007]: 	at org.apache.catalina.core.ApplicationFilterChain.internalDoFilter(ApplicationFilterChain.java:241)
[20160627-100007]: 	at org.apache.catalina.core.ApplicationFilterChain.doFilter(ApplicationFilterChain.java:208)
[20160627-100007]: 	at org.apache.catalina.core.StandardWrapperValve.invoke(StandardWrapperValve.java:220)
[20160627-100007]: 	at org.apache.catalina.core.StandardContextValve.invoke(StandardContextValve.java:122)
[20160627-100007]: 	at org.apache.catalina.authenticator.AuthenticatorBase.invoke(AuthenticatorBase.java:505)
[20160627-100007]: 	at org.apache.catalina.core.StandardHostValve.invoke(StandardHostValve.java:170)
[20160627-100007]: 	at org.apache.catalina.valves.ErrorReportValve.invoke(ErrorReportValve.java:103)
[20160627-100007]: 	at org.apache.catalina.valves.AccessLogValve.invoke(AccessLogValve.java:956)
[20160627-100007]: 	at org.apache.catalina.core.StandardEngineValve.invoke(StandardEngineValve.java:116)
[20160627-100007]: 	at org.apache.catalina.connector.CoyoteAdapter.service(CoyoteAdapter.java:423)
[20160627-100007]: 	at org.apache.coyote.http11.AbstractHttp11Processor.process(AbstractHttp11Processor.java:1079)
[20160627-100007]: 	at org.apache.coyote.AbstractProtocol$AbstractConnectionHandler.process(AbstractProtocol.java:625)
[20160627-100007]: 	at org.apache.tomcat.util.net.JIoEndpoint$SocketProcessor.run(JIoEndpoint.java:318)
[20160627-100007]: 	at java.util.concurrent.ThreadPoolExecutor.runWorker(Unknown Source)
[20160627-100007]: 	at java.util.concurrent.ThreadPoolExecutor$Worker.run(Unknown Source)
[20160627-100007]: 	at org.apache.tomcat.util.threads.TaskThread$WrappingRunnable.run(TaskThread.java:61)
[20160627-100007]: 	at java.lang.Thread.run(Unknown Source)
[20160627-100007]: Caused by: java.lang.NullPointerException
[20160627-100007]: 	at br.com.bradesco.custodia.portal.portaladm.apresentacao.VisualizarTermoAction.executeAction(VisualizarTermoAction.java:38)
[20160627-100007]: 	at br.com.bradesco.custodia.portal.portaladm.apresentacao.AdministracaoBaseAction.execute(AdministracaoBaseAction.java:36)
[20160627-100007]: 	at org.apache.struts.action.RequestProcessor.processActionPerform(RequestProcessor.java:484)
[20160627-100007]: 	... 29 more
[20160627-100007]: .
[20160627-100407]: Ocorreu uma exceção no método processActionPerform., CTRL='null', IP='0:0:0:0:0:0:0:1', contextPath='/calipaadm', URI='/calipaadm/VisualizarTermo.do', Mensagem='Ocorreu uma exceção no método processActionPerform.', Parâmetros:, cdProtocolo='4633', fundo.cFundInves='6274', Mensagem da Exceção:'java.lang.NullPointerException', StackTrace:=javax.servlet.ServletException: java.lang.NullPointerException
[20160627-100407]: 	at org.apache.struts.action.RequestProcessor.processException(RequestProcessor.java:545)
[20160627-100407]: 	at org.apache.struts.action.RequestProcessor.processActionPerform(RequestProcessor.java:486)
[20160627-100407]: 	at br.com.bradesco.portaladm.apresentacao.AplicacaoPortalRequestProcessor.processActionPerform(AplicacaoPortalRequestProcessor.java:79)
[20160627-100407]: 	at org.apache.struts.action.RequestProcessor.process(RequestProcessor.java:274)
[20160627-100407]: 	at org.apache.struts.action.ActionServlet.process(ActionServlet.java:1482)
[20160627-100407]: 	at org.apache.struts.action.ActionServlet.doPost(ActionServlet.java:525)
[20160627-100407]: 	at javax.servlet.http.HttpServlet.service(HttpServlet.java:650)
[20160627-100407]: 	at javax.servlet.http.HttpServlet.service(HttpServlet.java:731)
[20160627-100407]: 	at org.apache.catalina.core.ApplicationFilterChain.internalDoFilter(ApplicationFilterChain.java:303)
[20160627-100407]: 	at org.apache.catalina.core.ApplicationFilterChain.doFilter(ApplicationFilterChain.java:208)
[20160627-100407]: 	at org.apache.tomcat.websocket.server.WsFilter.doFilter(WsFilter.java:52)
[20160627-100407]: 	at org.apache.catalina.core.ApplicationFilterChain.internalDoFilter(ApplicationFilterChain.java:241)
[20160627-100407]: 	at org.apache.catalina.core.ApplicationFilterChain.doFilter(ApplicationFilterChain.java:208)
[20160627-100407]: 	at br.com.bradesco.custodia.portal.portaladm.apresentacao.CharEncodeFilter.doFilter(CharEncodeFilter.java:37)
[20160627-100407]: 	at org.apache.catalina.core.ApplicationFilterChain.internalDoFilter(ApplicationFilterChain.java:241)
[20160627-100407]: 	at org.apache.catalina.core.ApplicationFilterChain.doFilter(ApplicationFilterChain.java:208)
[20160627-100407]: 	at org.apache.catalina.core.StandardWrapperValve.invoke(StandardWrapperValve.java:220)
[20160627-100407]: 	at org.apache.catalina.core.StandardContextValve.invoke(StandardContextValve.java:122)
[20160627-100407]: 	at org.apache.catalina.authenticator.AuthenticatorBase.invoke(AuthenticatorBase.java:505)
[20160627-100407]: 	at org.apache.catalina.core.StandardHostValve.invoke(StandardHostValve.java:170)
[20160627-100407]: 	at org.apache.catalina.valves.ErrorReportValve.invoke(ErrorReportValve.java:103)
[20160627-100407]: 	at org.apache.catalina.valves.AccessLogValve.invoke(AccessLogValve.java:956)
[20160627-100407]: 	at org.apache.catalina.core.StandardEngineValve.invoke(StandardEngineValve.java:116)
[20160627-100407]: 	at org.apache.catalina.connector.CoyoteAdapter.service(CoyoteAdapter.java:423)
[20160627-100407]: 	at org.apache.coyote.http11.AbstractHttp11Processor.process(AbstractHttp11Processor.java:1079)
[20160627-100407]: 	at org.apache.coyote.AbstractProtocol$AbstractConnectionHandler.process(AbstractProtocol.java:625)
[20160627-100407]: 	at org.apache.tomcat.util.net.JIoEndpoint$SocketProcessor.run(JIoEndpoint.java:318)
[20160627-100407]: 	at java.util.concurrent.ThreadPoolExecutor.runWorker(Unknown Source)
[20160627-100407]: 	at java.util.concurrent.ThreadPoolExecutor$Worker.run(Unknown Source)
[20160627-100407]: 	at org.apache.tomcat.util.threads.TaskThread$WrappingRunnable.run(TaskThread.java:61)
[20160627-100407]: 	at java.lang.Thread.run(Unknown Source)
[20160627-100407]: Caused by: java.lang.NullPointerException
[20160627-100407]: 	at br.com.bradesco.custodia.portal.portaladm.apresentacao.VisualizarTermoAction.executeAction(VisualizarTermoAction.java:39)
[20160627-100407]: 	at br.com.bradesco.custodia.portal.portaladm.apresentacao.AdministracaoBaseAction.execute(AdministracaoBaseAction.java:36)
[20160627-100407]: 	at org.apache.struts.action.RequestProcessor.processActionPerform(RequestProcessor.java:484)
[20160627-100407]: 	... 29 more
[20160627-100407]: .
[20160627-100653]: Ocorreu uma exceção no método processActionPerform., CTRL='null', IP='0:0:0:0:0:0:0:1', contextPath='/calipaadm', URI='/calipaadm/VisualizarTermo.do', Mensagem='Ocorreu uma exceção no método processActionPerform.', Parâmetros:, cdProtocolo='4633', fundo.cFundInves='6274', Mensagem da Exceção:'java.lang.NullPointerException', StackTrace:=javax.servlet.ServletException: java.lang.NullPointerException
[20160627-100653]: 	at org.apache.struts.action.RequestProcessor.processException(RequestProcessor.java:545)
[20160627-100653]: 	at org.apache.struts.action.RequestProcessor.processActionPerform(RequestProcessor.java:486)
[20160627-100653]: 	at br.com.bradesco.portaladm.apresentacao.AplicacaoPortalRequestProcessor.processActionPerform(AplicacaoPortalRequestProcessor.java:79)
[20160627-100653]: 	at org.apache.struts.action.RequestProcessor.process(RequestProcessor.java:274)
[20160627-100653]: 	at org.apache.struts.action.ActionServlet.process(ActionServlet.java:1482)
[20160627-100653]: 	at org.apache.struts.action.ActionServlet.doPost(ActionServlet.java:525)
[20160627-100653]: 	at javax.servlet.http.HttpServlet.service(HttpServlet.java:650)
[20160627-100653]: 	at javax.servlet.http.HttpServlet.service(HttpServlet.java:731)
[20160627-100653]: 	at org.apache.catalina.core.ApplicationFilterChain.internalDoFilter(ApplicationFilterChain.java:303)
[20160627-100653]: 	at org.apache.catalina.core.ApplicationFilterChain.doFilter(ApplicationFilterChain.java:208)
[20160627-100653]: 	at org.apache.tomcat.websocket.server.WsFilter.doFilter(WsFilter.java:52)
[20160627-100653]: 	at org.apache.catalina.core.ApplicationFilterChain.internalDoFilter(ApplicationFilterChain.java:241)
[20160627-100653]: 	at org.apache.catalina.core.ApplicationFilterChain.doFilter(ApplicationFilterChain.java:208)
[20160627-100653]: 	at br.com.bradesco.custodia.portal.portaladm.apresentacao.CharEncodeFilter.doFilter(CharEncodeFilter.java:37)
[20160627-100653]: 	at org.apache.catalina.core.ApplicationFilterChain.internalDoFilter(ApplicationFilterChain.java:241)
[20160627-100653]: 	at org.apache.catalina.core.ApplicationFilterChain.doFilter(ApplicationFilterChain.java:208)
[20160627-100653]: 	at org.apache.catalina.core.StandardWrapperValve.invoke(StandardWrapperValve.java:220)
[20160627-100653]: 	at org.apache.catalina.core.StandardContextValve.invoke(StandardContextValve.java:122)
[20160627-100653]: 	at org.apache.catalina.authenticator.AuthenticatorBase.invoke(AuthenticatorBase.java:505)
[20160627-100653]: 	at org.apache.catalina.core.StandardHostValve.invoke(StandardHostValve.java:170)
[20160627-100653]: 	at org.apache.catalina.valves.ErrorReportValve.invoke(ErrorReportValve.java:103)
[20160627-100653]: 	at org.apache.catalina.valves.AccessLogValve.invoke(AccessLogValve.java:956)
[20160627-100653]: 	at org.apache.catalina.core.StandardEngineValve.invoke(StandardEngineValve.java:116)
[20160627-100653]: 	at org.apache.catalina.connector.CoyoteAdapter.service(CoyoteAdapter.java:423)
[20160627-100653]: 	at org.apache.coyote.http11.AbstractHttp11Processor.process(AbstractHttp11Processor.java:1079)
[20160627-100653]: 	at org.apache.coyote.AbstractProtocol$AbstractConnectionHandler.process(AbstractProtocol.java:625)
[20160627-100653]: 	at org.apache.tomcat.util.net.JIoEndpoint$SocketProcessor.run(JIoEndpoint.java:318)
[20160627-100653]: 	at java.util.concurrent.ThreadPoolExecutor.runWorker(Unknown Source)
[20160627-100653]: 	at java.util.concurrent.ThreadPoolExecutor$Worker.run(Unknown Source)
[20160627-100653]: 	at org.apache.tomcat.util.threads.TaskThread$WrappingRunnable.run(TaskThread.java:61)
[20160627-100653]: 	at java.lang.Thread.run(Unknown Source)
[20160627-100653]: Caused by: java.lang.NullPointerException
[20160627-100653]: 	at br.com.bradesco.custodia.portal.portaladm.apresentacao.VisualizarTermoAction.executeAction(VisualizarTermoAction.java:40)
[20160627-100653]: 	at br.com.bradesco.custodia.portal.portaladm.apresentacao.AdministracaoBaseAction.execute(AdministracaoBaseAction.java:36)
[20160627-100653]: 	at org.apache.struts.action.RequestProcessor.processActionPerform(RequestProcessor.java:484)
[20160627-100653]: 	... 29 more
[20160627-100653]: .
[20160627-101046]: Ocorreu uma exceção no método processActionPerform., CTRL='null', IP='0:0:0:0:0:0:0:1', contextPath='/calipaadm', URI='/calipaadm/VisualizarTermo.do', Mensagem='Ocorreu uma exceção no método processActionPerform.', Parâmetros:, cdProtocolo='4633', fundo.cFundInves='6274', Mensagem da Exceção:'java.lang.NullPointerException', StackTrace:=javax.servlet.ServletException: java.lang.NullPointerException
[20160627-101046]: 	at org.apache.struts.action.RequestProcessor.processException(RequestProcessor.java:545)
[20160627-101046]: 	at org.apache.struts.action.RequestProcessor.processActionPerform(RequestProcessor.java:486)
[20160627-101046]: 	at br.com.bradesco.portaladm.apresentacao.AplicacaoPortalRequestProcessor.processActionPerform(AplicacaoPortalRequestProcessor.java:79)
[20160627-101046]: 	at org.apache.struts.action.RequestProcessor.process(RequestProcessor.java:274)
[20160627-101046]: 	at org.apache.struts.action.ActionServlet.process(ActionServlet.java:1482)
[20160627-101046]: 	at org.apache.struts.action.ActionServlet.doPost(ActionServlet.java:525)
[20160627-101046]: 	at javax.servlet.http.HttpServlet.service(HttpServlet.java:650)
[20160627-101046]: 	at javax.servlet.http.HttpServlet.service(HttpServlet.java:731)
[20160627-101046]: 	at org.apache.catalina.core.ApplicationFilterChain.internalDoFilter(ApplicationFilterChain.java:303)
[20160627-101046]: 	at org.apache.catalina.core.ApplicationFilterChain.doFilter(ApplicationFilterChain.java:208)
[20160627-101046]: 	at org.apache.tomcat.websocket.server.WsFilter.doFilter(WsFilter.java:52)
[20160627-101046]: 	at org.apache.catalina.core.ApplicationFilterChain.internalDoFilter(ApplicationFilterChain.java:241)
[20160627-101046]: 	at org.apache.catalina.core.ApplicationFilterChain.doFilter(ApplicationFilterChain.java:208)
[20160627-101046]: 	at br.com.bradesco.custodia.portal.portaladm.apresentacao.CharEncodeFilter.doFilter(CharEncodeFilter.java:37)
[20160627-101046]: 	at org.apache.catalina.core.ApplicationFilterChain.internalDoFilter(ApplicationFilterChain.java:241)
[20160627-101046]: 	at org.apache.catalina.core.ApplicationFilterChain.doFilter(ApplicationFilterChain.java:208)
[20160627-101046]: 	at org.apache.catalina.core.StandardWrapperValve.invoke(StandardWrapperValve.java:220)
[20160627-101046]: 	at org.apache.catalina.core.StandardContextValve.invoke(StandardContextValve.java:122)
[20160627-101046]: 	at org.apache.catalina.authenticator.AuthenticatorBase.invoke(AuthenticatorBase.java:505)
[20160627-101046]: 	at org.apache.catalina.core.StandardHostValve.invoke(StandardHostValve.java:170)
[20160627-101046]: 	at org.apache.catalina.valves.ErrorReportValve.invoke(ErrorReportValve.java:103)
[20160627-101046]: 	at org.apache.catalina.valves.AccessLogValve.invoke(AccessLogValve.java:956)
[20160627-101046]: 	at org.apache.catalina.core.StandardEngineValve.invoke(StandardEngineValve.java:116)
[20160627-101046]: 	at org.apache.catalina.connector.CoyoteAdapter.service(CoyoteAdapter.java:423)
[20160627-101046]: 	at org.apache.coyote.http11.AbstractHttp11Processor.process(AbstractHttp11Processor.java:1079)
[20160627-101046]: 	at org.apache.coyote.AbstractProtocol$AbstractConnectionHandler.process(AbstractProtocol.java:625)
[20160627-101046]: 	at org.apache.tomcat.util.net.JIoEndpoint$SocketProcessor.run(JIoEndpoint.java:318)
[20160627-101046]: 	at java.util.concurrent.ThreadPoolExecutor.runWorker(Unknown Source)
[20160627-101046]: 	at java.util.concurrent.ThreadPoolExecutor$Worker.run(Unknown Source)
[20160627-101046]: 	at org.apache.tomcat.util.threads.TaskThread$WrappingRunnable.run(TaskThread.java:61)
[20160627-101046]: 	at java.lang.Thread.run(Unknown Source)
[20160627-101046]: Caused by: java.lang.NullPointerException
[20160627-101046]: 	at br.com.bradesco.custodia.portal.portaladm.apresentacao.VisualizarTermoAction.executeAction(VisualizarTermoAction.java:42)
[20160627-101046]: 	at br.com.bradesco.custodia.portal.portaladm.apresentacao.AdministracaoBaseAction.execute(AdministracaoBaseAction.java:36)
[20160627-101046]: 	at org.apache.struts.action.RequestProcessor.processActionPerform(RequestProcessor.java:484)
[20160627-101046]: 	... 29 more
[20160627-101046]: .
[20160627-101249]: Ocorreu uma exceção no método processActionPerform., CTRL='null', IP='0:0:0:0:0:0:0:1', contextPath='/calipaadm', URI='/calipaadm/VisualizarTermo.do', Mensagem='Ocorreu uma exceção no método processActionPerform.', Parâmetros:, cdProtocolo='4633', fundo.cFundInves='6274', Mensagem da Exceção:'java.lang.NullPointerException', StackTrace:=javax.servlet.ServletException: java.lang.NullPointerException
[20160627-101249]: 	at org.apache.struts.action.RequestProcessor.processException(RequestProcessor.java:545)
[20160627-101249]: 	at org.apache.struts.action.RequestProcessor.processActionPerform(RequestProcessor.java:486)
[20160627-101249]: 	at br.com.bradesco.portaladm.apresentacao.AplicacaoPortalRequestProcessor.processActionPerform(AplicacaoPortalRequestProcessor.java:79)
[20160627-101249]: 	at org.apache.struts.action.RequestProcessor.process(RequestProcessor.java:274)
[20160627-101249]: 	at org.apache.struts.action.ActionServlet.process(ActionServlet.java:1482)
[20160627-101249]: 	at org.apache.struts.action.ActionServlet.doPost(ActionServlet.java:525)
[20160627-101249]: 	at javax.servlet.http.HttpServlet.service(HttpServlet.java:650)
[20160627-101249]: 	at javax.servlet.http.HttpServlet.service(HttpServlet.java:731)
[20160627-101249]: 	at org.apache.catalina.core.ApplicationFilterChain.internalDoFilter(ApplicationFilterChain.java:303)
[20160627-101249]: 	at org.apache.catalina.core.ApplicationFilterChain.doFilter(ApplicationFilterChain.java:208)
[20160627-101249]: 	at org.apache.tomcat.websocket.server.WsFilter.doFilter(WsFilter.java:52)
[20160627-101249]: 	at org.apache.catalina.core.ApplicationFilterChain.internalDoFilter(ApplicationFilterChain.java:241)
[20160627-101249]: 	at org.apache.catalina.core.ApplicationFilterChain.doFilter(ApplicationFilterChain.java:208)
[20160627-101249]: 	at br.com.bradesco.custodia.portal.portaladm.apresentacao.CharEncodeFilter.doFilter(CharEncodeFilter.java:37)
[20160627-101249]: 	at org.apache.catalina.core.ApplicationFilterChain.internalDoFilter(ApplicationFilterChain.java:241)
[20160627-101249]: 	at org.apache.catalina.core.ApplicationFilterChain.doFilter(ApplicationFilterChain.java:208)
[20160627-101249]: 	at org.apache.catalina.core.StandardWrapperValve.invoke(StandardWrapperValve.java:220)
[20160627-101249]: 	at org.apache.catalina.core.StandardContextValve.invoke(StandardContextValve.java:122)
[20160627-101249]: 	at org.apache.catalina.authenticator.AuthenticatorBase.invoke(AuthenticatorBase.java:505)
[20160627-101249]: 	at org.apache.catalina.core.StandardHostValve.invoke(StandardHostValve.java:170)
[20160627-101249]: 	at org.apache.catalina.valves.ErrorReportValve.invoke(ErrorReportValve.java:103)
[20160627-101249]: 	at org.apache.catalina.valves.AccessLogValve.invoke(AccessLogValve.java:956)
[20160627-101249]: 	at org.apache.catalina.core.StandardEngineValve.invoke(StandardEngineValve.java:116)
[20160627-101249]: 	at org.apache.catalina.connector.CoyoteAdapter.service(CoyoteAdapter.java:423)
[20160627-101249]: 	at org.apache.coyote.http11.AbstractHttp11Processor.process(AbstractHttp11Processor.java:1079)
[20160627-101249]: 	at org.apache.coyote.AbstractProtocol$AbstractConnectionHandler.process(AbstractProtocol.java:625)
[20160627-101249]: 	at org.apache.tomcat.util.net.JIoEndpoint$SocketProcessor.run(JIoEndpoint.java:318)
[20160627-101249]: 	at java.util.concurrent.ThreadPoolExecutor.runWorker(Unknown Source)
[20160627-101249]: 	at java.util.concurrent.ThreadPoolExecutor$Worker.run(Unknown Source)
[20160627-101249]: 	at org.apache.tomcat.util.threads.TaskThread$WrappingRunnable.run(TaskThread.java:61)
[20160627-101249]: 	at java.lang.Thread.run(Unknown Source)
[20160627-101249]: Caused by: java.lang.NullPointerException
[20160627-101249]: 	at br.com.bradesco.custodia.portal.portaladm.apresentacao.VisualizarTermoAction.executeAction(VisualizarTermoAction.java:42)
[20160627-101249]: 	at br.com.bradesco.custodia.portal.portaladm.apresentacao.AdministracaoBaseAction.execute(AdministracaoBaseAction.java:36)
[20160627-101249]: 	at org.apache.struts.action.RequestProcessor.processActionPerform(RequestProcessor.java:484)
[20160627-101249]: 	... 29 more
[20160627-101249]: .
[20160627-101554]: Ocorreu uma exceção no método processActionPerform., CTRL='null', IP='0:0:0:0:0:0:0:1', contextPath='/calipaadm', URI='/calipaadm/VisualizarTermo.do', Mensagem='Ocorreu uma exceção no método processActionPerform.', Parâmetros:, cdProtocolo='4633', fundo.cFundInves='6274', Mensagem da Exceção:'java.lang.NullPointerException', StackTrace:=javax.servlet.ServletException: java.lang.NullPointerException
[20160627-101554]: 	at org.apache.struts.action.RequestProcessor.processException(RequestProcessor.java:545)
[20160627-101554]: 	at org.apache.struts.action.RequestProcessor.processActionPerform(RequestProcessor.java:486)
[20160627-101554]: 	at br.com.bradesco.portaladm.apresentacao.AplicacaoPortalRequestProcessor.processActionPerform(AplicacaoPortalRequestProcessor.java:79)
[20160627-101554]: 	at org.apache.struts.action.RequestProcessor.process(RequestProcessor.java:274)
[20160627-101554]: 	at org.apache.struts.action.ActionServlet.process(ActionServlet.java:1482)
[20160627-101554]: 	at org.apache.struts.action.ActionServlet.doPost(ActionServlet.java:525)
[20160627-101554]: 	at javax.servlet.http.HttpServlet.service(HttpServlet.java:650)
[20160627-101554]: 	at javax.servlet.http.HttpServlet.service(HttpServlet.java:731)
[20160627-101554]: 	at org.apache.catalina.core.ApplicationFilterChain.internalDoFilter(ApplicationFilterChain.java:303)
[20160627-101554]: 	at org.apache.catalina.core.ApplicationFilterChain.doFilter(ApplicationFilterChain.java:208)
[20160627-101554]: 	at org.apache.tomcat.websocket.server.WsFilter.doFilter(WsFilter.java:52)
[20160627-101554]: 	at org.apache.catalina.core.ApplicationFilterChain.internalDoFilter(ApplicationFilterChain.java:241)
[20160627-101554]: 	at org.apache.catalina.core.ApplicationFilterChain.doFilter(ApplicationFilterChain.java:208)
[20160627-101554]: 	at br.com.bradesco.custodia.portal.portaladm.apresentacao.CharEncodeFilter.doFilter(CharEncodeFilter.java:37)
[20160627-101554]: 	at org.apache.catalina.core.ApplicationFilterChain.internalDoFilter(ApplicationFilterChain.java:241)
[20160627-101554]: 	at org.apache.catalina.core.ApplicationFilterChain.doFilter(ApplicationFilterChain.java:208)
[20160627-101554]: 	at org.apache.catalina.core.StandardWrapperValve.invoke(StandardWrapperValve.java:220)
[20160627-101554]: 	at org.apache.catalina.core.StandardContextValve.invoke(StandardContextValve.java:122)
[20160627-101554]: 	at org.apache.catalina.authenticator.AuthenticatorBase.invoke(AuthenticatorBase.java:505)
[20160627-101554]: 	at org.apache.catalina.core.StandardHostValve.invoke(StandardHostValve.java:170)
[20160627-101554]: 	at org.apache.catalina.valves.ErrorReportValve.invoke(ErrorReportValve.java:103)
[20160627-101554]: 	at org.apache.catalina.valves.AccessLogValve.invoke(AccessLogValve.java:956)
[20160627-101554]: 	at org.apache.catalina.core.StandardEngineValve.invoke(StandardEngineValve.java:116)
[20160627-101554]: 	at org.apache.catalina.connector.CoyoteAdapter.service(CoyoteAdapter.java:423)
[20160627-101554]: 	at org.apache.coyote.http11.AbstractHttp11Processor.process(AbstractHttp11Processor.java:1079)
[20160627-101554]: 	at org.apache.coyote.AbstractProtocol$AbstractConnectionHandler.process(AbstractProtocol.java:625)
[20160627-101554]: 	at org.apache.tomcat.util.net.JIoEndpoint$SocketProcessor.run(JIoEndpoint.java:318)
[20160627-101554]: 	at java.util.concurrent.ThreadPoolExecutor.runWorker(Unknown Source)
[20160627-101554]: 	at java.util.concurrent.ThreadPoolExecutor$Worker.run(Unknown Source)
[20160627-101554]: 	at org.apache.tomcat.util.threads.TaskThread$WrappingRunnable.run(TaskThread.java:61)
[20160627-101554]: 	at java.lang.Thread.run(Unknown Source)
[20160627-101554]: Caused by: java.lang.NullPointerException
[20160627-101554]: 	at br.com.bradesco.custodia.portal.portaladm.apresentacao.VisualizarTermoAction.executeAction(VisualizarTermoAction.java:42)
[20160627-101554]: 	at br.com.bradesco.custodia.portal.portaladm.apresentacao.AdministracaoBaseAction.execute(AdministracaoBaseAction.java:36)
[20160627-101554]: 	at org.apache.struts.action.RequestProcessor.processActionPerform(RequestProcessor.java:484)
[20160627-101554]: 	... 29 more
[20160627-101554]: .
[20160627-102106]: Ocorreu uma exceção no método processActionPerform., CTRL='null', IP='0:0:0:0:0:0:0:1', contextPath='/calipaadm', URI='/calipaadm/VisualizarTermo.do', Mensagem='Ocorreu uma exceção no método processActionPerform.', Parâmetros:, cdProtocolo='4633', fundo.cFundInves='6274', Mensagem da Exceção:'java.lang.NullPointerException', StackTrace:=javax.servlet.ServletException: java.lang.NullPointerException
[20160627-102106]: 	at org.apache.struts.action.RequestProcessor.processException(RequestProcessor.java:545)
[20160627-102106]: 	at org.apache.struts.action.RequestProcessor.processActionPerform(RequestProcessor.java:486)
[20160627-102106]: 	at br.com.bradesco.portaladm.apresentacao.AplicacaoPortalRequestProcessor.processActionPerform(AplicacaoPortalRequestProcessor.java:79)
[20160627-102106]: 	at org.apache.struts.action.RequestProcessor.process(RequestProcessor.java:274)
[20160627-102106]: 	at org.apache.struts.action.ActionServlet.process(ActionServlet.java:1482)
[20160627-102106]: 	at org.apache.struts.action.ActionServlet.doPost(ActionServlet.java:525)
[20160627-102106]: 	at javax.servlet.http.HttpServlet.service(HttpServlet.java:650)
[20160627-102106]: 	at javax.servlet.http.HttpServlet.service(HttpServlet.java:731)
[20160627-102106]: 	at org.apache.catalina.core.ApplicationFilterChain.internalDoFilter(ApplicationFilterChain.java:303)
[20160627-102106]: 	at org.apache.catalina.core.ApplicationFilterChain.doFilter(ApplicationFilterChain.java:208)
[20160627-102106]: 	at org.apache.tomcat.websocket.server.WsFilter.doFilter(WsFilter.java:52)
[20160627-102106]: 	at org.apache.catalina.core.ApplicationFilterChain.internalDoFilter(ApplicationFilterChain.java:241)
[20160627-102106]: 	at org.apache.catalina.core.ApplicationFilterChain.doFilter(ApplicationFilterChain.java:208)
[20160627-102106]: 	at br.com.bradesco.custodia.portal.portaladm.apresentacao.CharEncodeFilter.doFilter(CharEncodeFilter.java:37)
[20160627-102106]: 	at org.apache.catalina.core.ApplicationFilterChain.internalDoFilter(ApplicationFilterChain.java:241)
[20160627-102106]: 	at org.apache.catalina.core.ApplicationFilterChain.doFilter(ApplicationFilterChain.java:208)
[20160627-102106]: 	at org.apache.catalina.core.StandardWrapperValve.invoke(StandardWrapperValve.java:220)
[20160627-102106]: 	at org.apache.catalina.core.StandardContextValve.invoke(StandardContextValve.java:122)
[20160627-102106]: 	at org.apache.catalina.authenticator.AuthenticatorBase.invoke(AuthenticatorBase.java:505)
[20160627-102106]: 	at org.apache.catalina.core.StandardHostValve.invoke(StandardHostValve.java:170)
[20160627-102106]: 	at org.apache.catalina.valves.ErrorReportValve.invoke(ErrorReportValve.java:103)
[20160627-102106]: 	at org.apache.catalina.valves.AccessLogValve.invoke(AccessLogValve.java:956)
[20160627-102106]: 	at org.apache.catalina.core.StandardEngineValve.invoke(StandardEngineValve.java:116)
[20160627-102106]: 	at org.apache.catalina.connector.CoyoteAdapter.service(CoyoteAdapter.java:423)
[20160627-102106]: 	at org.apache.coyote.http11.AbstractHttp11Processor.process(AbstractHttp11Processor.java:1079)
[20160627-102106]: 	at org.apache.coyote.AbstractProtocol$AbstractConnectionHandler.process(AbstractProtocol.java:625)
[20160627-102106]: 	at org.apache.tomcat.util.net.JIoEndpoint$SocketProcessor.run(JIoEndpoint.java:318)
[20160627-102106]: 	at java.util.concurrent.ThreadPoolExecutor.runWorker(Unknown Source)
[20160627-102106]: 	at java.util.concurrent.ThreadPoolExecutor$Worker.run(Unknown Source)
[20160627-102106]: 	at org.apache.tomcat.util.threads.TaskThread$WrappingRunnable.run(TaskThread.java:61)
[20160627-102106]: 	at java.lang.Thread.run(Unknown Source)
[20160627-102106]: Caused by: java.lang.NullPointerException
[20160627-102106]: 	at br.com.bradesco.custodia.portal.portaladm.apresentacao.VisualizarTermoAction.executeAction(VisualizarTermoAction.java:43)
[20160627-102106]: 	at br.com.bradesco.custodia.portal.portaladm.apresentacao.AdministracaoBaseAction.execute(AdministracaoBaseAction.java:36)
[20160627-102106]: 	at org.apache.struts.action.RequestProcessor.processActionPerform(RequestProcessor.java:484)
[20160627-102106]: 	... 29 more
[20160627-102106]: .
[20160627-102313]: Ocorreu uma exceção no método processActionPerform., CTRL='null', IP='0:0:0:0:0:0:0:1', contextPath='/calipaadm', URI='/calipaadm/VisualizarTermo.do', Mensagem='Ocorreu uma exceção no método processActionPerform.', Parâmetros:, cdProtocolo='4633', fundo.cFundInves='6274', Mensagem da Exceção:'java.lang.NullPointerException', StackTrace:=javax.servlet.ServletException: java.lang.NullPointerException
[20160627-102313]: 	at org.apache.struts.action.RequestProcessor.processException(RequestProcessor.java:545)
[20160627-102313]: 	at org.apache.struts.action.RequestProcessor.processActionPerform(RequestProcessor.java:486)
[20160627-102313]: 	at br.com.bradesco.portaladm.apresentacao.AplicacaoPortalRequestProcessor.processActionPerform(AplicacaoPortalRequestProcessor.java:79)
[20160627-102313]: 	at org.apache.struts.action.RequestProcessor.process(RequestProcessor.java:274)
[20160627-102313]: 	at org.apache.struts.action.ActionServlet.process(ActionServlet.java:1482)
[20160627-102313]: 	at org.apache.struts.action.ActionServlet.doPost(ActionServlet.java:525)
[20160627-102313]: 	at javax.servlet.http.HttpServlet.service(HttpServlet.java:650)
[20160627-102313]: 	at javax.servlet.http.HttpServlet.service(HttpServlet.java:731)
[20160627-102313]: 	at org.apache.catalina.core.ApplicationFilterChain.internalDoFilter(ApplicationFilterChain.java:303)
[20160627-102313]: 	at org.apache.catalina.core.ApplicationFilterChain.doFilter(ApplicationFilterChain.java:208)
[20160627-102313]: 	at org.apache.tomcat.websocket.server.WsFilter.doFilter(WsFilter.java:52)
[20160627-102313]: 	at org.apache.catalina.core.ApplicationFilterChain.internalDoFilter(ApplicationFilterChain.java:241)
[20160627-102313]: 	at org.apache.catalina.core.ApplicationFilterChain.doFilter(ApplicationFilterChain.java:208)
[20160627-102313]: 	at br.com.bradesco.custodia.portal.portaladm.apresentacao.CharEncodeFilter.doFilter(CharEncodeFilter.java:37)
[20160627-102313]: 	at org.apache.catalina.core.ApplicationFilterChain.internalDoFilter(ApplicationFilterChain.java:241)
[20160627-102313]: 	at org.apache.catalina.core.ApplicationFilterChain.doFilter(ApplicationFilterChain.java:208)
[20160627-102313]: 	at org.apache.catalina.core.StandardWrapperValve.invoke(StandardWrapperValve.java:220)
[20160627-102313]: 	at org.apache.catalina.core.StandardContextValve.invoke(StandardContextValve.java:122)
[20160627-102313]: 	at org.apache.catalina.authenticator.AuthenticatorBase.invoke(AuthenticatorBase.java:505)
[20160627-102313]: 	at org.apache.catalina.core.StandardHostValve.invoke(StandardHostValve.java:170)
[20160627-102313]: 	at org.apache.catalina.valves.ErrorReportValve.invoke(ErrorReportValve.java:103)
[20160627-102313]: 	at org.apache.catalina.valves.AccessLogValve.invoke(AccessLogValve.java:956)
[20160627-102313]: 	at org.apache.catalina.core.StandardEngineValve.invoke(StandardEngineValve.java:116)
[20160627-102313]: 	at org.apache.catalina.connector.CoyoteAdapter.service(CoyoteAdapter.java:423)
[20160627-102313]: 	at org.apache.coyote.http11.AbstractHttp11Processor.process(AbstractHttp11Processor.java:1079)
[20160627-102313]: 	at org.apache.coyote.AbstractProtocol$AbstractConnectionHandler.process(AbstractProtocol.java:625)
[20160627-102313]: 	at org.apache.tomcat.util.net.JIoEndpoint$SocketProcessor.run(JIoEndpoint.java:318)
[20160627-102313]: 	at java.util.concurrent.ThreadPoolExecutor.runWorker(Unknown Source)
[20160627-102313]: 	at java.util.concurrent.ThreadPoolExecutor$Worker.run(Unknown Source)
[20160627-102313]: 	at org.apache.tomcat.util.threads.TaskThread$WrappingRunnable.run(TaskThread.java:61)
[20160627-102313]: 	at java.lang.Thread.run(Unknown Source)
[20160627-102313]: Caused by: java.lang.NullPointerException
[20160627-102313]: 	at br.com.bradesco.custodia.portal.portaladm.apresentacao.VisualizarTermoAction.executeAction(VisualizarTermoAction.java:43)
[20160627-102313]: 	at br.com.bradesco.custodia.portal.portaladm.apresentacao.AdministracaoBaseAction.execute(AdministracaoBaseAction.java:36)
[20160627-102313]: 	at org.apache.struts.action.RequestProcessor.processActionPerform(RequestProcessor.java:484)
[20160627-102313]: 	... 29 more
[20160627-102313]: .
[20160627-102517]: Ocorreu uma exceção no método processActionPerform., CTRL='null', IP='0:0:0:0:0:0:0:1', contextPath='/calipaadm', URI='/calipaadm/VisualizarTermo.do', Mensagem='Ocorreu uma exceção no método processActionPerform.', Parâmetros:, cdProtocolo='4633', fundo.cFundInves='6274', Mensagem da Exceção:'java.lang.NullPointerException', StackTrace:=javax.servlet.ServletException: java.lang.NullPointerException
[20160627-102517]: 	at org.apache.struts.action.RequestProcessor.processException(RequestProcessor.java:545)
[20160627-102517]: 	at org.apache.struts.action.RequestProcessor.processActionPerform(RequestProcessor.java:486)
[20160627-102517]: 	at br.com.bradesco.portaladm.apresentacao.AplicacaoPortalRequestProcessor.processActionPerform(AplicacaoPortalRequestProcessor.java:79)
[20160627-102517]: 	at org.apache.struts.action.RequestProcessor.process(RequestProcessor.java:274)
[20160627-102517]: 	at org.apache.struts.action.ActionServlet.process(ActionServlet.java:1482)
[20160627-102517]: 	at org.apache.struts.action.ActionServlet.doPost(ActionServlet.java:525)
[20160627-102517]: 	at javax.servlet.http.HttpServlet.service(HttpServlet.java:650)
[20160627-102517]: 	at javax.servlet.http.HttpServlet.service(HttpServlet.java:731)
[20160627-102517]: 	at org.apache.catalina.core.ApplicationFilterChain.internalDoFilter(ApplicationFilterChain.java:303)
[20160627-102517]: 	at org.apache.catalina.core.ApplicationFilterChain.doFilter(ApplicationFilterChain.java:208)
[20160627-102517]: 	at org.apache.tomcat.websocket.server.WsFilter.doFilter(WsFilter.java:52)
[20160627-102517]: 	at org.apache.catalina.core.ApplicationFilterChain.internalDoFilter(ApplicationFilterChain.java:241)
[20160627-102517]: 	at org.apache.catalina.core.ApplicationFilterChain.doFilter(ApplicationFilterChain.java:208)
[20160627-102517]: 	at br.com.bradesco.custodia.portal.portaladm.apresentacao.CharEncodeFilter.doFilter(CharEncodeFilter.java:37)
[20160627-102517]: 	at org.apache.catalina.core.ApplicationFilterChain.internalDoFilter(ApplicationFilterChain.java:241)
[20160627-102517]: 	at org.apache.catalina.core.ApplicationFilterChain.doFilter(ApplicationFilterChain.java:208)
[20160627-102517]: 	at org.apache.catalina.core.StandardWrapperValve.invoke(StandardWrapperValve.java:220)
[20160627-102517]: 	at org.apache.catalina.core.StandardContextValve.invoke(StandardContextValve.java:122)
[20160627-102517]: 	at org.apache.catalina.authenticator.AuthenticatorBase.invoke(AuthenticatorBase.java:505)
[20160627-102517]: 	at org.apache.catalina.core.StandardHostValve.invoke(StandardHostValve.java:170)
[20160627-102517]: 	at org.apache.catalina.valves.ErrorReportValve.invoke(ErrorReportValve.java:103)
[20160627-102517]: 	at org.apache.catalina.valves.AccessLogValve.invoke(AccessLogValve.java:956)
[20160627-102517]: 	at org.apache.catalina.core.StandardEngineValve.invoke(StandardEngineValve.java:116)
[20160627-102517]: 	at org.apache.catalina.connector.CoyoteAdapter.service(CoyoteAdapter.java:423)
[20160627-102517]: 	at org.apache.coyote.http11.AbstractHttp11Processor.process(AbstractHttp11Processor.java:1079)
[20160627-102517]: 	at org.apache.coyote.AbstractProtocol$AbstractConnectionHandler.process(AbstractProtocol.java:625)
[20160627-102517]: 	at org.apache.tomcat.util.net.JIoEndpoint$SocketProcessor.run(JIoEndpoint.java:318)
[20160627-102517]: 	at java.util.concurrent.ThreadPoolExecutor.runWorker(Unknown Source)
[20160627-102517]: 	at java.util.concurrent.ThreadPoolExecutor$Worker.run(Unknown Source)
[20160627-102517]: 	at org.apache.tomcat.util.threads.TaskThread$WrappingRunnable.run(TaskThread.java:61)
[20160627-102517]: 	at java.lang.Thread.run(Unknown Source)
[20160627-102517]: Caused by: java.lang.NullPointerException
[20160627-102517]: 	at br.com.bradesco.custodia.portal.portaladm.apresentacao.VisualizarTermoAction.executeAction(VisualizarTermoAction.java:43)
[20160627-102517]: 	at br.com.bradesco.custodia.portal.portaladm.apresentacao.AdministracaoBaseAction.execute(AdministracaoBaseAction.java:36)
[20160627-102517]: 	at org.apache.struts.action.RequestProcessor.processActionPerform(RequestProcessor.java:484)
[20160627-102517]: 	... 29 more
[20160627-102517]: .
[20160627-102630]: Ocorreu uma exceção no método processActionPerform., CTRL='null', IP='0:0:0:0:0:0:0:1', contextPath='/calipaadm', URI='/calipaadm/VisualizarTermo.do', Mensagem='Ocorreu uma exceção no método processActionPerform.', Parâmetros:, cdProtocolo='4633', fundo.cFundInves='6274', Mensagem da Exceção:'java.lang.NullPointerException', StackTrace:=javax.servlet.ServletException: java.lang.NullPointerException
[20160627-102630]: 	at org.apache.struts.action.RequestProcessor.processException(RequestProcessor.java:545)
[20160627-102630]: 	at org.apache.struts.action.RequestProcessor.processActionPerform(RequestProcessor.java:486)
[20160627-102630]: 	at br.com.bradesco.portaladm.apresentacao.AplicacaoPortalRequestProcessor.processActionPerform(AplicacaoPortalRequestProcessor.java:79)
[20160627-102630]: 	at org.apache.struts.action.RequestProcessor.process(RequestProcessor.java:274)
[20160627-102630]: 	at org.apache.struts.action.ActionServlet.process(ActionServlet.java:1482)
[20160627-102630]: 	at org.apache.struts.action.ActionServlet.doPost(ActionServlet.java:525)
[20160627-102630]: 	at javax.servlet.http.HttpServlet.service(HttpServlet.java:650)
[20160627-102630]: 	at javax.servlet.http.HttpServlet.service(HttpServlet.java:731)
[20160627-102630]: 	at org.apache.catalina.core.ApplicationFilterChain.internalDoFilter(ApplicationFilterChain.java:303)
[20160627-102630]: 	at org.apache.catalina.core.ApplicationFilterChain.doFilter(ApplicationFilterChain.java:208)
[20160627-102630]: 	at org.apache.tomcat.websocket.server.WsFilter.doFilter(WsFilter.java:52)
[20160627-102630]: 	at org.apache.catalina.core.ApplicationFilterChain.internalDoFilter(ApplicationFilterChain.java:241)
[20160627-102630]: 	at org.apache.catalina.core.ApplicationFilterChain.doFilter(ApplicationFilterChain.java:208)
[20160627-102630]: 	at br.com.bradesco.custodia.portal.portaladm.apresentacao.CharEncodeFilter.doFilter(CharEncodeFilter.java:37)
[20160627-102630]: 	at org.apache.catalina.core.ApplicationFilterChain.internalDoFilter(ApplicationFilterChain.java:241)
[20160627-102630]: 	at org.apache.catalina.core.ApplicationFilterChain.doFilter(ApplicationFilterChain.java:208)
[20160627-102630]: 	at org.apache.catalina.core.StandardWrapperValve.invoke(StandardWrapperValve.java:220)
[20160627-102630]: 	at org.apache.catalina.core.StandardContextValve.invoke(StandardContextValve.java:122)
[20160627-102630]: 	at org.apache.catalina.authenticator.AuthenticatorBase.invoke(AuthenticatorBase.java:505)
[20160627-102630]: 	at org.apache.catalina.core.StandardHostValve.invoke(StandardHostValve.java:170)
[20160627-102630]: 	at org.apache.catalina.valves.ErrorReportValve.invoke(ErrorReportValve.java:103)
[20160627-102630]: 	at org.apache.catalina.valves.AccessLogValve.invoke(AccessLogValve.java:956)
[20160627-102630]: 	at org.apache.catalina.core.StandardEngineValve.invoke(StandardEngineValve.java:116)
[20160627-102630]: 	at org.apache.catalina.connector.CoyoteAdapter.service(CoyoteAdapter.java:423)
[20160627-102630]: 	at org.apache.coyote.http11.AbstractHttp11Processor.process(AbstractHttp11Processor.java:1079)
[20160627-102630]: 	at org.apache.coyote.AbstractProtocol$AbstractConnectionHandler.process(AbstractProtocol.java:625)
[20160627-102630]: 	at org.apache.tomcat.util.net.JIoEndpoint$SocketProcessor.run(JIoEndpoint.java:318)
[20160627-102630]: 	at java.util.concurrent.ThreadPoolExecutor.runWorker(Unknown Source)
[20160627-102630]: 	at java.util.concurrent.ThreadPoolExecutor$Worker.run(Unknown Source)
[20160627-102630]: 	at org.apache.tomcat.util.threads.TaskThread$WrappingRunnable.run(TaskThread.java:61)
[20160627-102630]: 	at java.lang.Thread.run(Unknown Source)
[20160627-102630]: Caused by: java.lang.NullPointerException
[20160627-102630]: 	at br.com.bradesco.custodia.portal.portaladm.apresentacao.VisualizarTermoAction.executeAction(VisualizarTermoAction.java:43)
[20160627-102630]: 	at br.com.bradesco.custodia.portal.portaladm.apresentacao.AdministracaoBaseAction.execute(AdministracaoBaseAction.java:36)
[20160627-102630]: 	at org.apache.struts.action.RequestProcessor.processActionPerform(RequestProcessor.java:484)
[20160627-102630]: 	... 29 more
[20160627-102630]: .
[20160627-103411]: Ocorreu uma exceção no método processActionPerform., CTRL='null', IP='0:0:0:0:0:0:0:1', contextPath='/calipaadm', URI='/calipaadm/VisualizarTermo.do', Mensagem='Ocorreu uma exceção no método processActionPerform.', Parâmetros:, cdProtocolo='4633', fundo.cFundInves='6274', Mensagem da Exceção:'java.lang.NullPointerException', StackTrace:=javax.servlet.ServletException: java.lang.NullPointerException
[20160627-103411]: 	at org.apache.struts.action.RequestProcessor.processException(RequestProcessor.java:545)
[20160627-103411]: 	at org.apache.struts.action.RequestProcessor.processActionPerform(RequestProcessor.java:486)
[20160627-103411]: 	at br.com.bradesco.portaladm.apresentacao.AplicacaoPortalRequestProcessor.processActionPerform(AplicacaoPortalRequestProcessor.java:79)
[20160627-103411]: 	at org.apache.struts.action.RequestProcessor.process(RequestProcessor.java:274)
[20160627-103411]: 	at org.apache.struts.action.ActionServlet.process(ActionServlet.java:1482)
[20160627-103411]: 	at org.apache.struts.action.ActionServlet.doPost(ActionServlet.java:525)
[20160627-103411]: 	at javax.servlet.http.HttpServlet.service(HttpServlet.java:650)
[20160627-103411]: 	at javax.servlet.http.HttpServlet.service(HttpServlet.java:731)
[20160627-103411]: 	at org.apache.catalina.core.ApplicationFilterChain.internalDoFilter(ApplicationFilterChain.java:303)
[20160627-103411]: 	at org.apache.catalina.core.ApplicationFilterChain.doFilter(ApplicationFilterChain.java:208)
[20160627-103411]: 	at org.apache.tomcat.websocket.server.WsFilter.doFilter(WsFilter.java:52)
[20160627-103411]: 	at org.apache.catalina.core.ApplicationFilterChain.internalDoFilter(ApplicationFilterChain.java:241)
[20160627-103411]: 	at org.apache.catalina.core.ApplicationFilterChain.doFilter(ApplicationFilterChain.java:208)
[20160627-103411]: 	at br.com.bradesco.custodia.portal.portaladm.apresentacao.CharEncodeFilter.doFilter(CharEncodeFilter.java:37)
[20160627-103411]: 	at org.apache.catalina.core.ApplicationFilterChain.internalDoFilter(ApplicationFilterChain.java:241)
[20160627-103411]: 	at org.apache.catalina.core.ApplicationFilterChain.doFilter(ApplicationFilterChain.java:208)
[20160627-103411]: 	at org.apache.catalina.core.StandardWrapperValve.invoke(StandardWrapperValve.java:220)
[20160627-103411]: 	at org.apache.catalina.core.StandardContextValve.invoke(StandardContextValve.java:122)
[20160627-103411]: 	at org.apache.catalina.authenticator.AuthenticatorBase.invoke(AuthenticatorBase.java:505)
[20160627-103411]: 	at org.apache.catalina.core.StandardHostValve.invoke(StandardHostValve.java:170)
[20160627-103411]: 	at org.apache.catalina.valves.ErrorReportValve.invoke(ErrorReportValve.java:103)
[20160627-103411]: 	at org.apache.catalina.valves.AccessLogValve.invoke(AccessLogValve.java:956)
[20160627-103411]: 	at org.apache.catalina.core.StandardEngineValve.invoke(StandardEngineValve.java:116)
[20160627-103411]: 	at org.apache.catalina.connector.CoyoteAdapter.service(CoyoteAdapter.java:423)
[20160627-103411]: 	at org.apache.coyote.http11.AbstractHttp11Processor.process(AbstractHttp11Processor.java:1079)
[20160627-103411]: 	at org.apache.coyote.AbstractProtocol$AbstractConnectionHandler.process(AbstractProtocol.java:625)
[20160627-103411]: 	at org.apache.tomcat.util.net.JIoEndpoint$SocketProcessor.run(JIoEndpoint.java:318)
[20160627-103411]: 	at java.util.concurrent.ThreadPoolExecutor.runWorker(Unknown Source)
[20160627-103411]: 	at java.util.concurrent.ThreadPoolExecutor$Worker.run(Unknown Source)
[20160627-103411]: 	at org.apache.tomcat.util.threads.TaskThread$WrappingRunnable.run(TaskThread.java:61)
[20160627-103411]: 	at java.lang.Thread.run(Unknown Source)
[20160627-103411]: Caused by: java.lang.NullPointerException
[20160627-103411]: 	at br.com.bradesco.custodia.portal.portaladm.apresentacao.VisualizarTermoAction.executeAction(VisualizarTermoAction.java:44)
[20160627-103411]: 	at br.com.bradesco.custodia.portal.portaladm.apresentacao.AdministracaoBaseAction.execute(AdministracaoBaseAction.java:36)
[20160627-103411]: 	at org.apache.struts.action.RequestProcessor.processActionPerform(RequestProcessor.java:484)
[20160627-103411]: 	... 29 more
[20160627-103411]: .
[20160627-105537]: Ocorreu uma exceção no método processActionPerform., CTRL='null', IP='0:0:0:0:0:0:0:1', contextPath='/calipaadm', URI='/calipaadm/VisualizarTermo.do', Mensagem='Ocorreu uma exceção no método processActionPerform.', Parâmetros:, cdProtocolo='0', fundo.cFundInves='6274', Mensagem da Exceção:'java.lang.NullPointerException', StackTrace:=javax.servlet.ServletException: java.lang.NullPointerException
[20160627-105537]: 	at org.apache.struts.action.RequestProcessor.processException(RequestProcessor.java:545)
[20160627-105537]: 	at org.apache.struts.action.RequestProcessor.processActionPerform(RequestProcessor.java:486)
[20160627-105537]: 	at br.com.bradesco.portaladm.apresentacao.AplicacaoPortalRequestProcessor.processActionPerform(AplicacaoPortalRequestProcessor.java:79)
[20160627-105537]: 	at org.apache.struts.action.RequestProcessor.process(RequestProcessor.java:274)
[20160627-105537]: 	at org.apache.struts.action.ActionServlet.process(ActionServlet.java:1482)
[20160627-105537]: 	at org.apache.struts.action.ActionServlet.doPost(ActionServlet.java:525)
[20160627-105537]: 	at javax.servlet.http.HttpServlet.service(HttpServlet.java:650)
[20160627-105537]: 	at javax.servlet.http.HttpServlet.service(HttpServlet.java:731)
[20160627-105537]: 	at org.apache.catalina.core.ApplicationFilterChain.internalDoFilter(ApplicationFilterChain.java:303)
[20160627-105537]: 	at org.apache.catalina.core.ApplicationFilterChain.doFilter(ApplicationFilterChain.java:208)
[20160627-105537]: 	at org.apache.tomcat.websocket.server.WsFilter.doFilter(WsFilter.java:52)
[20160627-105537]: 	at org.apache.catalina.core.ApplicationFilterChain.internalDoFilter(ApplicationFilterChain.java:241)
[20160627-105537]: 	at org.apache.catalina.core.ApplicationFilterChain.doFilter(ApplicationFilterChain.java:208)
[20160627-105537]: 	at br.com.bradesco.custodia.portal.portaladm.apresentacao.CharEncodeFilter.doFilter(CharEncodeFilter.java:37)
[20160627-105537]: 	at org.apache.catalina.core.ApplicationFilterChain.internalDoFilter(ApplicationFilterChain.java:241)
[20160627-105537]: 	at org.apache.catalina.core.ApplicationFilterChain.doFilter(ApplicationFilterChain.java:208)
[20160627-105537]: 	at org.apache.catalina.core.StandardWrapperValve.invoke(StandardWrapperValve.java:220)
[20160627-105537]: 	at org.apache.catalina.core.StandardContextValve.invoke(StandardContextValve.java:122)
[20160627-105537]: 	at org.apache.catalina.authenticator.AuthenticatorBase.invoke(AuthenticatorBase.java:505)
[20160627-105537]: 	at org.apache.catalina.core.StandardHostValve.invoke(StandardHostValve.java:170)
[20160627-105537]: 	at org.apache.catalina.valves.ErrorReportValve.invoke(ErrorReportValve.java:103)
[20160627-105537]: 	at org.apache.catalina.valves.AccessLogValve.invoke(AccessLogValve.java:956)
[20160627-105537]: 	at org.apache.catalina.core.StandardEngineValve.invoke(StandardEngineValve.java:116)
[20160627-105537]: 	at org.apache.catalina.connector.CoyoteAdapter.service(CoyoteAdapter.java:423)
[20160627-105537]: 	at org.apache.coyote.http11.AbstractHttp11Processor.process(AbstractHttp11Processor.java:1079)
[20160627-105537]: 	at org.apache.coyote.AbstractProtocol$AbstractConnectionHandler.process(AbstractProtocol.java:625)
[20160627-105537]: 	at org.apache.tomcat.util.net.JIoEndpoint$SocketProcessor.run(JIoEndpoint.java:318)
[20160627-105537]: 	at java.util.concurrent.ThreadPoolExecutor.runWorker(Unknown Source)
[20160627-105537]: 	at java.util.concurrent.ThreadPoolExecutor$Worker.run(Unknown Source)
[20160627-105537]: 	at org.apache.tomcat.util.threads.TaskThread$WrappingRunnable.run(TaskThread.java:61)
[20160627-105537]: 	at java.lang.Thread.run(Unknown Source)
[20160627-105537]: Caused by: java.lang.NullPointerException
[20160627-105537]: 	at br.com.bradesco.custodia.portal.portaladm.apresentacao.VisualizarTermoAction.executeAction(VisualizarTermoAction.java:43)
[20160627-105537]: 	at br.com.bradesco.custodia.portal.portaladm.apresentacao.AdministracaoBaseAction.execute(AdministracaoBaseAction.java:36)
[20160627-105537]: 	at org.apache.struts.action.RequestProcessor.processActionPerform(RequestProcessor.java:484)
[20160627-105537]: 	... 29 more
[20160627-105537]: .
[20160627-105756]: Ocorreu uma exceção no método processActionPerform., CTRL='null', IP='0:0:0:0:0:0:0:1', contextPath='/calipaadm', URI='/calipaadm/VisualizarTermo.do', Mensagem='Ocorreu uma exceção no método processActionPerform.', Parâmetros:, cdProtocolo='4633', fundo.cFundInves='6274', Mensagem da Exceção:'java.lang.NullPointerException', StackTrace:=javax.servlet.ServletException: java.lang.NullPointerException
[20160627-105756]: 	at org.apache.struts.action.RequestProcessor.processException(RequestProcessor.java:545)
[20160627-105756]: 	at org.apache.struts.action.RequestProcessor.processActionPerform(RequestProcessor.java:486)
[20160627-105756]: 	at br.com.bradesco.portaladm.apresentacao.AplicacaoPortalRequestProcessor.processActionPerform(AplicacaoPortalRequestProcessor.java:79)
[20160627-105756]: 	at org.apache.struts.action.RequestProcessor.process(RequestProcessor.java:274)
[20160627-105756]: 	at org.apache.struts.action.ActionServlet.process(ActionServlet.java:1482)
[20160627-105756]: 	at org.apache.struts.action.ActionServlet.doPost(ActionServlet.java:525)
[20160627-105756]: 	at javax.servlet.http.HttpServlet.service(HttpServlet.java:650)
[20160627-105756]: 	at javax.servlet.http.HttpServlet.service(HttpServlet.java:731)
[20160627-105756]: 	at org.apache.catalina.core.ApplicationFilterChain.internalDoFilter(ApplicationFilterChain.java:303)
[20160627-105756]: 	at org.apache.catalina.core.ApplicationFilterChain.doFilter(ApplicationFilterChain.java:208)
[20160627-105756]: 	at org.apache.tomcat.websocket.server.WsFilter.doFilter(WsFilter.java:52)
[20160627-105756]: 	at org.apache.catalina.core.ApplicationFilterChain.internalDoFilter(ApplicationFilterChain.java:241)
[20160627-105756]: 	at org.apache.catalina.core.ApplicationFilterChain.doFilter(ApplicationFilterChain.java:208)
[20160627-105756]: 	at br.com.bradesco.custodia.portal.portaladm.apresentacao.CharEncodeFilter.doFilter(CharEncodeFilter.java:37)
[20160627-105756]: 	at org.apache.catalina.core.ApplicationFilterChain.internalDoFilter(ApplicationFilterChain.java:241)
[20160627-105756]: 	at org.apache.catalina.core.ApplicationFilterChain.doFilter(ApplicationFilterChain.java:208)
[20160627-105756]: 	at org.apache.catalina.core.StandardWrapperValve.invoke(StandardWrapperValve.java:220)
[20160627-105756]: 	at org.apache.catalina.core.StandardContextValve.invoke(StandardContextValve.java:122)
[20160627-105756]: 	at org.apache.catalina.authenticator.AuthenticatorBase.invoke(AuthenticatorBase.java:505)
[20160627-105756]: 	at org.apache.catalina.core.StandardHostValve.invoke(StandardHostValve.java:170)
[20160627-105756]: 	at org.apache.catalina.valves.ErrorReportValve.invoke(ErrorReportValve.java:103)
[20160627-105756]: 	at org.apache.catalina.valves.AccessLogValve.invoke(AccessLogValve.java:956)
[20160627-105756]: 	at org.apache.catalina.core.StandardEngineValve.invoke(StandardEngineValve.java:116)
[20160627-105756]: 	at org.apache.catalina.connector.CoyoteAdapter.service(CoyoteAdapter.java:423)
[20160627-105756]: 	at org.apache.coyote.http11.AbstractHttp11Processor.process(AbstractHttp11Processor.java:1079)
[20160627-105756]: 	at org.apache.coyote.AbstractProtocol$AbstractConnectionHandler.process(AbstractProtocol.java:625)
[20160627-105756]: 	at org.apache.tomcat.util.net.JIoEndpoint$SocketProcessor.run(JIoEndpoint.java:318)
[20160627-105756]: 	at java.util.concurrent.ThreadPoolExecutor.runWorker(Unknown Source)
[20160627-105756]: 	at java.util.concurrent.ThreadPoolExecutor$Worker.run(Unknown Source)
[20160627-105756]: 	at org.apache.tomcat.util.threads.TaskThread$WrappingRunnable.run(TaskThread.java:61)
[20160627-105756]: 	at java.lang.Thread.run(Unknown Source)
[20160627-105756]: Caused by: java.lang.NullPointerException
[20160627-105756]: 	at br.com.bradesco.custodia.portal.portaladm.apresentacao.VisualizarTermoAction.executeAction(VisualizarTermoAction.java:43)
[20160627-105756]: 	at br.com.bradesco.custodia.portal.portaladm.apresentacao.AdministracaoBaseAction.execute(AdministracaoBaseAction.java:36)
[20160627-105756]: 	at org.apache.struts.action.RequestProcessor.processActionPerform(RequestProcessor.java:484)
[20160627-105756]: 	... 29 more
[20160627-105756]: .
