[20170214-112514]: Ocorreu uma exceção no método processActionPerform., CTRL='null', IP='0:0:0:0:0:0:0:1', contextPath='/calipaadm', URI='/calipaadm/FiltroUsuario.do', Mensagem='Ocorreu uma exceção no método processActionPerform.', Parâmetros:, action='listaFiltroEmpresa', filtro.cCnpj='', filtro.cFiltrImpltFuncl='2', filtro.cEmprWebCtdia='', filtro.hCriacFiltrImplt='', filtro.cCPF='', Mensagem da Exceção:'java.lang.NullPointerException', StackTrace:=javax.servlet.ServletException: java.lang.NullPointerException
[20170214-112514]: 	at org.apache.struts.action.RequestProcessor.processException(RequestProcessor.java:545)
[20170214-112514]: 	at org.apache.struts.action.RequestProcessor.processActionPerform(RequestProcessor.java:486)
[20170214-112514]: 	at br.com.bradesco.portaladm.apresentacao.AplicacaoPortalRequestProcessor.processActionPerform(AplicacaoPortalRequestProcessor.java:79)
[20170214-112514]: 	at org.apache.struts.action.RequestProcessor.process(RequestProcessor.java:274)
[20170214-112514]: 	at org.apache.struts.action.ActionServlet.process(ActionServlet.java:1482)
[20170214-112514]: 	at org.apache.struts.action.ActionServlet.doPost(ActionServlet.java:525)
[20170214-112514]: 	at javax.servlet.http.HttpServlet.service(HttpServlet.java:650)
[20170214-112514]: 	at javax.servlet.http.HttpServlet.service(HttpServlet.java:731)
[20170214-112514]: 	at org.apache.catalina.core.ApplicationFilterChain.internalDoFilter(ApplicationFilterChain.java:303)
[20170214-112514]: 	at org.apache.catalina.core.ApplicationFilterChain.doFilter(ApplicationFilterChain.java:208)
[20170214-112514]: 	at br.com.bradesco.custodia.portal.portaladm.apresentacao.CharEncodeFilter.doFilter(CharEncodeFilter.java:37)
[20170214-112514]: 	at org.apache.catalina.core.ApplicationFilterChain.internalDoFilter(ApplicationFilterChain.java:241)
[20170214-112514]: 	at org.apache.catalina.core.ApplicationFilterChain.doFilter(ApplicationFilterChain.java:208)
[20170214-112514]: 	at org.apache.catalina.core.StandardWrapperValve.invoke(StandardWrapperValve.java:220)
[20170214-112514]: 	at org.apache.catalina.core.StandardContextValve.invoke(StandardContextValve.java:122)
[20170214-112514]: 	at org.apache.catalina.authenticator.AuthenticatorBase.invoke(AuthenticatorBase.java:505)
[20170214-112514]: 	at org.apache.catalina.core.StandardHostValve.invoke(StandardHostValve.java:170)
[20170214-112514]: 	at org.apache.catalina.valves.ErrorReportValve.invoke(ErrorReportValve.java:103)
[20170214-112514]: 	at org.apache.catalina.valves.AccessLogValve.invoke(AccessLogValve.java:956)
[20170214-112514]: 	at org.apache.catalina.core.StandardEngineValve.invoke(StandardEngineValve.java:116)
[20170214-112514]: 	at org.apache.catalina.connector.CoyoteAdapter.service(CoyoteAdapter.java:423)
[20170214-112514]: 	at org.apache.coyote.http11.AbstractHttp11Processor.process(AbstractHttp11Processor.java:1079)
[20170214-112514]: 	at org.apache.coyote.AbstractProtocol$AbstractConnectionHandler.process(AbstractProtocol.java:625)
[20170214-112514]: 	at org.apache.tomcat.util.net.JIoEndpoint$SocketProcessor.run(JIoEndpoint.java:318)
[20170214-112514]: 	at java.util.concurrent.ThreadPoolExecutor$Worker.runTask(ThreadPoolExecutor.java:886)
[20170214-112514]: 	at java.util.concurrent.ThreadPoolExecutor$Worker.run(ThreadPoolExecutor.java:908)
[20170214-112514]: 	at org.apache.tomcat.util.threads.TaskThread$WrappingRunnable.run(TaskThread.java:61)
[20170214-112514]: 	at java.lang.Thread.run(Thread.java:662)
[20170214-112514]: Caused by: java.lang.NullPointerException
[20170214-112514]: 	at br.com.bradesco.custodia.portal.portaladm.integracao.ConteudoMenuSQLDAO.consultarFiltroEmpresa(ConteudoMenuSQLDAO.java:626)
[20170214-112514]: 	at br.com.bradesco.custodia.portal.portaladm.negocio.ConteudoMenuEntity.consultarFiltroEmpresa(ConteudoMenuEntity.java:86)
[20170214-112514]: 	at br.com.bradesco.custodia.portal.portaladm.apresentacao.FiltroUsuarioAction.listaEmpresa(FiltroUsuarioAction.java:167)
[20170214-112514]: 	at br.com.bradesco.custodia.portal.portaladm.apresentacao.FiltroUsuarioAction.listaFiltroEmpresa(FiltroUsuarioAction.java:84)
[20170214-112514]: 	at sun.reflect.NativeMethodAccessorImpl.invoke0(Native Method)
[20170214-112514]: 	at sun.reflect.NativeMethodAccessorImpl.invoke(NativeMethodAccessorImpl.java:39)
[20170214-112514]: 	at sun.reflect.DelegatingMethodAccessorImpl.invoke(DelegatingMethodAccessorImpl.java:25)
[20170214-112514]: 	at java.lang.reflect.Method.invoke(Method.java:597)
[20170214-112514]: 	at org.apache.struts.actions.DispatchAction.dispatchMethod(DispatchAction.java:280)
[20170214-112514]: 	at org.apache.struts.actions.DispatchAction.execute(DispatchAction.java:216)
[20170214-112514]: 	at org.apache.struts.action.RequestProcessor.processActionPerform(RequestProcessor.java:484)
[20170214-112514]: 	... 26 more
[20170214-112514]: .
[20170214-112519]: Ocorreu uma exceção no método processActionPerform., CTRL='null', IP='0:0:0:0:0:0:0:1', contextPath='/calipaadm', URI='/calipaadm/FiltroUsuario.do', Mensagem='Ocorreu uma exceção no método processActionPerform.', Parâmetros:, action='listaFiltroEmpresa', filtro.cCnpj='', filtro.cFiltrImpltFuncl='1', filtro.cEmprWebCtdia='', filtro.hCriacFiltrImplt='', filtro.cCPF='', Mensagem da Exceção:'java.lang.NullPointerException', StackTrace:=javax.servlet.ServletException: java.lang.NullPointerException
[20170214-112519]: 	at org.apache.struts.action.RequestProcessor.processException(RequestProcessor.java:545)
[20170214-112519]: 	at org.apache.struts.action.RequestProcessor.processActionPerform(RequestProcessor.java:486)
[20170214-112519]: 	at br.com.bradesco.portaladm.apresentacao.AplicacaoPortalRequestProcessor.processActionPerform(AplicacaoPortalRequestProcessor.java:79)
[20170214-112519]: 	at org.apache.struts.action.RequestProcessor.process(RequestProcessor.java:274)
[20170214-112519]: 	at org.apache.struts.action.ActionServlet.process(ActionServlet.java:1482)
[20170214-112519]: 	at org.apache.struts.action.ActionServlet.doPost(ActionServlet.java:525)
[20170214-112519]: 	at javax.servlet.http.HttpServlet.service(HttpServlet.java:650)
[20170214-112519]: 	at javax.servlet.http.HttpServlet.service(HttpServlet.java:731)
[20170214-112519]: 	at org.apache.catalina.core.ApplicationFilterChain.internalDoFilter(ApplicationFilterChain.java:303)
[20170214-112519]: 	at org.apache.catalina.core.ApplicationFilterChain.doFilter(ApplicationFilterChain.java:208)
[20170214-112519]: 	at br.com.bradesco.custodia.portal.portaladm.apresentacao.CharEncodeFilter.doFilter(CharEncodeFilter.java:37)
[20170214-112519]: 	at org.apache.catalina.core.ApplicationFilterChain.internalDoFilter(ApplicationFilterChain.java:241)
[20170214-112519]: 	at org.apache.catalina.core.ApplicationFilterChain.doFilter(ApplicationFilterChain.java:208)
[20170214-112519]: 	at org.apache.catalina.core.StandardWrapperValve.invoke(StandardWrapperValve.java:220)
[20170214-112519]: 	at org.apache.catalina.core.StandardContextValve.invoke(StandardContextValve.java:122)
[20170214-112519]: 	at org.apache.catalina.authenticator.AuthenticatorBase.invoke(AuthenticatorBase.java:505)
[20170214-112519]: 	at org.apache.catalina.core.StandardHostValve.invoke(StandardHostValve.java:170)
[20170214-112519]: 	at org.apache.catalina.valves.ErrorReportValve.invoke(ErrorReportValve.java:103)
[20170214-112519]: 	at org.apache.catalina.valves.AccessLogValve.invoke(AccessLogValve.java:956)
[20170214-112519]: 	at org.apache.catalina.core.StandardEngineValve.invoke(StandardEngineValve.java:116)
[20170214-112519]: 	at org.apache.catalina.connector.CoyoteAdapter.service(CoyoteAdapter.java:423)
[20170214-112519]: 	at org.apache.coyote.http11.AbstractHttp11Processor.process(AbstractHttp11Processor.java:1079)
[20170214-112519]: 	at org.apache.coyote.AbstractProtocol$AbstractConnectionHandler.process(AbstractProtocol.java:625)
[20170214-112519]: 	at org.apache.tomcat.util.net.JIoEndpoint$SocketProcessor.run(JIoEndpoint.java:316)
[20170214-112519]: 	at java.util.concurrent.ThreadPoolExecutor$Worker.runTask(ThreadPoolExecutor.java:886)
[20170214-112519]: 	at java.util.concurrent.ThreadPoolExecutor$Worker.run(ThreadPoolExecutor.java:908)
[20170214-112519]: 	at org.apache.tomcat.util.threads.TaskThread$WrappingRunnable.run(TaskThread.java:61)
[20170214-112519]: 	at java.lang.Thread.run(Thread.java:662)
[20170214-112519]: Caused by: java.lang.NullPointerException
[20170214-112519]: 	at br.com.bradesco.custodia.portal.portaladm.integracao.ConteudoMenuSQLDAO.consultarFiltroEmpresa(ConteudoMenuSQLDAO.java:626)
[20170214-112519]: 	at br.com.bradesco.custodia.portal.portaladm.negocio.ConteudoMenuEntity.consultarFiltroEmpresa(ConteudoMenuEntity.java:86)
[20170214-112519]: 	at br.com.bradesco.custodia.portal.portaladm.apresentacao.FiltroUsuarioAction.listaEmpresa(FiltroUsuarioAction.java:167)
[20170214-112519]: 	at br.com.bradesco.custodia.portal.portaladm.apresentacao.FiltroUsuarioAction.listaFiltroEmpresa(FiltroUsuarioAction.java:84)
[20170214-112519]: 	at sun.reflect.NativeMethodAccessorImpl.invoke0(Native Method)
[20170214-112519]: 	at sun.reflect.NativeMethodAccessorImpl.invoke(NativeMethodAccessorImpl.java:39)
[20170214-112519]: 	at sun.reflect.DelegatingMethodAccessorImpl.invoke(DelegatingMethodAccessorImpl.java:25)
[20170214-112519]: 	at java.lang.reflect.Method.invoke(Method.java:597)
[20170214-112519]: 	at org.apache.struts.actions.DispatchAction.dispatchMethod(DispatchAction.java:280)
[20170214-112519]: 	at org.apache.struts.actions.DispatchAction.execute(DispatchAction.java:216)
[20170214-112519]: 	at org.apache.struts.action.RequestProcessor.processActionPerform(RequestProcessor.java:484)
[20170214-112519]: 	... 26 more
[20170214-112519]: .
