[20170315-120513]: Ocorreu uma exceção no método processActionPerform., CTRL='null', IP='0:0:0:0:0:0:0:1', contextPath='/calipaadm', URI='/calipaadm/UploadTermo.do', Mensagem='Ocorreu uma exceção no método processActionPerform.', Parâmetros:, cnpj='5965', Mensagem da Exceção:'java.lang.StringIndexOutOfBoundsException: String index out of range: 8', StackTrace:=javax.servlet.ServletException: java.lang.StringIndexOutOfBoundsException: String index out of range: 8
[20170315-120513]: 	at org.apache.struts.action.RequestProcessor.processException(RequestProcessor.java:545)
[20170315-120513]: 	at org.apache.struts.action.RequestProcessor.processActionPerform(RequestProcessor.java:486)
[20170315-120513]: 	at br.com.bradesco.portaladm.apresentacao.AplicacaoPortalRequestProcessor.processActionPerform(AplicacaoPortalRequestProcessor.java:79)
[20170315-120513]: 	at org.apache.struts.action.RequestProcessor.process(RequestProcessor.java:274)
[20170315-120513]: 	at org.apache.struts.action.ActionServlet.process(ActionServlet.java:1482)
[20170315-120513]: 	at org.apache.struts.action.ActionServlet.doPost(ActionServlet.java:525)
[20170315-120513]: 	at javax.servlet.http.HttpServlet.service(HttpServlet.java:650)
[20170315-120513]: 	at javax.servlet.http.HttpServlet.service(HttpServlet.java:731)
[20170315-120513]: 	at org.apache.catalina.core.ApplicationFilterChain.internalDoFilter(ApplicationFilterChain.java:303)
[20170315-120513]: 	at org.apache.catalina.core.ApplicationFilterChain.doFilter(ApplicationFilterChain.java:208)
[20170315-120513]: 	at br.com.bradesco.custodia.portal.portaladm.apresentacao.CharEncodeFilter.doFilter(CharEncodeFilter.java:37)
[20170315-120513]: 	at org.apache.catalina.core.ApplicationFilterChain.internalDoFilter(ApplicationFilterChain.java:241)
[20170315-120513]: 	at org.apache.catalina.core.ApplicationFilterChain.doFilter(ApplicationFilterChain.java:208)
[20170315-120513]: 	at org.apache.catalina.core.StandardWrapperValve.invoke(StandardWrapperValve.java:220)
[20170315-120513]: 	at org.apache.catalina.core.StandardContextValve.invoke(StandardContextValve.java:122)
[20170315-120513]: 	at org.apache.catalina.authenticator.AuthenticatorBase.invoke(AuthenticatorBase.java:505)
[20170315-120513]: 	at org.apache.catalina.core.StandardHostValve.invoke(StandardHostValve.java:170)
[20170315-120513]: 	at org.apache.catalina.valves.ErrorReportValve.invoke(ErrorReportValve.java:103)
[20170315-120513]: 	at org.apache.catalina.valves.AccessLogValve.invoke(AccessLogValve.java:956)
[20170315-120513]: 	at org.apache.catalina.core.StandardEngineValve.invoke(StandardEngineValve.java:116)
[20170315-120513]: 	at org.apache.catalina.connector.CoyoteAdapter.service(CoyoteAdapter.java:423)
[20170315-120513]: 	at org.apache.coyote.http11.AbstractHttp11Processor.process(AbstractHttp11Processor.java:1079)
[20170315-120513]: 	at org.apache.coyote.AbstractProtocol$AbstractConnectionHandler.process(AbstractProtocol.java:625)
[20170315-120513]: 	at org.apache.tomcat.util.net.JIoEndpoint$SocketProcessor.run(JIoEndpoint.java:316)
[20170315-120513]: 	at java.util.concurrent.ThreadPoolExecutor$Worker.runTask(ThreadPoolExecutor.java:886)
[20170315-120513]: 	at java.util.concurrent.ThreadPoolExecutor$Worker.run(ThreadPoolExecutor.java:908)
[20170315-120513]: 	at org.apache.tomcat.util.threads.TaskThread$WrappingRunnable.run(TaskThread.java:61)
[20170315-120513]: 	at java.lang.Thread.run(Thread.java:662)
[20170315-120513]: Caused by: java.lang.StringIndexOutOfBoundsException: String index out of range: 8
[20170315-120513]: 	at java.lang.String.substring(String.java:1934)
[20170315-120513]: 	at br.com.bradesco.custodia.portal.portaladm.apresentacao.UploadTermoAction.executeAction(UploadTermoAction.java:55)
[20170315-120513]: 	at br.com.bradesco.custodia.portal.portaladm.apresentacao.AdministracaoBaseAction.execute(AdministracaoBaseAction.java:38)
[20170315-120513]: 	at org.apache.struts.action.RequestProcessor.processActionPerform(RequestProcessor.java:484)
[20170315-120513]: 	... 26 more
[20170315-120513]: .
[20170315-123937]: Ocorreu uma exceção no método processActionPerform., CTRL='null', IP='0:0:0:0:0:0:0:1', contextPath='/calipaadm', URI='/calipaadm/UploadTermo.do', Mensagem='Ocorreu uma exceção no método processActionPerform.', Parâmetros:, cnpj='087596', Mensagem da Exceção:'java.lang.StringIndexOutOfBoundsException: String index out of range: 8', StackTrace:=javax.servlet.ServletException: java.lang.StringIndexOutOfBoundsException: String index out of range: 8
[20170315-123937]: 	at org.apache.struts.action.RequestProcessor.processException(RequestProcessor.java:545)
[20170315-123937]: 	at org.apache.struts.action.RequestProcessor.processActionPerform(RequestProcessor.java:486)
[20170315-123937]: 	at br.com.bradesco.portaladm.apresentacao.AplicacaoPortalRequestProcessor.processActionPerform(AplicacaoPortalRequestProcessor.java:79)
[20170315-123937]: 	at org.apache.struts.action.RequestProcessor.process(RequestProcessor.java:274)
[20170315-123937]: 	at org.apache.struts.action.ActionServlet.process(ActionServlet.java:1482)
[20170315-123937]: 	at org.apache.struts.action.ActionServlet.doPost(ActionServlet.java:525)
[20170315-123937]: 	at javax.servlet.http.HttpServlet.service(HttpServlet.java:650)
[20170315-123937]: 	at javax.servlet.http.HttpServlet.service(HttpServlet.java:731)
[20170315-123937]: 	at org.apache.catalina.core.ApplicationFilterChain.internalDoFilter(ApplicationFilterChain.java:303)
[20170315-123937]: 	at org.apache.catalina.core.ApplicationFilterChain.doFilter(ApplicationFilterChain.java:208)
[20170315-123937]: 	at br.com.bradesco.custodia.portal.portaladm.apresentacao.CharEncodeFilter.doFilter(CharEncodeFilter.java:37)
[20170315-123937]: 	at org.apache.catalina.core.ApplicationFilterChain.internalDoFilter(ApplicationFilterChain.java:241)
[20170315-123937]: 	at org.apache.catalina.core.ApplicationFilterChain.doFilter(ApplicationFilterChain.java:208)
[20170315-123937]: 	at org.apache.catalina.core.StandardWrapperValve.invoke(StandardWrapperValve.java:220)
[20170315-123937]: 	at org.apache.catalina.core.StandardContextValve.invoke(StandardContextValve.java:122)
[20170315-123937]: 	at org.apache.catalina.authenticator.AuthenticatorBase.invoke(AuthenticatorBase.java:505)
[20170315-123937]: 	at org.apache.catalina.core.StandardHostValve.invoke(StandardHostValve.java:170)
[20170315-123937]: 	at org.apache.catalina.valves.ErrorReportValve.invoke(ErrorReportValve.java:103)
[20170315-123937]: 	at org.apache.catalina.valves.AccessLogValve.invoke(AccessLogValve.java:956)
[20170315-123937]: 	at org.apache.catalina.core.StandardEngineValve.invoke(StandardEngineValve.java:116)
[20170315-123937]: 	at org.apache.catalina.connector.CoyoteAdapter.service(CoyoteAdapter.java:423)
[20170315-123937]: 	at org.apache.coyote.http11.AbstractHttp11Processor.process(AbstractHttp11Processor.java:1079)
[20170315-123937]: 	at org.apache.coyote.AbstractProtocol$AbstractConnectionHandler.process(AbstractProtocol.java:625)
[20170315-123937]: 	at org.apache.tomcat.util.net.JIoEndpoint$SocketProcessor.run(JIoEndpoint.java:318)
[20170315-123937]: 	at java.util.concurrent.ThreadPoolExecutor$Worker.runTask(ThreadPoolExecutor.java:886)
[20170315-123937]: 	at java.util.concurrent.ThreadPoolExecutor$Worker.run(ThreadPoolExecutor.java:908)
[20170315-123937]: 	at org.apache.tomcat.util.threads.TaskThread$WrappingRunnable.run(TaskThread.java:61)
[20170315-123937]: 	at java.lang.Thread.run(Thread.java:662)
[20170315-123937]: Caused by: java.lang.StringIndexOutOfBoundsException: String index out of range: 8
[20170315-123937]: 	at java.lang.String.substring(String.java:1934)
[20170315-123937]: 	at br.com.bradesco.custodia.portal.portaladm.apresentacao.UploadTermoAction.executeAction(UploadTermoAction.java:55)
[20170315-123937]: 	at br.com.bradesco.custodia.portal.portaladm.apresentacao.AdministracaoBaseAction.execute(AdministracaoBaseAction.java:38)
[20170315-123937]: 	at org.apache.struts.action.RequestProcessor.processActionPerform(RequestProcessor.java:484)
[20170315-123937]: 	... 26 more
[20170315-123937]: .
[20170315-124245]: Ocorreu uma exceção no método processActionPerform., CTRL='null', IP='0:0:0:0:0:0:0:1', contextPath='/calipaadm', URI='/calipaadm/UploadTermo.do', Mensagem='Ocorreu uma exceção no método processActionPerform.', Parâmetros:, cnpj='0875', Mensagem da Exceção:'java.lang.StringIndexOutOfBoundsException: String index out of range: 8', StackTrace:=javax.servlet.ServletException: java.lang.StringIndexOutOfBoundsException: String index out of range: 8
[20170315-124245]: 	at org.apache.struts.action.RequestProcessor.processException(RequestProcessor.java:545)
[20170315-124245]: 	at org.apache.struts.action.RequestProcessor.processActionPerform(RequestProcessor.java:486)
[20170315-124245]: 	at br.com.bradesco.portaladm.apresentacao.AplicacaoPortalRequestProcessor.processActionPerform(AplicacaoPortalRequestProcessor.java:79)
[20170315-124245]: 	at org.apache.struts.action.RequestProcessor.process(RequestProcessor.java:274)
[20170315-124245]: 	at org.apache.struts.action.ActionServlet.process(ActionServlet.java:1482)
[20170315-124245]: 	at org.apache.struts.action.ActionServlet.doPost(ActionServlet.java:525)
[20170315-124245]: 	at javax.servlet.http.HttpServlet.service(HttpServlet.java:650)
[20170315-124245]: 	at javax.servlet.http.HttpServlet.service(HttpServlet.java:731)
[20170315-124245]: 	at org.apache.catalina.core.ApplicationFilterChain.internalDoFilter(ApplicationFilterChain.java:303)
[20170315-124245]: 	at org.apache.catalina.core.ApplicationFilterChain.doFilter(ApplicationFilterChain.java:208)
[20170315-124245]: 	at br.com.bradesco.custodia.portal.portaladm.apresentacao.CharEncodeFilter.doFilter(CharEncodeFilter.java:37)
[20170315-124245]: 	at org.apache.catalina.core.ApplicationFilterChain.internalDoFilter(ApplicationFilterChain.java:241)
[20170315-124245]: 	at org.apache.catalina.core.ApplicationFilterChain.doFilter(ApplicationFilterChain.java:208)
[20170315-124245]: 	at org.apache.catalina.core.StandardWrapperValve.invoke(StandardWrapperValve.java:220)
[20170315-124245]: 	at org.apache.catalina.core.StandardContextValve.invoke(StandardContextValve.java:122)
[20170315-124245]: 	at org.apache.catalina.authenticator.AuthenticatorBase.invoke(AuthenticatorBase.java:505)
[20170315-124245]: 	at org.apache.catalina.core.StandardHostValve.invoke(StandardHostValve.java:170)
[20170315-124245]: 	at org.apache.catalina.valves.ErrorReportValve.invoke(ErrorReportValve.java:103)
[20170315-124245]: 	at org.apache.catalina.valves.AccessLogValve.invoke(AccessLogValve.java:956)
[20170315-124245]: 	at org.apache.catalina.core.StandardEngineValve.invoke(StandardEngineValve.java:116)
[20170315-124245]: 	at org.apache.catalina.connector.CoyoteAdapter.service(CoyoteAdapter.java:423)
[20170315-124245]: 	at org.apache.coyote.http11.AbstractHttp11Processor.process(AbstractHttp11Processor.java:1079)
[20170315-124245]: 	at org.apache.coyote.AbstractProtocol$AbstractConnectionHandler.process(AbstractProtocol.java:625)
[20170315-124245]: 	at org.apache.tomcat.util.net.JIoEndpoint$SocketProcessor.run(JIoEndpoint.java:318)
[20170315-124245]: 	at java.util.concurrent.ThreadPoolExecutor$Worker.runTask(ThreadPoolExecutor.java:886)
[20170315-124245]: 	at java.util.concurrent.ThreadPoolExecutor$Worker.run(ThreadPoolExecutor.java:908)
[20170315-124245]: 	at org.apache.tomcat.util.threads.TaskThread$WrappingRunnable.run(TaskThread.java:61)
[20170315-124245]: 	at java.lang.Thread.run(Thread.java:662)
[20170315-124245]: Caused by: java.lang.StringIndexOutOfBoundsException: String index out of range: 8
[20170315-124245]: 	at java.lang.String.substring(String.java:1934)
[20170315-124245]: 	at br.com.bradesco.custodia.portal.portaladm.apresentacao.UploadTermoAction.executeAction(UploadTermoAction.java:55)
[20170315-124245]: 	at br.com.bradesco.custodia.portal.portaladm.apresentacao.AdministracaoBaseAction.execute(AdministracaoBaseAction.java:38)
[20170315-124245]: 	at org.apache.struts.action.RequestProcessor.processActionPerform(RequestProcessor.java:484)
[20170315-124245]: 	... 26 more
[20170315-124245]: .
