[20160608-084311]: Ocorreu uma exceção no método processActionPerform., CTRL='null', IP='0:0:0:0:0:0:0:1', contextPath='/calipaadm', URI='/calipaadm/UploadTermo.do', Mensagem='Ocorreu uma exceção no método processActionPerform.', Parâmetros:, termo.cFundInves='6274', termo.cCnpjFundInves='', Mensagem da Exceção:'java.lang.NullPointerException', StackTrace:=javax.servlet.ServletException: java.lang.NullPointerException
[20160608-084311]: 	at org.apache.struts.action.RequestProcessor.processException(RequestProcessor.java:545)
[20160608-084311]: 	at org.apache.struts.action.RequestProcessor.processActionPerform(RequestProcessor.java:486)
[20160608-084311]: 	at br.com.bradesco.portaladm.apresentacao.AplicacaoPortalRequestProcessor.processActionPerform(AplicacaoPortalRequestProcessor.java:79)
[20160608-084311]: 	at org.apache.struts.action.RequestProcessor.process(RequestProcessor.java:274)
[20160608-084311]: 	at org.apache.struts.action.ActionServlet.process(ActionServlet.java:1482)
[20160608-084311]: 	at org.apache.struts.action.ActionServlet.doPost(ActionServlet.java:525)
[20160608-084311]: 	at javax.servlet.http.HttpServlet.service(HttpServlet.java:650)
[20160608-084311]: 	at javax.servlet.http.HttpServlet.service(HttpServlet.java:731)
[20160608-084311]: 	at org.apache.catalina.core.ApplicationFilterChain.internalDoFilter(ApplicationFilterChain.java:303)
[20160608-084311]: 	at org.apache.catalina.core.ApplicationFilterChain.doFilter(ApplicationFilterChain.java:208)
[20160608-084311]: 	at org.apache.tomcat.websocket.server.WsFilter.doFilter(WsFilter.java:52)
[20160608-084311]: 	at org.apache.catalina.core.ApplicationFilterChain.internalDoFilter(ApplicationFilterChain.java:241)
[20160608-084311]: 	at org.apache.catalina.core.ApplicationFilterChain.doFilter(ApplicationFilterChain.java:208)
[20160608-084311]: 	at br.com.bradesco.custodia.portal.portaladm.apresentacao.CharEncodeFilter.doFilter(CharEncodeFilter.java:37)
[20160608-084311]: 	at org.apache.catalina.core.ApplicationFilterChain.internalDoFilter(ApplicationFilterChain.java:241)
[20160608-084311]: 	at org.apache.catalina.core.ApplicationFilterChain.doFilter(ApplicationFilterChain.java:208)
[20160608-084311]: 	at org.apache.catalina.core.StandardWrapperValve.invoke(StandardWrapperValve.java:220)
[20160608-084311]: 	at org.apache.catalina.core.StandardContextValve.invoke(StandardContextValve.java:122)
[20160608-084311]: 	at org.apache.catalina.authenticator.AuthenticatorBase.invoke(AuthenticatorBase.java:505)
[20160608-084311]: 	at org.apache.catalina.core.StandardHostValve.invoke(StandardHostValve.java:170)
[20160608-084311]: 	at org.apache.catalina.valves.ErrorReportValve.invoke(ErrorReportValve.java:103)
[20160608-084311]: 	at org.apache.catalina.valves.AccessLogValve.invoke(AccessLogValve.java:956)
[20160608-084311]: 	at org.apache.catalina.core.StandardEngineValve.invoke(StandardEngineValve.java:116)
[20160608-084311]: 	at org.apache.catalina.connector.CoyoteAdapter.service(CoyoteAdapter.java:423)
[20160608-084311]: 	at org.apache.coyote.http11.AbstractHttp11Processor.process(AbstractHttp11Processor.java:1079)
[20160608-084311]: 	at org.apache.coyote.AbstractProtocol$AbstractConnectionHandler.process(AbstractProtocol.java:625)
[20160608-084311]: 	at org.apache.tomcat.util.net.JIoEndpoint$SocketProcessor.run(JIoEndpoint.java:316)
[20160608-084311]: 	at java.util.concurrent.ThreadPoolExecutor.runWorker(ThreadPoolExecutor.java:1145)
[20160608-084311]: 	at java.util.concurrent.ThreadPoolExecutor$Worker.run(ThreadPoolExecutor.java:615)
[20160608-084311]: 	at org.apache.tomcat.util.threads.TaskThread$WrappingRunnable.run(TaskThread.java:61)
[20160608-084311]: 	at java.lang.Thread.run(Thread.java:745)
[20160608-084311]: Caused by: java.lang.NullPointerException
[20160608-084311]: 	at br.com.bradesco.custodia.portal.portaladm.integracao.ConteudoMenuSQLDAO.obterListaCnpjTermosCustodia(ConteudoMenuSQLDAO.java:393)
[20160608-084311]: 	at br.com.bradesco.custodia.portal.portaladm.negocio.ConteudoMenuEntity.obterListaTermosCustodia(ConteudoMenuEntity.java:64)
[20160608-084311]: 	at br.com.bradesco.custodia.portal.portaladm.servico.ConteudoService.obterListaTermosCustodia(ConteudoService.java:68)
[20160608-084311]: 	at br.com.bradesco.custodia.portal.portaladm.apresentacao.UploadTermoAction.executeAction(UploadTermoAction.java:31)
[20160608-084311]: 	at br.com.bradesco.custodia.portal.portaladm.apresentacao.AdministracaoBaseAction.execute(AdministracaoBaseAction.java:36)
[20160608-084311]: 	at org.apache.struts.action.RequestProcessor.processActionPerform(RequestProcessor.java:484)
[20160608-084311]: 	... 29 more
[20160608-084311]: .
[20160608-085158]: Ocorreu uma exceção no método processActionPerform., CTRL='null', IP='0:0:0:0:0:0:0:1', contextPath='/calipaadm', URI='/calipaadm/UploadTermo.do', Mensagem='Ocorreu uma exceção no método processActionPerform.', Parâmetros:, termo.cFundInves='6274', termo.cCnpjFundInves='', Mensagem da Exceção:'java.lang.NullPointerException', StackTrace:=javax.servlet.ServletException: java.lang.NullPointerException
[20160608-085158]: 	at org.apache.struts.action.RequestProcessor.processException(RequestProcessor.java:545)
[20160608-085158]: 	at org.apache.struts.action.RequestProcessor.processActionPerform(RequestProcessor.java:486)
[20160608-085158]: 	at br.com.bradesco.portaladm.apresentacao.AplicacaoPortalRequestProcessor.processActionPerform(AplicacaoPortalRequestProcessor.java:79)
[20160608-085158]: 	at org.apache.struts.action.RequestProcessor.process(RequestProcessor.java:274)
[20160608-085158]: 	at org.apache.struts.action.ActionServlet.process(ActionServlet.java:1482)
[20160608-085158]: 	at org.apache.struts.action.ActionServlet.doPost(ActionServlet.java:525)
[20160608-085158]: 	at javax.servlet.http.HttpServlet.service(HttpServlet.java:650)
[20160608-085158]: 	at javax.servlet.http.HttpServlet.service(HttpServlet.java:731)
[20160608-085158]: 	at org.apache.catalina.core.ApplicationFilterChain.internalDoFilter(ApplicationFilterChain.java:303)
[20160608-085158]: 	at org.apache.catalina.core.ApplicationFilterChain.doFilter(ApplicationFilterChain.java:208)
[20160608-085158]: 	at org.apache.tomcat.websocket.server.WsFilter.doFilter(WsFilter.java:52)
[20160608-085158]: 	at org.apache.catalina.core.ApplicationFilterChain.internalDoFilter(ApplicationFilterChain.java:241)
[20160608-085158]: 	at org.apache.catalina.core.ApplicationFilterChain.doFilter(ApplicationFilterChain.java:208)
[20160608-085158]: 	at br.com.bradesco.custodia.portal.portaladm.apresentacao.CharEncodeFilter.doFilter(CharEncodeFilter.java:37)
[20160608-085158]: 	at org.apache.catalina.core.ApplicationFilterChain.internalDoFilter(ApplicationFilterChain.java:241)
[20160608-085158]: 	at org.apache.catalina.core.ApplicationFilterChain.doFilter(ApplicationFilterChain.java:208)
[20160608-085158]: 	at org.apache.catalina.core.StandardWrapperValve.invoke(StandardWrapperValve.java:220)
[20160608-085158]: 	at org.apache.catalina.core.StandardContextValve.invoke(StandardContextValve.java:122)
[20160608-085158]: 	at org.apache.catalina.authenticator.AuthenticatorBase.invoke(AuthenticatorBase.java:505)
[20160608-085158]: 	at org.apache.catalina.core.StandardHostValve.invoke(StandardHostValve.java:170)
[20160608-085158]: 	at org.apache.catalina.valves.ErrorReportValve.invoke(ErrorReportValve.java:103)
[20160608-085158]: 	at org.apache.catalina.valves.AccessLogValve.invoke(AccessLogValve.java:956)
[20160608-085158]: 	at org.apache.catalina.core.StandardEngineValve.invoke(StandardEngineValve.java:116)
[20160608-085158]: 	at org.apache.catalina.connector.CoyoteAdapter.service(CoyoteAdapter.java:423)
[20160608-085158]: 	at org.apache.coyote.http11.AbstractHttp11Processor.process(AbstractHttp11Processor.java:1079)
[20160608-085158]: 	at org.apache.coyote.AbstractProtocol$AbstractConnectionHandler.process(AbstractProtocol.java:625)
[20160608-085158]: 	at org.apache.tomcat.util.net.JIoEndpoint$SocketProcessor.run(JIoEndpoint.java:318)
[20160608-085158]: 	at java.util.concurrent.ThreadPoolExecutor.runWorker(ThreadPoolExecutor.java:1145)
[20160608-085158]: 	at java.util.concurrent.ThreadPoolExecutor$Worker.run(ThreadPoolExecutor.java:615)
[20160608-085158]: 	at org.apache.tomcat.util.threads.TaskThread$WrappingRunnable.run(TaskThread.java:61)
[20160608-085158]: 	at java.lang.Thread.run(Thread.java:745)
[20160608-085158]: Caused by: java.lang.NullPointerException
[20160608-085158]: 	at br.com.bradesco.custodia.portal.portaladm.integracao.ConteudoMenuSQLDAO.obterListaCnpjTermosCustodia(ConteudoMenuSQLDAO.java:393)
[20160608-085158]: 	at br.com.bradesco.custodia.portal.portaladm.negocio.ConteudoMenuEntity.obterListaTermosCustodia(ConteudoMenuEntity.java:64)
[20160608-085158]: 	at br.com.bradesco.custodia.portal.portaladm.servico.ConteudoService.obterListaTermosCustodia(ConteudoService.java:68)
[20160608-085158]: 	at br.com.bradesco.custodia.portal.portaladm.apresentacao.UploadTermoAction.executeAction(UploadTermoAction.java:31)
[20160608-085158]: 	at br.com.bradesco.custodia.portal.portaladm.apresentacao.AdministracaoBaseAction.execute(AdministracaoBaseAction.java:36)
[20160608-085158]: 	at org.apache.struts.action.RequestProcessor.processActionPerform(RequestProcessor.java:484)
[20160608-085158]: 	... 29 more
[20160608-085158]: .
[20160608-085607]: Ocorreu uma exceção no método processActionPerform., CTRL='null', IP='0:0:0:0:0:0:0:1', contextPath='/calipaadm', URI='/calipaadm/UploadTermo.do', Mensagem='Ocorreu uma exceção no método processActionPerform.', Parâmetros:, termo.cFundInves='6274', termo.cCnpjFundInves='', Mensagem da Exceção:'java.lang.NullPointerException', StackTrace:=javax.servlet.ServletException: java.lang.NullPointerException
[20160608-085607]: 	at org.apache.struts.action.RequestProcessor.processException(RequestProcessor.java:545)
[20160608-085607]: 	at org.apache.struts.action.RequestProcessor.processActionPerform(RequestProcessor.java:486)
[20160608-085607]: 	at br.com.bradesco.portaladm.apresentacao.AplicacaoPortalRequestProcessor.processActionPerform(AplicacaoPortalRequestProcessor.java:79)
[20160608-085607]: 	at org.apache.struts.action.RequestProcessor.process(RequestProcessor.java:274)
[20160608-085607]: 	at org.apache.struts.action.ActionServlet.process(ActionServlet.java:1482)
[20160608-085607]: 	at org.apache.struts.action.ActionServlet.doPost(ActionServlet.java:525)
[20160608-085607]: 	at javax.servlet.http.HttpServlet.service(HttpServlet.java:650)
[20160608-085607]: 	at javax.servlet.http.HttpServlet.service(HttpServlet.java:731)
[20160608-085607]: 	at org.apache.catalina.core.ApplicationFilterChain.internalDoFilter(ApplicationFilterChain.java:303)
[20160608-085607]: 	at org.apache.catalina.core.ApplicationFilterChain.doFilter(ApplicationFilterChain.java:208)
[20160608-085607]: 	at org.apache.tomcat.websocket.server.WsFilter.doFilter(WsFilter.java:52)
[20160608-085607]: 	at org.apache.catalina.core.ApplicationFilterChain.internalDoFilter(ApplicationFilterChain.java:241)
[20160608-085607]: 	at org.apache.catalina.core.ApplicationFilterChain.doFilter(ApplicationFilterChain.java:208)
[20160608-085607]: 	at br.com.bradesco.custodia.portal.portaladm.apresentacao.CharEncodeFilter.doFilter(CharEncodeFilter.java:37)
[20160608-085607]: 	at org.apache.catalina.core.ApplicationFilterChain.internalDoFilter(ApplicationFilterChain.java:241)
[20160608-085607]: 	at org.apache.catalina.core.ApplicationFilterChain.doFilter(ApplicationFilterChain.java:208)
[20160608-085607]: 	at org.apache.catalina.core.StandardWrapperValve.invoke(StandardWrapperValve.java:220)
[20160608-085607]: 	at org.apache.catalina.core.StandardContextValve.invoke(StandardContextValve.java:122)
[20160608-085607]: 	at org.apache.catalina.authenticator.AuthenticatorBase.invoke(AuthenticatorBase.java:505)
[20160608-085607]: 	at org.apache.catalina.core.StandardHostValve.invoke(StandardHostValve.java:170)
[20160608-085607]: 	at org.apache.catalina.valves.ErrorReportValve.invoke(ErrorReportValve.java:103)
[20160608-085607]: 	at org.apache.catalina.valves.AccessLogValve.invoke(AccessLogValve.java:956)
[20160608-085607]: 	at org.apache.catalina.core.StandardEngineValve.invoke(StandardEngineValve.java:116)
[20160608-085607]: 	at org.apache.catalina.connector.CoyoteAdapter.service(CoyoteAdapter.java:423)
[20160608-085607]: 	at org.apache.coyote.http11.AbstractHttp11Processor.process(AbstractHttp11Processor.java:1079)
[20160608-085607]: 	at org.apache.coyote.AbstractProtocol$AbstractConnectionHandler.process(AbstractProtocol.java:625)
[20160608-085607]: 	at org.apache.tomcat.util.net.JIoEndpoint$SocketProcessor.run(JIoEndpoint.java:316)
[20160608-085607]: 	at java.util.concurrent.ThreadPoolExecutor.runWorker(ThreadPoolExecutor.java:1145)
[20160608-085607]: 	at java.util.concurrent.ThreadPoolExecutor$Worker.run(ThreadPoolExecutor.java:615)
[20160608-085607]: 	at org.apache.tomcat.util.threads.TaskThread$WrappingRunnable.run(TaskThread.java:61)
[20160608-085607]: 	at java.lang.Thread.run(Thread.java:745)
[20160608-085607]: Caused by: java.lang.NullPointerException
[20160608-085607]: 	at br.com.bradesco.custodia.portal.portaladm.integracao.ConteudoMenuSQLDAO.obterListaCnpjTermosCustodia(ConteudoMenuSQLDAO.java:393)
[20160608-085607]: 	at br.com.bradesco.custodia.portal.portaladm.negocio.ConteudoMenuEntity.obterListaTermosCustodia(ConteudoMenuEntity.java:64)
[20160608-085607]: 	at br.com.bradesco.custodia.portal.portaladm.servico.ConteudoService.obterListaTermosCustodia(ConteudoService.java:68)
[20160608-085607]: 	at br.com.bradesco.custodia.portal.portaladm.apresentacao.UploadTermoAction.executeAction(UploadTermoAction.java:31)
[20160608-085607]: 	at br.com.bradesco.custodia.portal.portaladm.apresentacao.AdministracaoBaseAction.execute(AdministracaoBaseAction.java:36)
[20160608-085607]: 	at org.apache.struts.action.RequestProcessor.processActionPerform(RequestProcessor.java:484)
[20160608-085607]: 	... 29 more
[20160608-085607]: .
[20160608-085623]: Ocorreu uma exceção no método processActionPerform., CTRL='null', IP='0:0:0:0:0:0:0:1', contextPath='/calipaadm', URI='/calipaadm/UploadTermo.do', Mensagem='Ocorreu uma exceção no método processActionPerform.', Parâmetros:, termo.cFundInves='6274', termo.cCnpjFundInves='', Mensagem da Exceção:'java.lang.NullPointerException', StackTrace:=javax.servlet.ServletException: java.lang.NullPointerException
[20160608-085623]: 	at org.apache.struts.action.RequestProcessor.processException(RequestProcessor.java:545)
[20160608-085623]: 	at org.apache.struts.action.RequestProcessor.processActionPerform(RequestProcessor.java:486)
[20160608-085623]: 	at br.com.bradesco.portaladm.apresentacao.AplicacaoPortalRequestProcessor.processActionPerform(AplicacaoPortalRequestProcessor.java:79)
[20160608-085623]: 	at org.apache.struts.action.RequestProcessor.process(RequestProcessor.java:274)
[20160608-085623]: 	at org.apache.struts.action.ActionServlet.process(ActionServlet.java:1482)
[20160608-085623]: 	at org.apache.struts.action.ActionServlet.doPost(ActionServlet.java:525)
[20160608-085623]: 	at javax.servlet.http.HttpServlet.service(HttpServlet.java:650)
[20160608-085623]: 	at javax.servlet.http.HttpServlet.service(HttpServlet.java:731)
[20160608-085623]: 	at org.apache.catalina.core.ApplicationFilterChain.internalDoFilter(ApplicationFilterChain.java:303)
[20160608-085623]: 	at org.apache.catalina.core.ApplicationFilterChain.doFilter(ApplicationFilterChain.java:208)
[20160608-085623]: 	at org.apache.tomcat.websocket.server.WsFilter.doFilter(WsFilter.java:52)
[20160608-085623]: 	at org.apache.catalina.core.ApplicationFilterChain.internalDoFilter(ApplicationFilterChain.java:241)
[20160608-085623]: 	at org.apache.catalina.core.ApplicationFilterChain.doFilter(ApplicationFilterChain.java:208)
[20160608-085623]: 	at br.com.bradesco.custodia.portal.portaladm.apresentacao.CharEncodeFilter.doFilter(CharEncodeFilter.java:37)
[20160608-085623]: 	at org.apache.catalina.core.ApplicationFilterChain.internalDoFilter(ApplicationFilterChain.java:241)
[20160608-085623]: 	at org.apache.catalina.core.ApplicationFilterChain.doFilter(ApplicationFilterChain.java:208)
[20160608-085623]: 	at org.apache.catalina.core.StandardWrapperValve.invoke(StandardWrapperValve.java:220)
[20160608-085623]: 	at org.apache.catalina.core.StandardContextValve.invoke(StandardContextValve.java:122)
[20160608-085623]: 	at org.apache.catalina.authenticator.AuthenticatorBase.invoke(AuthenticatorBase.java:505)
[20160608-085623]: 	at org.apache.catalina.core.StandardHostValve.invoke(StandardHostValve.java:170)
[20160608-085623]: 	at org.apache.catalina.valves.ErrorReportValve.invoke(ErrorReportValve.java:103)
[20160608-085623]: 	at org.apache.catalina.valves.AccessLogValve.invoke(AccessLogValve.java:956)
[20160608-085623]: 	at org.apache.catalina.core.StandardEngineValve.invoke(StandardEngineValve.java:116)
[20160608-085623]: 	at org.apache.catalina.connector.CoyoteAdapter.service(CoyoteAdapter.java:423)
[20160608-085623]: 	at org.apache.coyote.http11.AbstractHttp11Processor.process(AbstractHttp11Processor.java:1079)
[20160608-085623]: 	at org.apache.coyote.AbstractProtocol$AbstractConnectionHandler.process(AbstractProtocol.java:625)
[20160608-085623]: 	at org.apache.tomcat.util.net.JIoEndpoint$SocketProcessor.run(JIoEndpoint.java:318)
[20160608-085623]: 	at java.util.concurrent.ThreadPoolExecutor.runWorker(ThreadPoolExecutor.java:1145)
[20160608-085623]: 	at java.util.concurrent.ThreadPoolExecutor$Worker.run(ThreadPoolExecutor.java:615)
[20160608-085623]: 	at org.apache.tomcat.util.threads.TaskThread$WrappingRunnable.run(TaskThread.java:61)
[20160608-085623]: 	at java.lang.Thread.run(Thread.java:745)
[20160608-085623]: Caused by: java.lang.NullPointerException
[20160608-085623]: 	at br.com.bradesco.custodia.portal.portaladm.integracao.ConteudoMenuSQLDAO.obterListaCnpjTermosCustodia(ConteudoMenuSQLDAO.java:393)
[20160608-085623]: 	at br.com.bradesco.custodia.portal.portaladm.negocio.ConteudoMenuEntity.obterListaTermosCustodia(ConteudoMenuEntity.java:64)
[20160608-085623]: 	at br.com.bradesco.custodia.portal.portaladm.servico.ConteudoService.obterListaTermosCustodia(ConteudoService.java:68)
[20160608-085623]: 	at br.com.bradesco.custodia.portal.portaladm.apresentacao.UploadTermoAction.executeAction(UploadTermoAction.java:31)
[20160608-085623]: 	at br.com.bradesco.custodia.portal.portaladm.apresentacao.AdministracaoBaseAction.execute(AdministracaoBaseAction.java:36)
[20160608-085623]: 	at org.apache.struts.action.RequestProcessor.processActionPerform(RequestProcessor.java:484)
[20160608-085623]: 	... 29 more
[20160608-085623]: .
[20160608-085737]: Ocorreu uma exceção no método processActionPerform., CTRL='null', IP='0:0:0:0:0:0:0:1', contextPath='/calipaadm', URI='/calipaadm/UploadTermo.do', Mensagem='Ocorreu uma exceção no método processActionPerform.', Parâmetros:, termo.cFundInves='6274', termo.cCnpjFundInves='', Mensagem da Exceção:'java.lang.NullPointerException', StackTrace:=javax.servlet.ServletException: java.lang.NullPointerException
[20160608-085737]: 	at org.apache.struts.action.RequestProcessor.processException(RequestProcessor.java:545)
[20160608-085737]: 	at org.apache.struts.action.RequestProcessor.processActionPerform(RequestProcessor.java:486)
[20160608-085737]: 	at br.com.bradesco.portaladm.apresentacao.AplicacaoPortalRequestProcessor.processActionPerform(AplicacaoPortalRequestProcessor.java:79)
[20160608-085737]: 	at org.apache.struts.action.RequestProcessor.process(RequestProcessor.java:274)
[20160608-085737]: 	at org.apache.struts.action.ActionServlet.process(ActionServlet.java:1482)
[20160608-085737]: 	at org.apache.struts.action.ActionServlet.doPost(ActionServlet.java:525)
[20160608-085737]: 	at javax.servlet.http.HttpServlet.service(HttpServlet.java:650)
[20160608-085737]: 	at javax.servlet.http.HttpServlet.service(HttpServlet.java:731)
[20160608-085737]: 	at org.apache.catalina.core.ApplicationFilterChain.internalDoFilter(ApplicationFilterChain.java:303)
[20160608-085737]: 	at org.apache.catalina.core.ApplicationFilterChain.doFilter(ApplicationFilterChain.java:208)
[20160608-085737]: 	at org.apache.tomcat.websocket.server.WsFilter.doFilter(WsFilter.java:52)
[20160608-085737]: 	at org.apache.catalina.core.ApplicationFilterChain.internalDoFilter(ApplicationFilterChain.java:241)
[20160608-085737]: 	at org.apache.catalina.core.ApplicationFilterChain.doFilter(ApplicationFilterChain.java:208)
[20160608-085737]: 	at br.com.bradesco.custodia.portal.portaladm.apresentacao.CharEncodeFilter.doFilter(CharEncodeFilter.java:37)
[20160608-085737]: 	at org.apache.catalina.core.ApplicationFilterChain.internalDoFilter(ApplicationFilterChain.java:241)
[20160608-085737]: 	at org.apache.catalina.core.ApplicationFilterChain.doFilter(ApplicationFilterChain.java:208)
[20160608-085737]: 	at org.apache.catalina.core.StandardWrapperValve.invoke(StandardWrapperValve.java:220)
[20160608-085737]: 	at org.apache.catalina.core.StandardContextValve.invoke(StandardContextValve.java:122)
[20160608-085737]: 	at org.apache.catalina.authenticator.AuthenticatorBase.invoke(AuthenticatorBase.java:505)
[20160608-085737]: 	at org.apache.catalina.core.StandardHostValve.invoke(StandardHostValve.java:170)
[20160608-085737]: 	at org.apache.catalina.valves.ErrorReportValve.invoke(ErrorReportValve.java:103)
[20160608-085737]: 	at org.apache.catalina.valves.AccessLogValve.invoke(AccessLogValve.java:956)
[20160608-085737]: 	at org.apache.catalina.core.StandardEngineValve.invoke(StandardEngineValve.java:116)
[20160608-085737]: 	at org.apache.catalina.connector.CoyoteAdapter.service(CoyoteAdapter.java:423)
[20160608-085737]: 	at org.apache.coyote.http11.AbstractHttp11Processor.process(AbstractHttp11Processor.java:1079)
[20160608-085737]: 	at org.apache.coyote.AbstractProtocol$AbstractConnectionHandler.process(AbstractProtocol.java:625)
[20160608-085737]: 	at org.apache.tomcat.util.net.JIoEndpoint$SocketProcessor.run(JIoEndpoint.java:316)
[20160608-085737]: 	at java.util.concurrent.ThreadPoolExecutor.runWorker(ThreadPoolExecutor.java:1145)
[20160608-085737]: 	at java.util.concurrent.ThreadPoolExecutor$Worker.run(ThreadPoolExecutor.java:615)
[20160608-085737]: 	at org.apache.tomcat.util.threads.TaskThread$WrappingRunnable.run(TaskThread.java:61)
[20160608-085737]: 	at java.lang.Thread.run(Thread.java:745)
[20160608-085737]: Caused by: java.lang.NullPointerException
[20160608-085737]: 	at br.com.bradesco.custodia.portal.portaladm.integracao.ConteudoMenuSQLDAO.obterListaCnpjTermosCustodia(ConteudoMenuSQLDAO.java:393)
[20160608-085737]: 	at br.com.bradesco.custodia.portal.portaladm.negocio.ConteudoMenuEntity.obterListaTermosCustodia(ConteudoMenuEntity.java:64)
[20160608-085737]: 	at br.com.bradesco.custodia.portal.portaladm.servico.ConteudoService.obterListaTermosCustodia(ConteudoService.java:68)
[20160608-085737]: 	at br.com.bradesco.custodia.portal.portaladm.apresentacao.UploadTermoAction.executeAction(UploadTermoAction.java:31)
[20160608-085737]: 	at br.com.bradesco.custodia.portal.portaladm.apresentacao.AdministracaoBaseAction.execute(AdministracaoBaseAction.java:36)
[20160608-085737]: 	at org.apache.struts.action.RequestProcessor.processActionPerform(RequestProcessor.java:484)
[20160608-085737]: 	... 29 more
[20160608-085737]: .
[20160608-091112]: Ocorreu uma exceção no método processActionPerform., CTRL='null', IP='0:0:0:0:0:0:0:1', contextPath='/calipaadm', URI='/calipaadm/UploadTermo.do', Mensagem='Ocorreu uma exceção no método processActionPerform.', Parâmetros:, termo.cFundInves='6274', termo.cCnpjFundInves='', Mensagem da Exceção:'java.lang.NullPointerException', StackTrace:=javax.servlet.ServletException: java.lang.NullPointerException
[20160608-091112]: 	at org.apache.struts.action.RequestProcessor.processException(RequestProcessor.java:545)
[20160608-091112]: 	at org.apache.struts.action.RequestProcessor.processActionPerform(RequestProcessor.java:486)
[20160608-091112]: 	at br.com.bradesco.portaladm.apresentacao.AplicacaoPortalRequestProcessor.processActionPerform(AplicacaoPortalRequestProcessor.java:79)
[20160608-091112]: 	at org.apache.struts.action.RequestProcessor.process(RequestProcessor.java:274)
[20160608-091112]: 	at org.apache.struts.action.ActionServlet.process(ActionServlet.java:1482)
[20160608-091112]: 	at org.apache.struts.action.ActionServlet.doPost(ActionServlet.java:525)
[20160608-091112]: 	at javax.servlet.http.HttpServlet.service(HttpServlet.java:650)
[20160608-091112]: 	at javax.servlet.http.HttpServlet.service(HttpServlet.java:731)
[20160608-091112]: 	at org.apache.catalina.core.ApplicationFilterChain.internalDoFilter(ApplicationFilterChain.java:303)
[20160608-091112]: 	at org.apache.catalina.core.ApplicationFilterChain.doFilter(ApplicationFilterChain.java:208)
[20160608-091112]: 	at org.apache.tomcat.websocket.server.WsFilter.doFilter(WsFilter.java:52)
[20160608-091112]: 	at org.apache.catalina.core.ApplicationFilterChain.internalDoFilter(ApplicationFilterChain.java:241)
[20160608-091112]: 	at org.apache.catalina.core.ApplicationFilterChain.doFilter(ApplicationFilterChain.java:208)
[20160608-091112]: 	at br.com.bradesco.custodia.portal.portaladm.apresentacao.CharEncodeFilter.doFilter(CharEncodeFilter.java:37)
[20160608-091112]: 	at org.apache.catalina.core.ApplicationFilterChain.internalDoFilter(ApplicationFilterChain.java:241)
[20160608-091112]: 	at org.apache.catalina.core.ApplicationFilterChain.doFilter(ApplicationFilterChain.java:208)
[20160608-091112]: 	at org.apache.catalina.core.StandardWrapperValve.invoke(StandardWrapperValve.java:220)
[20160608-091112]: 	at org.apache.catalina.core.StandardContextValve.invoke(StandardContextValve.java:122)
[20160608-091112]: 	at org.apache.catalina.authenticator.AuthenticatorBase.invoke(AuthenticatorBase.java:505)
[20160608-091112]: 	at org.apache.catalina.core.StandardHostValve.invoke(StandardHostValve.java:170)
[20160608-091112]: 	at org.apache.catalina.valves.ErrorReportValve.invoke(ErrorReportValve.java:103)
[20160608-091112]: 	at org.apache.catalina.valves.AccessLogValve.invoke(AccessLogValve.java:956)
[20160608-091112]: 	at org.apache.catalina.core.StandardEngineValve.invoke(StandardEngineValve.java:116)
[20160608-091112]: 	at org.apache.catalina.connector.CoyoteAdapter.service(CoyoteAdapter.java:423)
[20160608-091112]: 	at org.apache.coyote.http11.AbstractHttp11Processor.process(AbstractHttp11Processor.java:1079)
[20160608-091112]: 	at org.apache.coyote.AbstractProtocol$AbstractConnectionHandler.process(AbstractProtocol.java:625)
[20160608-091112]: 	at org.apache.tomcat.util.net.JIoEndpoint$SocketProcessor.run(JIoEndpoint.java:316)
[20160608-091112]: 	at java.util.concurrent.ThreadPoolExecutor.runWorker(ThreadPoolExecutor.java:1145)
[20160608-091112]: 	at java.util.concurrent.ThreadPoolExecutor$Worker.run(ThreadPoolExecutor.java:615)
[20160608-091112]: 	at org.apache.tomcat.util.threads.TaskThread$WrappingRunnable.run(TaskThread.java:61)
[20160608-091112]: 	at java.lang.Thread.run(Thread.java:745)
[20160608-091112]: Caused by: java.lang.NullPointerException
[20160608-091112]: 	at br.com.bradesco.custodia.portal.portaladm.integracao.ConteudoMenuSQLDAO.obterListaCnpjTermosCustodia(ConteudoMenuSQLDAO.java:393)
[20160608-091112]: 	at br.com.bradesco.custodia.portal.portaladm.negocio.ConteudoMenuEntity.obterListaTermosCustodia(ConteudoMenuEntity.java:64)
[20160608-091112]: 	at br.com.bradesco.custodia.portal.portaladm.servico.ConteudoService.obterListaTermosCustodia(ConteudoService.java:68)
[20160608-091112]: 	at br.com.bradesco.custodia.portal.portaladm.apresentacao.UploadTermoAction.executeAction(UploadTermoAction.java:31)
[20160608-091112]: 	at br.com.bradesco.custodia.portal.portaladm.apresentacao.AdministracaoBaseAction.execute(AdministracaoBaseAction.java:36)
[20160608-091112]: 	at org.apache.struts.action.RequestProcessor.processActionPerform(RequestProcessor.java:484)
[20160608-091112]: 	... 29 more
[20160608-091112]: .
[20160608-094908]: Ocorreu uma exceção no método processActionPerform., CTRL='null', IP='0:0:0:0:0:0:0:1', contextPath='/calipaadm', URI='/calipaadm/UploadTermo.do', Mensagem='Ocorreu uma exceção no método processActionPerform.', Parâmetros:, termo.cFundInves='6274', termo.cCnpjFundInves='', Mensagem da Exceção:'java.lang.NullPointerException', StackTrace:=javax.servlet.ServletException: java.lang.NullPointerException
[20160608-094908]: 	at org.apache.struts.action.RequestProcessor.processException(RequestProcessor.java:545)
[20160608-094908]: 	at org.apache.struts.action.RequestProcessor.processActionPerform(RequestProcessor.java:486)
[20160608-094908]: 	at br.com.bradesco.portaladm.apresentacao.AplicacaoPortalRequestProcessor.processActionPerform(AplicacaoPortalRequestProcessor.java:79)
[20160608-094908]: 	at org.apache.struts.action.RequestProcessor.process(RequestProcessor.java:274)
[20160608-094908]: 	at org.apache.struts.action.ActionServlet.process(ActionServlet.java:1482)
[20160608-094908]: 	at org.apache.struts.action.ActionServlet.doPost(ActionServlet.java:525)
[20160608-094908]: 	at javax.servlet.http.HttpServlet.service(HttpServlet.java:650)
[20160608-094908]: 	at javax.servlet.http.HttpServlet.service(HttpServlet.java:731)
[20160608-094908]: 	at org.apache.catalina.core.ApplicationFilterChain.internalDoFilter(ApplicationFilterChain.java:303)
[20160608-094908]: 	at org.apache.catalina.core.ApplicationFilterChain.doFilter(ApplicationFilterChain.java:208)
[20160608-094908]: 	at org.apache.tomcat.websocket.server.WsFilter.doFilter(WsFilter.java:52)
[20160608-094908]: 	at org.apache.catalina.core.ApplicationFilterChain.internalDoFilter(ApplicationFilterChain.java:241)
[20160608-094908]: 	at org.apache.catalina.core.ApplicationFilterChain.doFilter(ApplicationFilterChain.java:208)
[20160608-094908]: 	at br.com.bradesco.custodia.portal.portaladm.apresentacao.CharEncodeFilter.doFilter(CharEncodeFilter.java:37)
[20160608-094908]: 	at org.apache.catalina.core.ApplicationFilterChain.internalDoFilter(ApplicationFilterChain.java:241)
[20160608-094908]: 	at org.apache.catalina.core.ApplicationFilterChain.doFilter(ApplicationFilterChain.java:208)
[20160608-094908]: 	at org.apache.catalina.core.StandardWrapperValve.invoke(StandardWrapperValve.java:220)
[20160608-094908]: 	at org.apache.catalina.core.StandardContextValve.invoke(StandardContextValve.java:122)
[20160608-094908]: 	at org.apache.catalina.authenticator.AuthenticatorBase.invoke(AuthenticatorBase.java:505)
[20160608-094908]: 	at org.apache.catalina.core.StandardHostValve.invoke(StandardHostValve.java:170)
[20160608-094908]: 	at org.apache.catalina.valves.ErrorReportValve.invoke(ErrorReportValve.java:103)
[20160608-094908]: 	at org.apache.catalina.valves.AccessLogValve.invoke(AccessLogValve.java:956)
[20160608-094908]: 	at org.apache.catalina.core.StandardEngineValve.invoke(StandardEngineValve.java:116)
[20160608-094908]: 	at org.apache.catalina.connector.CoyoteAdapter.service(CoyoteAdapter.java:423)
[20160608-094908]: 	at org.apache.coyote.http11.AbstractHttp11Processor.process(AbstractHttp11Processor.java:1079)
[20160608-094908]: 	at org.apache.coyote.AbstractProtocol$AbstractConnectionHandler.process(AbstractProtocol.java:625)
[20160608-094908]: 	at org.apache.tomcat.util.net.JIoEndpoint$SocketProcessor.run(JIoEndpoint.java:316)
[20160608-094908]: 	at java.util.concurrent.ThreadPoolExecutor.runWorker(ThreadPoolExecutor.java:1145)
[20160608-094908]: 	at java.util.concurrent.ThreadPoolExecutor$Worker.run(ThreadPoolExecutor.java:615)
[20160608-094908]: 	at org.apache.tomcat.util.threads.TaskThread$WrappingRunnable.run(TaskThread.java:61)
[20160608-094908]: 	at java.lang.Thread.run(Thread.java:745)
[20160608-094908]: Caused by: java.lang.NullPointerException
[20160608-094908]: 	at br.com.bradesco.custodia.portal.portaladm.integracao.ConteudoMenuSQLDAO.obterListaCnpjTermosCustodia(ConteudoMenuSQLDAO.java:393)
[20160608-094908]: 	at br.com.bradesco.custodia.portal.portaladm.negocio.ConteudoMenuEntity.obterListaTermosCustodia(ConteudoMenuEntity.java:64)
[20160608-094908]: 	at br.com.bradesco.custodia.portal.portaladm.servico.ConteudoService.obterListaTermosCustodia(ConteudoService.java:68)
[20160608-094908]: 	at br.com.bradesco.custodia.portal.portaladm.apresentacao.UploadTermoAction.executeAction(UploadTermoAction.java:28)
[20160608-094908]: 	at br.com.bradesco.custodia.portal.portaladm.apresentacao.AdministracaoBaseAction.execute(AdministracaoBaseAction.java:36)
[20160608-094908]: 	at org.apache.struts.action.RequestProcessor.processActionPerform(RequestProcessor.java:484)
[20160608-094908]: 	... 29 more
[20160608-094908]: .
[20160608-094915]: Ocorreu uma exceção no método processActionPerform., CTRL='null', IP='0:0:0:0:0:0:0:1', contextPath='/calipaadm', URI='/calipaadm/UploadTermo.do', Mensagem='Ocorreu uma exceção no método processActionPerform.', Parâmetros:, termo.cFundInves='6274', termo.cCnpjFundInves='', Mensagem da Exceção:'java.lang.NullPointerException', StackTrace:=javax.servlet.ServletException: java.lang.NullPointerException
[20160608-094915]: 	at org.apache.struts.action.RequestProcessor.processException(RequestProcessor.java:545)
[20160608-094915]: 	at org.apache.struts.action.RequestProcessor.processActionPerform(RequestProcessor.java:486)
[20160608-094915]: 	at br.com.bradesco.portaladm.apresentacao.AplicacaoPortalRequestProcessor.processActionPerform(AplicacaoPortalRequestProcessor.java:79)
[20160608-094915]: 	at org.apache.struts.action.RequestProcessor.process(RequestProcessor.java:274)
[20160608-094915]: 	at org.apache.struts.action.ActionServlet.process(ActionServlet.java:1482)
[20160608-094915]: 	at org.apache.struts.action.ActionServlet.doPost(ActionServlet.java:525)
[20160608-094915]: 	at javax.servlet.http.HttpServlet.service(HttpServlet.java:650)
[20160608-094915]: 	at javax.servlet.http.HttpServlet.service(HttpServlet.java:731)
[20160608-094915]: 	at org.apache.catalina.core.ApplicationFilterChain.internalDoFilter(ApplicationFilterChain.java:303)
[20160608-094915]: 	at org.apache.catalina.core.ApplicationFilterChain.doFilter(ApplicationFilterChain.java:208)
[20160608-094915]: 	at org.apache.tomcat.websocket.server.WsFilter.doFilter(WsFilter.java:52)
[20160608-094915]: 	at org.apache.catalina.core.ApplicationFilterChain.internalDoFilter(ApplicationFilterChain.java:241)
[20160608-094915]: 	at org.apache.catalina.core.ApplicationFilterChain.doFilter(ApplicationFilterChain.java:208)
[20160608-094915]: 	at br.com.bradesco.custodia.portal.portaladm.apresentacao.CharEncodeFilter.doFilter(CharEncodeFilter.java:37)
[20160608-094915]: 	at org.apache.catalina.core.ApplicationFilterChain.internalDoFilter(ApplicationFilterChain.java:241)
[20160608-094915]: 	at org.apache.catalina.core.ApplicationFilterChain.doFilter(ApplicationFilterChain.java:208)
[20160608-094915]: 	at org.apache.catalina.core.StandardWrapperValve.invoke(StandardWrapperValve.java:220)
[20160608-094915]: 	at org.apache.catalina.core.StandardContextValve.invoke(StandardContextValve.java:122)
[20160608-094915]: 	at org.apache.catalina.authenticator.AuthenticatorBase.invoke(AuthenticatorBase.java:505)
[20160608-094915]: 	at org.apache.catalina.core.StandardHostValve.invoke(StandardHostValve.java:170)
[20160608-094915]: 	at org.apache.catalina.valves.ErrorReportValve.invoke(ErrorReportValve.java:103)
[20160608-094915]: 	at org.apache.catalina.valves.AccessLogValve.invoke(AccessLogValve.java:956)
[20160608-094915]: 	at org.apache.catalina.core.StandardEngineValve.invoke(StandardEngineValve.java:116)
[20160608-094915]: 	at org.apache.catalina.connector.CoyoteAdapter.service(CoyoteAdapter.java:423)
[20160608-094915]: 	at org.apache.coyote.http11.AbstractHttp11Processor.process(AbstractHttp11Processor.java:1079)
[20160608-094915]: 	at org.apache.coyote.AbstractProtocol$AbstractConnectionHandler.process(AbstractProtocol.java:625)
[20160608-094915]: 	at org.apache.tomcat.util.net.JIoEndpoint$SocketProcessor.run(JIoEndpoint.java:318)
[20160608-094915]: 	at java.util.concurrent.ThreadPoolExecutor.runWorker(ThreadPoolExecutor.java:1145)
[20160608-094915]: 	at java.util.concurrent.ThreadPoolExecutor$Worker.run(ThreadPoolExecutor.java:615)
[20160608-094915]: 	at org.apache.tomcat.util.threads.TaskThread$WrappingRunnable.run(TaskThread.java:61)
[20160608-094915]: 	at java.lang.Thread.run(Thread.java:745)
[20160608-094915]: Caused by: java.lang.NullPointerException
[20160608-094915]: 	at br.com.bradesco.custodia.portal.portaladm.integracao.ConteudoMenuSQLDAO.obterListaCnpjTermosCustodia(ConteudoMenuSQLDAO.java:393)
[20160608-094915]: 	at br.com.bradesco.custodia.portal.portaladm.negocio.ConteudoMenuEntity.obterListaTermosCustodia(ConteudoMenuEntity.java:64)
[20160608-094915]: 	at br.com.bradesco.custodia.portal.portaladm.servico.ConteudoService.obterListaTermosCustodia(ConteudoService.java:68)
[20160608-094915]: 	at br.com.bradesco.custodia.portal.portaladm.apresentacao.UploadTermoAction.executeAction(UploadTermoAction.java:28)
[20160608-094915]: 	at br.com.bradesco.custodia.portal.portaladm.apresentacao.AdministracaoBaseAction.execute(AdministracaoBaseAction.java:36)
[20160608-094915]: 	at org.apache.struts.action.RequestProcessor.processActionPerform(RequestProcessor.java:484)
[20160608-094915]: 	... 29 more
[20160608-094915]: .
[20160608-094934]: Ocorreu uma exceção no método processActionPerform., CTRL='null', IP='0:0:0:0:0:0:0:1', contextPath='/calipaadm', URI='/calipaadm/UploadTermo.do', Mensagem='Ocorreu uma exceção no método processActionPerform.', Parâmetros:, termo.cFundInves='6274', termo.cCnpjFundInves='', Mensagem da Exceção:'java.lang.NullPointerException', StackTrace:=javax.servlet.ServletException: java.lang.NullPointerException
[20160608-094934]: 	at org.apache.struts.action.RequestProcessor.processException(RequestProcessor.java:545)
[20160608-094934]: 	at org.apache.struts.action.RequestProcessor.processActionPerform(RequestProcessor.java:486)
[20160608-094934]: 	at br.com.bradesco.portaladm.apresentacao.AplicacaoPortalRequestProcessor.processActionPerform(AplicacaoPortalRequestProcessor.java:79)
[20160608-094934]: 	at org.apache.struts.action.RequestProcessor.process(RequestProcessor.java:274)
[20160608-094934]: 	at org.apache.struts.action.ActionServlet.process(ActionServlet.java:1482)
[20160608-094934]: 	at org.apache.struts.action.ActionServlet.doPost(ActionServlet.java:525)
[20160608-094934]: 	at javax.servlet.http.HttpServlet.service(HttpServlet.java:650)
[20160608-094934]: 	at javax.servlet.http.HttpServlet.service(HttpServlet.java:731)
[20160608-094934]: 	at org.apache.catalina.core.ApplicationFilterChain.internalDoFilter(ApplicationFilterChain.java:303)
[20160608-094934]: 	at org.apache.catalina.core.ApplicationFilterChain.doFilter(ApplicationFilterChain.java:208)
[20160608-094934]: 	at org.apache.tomcat.websocket.server.WsFilter.doFilter(WsFilter.java:52)
[20160608-094934]: 	at org.apache.catalina.core.ApplicationFilterChain.internalDoFilter(ApplicationFilterChain.java:241)
[20160608-094934]: 	at org.apache.catalina.core.ApplicationFilterChain.doFilter(ApplicationFilterChain.java:208)
[20160608-094934]: 	at br.com.bradesco.custodia.portal.portaladm.apresentacao.CharEncodeFilter.doFilter(CharEncodeFilter.java:37)
[20160608-094934]: 	at org.apache.catalina.core.ApplicationFilterChain.internalDoFilter(ApplicationFilterChain.java:241)
[20160608-094934]: 	at org.apache.catalina.core.ApplicationFilterChain.doFilter(ApplicationFilterChain.java:208)
[20160608-094934]: 	at org.apache.catalina.core.StandardWrapperValve.invoke(StandardWrapperValve.java:220)
[20160608-094934]: 	at org.apache.catalina.core.StandardContextValve.invoke(StandardContextValve.java:122)
[20160608-094934]: 	at org.apache.catalina.authenticator.AuthenticatorBase.invoke(AuthenticatorBase.java:505)
[20160608-094934]: 	at org.apache.catalina.core.StandardHostValve.invoke(StandardHostValve.java:170)
[20160608-094934]: 	at org.apache.catalina.valves.ErrorReportValve.invoke(ErrorReportValve.java:103)
[20160608-094934]: 	at org.apache.catalina.valves.AccessLogValve.invoke(AccessLogValve.java:956)
[20160608-094934]: 	at org.apache.catalina.core.StandardEngineValve.invoke(StandardEngineValve.java:116)
[20160608-094934]: 	at org.apache.catalina.connector.CoyoteAdapter.service(CoyoteAdapter.java:423)
[20160608-094934]: 	at org.apache.coyote.http11.AbstractHttp11Processor.process(AbstractHttp11Processor.java:1079)
[20160608-094934]: 	at org.apache.coyote.AbstractProtocol$AbstractConnectionHandler.process(AbstractProtocol.java:625)
[20160608-094934]: 	at org.apache.tomcat.util.net.JIoEndpoint$SocketProcessor.run(JIoEndpoint.java:318)
[20160608-094934]: 	at java.util.concurrent.ThreadPoolExecutor.runWorker(ThreadPoolExecutor.java:1145)
[20160608-094934]: 	at java.util.concurrent.ThreadPoolExecutor$Worker.run(ThreadPoolExecutor.java:615)
[20160608-094934]: 	at org.apache.tomcat.util.threads.TaskThread$WrappingRunnable.run(TaskThread.java:61)
[20160608-094934]: 	at java.lang.Thread.run(Thread.java:745)
[20160608-094934]: Caused by: java.lang.NullPointerException
[20160608-094934]: 	at br.com.bradesco.custodia.portal.portaladm.integracao.ConteudoMenuSQLDAO.obterListaCnpjTermosCustodia(ConteudoMenuSQLDAO.java:393)
[20160608-094934]: 	at br.com.bradesco.custodia.portal.portaladm.negocio.ConteudoMenuEntity.obterListaTermosCustodia(ConteudoMenuEntity.java:64)
[20160608-094934]: 	at br.com.bradesco.custodia.portal.portaladm.servico.ConteudoService.obterListaTermosCustodia(ConteudoService.java:68)
[20160608-094934]: 	at br.com.bradesco.custodia.portal.portaladm.apresentacao.UploadTermoAction.executeAction(UploadTermoAction.java:28)
[20160608-094934]: 	at br.com.bradesco.custodia.portal.portaladm.apresentacao.AdministracaoBaseAction.execute(AdministracaoBaseAction.java:36)
[20160608-094934]: 	at org.apache.struts.action.RequestProcessor.processActionPerform(RequestProcessor.java:484)
[20160608-094934]: 	... 29 more
[20160608-094934]: .
[20160608-100415]: Ocorreu uma exceção no método processActionPerform., CTRL='null', IP='0:0:0:0:0:0:0:1', contextPath='/calipaadm', URI='/calipaadm/UploadTermo.do', Mensagem='Ocorreu uma exceção no método processActionPerform.', Parâmetros:, cFundInves='6274', cCnpjFundInves='', Mensagem da Exceção:'java.lang.NullPointerException', StackTrace:=javax.servlet.ServletException: java.lang.NullPointerException
[20160608-100415]: 	at org.apache.struts.action.RequestProcessor.processException(RequestProcessor.java:545)
[20160608-100415]: 	at org.apache.struts.action.RequestProcessor.processActionPerform(RequestProcessor.java:486)
[20160608-100415]: 	at br.com.bradesco.portaladm.apresentacao.AplicacaoPortalRequestProcessor.processActionPerform(AplicacaoPortalRequestProcessor.java:79)
[20160608-100415]: 	at org.apache.struts.action.RequestProcessor.process(RequestProcessor.java:274)
[20160608-100415]: 	at org.apache.struts.action.ActionServlet.process(ActionServlet.java:1482)
[20160608-100415]: 	at org.apache.struts.action.ActionServlet.doPost(ActionServlet.java:525)
[20160608-100415]: 	at javax.servlet.http.HttpServlet.service(HttpServlet.java:650)
[20160608-100415]: 	at javax.servlet.http.HttpServlet.service(HttpServlet.java:731)
[20160608-100415]: 	at org.apache.catalina.core.ApplicationFilterChain.internalDoFilter(ApplicationFilterChain.java:303)
[20160608-100415]: 	at org.apache.catalina.core.ApplicationFilterChain.doFilter(ApplicationFilterChain.java:208)
[20160608-100415]: 	at org.apache.tomcat.websocket.server.WsFilter.doFilter(WsFilter.java:52)
[20160608-100415]: 	at org.apache.catalina.core.ApplicationFilterChain.internalDoFilter(ApplicationFilterChain.java:241)
[20160608-100415]: 	at org.apache.catalina.core.ApplicationFilterChain.doFilter(ApplicationFilterChain.java:208)
[20160608-100415]: 	at br.com.bradesco.custodia.portal.portaladm.apresentacao.CharEncodeFilter.doFilter(CharEncodeFilter.java:37)
[20160608-100415]: 	at org.apache.catalina.core.ApplicationFilterChain.internalDoFilter(ApplicationFilterChain.java:241)
[20160608-100415]: 	at org.apache.catalina.core.ApplicationFilterChain.doFilter(ApplicationFilterChain.java:208)
[20160608-100415]: 	at org.apache.catalina.core.StandardWrapperValve.invoke(StandardWrapperValve.java:220)
[20160608-100415]: 	at org.apache.catalina.core.StandardContextValve.invoke(StandardContextValve.java:122)
[20160608-100415]: 	at org.apache.catalina.authenticator.AuthenticatorBase.invoke(AuthenticatorBase.java:505)
[20160608-100415]: 	at org.apache.catalina.core.StandardHostValve.invoke(StandardHostValve.java:170)
[20160608-100415]: 	at org.apache.catalina.valves.ErrorReportValve.invoke(ErrorReportValve.java:103)
[20160608-100415]: 	at org.apache.catalina.valves.AccessLogValve.invoke(AccessLogValve.java:956)
[20160608-100415]: 	at org.apache.catalina.core.StandardEngineValve.invoke(StandardEngineValve.java:116)
[20160608-100415]: 	at org.apache.catalina.connector.CoyoteAdapter.service(CoyoteAdapter.java:423)
[20160608-100415]: 	at org.apache.coyote.http11.AbstractHttp11Processor.process(AbstractHttp11Processor.java:1079)
[20160608-100415]: 	at org.apache.coyote.AbstractProtocol$AbstractConnectionHandler.process(AbstractProtocol.java:625)
[20160608-100415]: 	at org.apache.tomcat.util.net.JIoEndpoint$SocketProcessor.run(JIoEndpoint.java:318)
[20160608-100415]: 	at java.util.concurrent.ThreadPoolExecutor.runWorker(ThreadPoolExecutor.java:1145)
[20160608-100415]: 	at java.util.concurrent.ThreadPoolExecutor$Worker.run(ThreadPoolExecutor.java:615)
[20160608-100415]: 	at org.apache.tomcat.util.threads.TaskThread$WrappingRunnable.run(TaskThread.java:61)
[20160608-100415]: 	at java.lang.Thread.run(Thread.java:745)
[20160608-100415]: Caused by: java.lang.NullPointerException
[20160608-100415]: 	at br.com.bradesco.custodia.portal.portaladm.integracao.ConteudoMenuSQLDAO.obterListaCnpjTermosCustodia(ConteudoMenuSQLDAO.java:393)
[20160608-100415]: 	at br.com.bradesco.custodia.portal.portaladm.negocio.ConteudoMenuEntity.obterListaTermosCustodia(ConteudoMenuEntity.java:64)
[20160608-100415]: 	at br.com.bradesco.custodia.portal.portaladm.servico.ConteudoService.obterListaTermosCustodia(ConteudoService.java:68)
[20160608-100415]: 	at br.com.bradesco.custodia.portal.portaladm.apresentacao.UploadTermoAction.executeAction(UploadTermoAction.java:35)
[20160608-100415]: 	at br.com.bradesco.custodia.portal.portaladm.apresentacao.AdministracaoBaseAction.execute(AdministracaoBaseAction.java:36)
[20160608-100415]: 	at org.apache.struts.action.RequestProcessor.processActionPerform(RequestProcessor.java:484)
[20160608-100415]: 	... 29 more
[20160608-100415]: .
