2018-01-17 10:44:20,880 DEBUG [org.springframework.jdbc.core.JdbcTemplate] - [Calling stored procedure [{call sessao.pSelDadosSessao01(?)}]]
2018-01-17 10:44:20,953 DEBUG [org.springframework.jdbc.core.StatementCreatorUtils] - [Setting SQL statement parameter value: column index 1, parameter value [282868237176806376], value class [java.lang.String], SQL type 12]
2018-01-17 10:44:20,958 DEBUG [org.springframework.jdbc.core.JdbcTemplate] - [CallableStatement.execute() returned 'true']
2018-01-17 10:44:20,958 DEBUG [org.springframework.jdbc.core.JdbcTemplate] - [CallableStatement.getUpdateCount() returned -1]
2018-01-17 10:44:20,985 INFO [org.springframework.jdbc.core.JdbcTemplate] - [Added default SqlReturnResultSet parameter named #result-set-1]
2018-01-17 10:44:20,992 DEBUG [org.springframework.jdbc.core.JdbcTemplate] - [CallableStatement.getUpdateCount() returned -1]
2018-01-17 10:44:21,014 DEBUG [org.springframework.jdbc.core.JdbcTemplate] - [Calling stored procedure [{call menu.pSelVerificaPermissaoUsuarioMenu01(?, ?)}]]
2018-01-17 10:44:21,015 DEBUG [org.springframework.jdbc.core.StatementCreatorUtils] - [Setting SQL statement parameter value: column index 1, parameter value [303], value class [java.lang.Integer], SQL type 4]
2018-01-17 10:44:21,017 DEBUG [org.springframework.jdbc.core.StatementCreatorUtils] - [Setting SQL statement parameter value: column index 2, parameter value [7], value class [java.lang.Integer], SQL type 4]
2018-01-17 10:44:21,018 DEBUG [org.springframework.jdbc.core.JdbcTemplate] - [CallableStatement.execute() returned 'true']
2018-01-17 10:44:21,018 DEBUG [org.springframework.jdbc.core.JdbcTemplate] - [CallableStatement.getUpdateCount() returned -1]
2018-01-17 10:44:21,018 INFO [org.springframework.jdbc.core.JdbcTemplate] - [Added default SqlReturnResultSet parameter named #result-set-1]
2018-01-17 10:44:21,019 DEBUG [org.springframework.jdbc.core.JdbcTemplate] - [CallableStatement.getUpdateCount() returned -1]
2018-01-17 10:44:53,423 DEBUG [org.springframework.jdbc.core.JdbcTemplate] - [Calling stored procedure [{call sessao.pSelDadosSessao01(?)}]]
2018-01-17 10:44:53,424 DEBUG [org.springframework.jdbc.core.StatementCreatorUtils] - [Setting SQL statement parameter value: column index 1, parameter value [282868237176806376], value class [java.lang.String], SQL type 12]
2018-01-17 10:44:53,427 DEBUG [org.springframework.jdbc.core.JdbcTemplate] - [CallableStatement.execute() returned 'true']
2018-01-17 10:44:53,427 DEBUG [org.springframework.jdbc.core.JdbcTemplate] - [CallableStatement.getUpdateCount() returned -1]
2018-01-17 10:44:53,427 INFO [org.springframework.jdbc.core.JdbcTemplate] - [Added default SqlReturnResultSet parameter named #result-set-1]
2018-01-17 10:44:53,427 DEBUG [org.springframework.jdbc.core.JdbcTemplate] - [CallableStatement.getUpdateCount() returned -1]
2018-01-17 10:45:01,211 DEBUG [org.springframework.jdbc.core.JdbcTemplate] - [Calling stored procedure [{call usuario.pSelDadosUsuario03(?)}]]
2018-01-17 10:45:01,215 DEBUG [org.springframework.jdbc.core.StatementCreatorUtils] - [Setting SQL statement parameter value: column index 1, parameter value [7], value class [java.lang.Integer], SQL type 4]
2018-01-17 10:45:01,248 DEBUG [org.springframework.jdbc.core.JdbcTemplate] - [CallableStatement.execute() returned 'true']
2018-01-17 10:45:01,249 DEBUG [org.springframework.jdbc.core.JdbcTemplate] - [CallableStatement.getUpdateCount() returned -1]
2018-01-17 10:45:01,250 INFO [org.springframework.jdbc.core.JdbcTemplate] - [Added default SqlReturnResultSet parameter named #result-set-1]
2018-01-17 10:45:01,276 DEBUG [org.springframework.jdbc.core.JdbcTemplate] - [CallableStatement.getUpdateCount() returned -1]
2018-01-17 10:45:01,318 DEBUG [org.springframework.jdbc.core.JdbcTemplate] - [Calling stored procedure [{call usuario.pSelModuloHabilitadoUsuario01(?)}]]
2018-01-17 10:45:01,323 DEBUG [org.springframework.jdbc.core.StatementCreatorUtils] - [Setting SQL statement parameter value: column index 1, parameter value [7], value class [java.lang.Integer], SQL type 4]
2018-01-17 10:45:01,328 DEBUG [org.springframework.jdbc.core.JdbcTemplate] - [CallableStatement.execute() returned 'true']
2018-01-17 10:45:01,329 DEBUG [org.springframework.jdbc.core.JdbcTemplate] - [CallableStatement.getUpdateCount() returned -1]
2018-01-17 10:45:01,331 INFO [org.springframework.jdbc.core.JdbcTemplate] - [Added default SqlReturnResultSet parameter named #result-set-1]
2018-01-17 10:45:01,341 DEBUG [org.springframework.jdbc.core.JdbcTemplate] - [CallableStatement.getUpdateCount() returned -1]
2018-01-17 10:45:56,545 DEBUG [org.springframework.jdbc.core.JdbcTemplate] - [Calling stored procedure [{call empresa.pSelEmpresa04(?, ?, ?)}]]
2018-01-17 10:45:56,549 DEBUG [org.springframework.jdbc.core.StatementCreatorUtils] - [Setting SQL statement parameter value: column index 1, parameter value [60746948], value class [java.lang.Integer], SQL type 3]
2018-01-17 10:45:56,550 DEBUG [org.springframework.jdbc.core.StatementCreatorUtils] - [Setting SQL statement parameter value: column index 2, parameter value [1], value class [java.lang.Integer], SQL type 3]
2018-01-17 10:45:56,551 DEBUG [org.springframework.jdbc.core.StatementCreatorUtils] - [Setting SQL statement parameter value: column index 3, parameter value [12], value class [java.lang.Integer], SQL type 3]
2018-01-17 10:45:56,559 DEBUG [org.springframework.jdbc.core.JdbcTemplate] - [CallableStatement.execute() returned 'true']
2018-01-17 10:45:56,560 DEBUG [org.springframework.jdbc.core.JdbcTemplate] - [CallableStatement.getUpdateCount() returned -1]
2018-01-17 10:45:56,561 INFO [org.springframework.jdbc.core.JdbcTemplate] - [Added default SqlReturnResultSet parameter named #result-set-1]
2018-01-17 10:45:56,580 DEBUG [org.springframework.jdbc.core.JdbcTemplate] - [CallableStatement.getUpdateCount() returned -1]
2018-01-17 10:46:58,236 DEBUG [org.springframework.jdbc.core.JdbcTemplate] - [Calling stored procedure [{call webproprietaria.pUpdProcessoImport01(?, ?)}]]
2018-01-17 10:48:56,139 DEBUG [org.springframework.jdbc.core.JdbcTemplate] - [Calling stored procedure [{call sessao.pSelDadosSessao01(?)}]]
2018-01-17 10:48:56,141 DEBUG [org.springframework.jdbc.core.StatementCreatorUtils] - [Setting SQL statement parameter value: column index 1, parameter value [282868237176806376], value class [java.lang.String], SQL type 12]
2018-01-17 10:48:56,145 DEBUG [org.springframework.jdbc.core.JdbcTemplate] - [CallableStatement.execute() returned 'true']
2018-01-17 10:48:56,145 DEBUG [org.springframework.jdbc.core.JdbcTemplate] - [CallableStatement.getUpdateCount() returned -1]
2018-01-17 10:48:56,145 INFO [org.springframework.jdbc.core.JdbcTemplate] - [Added default SqlReturnResultSet parameter named #result-set-1]
2018-01-17 10:48:56,152 DEBUG [org.springframework.jdbc.core.JdbcTemplate] - [CallableStatement.getUpdateCount() returned -1]
2018-01-17 10:48:56,172 DEBUG [org.springframework.jdbc.core.JdbcTemplate] - [Calling stored procedure [{call menu.pSelVerificaPermissaoUsuarioMenu01(?, ?)}]]
2018-01-17 10:48:56,172 DEBUG [org.springframework.jdbc.core.StatementCreatorUtils] - [Setting SQL statement parameter value: column index 1, parameter value [303], value class [java.lang.Integer], SQL type 4]
2018-01-17 10:48:56,174 DEBUG [org.springframework.jdbc.core.StatementCreatorUtils] - [Setting SQL statement parameter value: column index 2, parameter value [7], value class [java.lang.Integer], SQL type 4]
2018-01-17 10:48:56,175 DEBUG [org.springframework.jdbc.core.JdbcTemplate] - [CallableStatement.execute() returned 'true']
2018-01-17 10:48:56,175 DEBUG [org.springframework.jdbc.core.JdbcTemplate] - [CallableStatement.getUpdateCount() returned -1]
2018-01-17 10:48:56,175 INFO [org.springframework.jdbc.core.JdbcTemplate] - [Added default SqlReturnResultSet parameter named #result-set-1]
2018-01-17 10:48:56,175 DEBUG [org.springframework.jdbc.core.JdbcTemplate] - [CallableStatement.getUpdateCount() returned -1]
2018-01-17 10:49:05,041 DEBUG [org.springframework.jdbc.core.JdbcTemplate] - [Calling stored procedure [{call sessao.pSelDadosSessao01(?)}]]
2018-01-17 10:49:05,041 DEBUG [org.springframework.jdbc.core.StatementCreatorUtils] - [Setting SQL statement parameter value: column index 1, parameter value [282868237176806376], value class [java.lang.String], SQL type 12]
2018-01-17 10:49:05,045 DEBUG [org.springframework.jdbc.core.JdbcTemplate] - [CallableStatement.execute() returned 'true']
2018-01-17 10:49:05,045 DEBUG [org.springframework.jdbc.core.JdbcTemplate] - [CallableStatement.getUpdateCount() returned -1]
2018-01-17 10:49:05,045 INFO [org.springframework.jdbc.core.JdbcTemplate] - [Added default SqlReturnResultSet parameter named #result-set-1]
2018-01-17 10:49:05,045 DEBUG [org.springframework.jdbc.core.JdbcTemplate] - [CallableStatement.getUpdateCount() returned -1]
2018-01-17 10:49:09,638 DEBUG [org.springframework.jdbc.core.JdbcTemplate] - [Calling stored procedure [{call usuario.pSelDadosUsuario03(?)}]]
2018-01-17 10:49:09,641 DEBUG [org.springframework.jdbc.core.StatementCreatorUtils] - [Setting SQL statement parameter value: column index 1, parameter value [7], value class [java.lang.Integer], SQL type 4]
2018-01-17 10:49:09,671 DEBUG [org.springframework.jdbc.core.JdbcTemplate] - [CallableStatement.execute() returned 'true']
2018-01-17 10:49:09,672 DEBUG [org.springframework.jdbc.core.JdbcTemplate] - [CallableStatement.getUpdateCount() returned -1]
2018-01-17 10:49:09,673 INFO [org.springframework.jdbc.core.JdbcTemplate] - [Added default SqlReturnResultSet parameter named #result-set-1]
2018-01-17 10:49:09,700 DEBUG [org.springframework.jdbc.core.JdbcTemplate] - [CallableStatement.getUpdateCount() returned -1]
2018-01-17 10:49:09,739 DEBUG [org.springframework.jdbc.core.JdbcTemplate] - [Calling stored procedure [{call usuario.pSelModuloHabilitadoUsuario01(?)}]]
2018-01-17 10:49:09,744 DEBUG [org.springframework.jdbc.core.StatementCreatorUtils] - [Setting SQL statement parameter value: column index 1, parameter value [7], value class [java.lang.Integer], SQL type 4]
2018-01-17 10:49:09,748 DEBUG [org.springframework.jdbc.core.JdbcTemplate] - [CallableStatement.execute() returned 'true']
2018-01-17 10:49:09,748 DEBUG [org.springframework.jdbc.core.JdbcTemplate] - [CallableStatement.getUpdateCount() returned -1]
2018-01-17 10:49:09,749 INFO [org.springframework.jdbc.core.JdbcTemplate] - [Added default SqlReturnResultSet parameter named #result-set-1]
2018-01-17 10:49:09,758 DEBUG [org.springframework.jdbc.core.JdbcTemplate] - [CallableStatement.getUpdateCount() returned -1]
2018-01-17 10:53:29,472 DEBUG [org.springframework.jdbc.core.JdbcTemplate] - [Calling stored procedure [{call sessao.pSelDadosSessao01(?)}]]
2018-01-17 10:53:29,475 DEBUG [org.springframework.jdbc.core.StatementCreatorUtils] - [Setting SQL statement parameter value: column index 1, parameter value [282868237176806376], value class [java.lang.String], SQL type 12]
2018-01-17 10:53:29,480 DEBUG [org.springframework.jdbc.core.JdbcTemplate] - [CallableStatement.execute() returned 'true']
2018-01-17 10:53:29,480 DEBUG [org.springframework.jdbc.core.JdbcTemplate] - [CallableStatement.getUpdateCount() returned -1]
2018-01-17 10:53:29,480 INFO [org.springframework.jdbc.core.JdbcTemplate] - [Added default SqlReturnResultSet parameter named #result-set-1]
2018-01-17 10:53:29,487 DEBUG [org.springframework.jdbc.core.JdbcTemplate] - [CallableStatement.getUpdateCount() returned -1]
2018-01-17 10:53:38,888 DEBUG [org.springframework.jdbc.core.JdbcTemplate] - [Calling stored procedure [{call sessao.pSelDadosSessao01(?)}]]
2018-01-17 10:53:38,888 DEBUG [org.springframework.jdbc.core.StatementCreatorUtils] - [Setting SQL statement parameter value: column index 1, parameter value [282868237176806376], value class [java.lang.String], SQL type 12]
2018-01-17 10:53:38,891 DEBUG [org.springframework.jdbc.core.JdbcTemplate] - [CallableStatement.execute() returned 'true']
2018-01-17 10:53:38,891 DEBUG [org.springframework.jdbc.core.JdbcTemplate] - [CallableStatement.getUpdateCount() returned -1]
2018-01-17 10:53:38,891 INFO [org.springframework.jdbc.core.JdbcTemplate] - [Added default SqlReturnResultSet parameter named #result-set-1]
2018-01-17 10:53:38,891 DEBUG [org.springframework.jdbc.core.JdbcTemplate] - [CallableStatement.getUpdateCount() returned -1]
2018-01-17 10:53:48,301 DEBUG [org.springframework.jdbc.core.JdbcTemplate] - [Calling stored procedure [{call usuario.pSelDadosUsuario03(?)}]]
2018-01-17 10:53:48,305 DEBUG [org.springframework.jdbc.core.StatementCreatorUtils] - [Setting SQL statement parameter value: column index 1, parameter value [7], value class [java.lang.Integer], SQL type 4]
2018-01-17 10:53:48,361 DEBUG [org.springframework.jdbc.core.JdbcTemplate] - [CallableStatement.execute() returned 'true']
2018-01-17 10:53:48,362 DEBUG [org.springframework.jdbc.core.JdbcTemplate] - [CallableStatement.getUpdateCount() returned -1]
2018-01-17 10:53:48,363 INFO [org.springframework.jdbc.core.JdbcTemplate] - [Added default SqlReturnResultSet parameter named #result-set-1]
2018-01-17 10:53:48,393 DEBUG [org.springframework.jdbc.core.JdbcTemplate] - [CallableStatement.getUpdateCount() returned -1]
2018-01-17 10:53:48,433 DEBUG [org.springframework.jdbc.core.JdbcTemplate] - [Calling stored procedure [{call usuario.pSelModuloHabilitadoUsuario01(?)}]]
2018-01-17 10:53:48,437 DEBUG [org.springframework.jdbc.core.StatementCreatorUtils] - [Setting SQL statement parameter value: column index 1, parameter value [7], value class [java.lang.Integer], SQL type 4]
2018-01-17 10:53:48,442 DEBUG [org.springframework.jdbc.core.JdbcTemplate] - [CallableStatement.execute() returned 'true']
2018-01-17 10:53:48,442 DEBUG [org.springframework.jdbc.core.JdbcTemplate] - [CallableStatement.getUpdateCount() returned -1]
2018-01-17 10:53:48,443 INFO [org.springframework.jdbc.core.JdbcTemplate] - [Added default SqlReturnResultSet parameter named #result-set-1]
2018-01-17 10:53:48,452 DEBUG [org.springframework.jdbc.core.JdbcTemplate] - [CallableStatement.getUpdateCount() returned -1]
2018-01-17 13:29:46,813 DEBUG [org.springframework.jdbc.core.JdbcTemplate] - [Calling stored procedure [{call sessao.pSelDadosSessao01(?)}]]
2018-01-17 13:29:46,815 DEBUG [org.springframework.jdbc.core.StatementCreatorUtils] - [Setting SQL statement parameter value: column index 1, parameter value [925014609278344347], value class [java.lang.String], SQL type 12]
2018-01-17 13:29:46,819 DEBUG [org.springframework.jdbc.core.JdbcTemplate] - [CallableStatement.execute() returned 'true']
2018-01-17 13:29:46,819 DEBUG [org.springframework.jdbc.core.JdbcTemplate] - [CallableStatement.getUpdateCount() returned -1]
2018-01-17 13:29:46,820 INFO [org.springframework.jdbc.core.JdbcTemplate] - [Added default SqlReturnResultSet parameter named #result-set-1]
2018-01-17 13:29:46,827 DEBUG [org.springframework.jdbc.core.JdbcTemplate] - [CallableStatement.getUpdateCount() returned -1]
2018-01-17 13:29:46,849 DEBUG [org.springframework.jdbc.core.JdbcTemplate] - [Calling stored procedure [{call menu.pSelVerificaPermissaoUsuarioMenu01(?, ?)}]]
2018-01-17 13:29:46,849 DEBUG [org.springframework.jdbc.core.StatementCreatorUtils] - [Setting SQL statement parameter value: column index 1, parameter value [303], value class [java.lang.Integer], SQL type 4]
2018-01-17 13:29:46,851 DEBUG [org.springframework.jdbc.core.StatementCreatorUtils] - [Setting SQL statement parameter value: column index 2, parameter value [7], value class [java.lang.Integer], SQL type 4]
2018-01-17 13:29:46,857 DEBUG [org.springframework.jdbc.core.JdbcTemplate] - [CallableStatement.execute() returned 'true']
2018-01-17 13:29:46,857 DEBUG [org.springframework.jdbc.core.JdbcTemplate] - [CallableStatement.getUpdateCount() returned -1]
2018-01-17 13:29:46,857 INFO [org.springframework.jdbc.core.JdbcTemplate] - [Added default SqlReturnResultSet parameter named #result-set-1]
2018-01-17 13:29:46,857 DEBUG [org.springframework.jdbc.core.JdbcTemplate] - [CallableStatement.getUpdateCount() returned -1]
2018-01-17 13:29:57,274 DEBUG [org.springframework.jdbc.core.JdbcTemplate] - [Calling stored procedure [{call sessao.pSelDadosSessao01(?)}]]
2018-01-17 13:29:57,274 DEBUG [org.springframework.jdbc.core.StatementCreatorUtils] - [Setting SQL statement parameter value: column index 1, parameter value [925014609278344347], value class [java.lang.String], SQL type 12]
2018-01-17 13:29:57,277 DEBUG [org.springframework.jdbc.core.JdbcTemplate] - [CallableStatement.execute() returned 'true']
2018-01-17 13:29:57,277 DEBUG [org.springframework.jdbc.core.JdbcTemplate] - [CallableStatement.getUpdateCount() returned -1]
2018-01-17 13:29:57,277 INFO [org.springframework.jdbc.core.JdbcTemplate] - [Added default SqlReturnResultSet parameter named #result-set-1]
2018-01-17 13:29:57,278 DEBUG [org.springframework.jdbc.core.JdbcTemplate] - [CallableStatement.getUpdateCount() returned -1]
2018-01-17 13:30:06,864 DEBUG [org.springframework.jdbc.core.JdbcTemplate] - [Calling stored procedure [{call usuario.pSelDadosUsuario03(?)}]]
2018-01-17 13:30:06,867 DEBUG [org.springframework.jdbc.core.StatementCreatorUtils] - [Setting SQL statement parameter value: column index 1, parameter value [7], value class [java.lang.Integer], SQL type 4]
2018-01-17 13:30:06,901 DEBUG [org.springframework.jdbc.core.JdbcTemplate] - [CallableStatement.execute() returned 'true']
2018-01-17 13:30:06,901 DEBUG [org.springframework.jdbc.core.JdbcTemplate] - [CallableStatement.getUpdateCount() returned -1]
2018-01-17 13:30:06,902 INFO [org.springframework.jdbc.core.JdbcTemplate] - [Added default SqlReturnResultSet parameter named #result-set-1]
2018-01-17 13:30:06,930 DEBUG [org.springframework.jdbc.core.JdbcTemplate] - [CallableStatement.getUpdateCount() returned -1]
2018-01-17 13:30:06,968 DEBUG [org.springframework.jdbc.core.JdbcTemplate] - [Calling stored procedure [{call usuario.pSelModuloHabilitadoUsuario01(?)}]]
2018-01-17 13:30:06,972 DEBUG [org.springframework.jdbc.core.StatementCreatorUtils] - [Setting SQL statement parameter value: column index 1, parameter value [7], value class [java.lang.Integer], SQL type 4]
2018-01-17 13:30:06,976 DEBUG [org.springframework.jdbc.core.JdbcTemplate] - [CallableStatement.execute() returned 'true']
2018-01-17 13:30:06,977 DEBUG [org.springframework.jdbc.core.JdbcTemplate] - [CallableStatement.getUpdateCount() returned -1]
2018-01-17 13:30:06,978 INFO [org.springframework.jdbc.core.JdbcTemplate] - [Added default SqlReturnResultSet parameter named #result-set-1]
2018-01-17 13:30:06,987 DEBUG [org.springframework.jdbc.core.JdbcTemplate] - [CallableStatement.getUpdateCount() returned -1]
2018-01-17 13:31:54,845 DEBUG [org.springframework.jdbc.core.JdbcTemplate] - [Calling stored procedure [{call sessao.pSelDadosSessao01(?)}]]
2018-01-17 13:31:54,848 DEBUG [org.springframework.jdbc.core.StatementCreatorUtils] - [Setting SQL statement parameter value: column index 1, parameter value [925014609278344347], value class [java.lang.String], SQL type 12]
2018-01-17 13:31:54,856 DEBUG [org.springframework.jdbc.core.JdbcTemplate] - [CallableStatement.execute() returned 'true']
2018-01-17 13:31:54,857 DEBUG [org.springframework.jdbc.core.JdbcTemplate] - [CallableStatement.getUpdateCount() returned -1]
2018-01-17 13:31:54,858 INFO [org.springframework.jdbc.core.JdbcTemplate] - [Added default SqlReturnResultSet parameter named #result-set-1]
2018-01-17 13:31:54,866 DEBUG [org.springframework.jdbc.core.JdbcTemplate] - [CallableStatement.getUpdateCount() returned -1]
2018-01-17 13:32:05,231 DEBUG [org.springframework.jdbc.core.JdbcTemplate] - [Calling stored procedure [{call sessao.pSelDadosSessao01(?)}]]
2018-01-17 13:32:05,235 DEBUG [org.springframework.jdbc.core.StatementCreatorUtils] - [Setting SQL statement parameter value: column index 1, parameter value [925014609278344347], value class [java.lang.String], SQL type 12]
2018-01-17 13:32:05,243 DEBUG [org.springframework.jdbc.core.JdbcTemplate] - [CallableStatement.execute() returned 'true']
2018-01-17 13:32:05,243 DEBUG [org.springframework.jdbc.core.JdbcTemplate] - [CallableStatement.getUpdateCount() returned -1]
2018-01-17 13:32:05,244 INFO [org.springframework.jdbc.core.JdbcTemplate] - [Added default SqlReturnResultSet parameter named #result-set-1]
2018-01-17 13:32:05,253 DEBUG [org.springframework.jdbc.core.JdbcTemplate] - [CallableStatement.getUpdateCount() returned -1]
2018-01-17 13:32:07,951 DEBUG [org.springframework.jdbc.core.JdbcTemplate] - [Calling stored procedure [{call usuario.pSelDadosUsuario03(?)}]]
2018-01-17 13:32:07,956 DEBUG [org.springframework.jdbc.core.StatementCreatorUtils] - [Setting SQL statement parameter value: column index 1, parameter value [7], value class [java.lang.Integer], SQL type 4]
2018-01-17 13:32:07,966 DEBUG [org.springframework.jdbc.core.JdbcTemplate] - [CallableStatement.execute() returned 'true']
2018-01-17 13:32:07,967 DEBUG [org.springframework.jdbc.core.JdbcTemplate] - [CallableStatement.getUpdateCount() returned -1]
2018-01-17 13:32:07,968 INFO [org.springframework.jdbc.core.JdbcTemplate] - [Added default SqlReturnResultSet parameter named #result-set-1]
2018-01-17 13:32:07,997 DEBUG [org.springframework.jdbc.core.JdbcTemplate] - [CallableStatement.getUpdateCount() returned -1]
2018-01-17 13:32:08,038 DEBUG [org.springframework.jdbc.core.JdbcTemplate] - [Calling stored procedure [{call usuario.pSelModuloHabilitadoUsuario01(?)}]]
2018-01-17 13:32:08,043 DEBUG [org.springframework.jdbc.core.StatementCreatorUtils] - [Setting SQL statement parameter value: column index 1, parameter value [7], value class [java.lang.Integer], SQL type 4]
2018-01-17 13:32:08,047 DEBUG [org.springframework.jdbc.core.JdbcTemplate] - [CallableStatement.execute() returned 'true']
2018-01-17 13:32:08,048 DEBUG [org.springframework.jdbc.core.JdbcTemplate] - [CallableStatement.getUpdateCount() returned -1]
2018-01-17 13:32:08,048 INFO [org.springframework.jdbc.core.JdbcTemplate] - [Added default SqlReturnResultSet parameter named #result-set-1]
2018-01-17 13:32:08,057 DEBUG [org.springframework.jdbc.core.JdbcTemplate] - [CallableStatement.getUpdateCount() returned -1]
2018-01-17 13:34:05,629 DEBUG [org.springframework.jdbc.core.JdbcTemplate] - [Calling stored procedure [{call sessao.pSelDadosSessao01(?)}]]
2018-01-17 13:34:05,634 DEBUG [org.springframework.jdbc.core.StatementCreatorUtils] - [Setting SQL statement parameter value: column index 1, parameter value [925014609278344347], value class [java.lang.String], SQL type 12]
2018-01-17 13:34:05,643 DEBUG [org.springframework.jdbc.core.JdbcTemplate] - [CallableStatement.execute() returned 'true']
2018-01-17 13:34:05,644 DEBUG [org.springframework.jdbc.core.JdbcTemplate] - [CallableStatement.getUpdateCount() returned -1]
2018-01-17 13:34:05,646 INFO [org.springframework.jdbc.core.JdbcTemplate] - [Added default SqlReturnResultSet parameter named #result-set-1]
2018-01-17 13:34:05,660 DEBUG [org.springframework.jdbc.core.JdbcTemplate] - [CallableStatement.getUpdateCount() returned -1]
2018-01-17 13:34:06,244 DEBUG [org.springframework.jdbc.core.JdbcTemplate] - [Calling stored procedure [{call usuario.pSelDadosUsuario03(?)}]]
2018-01-17 13:34:06,247 DEBUG [org.springframework.jdbc.core.StatementCreatorUtils] - [Setting SQL statement parameter value: column index 1, parameter value [7], value class [java.lang.Integer], SQL type 4]
2018-01-17 13:34:06,255 DEBUG [org.springframework.jdbc.core.JdbcTemplate] - [CallableStatement.execute() returned 'true']
2018-01-17 13:34:06,256 DEBUG [org.springframework.jdbc.core.JdbcTemplate] - [CallableStatement.getUpdateCount() returned -1]
2018-01-17 13:34:06,257 INFO [org.springframework.jdbc.core.JdbcTemplate] - [Added default SqlReturnResultSet parameter named #result-set-1]
2018-01-17 13:34:06,284 DEBUG [org.springframework.jdbc.core.JdbcTemplate] - [CallableStatement.getUpdateCount() returned -1]
2018-01-17 13:34:06,324 DEBUG [org.springframework.jdbc.core.JdbcTemplate] - [Calling stored procedure [{call usuario.pSelModuloHabilitadoUsuario01(?)}]]
2018-01-17 13:34:06,328 DEBUG [org.springframework.jdbc.core.StatementCreatorUtils] - [Setting SQL statement parameter value: column index 1, parameter value [7], value class [java.lang.Integer], SQL type 4]
2018-01-17 13:34:06,332 DEBUG [org.springframework.jdbc.core.JdbcTemplate] - [CallableStatement.execute() returned 'true']
2018-01-17 13:34:06,333 DEBUG [org.springframework.jdbc.core.JdbcTemplate] - [CallableStatement.getUpdateCount() returned -1]
2018-01-17 13:34:06,334 INFO [org.springframework.jdbc.core.JdbcTemplate] - [Added default SqlReturnResultSet parameter named #result-set-1]
2018-01-17 13:34:06,343 DEBUG [org.springframework.jdbc.core.JdbcTemplate] - [CallableStatement.getUpdateCount() returned -1]
2018-01-17 15:52:59,672 DEBUG [org.springframework.jdbc.core.JdbcTemplate] - [Calling stored procedure [{call sessao.pSelDadosSessao01(?)}]]
2018-01-17 15:52:59,673 DEBUG [org.springframework.jdbc.core.StatementCreatorUtils] - [Setting SQL statement parameter value: column index 1, parameter value [309962068714135036], value class [java.lang.String], SQL type 12]
2018-01-17 15:52:59,676 DEBUG [org.springframework.jdbc.core.JdbcTemplate] - [CallableStatement.execute() returned 'true']
2018-01-17 15:52:59,676 DEBUG [org.springframework.jdbc.core.JdbcTemplate] - [CallableStatement.getUpdateCount() returned -1]
2018-01-17 15:52:59,676 INFO [org.springframework.jdbc.core.JdbcTemplate] - [Added default SqlReturnResultSet parameter named #result-set-1]
2018-01-17 15:52:59,683 DEBUG [org.springframework.jdbc.core.JdbcTemplate] - [CallableStatement.getUpdateCount() returned -1]
2018-01-17 15:52:59,707 DEBUG [org.springframework.jdbc.core.JdbcTemplate] - [Calling stored procedure [{call menu.pSelVerificaPermissaoUsuarioMenu01(?, ?)}]]
2018-01-17 15:52:59,707 DEBUG [org.springframework.jdbc.core.StatementCreatorUtils] - [Setting SQL statement parameter value: column index 1, parameter value [303], value class [java.lang.Integer], SQL type 4]
2018-01-17 15:52:59,709 DEBUG [org.springframework.jdbc.core.StatementCreatorUtils] - [Setting SQL statement parameter value: column index 2, parameter value [1], value class [java.lang.Integer], SQL type 4]
2018-01-17 15:52:59,725 DEBUG [org.springframework.jdbc.core.JdbcTemplate] - [CallableStatement.execute() returned 'true']
2018-01-17 15:52:59,725 DEBUG [org.springframework.jdbc.core.JdbcTemplate] - [CallableStatement.getUpdateCount() returned -1]
2018-01-17 15:52:59,725 INFO [org.springframework.jdbc.core.JdbcTemplate] - [Added default SqlReturnResultSet parameter named #result-set-1]
2018-01-17 15:52:59,725 DEBUG [org.springframework.jdbc.core.JdbcTemplate] - [CallableStatement.getUpdateCount() returned -1]
2018-01-17 15:53:20,661 DEBUG [org.springframework.jdbc.core.JdbcTemplate] - [Calling stored procedure [{call sessao.pSelDadosSessao01(?)}]]
2018-01-17 15:53:20,661 DEBUG [org.springframework.jdbc.core.StatementCreatorUtils] - [Setting SQL statement parameter value: column index 1, parameter value [309962068714135036], value class [java.lang.String], SQL type 12]
2018-01-17 15:53:20,663 DEBUG [org.springframework.jdbc.core.JdbcTemplate] - [CallableStatement.execute() returned 'true']
2018-01-17 15:53:20,663 DEBUG [org.springframework.jdbc.core.JdbcTemplate] - [CallableStatement.getUpdateCount() returned -1]
2018-01-17 15:53:20,663 INFO [org.springframework.jdbc.core.JdbcTemplate] - [Added default SqlReturnResultSet parameter named #result-set-1]
2018-01-17 15:53:20,663 DEBUG [org.springframework.jdbc.core.JdbcTemplate] - [CallableStatement.getUpdateCount() returned -1]
2018-01-17 15:53:20,763 DEBUG [org.springframework.jdbc.core.JdbcTemplate] - [Calling stored procedure [{call usuario.pSelDadosUsuario03(?)}]]
2018-01-17 15:53:20,763 DEBUG [org.springframework.jdbc.core.StatementCreatorUtils] - [Setting SQL statement parameter value: column index 1, parameter value [1], value class [java.lang.Integer], SQL type 4]
2018-01-17 15:53:20,767 DEBUG [org.springframework.jdbc.core.JdbcTemplate] - [CallableStatement.execute() returned 'true']
2018-01-17 15:53:20,767 DEBUG [org.springframework.jdbc.core.JdbcTemplate] - [CallableStatement.getUpdateCount() returned -1]
2018-01-17 15:53:20,767 INFO [org.springframework.jdbc.core.JdbcTemplate] - [Added default SqlReturnResultSet parameter named #result-set-1]
2018-01-17 15:53:20,768 DEBUG [org.springframework.jdbc.core.JdbcTemplate] - [CallableStatement.getUpdateCount() returned -1]
2018-01-17 15:53:20,782 DEBUG [org.springframework.jdbc.core.JdbcTemplate] - [Calling stored procedure [{call usuario.pSelModuloHabilitadoUsuario01(?)}]]
2018-01-17 15:53:20,782 DEBUG [org.springframework.jdbc.core.StatementCreatorUtils] - [Setting SQL statement parameter value: column index 1, parameter value [1], value class [java.lang.Integer], SQL type 4]
2018-01-17 15:53:20,783 DEBUG [org.springframework.jdbc.core.JdbcTemplate] - [CallableStatement.execute() returned 'true']
2018-01-17 15:53:20,783 DEBUG [org.springframework.jdbc.core.JdbcTemplate] - [CallableStatement.getUpdateCount() returned -1]
2018-01-17 15:53:20,783 INFO [org.springframework.jdbc.core.JdbcTemplate] - [Added default SqlReturnResultSet parameter named #result-set-1]
2018-01-17 15:53:20,784 DEBUG [org.springframework.jdbc.core.JdbcTemplate] - [CallableStatement.getUpdateCount() returned -1]
2018-01-17 15:53:31,937 DEBUG [org.springframework.jdbc.core.JdbcTemplate] - [Calling stored procedure [{call empresa.pSelCpfEmpresa01()}]]
2018-01-17 16:00:01,222 DEBUG [org.springframework.jdbc.core.JdbcTemplate] - [Calling stored procedure [{call sessao.pSelDadosSessao01(?)}]]
2018-01-17 16:00:01,226 DEBUG [org.springframework.jdbc.core.StatementCreatorUtils] - [Setting SQL statement parameter value: column index 1, parameter value [309962068714135036], value class [java.lang.String], SQL type 12]
2018-01-17 16:00:01,229 DEBUG [org.springframework.jdbc.core.JdbcTemplate] - [CallableStatement.execute() returned 'true']
2018-01-17 16:00:01,229 DEBUG [org.springframework.jdbc.core.JdbcTemplate] - [CallableStatement.getUpdateCount() returned -1]
2018-01-17 16:00:01,229 INFO [org.springframework.jdbc.core.JdbcTemplate] - [Added default SqlReturnResultSet parameter named #result-set-1]
2018-01-17 16:00:01,236 DEBUG [org.springframework.jdbc.core.JdbcTemplate] - [CallableStatement.getUpdateCount() returned -1]
2018-01-17 16:00:11,531 DEBUG [org.springframework.jdbc.core.JdbcTemplate] - [Calling stored procedure [{call sessao.pSelDadosSessao01(?)}]]
2018-01-17 16:00:11,532 DEBUG [org.springframework.jdbc.core.StatementCreatorUtils] - [Setting SQL statement parameter value: column index 1, parameter value [309962068714135036], value class [java.lang.String], SQL type 12]
2018-01-17 16:00:11,534 DEBUG [org.springframework.jdbc.core.JdbcTemplate] - [CallableStatement.execute() returned 'true']
2018-01-17 16:00:11,534 DEBUG [org.springframework.jdbc.core.JdbcTemplate] - [CallableStatement.getUpdateCount() returned -1]
2018-01-17 16:00:11,534 INFO [org.springframework.jdbc.core.JdbcTemplate] - [Added default SqlReturnResultSet parameter named #result-set-1]
2018-01-17 16:00:11,534 DEBUG [org.springframework.jdbc.core.JdbcTemplate] - [CallableStatement.getUpdateCount() returned -1]
2018-01-17 16:00:11,585 DEBUG [org.springframework.jdbc.core.JdbcTemplate] - [Calling stored procedure [{call usuario.pSelDadosUsuario03(?)}]]
2018-01-17 16:00:11,585 DEBUG [org.springframework.jdbc.core.StatementCreatorUtils] - [Setting SQL statement parameter value: column index 1, parameter value [1], value class [java.lang.Integer], SQL type 4]
2018-01-17 16:00:11,600 DEBUG [org.springframework.jdbc.core.JdbcTemplate] - [CallableStatement.execute() returned 'true']
2018-01-17 16:00:11,600 DEBUG [org.springframework.jdbc.core.JdbcTemplate] - [CallableStatement.getUpdateCount() returned -1]
2018-01-17 16:00:11,600 INFO [org.springframework.jdbc.core.JdbcTemplate] - [Added default SqlReturnResultSet parameter named #result-set-1]
2018-01-17 16:00:11,601 DEBUG [org.springframework.jdbc.core.JdbcTemplate] - [CallableStatement.getUpdateCount() returned -1]
2018-01-17 16:00:11,612 DEBUG [org.springframework.jdbc.core.JdbcTemplate] - [Calling stored procedure [{call usuario.pSelModuloHabilitadoUsuario01(?)}]]
2018-01-17 16:00:11,612 DEBUG [org.springframework.jdbc.core.StatementCreatorUtils] - [Setting SQL statement parameter value: column index 1, parameter value [1], value class [java.lang.Integer], SQL type 4]
2018-01-17 16:00:11,620 DEBUG [org.springframework.jdbc.core.JdbcTemplate] - [CallableStatement.execute() returned 'true']
2018-01-17 16:00:11,620 DEBUG [org.springframework.jdbc.core.JdbcTemplate] - [CallableStatement.getUpdateCount() returned -1]
2018-01-17 16:00:11,620 INFO [org.springframework.jdbc.core.JdbcTemplate] - [Added default SqlReturnResultSet parameter named #result-set-1]
2018-01-17 16:00:11,620 DEBUG [org.springframework.jdbc.core.JdbcTemplate] - [CallableStatement.getUpdateCount() returned -1]
2018-01-17 16:00:32,659 DEBUG [org.springframework.jdbc.core.JdbcTemplate] - [Calling stored procedure [{call empresa.pSelCpfEmpresa01()}]]
2018-01-17 16:10:00,412 DEBUG [org.springframework.jdbc.core.JdbcTemplate] - [Calling stored procedure [{call sessao.pSelDadosSessao01(?)}]]
2018-01-17 16:10:00,414 DEBUG [org.springframework.jdbc.core.StatementCreatorUtils] - [Setting SQL statement parameter value: column index 1, parameter value [755860944781410063], value class [java.lang.String], SQL type 12]
2018-01-17 16:10:00,416 DEBUG [org.springframework.jdbc.core.JdbcTemplate] - [CallableStatement.execute() returned 'true']
2018-01-17 16:10:00,416 DEBUG [org.springframework.jdbc.core.JdbcTemplate] - [CallableStatement.getUpdateCount() returned -1]
2018-01-17 16:10:00,416 INFO [org.springframework.jdbc.core.JdbcTemplate] - [Added default SqlReturnResultSet parameter named #result-set-1]
2018-01-17 16:10:00,423 DEBUG [org.springframework.jdbc.core.JdbcTemplate] - [CallableStatement.getUpdateCount() returned -1]
2018-01-17 16:10:00,440 DEBUG [org.springframework.jdbc.core.JdbcTemplate] - [Calling stored procedure [{call menu.pSelVerificaPermissaoUsuarioMenu01(?, ?)}]]
2018-01-17 16:10:00,440 DEBUG [org.springframework.jdbc.core.StatementCreatorUtils] - [Setting SQL statement parameter value: column index 1, parameter value [303], value class [java.lang.Integer], SQL type 4]
2018-01-17 16:10:00,442 DEBUG [org.springframework.jdbc.core.StatementCreatorUtils] - [Setting SQL statement parameter value: column index 2, parameter value [1], value class [java.lang.Integer], SQL type 4]
2018-01-17 16:10:00,443 DEBUG [org.springframework.jdbc.core.JdbcTemplate] - [CallableStatement.execute() returned 'true']
2018-01-17 16:10:00,443 DEBUG [org.springframework.jdbc.core.JdbcTemplate] - [CallableStatement.getUpdateCount() returned -1]
2018-01-17 16:10:00,443 INFO [org.springframework.jdbc.core.JdbcTemplate] - [Added default SqlReturnResultSet parameter named #result-set-1]
2018-01-17 16:10:00,443 DEBUG [org.springframework.jdbc.core.JdbcTemplate] - [CallableStatement.getUpdateCount() returned -1]
2018-01-17 16:10:06,967 DEBUG [org.springframework.jdbc.core.JdbcTemplate] - [Calling stored procedure [{call sessao.pSelDadosSessao01(?)}]]
2018-01-17 16:10:06,967 DEBUG [org.springframework.jdbc.core.StatementCreatorUtils] - [Setting SQL statement parameter value: column index 1, parameter value [755860944781410063], value class [java.lang.String], SQL type 12]
2018-01-17 16:10:06,968 DEBUG [org.springframework.jdbc.core.JdbcTemplate] - [CallableStatement.execute() returned 'true']
2018-01-17 16:10:06,968 DEBUG [org.springframework.jdbc.core.JdbcTemplate] - [CallableStatement.getUpdateCount() returned -1]
2018-01-17 16:10:06,968 INFO [org.springframework.jdbc.core.JdbcTemplate] - [Added default SqlReturnResultSet parameter named #result-set-1]
2018-01-17 16:10:06,969 DEBUG [org.springframework.jdbc.core.JdbcTemplate] - [CallableStatement.getUpdateCount() returned -1]
2018-01-17 16:10:07,024 DEBUG [org.springframework.jdbc.core.JdbcTemplate] - [Calling stored procedure [{call usuario.pSelDadosUsuario03(?)}]]
2018-01-17 16:10:07,024 DEBUG [org.springframework.jdbc.core.StatementCreatorUtils] - [Setting SQL statement parameter value: column index 1, parameter value [1], value class [java.lang.Integer], SQL type 4]
2018-01-17 16:10:07,028 DEBUG [org.springframework.jdbc.core.JdbcTemplate] - [CallableStatement.execute() returned 'true']
2018-01-17 16:10:07,028 DEBUG [org.springframework.jdbc.core.JdbcTemplate] - [CallableStatement.getUpdateCount() returned -1]
2018-01-17 16:10:07,028 INFO [org.springframework.jdbc.core.JdbcTemplate] - [Added default SqlReturnResultSet parameter named #result-set-1]
2018-01-17 16:10:07,029 DEBUG [org.springframework.jdbc.core.JdbcTemplate] - [CallableStatement.getUpdateCount() returned -1]
2018-01-17 16:10:07,039 DEBUG [org.springframework.jdbc.core.JdbcTemplate] - [Calling stored procedure [{call usuario.pSelModuloHabilitadoUsuario01(?)}]]
2018-01-17 16:10:07,039 DEBUG [org.springframework.jdbc.core.StatementCreatorUtils] - [Setting SQL statement parameter value: column index 1, parameter value [1], value class [java.lang.Integer], SQL type 4]
2018-01-17 16:10:07,040 DEBUG [org.springframework.jdbc.core.JdbcTemplate] - [CallableStatement.execute() returned 'true']
2018-01-17 16:10:07,040 DEBUG [org.springframework.jdbc.core.JdbcTemplate] - [CallableStatement.getUpdateCount() returned -1]
2018-01-17 16:10:07,040 INFO [org.springframework.jdbc.core.JdbcTemplate] - [Added default SqlReturnResultSet parameter named #result-set-1]
2018-01-17 16:10:07,041 DEBUG [org.springframework.jdbc.core.JdbcTemplate] - [CallableStatement.getUpdateCount() returned -1]
2018-01-17 16:10:18,854 DEBUG [org.springframework.jdbc.core.JdbcTemplate] - [Calling stored procedure [{call empresa.pSelCpfEmpresa01()}]]
2018-01-17 16:29:07,675 DEBUG [org.springframework.jdbc.core.JdbcTemplate] - [Calling stored procedure [{call sessao.pSelDadosSessao01(?)}]]
2018-01-17 16:29:07,676 DEBUG [org.springframework.jdbc.core.StatementCreatorUtils] - [Setting SQL statement parameter value: column index 1, parameter value [758533795807371952], value class [java.lang.String], SQL type 12]
2018-01-17 16:29:07,680 DEBUG [org.springframework.jdbc.core.JdbcTemplate] - [CallableStatement.execute() returned 'true']
2018-01-17 16:29:07,680 DEBUG [org.springframework.jdbc.core.JdbcTemplate] - [CallableStatement.getUpdateCount() returned -1]
2018-01-17 16:29:07,681 INFO [org.springframework.jdbc.core.JdbcTemplate] - [Added default SqlReturnResultSet parameter named #result-set-1]
2018-01-17 16:29:07,688 DEBUG [org.springframework.jdbc.core.JdbcTemplate] - [CallableStatement.getUpdateCount() returned -1]
2018-01-17 16:29:07,707 DEBUG [org.springframework.jdbc.core.JdbcTemplate] - [Calling stored procedure [{call menu.pSelVerificaPermissaoUsuarioMenu01(?, ?)}]]
2018-01-17 16:29:07,707 DEBUG [org.springframework.jdbc.core.StatementCreatorUtils] - [Setting SQL statement parameter value: column index 1, parameter value [303], value class [java.lang.Integer], SQL type 4]
2018-01-17 16:29:07,709 DEBUG [org.springframework.jdbc.core.StatementCreatorUtils] - [Setting SQL statement parameter value: column index 2, parameter value [7], value class [java.lang.Integer], SQL type 4]
2018-01-17 16:29:07,714 DEBUG [org.springframework.jdbc.core.JdbcTemplate] - [CallableStatement.execute() returned 'true']
2018-01-17 16:29:07,714 DEBUG [org.springframework.jdbc.core.JdbcTemplate] - [CallableStatement.getUpdateCount() returned -1]
2018-01-17 16:29:07,714 INFO [org.springframework.jdbc.core.JdbcTemplate] - [Added default SqlReturnResultSet parameter named #result-set-1]
2018-01-17 16:29:07,715 DEBUG [org.springframework.jdbc.core.JdbcTemplate] - [CallableStatement.getUpdateCount() returned -1]
2018-01-17 16:29:14,508 DEBUG [org.springframework.jdbc.core.JdbcTemplate] - [Calling stored procedure [{call sessao.pSelDadosSessao01(?)}]]
2018-01-17 16:29:14,509 DEBUG [org.springframework.jdbc.core.StatementCreatorUtils] - [Setting SQL statement parameter value: column index 1, parameter value [758533795807371952], value class [java.lang.String], SQL type 12]
2018-01-17 16:29:14,511 DEBUG [org.springframework.jdbc.core.JdbcTemplate] - [CallableStatement.execute() returned 'true']
2018-01-17 16:29:14,511 DEBUG [org.springframework.jdbc.core.JdbcTemplate] - [CallableStatement.getUpdateCount() returned -1]
2018-01-17 16:29:14,511 INFO [org.springframework.jdbc.core.JdbcTemplate] - [Added default SqlReturnResultSet parameter named #result-set-1]
2018-01-17 16:29:14,512 DEBUG [org.springframework.jdbc.core.JdbcTemplate] - [CallableStatement.getUpdateCount() returned -1]
2018-01-17 16:29:14,574 DEBUG [org.springframework.jdbc.core.JdbcTemplate] - [Calling stored procedure [{call usuario.pSelDadosUsuario03(?)}]]
2018-01-17 16:29:14,574 DEBUG [org.springframework.jdbc.core.StatementCreatorUtils] - [Setting SQL statement parameter value: column index 1, parameter value [7], value class [java.lang.Integer], SQL type 4]
2018-01-17 16:29:14,578 DEBUG [org.springframework.jdbc.core.JdbcTemplate] - [CallableStatement.execute() returned 'true']
2018-01-17 16:29:14,578 DEBUG [org.springframework.jdbc.core.JdbcTemplate] - [CallableStatement.getUpdateCount() returned -1]
2018-01-17 16:29:14,578 INFO [org.springframework.jdbc.core.JdbcTemplate] - [Added default SqlReturnResultSet parameter named #result-set-1]
2018-01-17 16:29:14,579 DEBUG [org.springframework.jdbc.core.JdbcTemplate] - [CallableStatement.getUpdateCount() returned -1]
2018-01-17 16:29:14,592 DEBUG [org.springframework.jdbc.core.JdbcTemplate] - [Calling stored procedure [{call usuario.pSelModuloHabilitadoUsuario01(?)}]]
2018-01-17 16:29:14,592 DEBUG [org.springframework.jdbc.core.StatementCreatorUtils] - [Setting SQL statement parameter value: column index 1, parameter value [7], value class [java.lang.Integer], SQL type 4]
2018-01-17 16:29:14,593 DEBUG [org.springframework.jdbc.core.JdbcTemplate] - [CallableStatement.execute() returned 'true']
2018-01-17 16:29:14,593 DEBUG [org.springframework.jdbc.core.JdbcTemplate] - [CallableStatement.getUpdateCount() returned -1]
2018-01-17 16:29:14,593 INFO [org.springframework.jdbc.core.JdbcTemplate] - [Added default SqlReturnResultSet parameter named #result-set-1]
2018-01-17 16:29:14,594 DEBUG [org.springframework.jdbc.core.JdbcTemplate] - [CallableStatement.getUpdateCount() returned -1]
2018-01-17 16:29:19,983 DEBUG [org.springframework.jdbc.core.JdbcTemplate] - [Calling stored procedure [{call sessao.pSelDadosSessao01(?)}]]
2018-01-17 16:29:19,983 DEBUG [org.springframework.jdbc.core.StatementCreatorUtils] - [Setting SQL statement parameter value: column index 1, parameter value [758533795807371952], value class [java.lang.String], SQL type 12]
2018-01-17 16:29:19,986 DEBUG [org.springframework.jdbc.core.JdbcTemplate] - [CallableStatement.execute() returned 'true']
2018-01-17 16:29:19,986 DEBUG [org.springframework.jdbc.core.JdbcTemplate] - [CallableStatement.getUpdateCount() returned -1]
2018-01-17 16:29:19,986 INFO [org.springframework.jdbc.core.JdbcTemplate] - [Added default SqlReturnResultSet parameter named #result-set-1]
2018-01-17 16:29:19,987 DEBUG [org.springframework.jdbc.core.JdbcTemplate] - [CallableStatement.getUpdateCount() returned -1]
2018-01-17 16:29:20,023 DEBUG [org.springframework.jdbc.core.JdbcTemplate] - [Calling stored procedure [{call usuario.pSelDadosUsuario03(?)}]]
2018-01-17 16:29:20,024 DEBUG [org.springframework.jdbc.core.StatementCreatorUtils] - [Setting SQL statement parameter value: column index 1, parameter value [7], value class [java.lang.Integer], SQL type 4]
2018-01-17 16:29:20,025 DEBUG [org.springframework.jdbc.core.JdbcTemplate] - [CallableStatement.execute() returned 'true']
2018-01-17 16:29:20,025 DEBUG [org.springframework.jdbc.core.JdbcTemplate] - [CallableStatement.getUpdateCount() returned -1]
2018-01-17 16:29:20,025 INFO [org.springframework.jdbc.core.JdbcTemplate] - [Added default SqlReturnResultSet parameter named #result-set-1]
2018-01-17 16:29:20,026 DEBUG [org.springframework.jdbc.core.JdbcTemplate] - [CallableStatement.getUpdateCount() returned -1]
2018-01-17 16:29:20,036 DEBUG [org.springframework.jdbc.core.JdbcTemplate] - [Calling stored procedure [{call usuario.pSelModuloHabilitadoUsuario01(?)}]]
2018-01-17 16:29:20,036 DEBUG [org.springframework.jdbc.core.StatementCreatorUtils] - [Setting SQL statement parameter value: column index 1, parameter value [7], value class [java.lang.Integer], SQL type 4]
2018-01-17 16:29:20,037 DEBUG [org.springframework.jdbc.core.JdbcTemplate] - [CallableStatement.execute() returned 'true']
2018-01-17 16:29:20,038 DEBUG [org.springframework.jdbc.core.JdbcTemplate] - [CallableStatement.getUpdateCount() returned -1]
2018-01-17 16:29:20,038 INFO [org.springframework.jdbc.core.JdbcTemplate] - [Added default SqlReturnResultSet parameter named #result-set-1]
2018-01-17 16:29:20,038 DEBUG [org.springframework.jdbc.core.JdbcTemplate] - [CallableStatement.getUpdateCount() returned -1]
2018-01-17 16:31:39,792 DEBUG [org.springframework.jdbc.core.JdbcTemplate] - [Calling stored procedure [{call sessao.pSelDadosSessao01(?)}]]
2018-01-17 16:31:39,796 DEBUG [org.springframework.jdbc.core.StatementCreatorUtils] - [Setting SQL statement parameter value: column index 1, parameter value [758533795807371952], value class [java.lang.String], SQL type 12]
2018-01-17 16:31:39,801 DEBUG [org.springframework.jdbc.core.JdbcTemplate] - [CallableStatement.execute() returned 'true']
2018-01-17 16:31:39,802 DEBUG [org.springframework.jdbc.core.JdbcTemplate] - [CallableStatement.getUpdateCount() returned -1]
2018-01-17 16:31:39,802 INFO [org.springframework.jdbc.core.JdbcTemplate] - [Added default SqlReturnResultSet parameter named #result-set-1]
2018-01-17 16:31:39,809 DEBUG [org.springframework.jdbc.core.JdbcTemplate] - [CallableStatement.getUpdateCount() returned -1]
2018-01-17 16:31:40,194 DEBUG [org.springframework.jdbc.core.JdbcTemplate] - [Calling stored procedure [{call usuario.pSelDadosUsuario03(?)}]]
2018-01-17 16:31:40,194 DEBUG [org.springframework.jdbc.core.StatementCreatorUtils] - [Setting SQL statement parameter value: column index 1, parameter value [7], value class [java.lang.Integer], SQL type 4]
2018-01-17 16:31:40,209 DEBUG [org.springframework.jdbc.core.JdbcTemplate] - [CallableStatement.execute() returned 'true']
2018-01-17 16:31:40,209 DEBUG [org.springframework.jdbc.core.JdbcTemplate] - [CallableStatement.getUpdateCount() returned -1]
2018-01-17 16:31:40,209 INFO [org.springframework.jdbc.core.JdbcTemplate] - [Added default SqlReturnResultSet parameter named #result-set-1]
2018-01-17 16:31:40,210 DEBUG [org.springframework.jdbc.core.JdbcTemplate] - [CallableStatement.getUpdateCount() returned -1]
2018-01-17 16:31:40,221 DEBUG [org.springframework.jdbc.core.JdbcTemplate] - [Calling stored procedure [{call usuario.pSelModuloHabilitadoUsuario01(?)}]]
2018-01-17 16:31:40,221 DEBUG [org.springframework.jdbc.core.StatementCreatorUtils] - [Setting SQL statement parameter value: column index 1, parameter value [7], value class [java.lang.Integer], SQL type 4]
2018-01-17 16:31:40,229 DEBUG [org.springframework.jdbc.core.JdbcTemplate] - [CallableStatement.execute() returned 'true']
2018-01-17 16:31:40,229 DEBUG [org.springframework.jdbc.core.JdbcTemplate] - [CallableStatement.getUpdateCount() returned -1]
2018-01-17 16:31:40,229 INFO [org.springframework.jdbc.core.JdbcTemplate] - [Added default SqlReturnResultSet parameter named #result-set-1]
2018-01-17 16:31:40,229 DEBUG [org.springframework.jdbc.core.JdbcTemplate] - [CallableStatement.getUpdateCount() returned -1]
2018-01-17 16:33:25,075 DEBUG [org.springframework.jdbc.core.JdbcTemplate] - [Calling stored procedure [{call sessao.pSelDadosSessao01(?)}]]
2018-01-17 16:33:25,079 DEBUG [org.springframework.jdbc.core.StatementCreatorUtils] - [Setting SQL statement parameter value: column index 1, parameter value [758533795807371952], value class [java.lang.String], SQL type 12]
2018-01-17 16:33:25,086 DEBUG [org.springframework.jdbc.core.JdbcTemplate] - [CallableStatement.execute() returned 'true']
2018-01-17 16:33:25,086 DEBUG [org.springframework.jdbc.core.JdbcTemplate] - [CallableStatement.getUpdateCount() returned -1]
2018-01-17 16:33:25,087 INFO [org.springframework.jdbc.core.JdbcTemplate] - [Added default SqlReturnResultSet parameter named #result-set-1]
2018-01-17 16:33:25,093 DEBUG [org.springframework.jdbc.core.JdbcTemplate] - [CallableStatement.getUpdateCount() returned -1]
2018-01-17 16:33:25,478 DEBUG [org.springframework.jdbc.core.JdbcTemplate] - [Calling stored procedure [{call usuario.pSelDadosUsuario03(?)}]]
2018-01-17 16:33:25,478 DEBUG [org.springframework.jdbc.core.StatementCreatorUtils] - [Setting SQL statement parameter value: column index 1, parameter value [7], value class [java.lang.Integer], SQL type 4]
2018-01-17 16:33:25,483 DEBUG [org.springframework.jdbc.core.JdbcTemplate] - [CallableStatement.execute() returned 'true']
2018-01-17 16:33:25,483 DEBUG [org.springframework.jdbc.core.JdbcTemplate] - [CallableStatement.getUpdateCount() returned -1]
2018-01-17 16:33:25,484 INFO [org.springframework.jdbc.core.JdbcTemplate] - [Added default SqlReturnResultSet parameter named #result-set-1]
2018-01-17 16:33:25,485 DEBUG [org.springframework.jdbc.core.JdbcTemplate] - [CallableStatement.getUpdateCount() returned -1]
2018-01-17 16:33:25,495 DEBUG [org.springframework.jdbc.core.JdbcTemplate] - [Calling stored procedure [{call usuario.pSelModuloHabilitadoUsuario01(?)}]]
2018-01-17 16:33:25,495 DEBUG [org.springframework.jdbc.core.StatementCreatorUtils] - [Setting SQL statement parameter value: column index 1, parameter value [7], value class [java.lang.Integer], SQL type 4]
2018-01-17 16:33:25,497 DEBUG [org.springframework.jdbc.core.JdbcTemplate] - [CallableStatement.execute() returned 'true']
2018-01-17 16:33:25,497 DEBUG [org.springframework.jdbc.core.JdbcTemplate] - [CallableStatement.getUpdateCount() returned -1]
2018-01-17 16:33:25,497 INFO [org.springframework.jdbc.core.JdbcTemplate] - [Added default SqlReturnResultSet parameter named #result-set-1]
2018-01-17 16:33:25,497 DEBUG [org.springframework.jdbc.core.JdbcTemplate] - [CallableStatement.getUpdateCount() returned -1]
2018-01-17 16:33:40,463 DEBUG [org.springframework.jdbc.core.JdbcTemplate] - [Calling stored procedure [{call empresa.pSelCpfEmpresa01()}]]
2018-01-17 17:02:03,023 DEBUG [org.springframework.jdbc.core.JdbcTemplate] - [Calling stored procedure [{call sessao.pSelDadosSessao01(?)}]]
2018-01-17 17:02:03,027 DEBUG [org.springframework.jdbc.core.StatementCreatorUtils] - [Setting SQL statement parameter value: column index 1, parameter value [758533795807371952], value class [java.lang.String], SQL type 12]
2018-01-17 17:02:03,030 DEBUG [org.springframework.jdbc.core.JdbcTemplate] - [CallableStatement.execute() returned 'true']
2018-01-17 17:02:03,030 DEBUG [org.springframework.jdbc.core.JdbcTemplate] - [CallableStatement.getUpdateCount() returned -1]
2018-01-17 17:02:03,031 INFO [org.springframework.jdbc.core.JdbcTemplate] - [Added default SqlReturnResultSet parameter named #result-set-1]
2018-01-17 17:02:03,033 DEBUG [org.springframework.jdbc.core.JdbcTemplate] - [CallableStatement.getUpdateCount() returned -1]
2018-01-17 17:04:16,763 DEBUG [org.springframework.jdbc.core.JdbcTemplate] - [Calling stored procedure [{call sessao.pSelDadosSessao01(?)}]]
2018-01-17 17:04:16,765 DEBUG [org.springframework.jdbc.core.StatementCreatorUtils] - [Setting SQL statement parameter value: column index 1, parameter value [396280012911710445], value class [java.lang.String], SQL type 12]
2018-01-17 17:04:16,767 DEBUG [org.springframework.jdbc.core.JdbcTemplate] - [CallableStatement.execute() returned 'true']
2018-01-17 17:04:16,767 DEBUG [org.springframework.jdbc.core.JdbcTemplate] - [CallableStatement.getUpdateCount() returned -1]
2018-01-17 17:04:16,768 INFO [org.springframework.jdbc.core.JdbcTemplate] - [Added default SqlReturnResultSet parameter named #result-set-1]
2018-01-17 17:04:16,774 DEBUG [org.springframework.jdbc.core.JdbcTemplate] - [CallableStatement.getUpdateCount() returned -1]
2018-01-17 17:04:16,795 DEBUG [org.springframework.jdbc.core.JdbcTemplate] - [Calling stored procedure [{call menu.pSelVerificaPermissaoUsuarioMenu01(?, ?)}]]
2018-01-17 17:04:16,795 DEBUG [org.springframework.jdbc.core.StatementCreatorUtils] - [Setting SQL statement parameter value: column index 1, parameter value [303], value class [java.lang.Integer], SQL type 4]
2018-01-17 17:04:16,797 DEBUG [org.springframework.jdbc.core.StatementCreatorUtils] - [Setting SQL statement parameter value: column index 2, parameter value [1], value class [java.lang.Integer], SQL type 4]
2018-01-17 17:04:16,802 DEBUG [org.springframework.jdbc.core.JdbcTemplate] - [CallableStatement.execute() returned 'true']
2018-01-17 17:04:16,802 DEBUG [org.springframework.jdbc.core.JdbcTemplate] - [CallableStatement.getUpdateCount() returned -1]
2018-01-17 17:04:16,802 INFO [org.springframework.jdbc.core.JdbcTemplate] - [Added default SqlReturnResultSet parameter named #result-set-1]
2018-01-17 17:04:16,802 DEBUG [org.springframework.jdbc.core.JdbcTemplate] - [CallableStatement.getUpdateCount() returned -1]
2018-01-17 17:04:23,570 DEBUG [org.springframework.jdbc.core.JdbcTemplate] - [Calling stored procedure [{call sessao.pSelDadosSessao01(?)}]]
2018-01-17 17:04:23,570 DEBUG [org.springframework.jdbc.core.StatementCreatorUtils] - [Setting SQL statement parameter value: column index 1, parameter value [396280012911710445], value class [java.lang.String], SQL type 12]
2018-01-17 17:04:23,571 DEBUG [org.springframework.jdbc.core.JdbcTemplate] - [CallableStatement.execute() returned 'true']
2018-01-17 17:04:23,571 DEBUG [org.springframework.jdbc.core.JdbcTemplate] - [CallableStatement.getUpdateCount() returned -1]
2018-01-17 17:04:23,571 INFO [org.springframework.jdbc.core.JdbcTemplate] - [Added default SqlReturnResultSet parameter named #result-set-1]
2018-01-17 17:04:23,572 DEBUG [org.springframework.jdbc.core.JdbcTemplate] - [CallableStatement.getUpdateCount() returned -1]
2018-01-17 17:04:23,639 DEBUG [org.springframework.jdbc.core.JdbcTemplate] - [Calling stored procedure [{call usuario.pSelDadosUsuario03(?)}]]
2018-01-17 17:04:23,640 DEBUG [org.springframework.jdbc.core.StatementCreatorUtils] - [Setting SQL statement parameter value: column index 1, parameter value [1], value class [java.lang.Integer], SQL type 4]
2018-01-17 17:04:23,644 DEBUG [org.springframework.jdbc.core.JdbcTemplate] - [CallableStatement.execute() returned 'true']
2018-01-17 17:04:23,644 DEBUG [org.springframework.jdbc.core.JdbcTemplate] - [CallableStatement.getUpdateCount() returned -1]
2018-01-17 17:04:23,644 INFO [org.springframework.jdbc.core.JdbcTemplate] - [Added default SqlReturnResultSet parameter named #result-set-1]
2018-01-17 17:04:23,645 DEBUG [org.springframework.jdbc.core.JdbcTemplate] - [CallableStatement.getUpdateCount() returned -1]
2018-01-17 17:04:23,655 DEBUG [org.springframework.jdbc.core.JdbcTemplate] - [Calling stored procedure [{call usuario.pSelModuloHabilitadoUsuario01(?)}]]
2018-01-17 17:04:23,656 DEBUG [org.springframework.jdbc.core.StatementCreatorUtils] - [Setting SQL statement parameter value: column index 1, parameter value [1], value class [java.lang.Integer], SQL type 4]
2018-01-17 17:04:23,657 DEBUG [org.springframework.jdbc.core.JdbcTemplate] - [CallableStatement.execute() returned 'true']
2018-01-17 17:04:23,657 DEBUG [org.springframework.jdbc.core.JdbcTemplate] - [CallableStatement.getUpdateCount() returned -1]
2018-01-17 17:04:23,657 INFO [org.springframework.jdbc.core.JdbcTemplate] - [Added default SqlReturnResultSet parameter named #result-set-1]
2018-01-17 17:04:23,657 DEBUG [org.springframework.jdbc.core.JdbcTemplate] - [CallableStatement.getUpdateCount() returned -1]
2018-01-17 17:04:32,286 DEBUG [org.springframework.jdbc.core.JdbcTemplate] - [Calling stored procedure [{call empresa.pSelCpfEmpresa01()}]]
2018-01-17 17:06:25,060 DEBUG [org.springframework.jdbc.core.JdbcTemplate] - [Calling stored procedure [{call sessao.pSelDadosSessao01(?)}]]
2018-01-17 17:06:25,064 DEBUG [org.springframework.jdbc.core.StatementCreatorUtils] - [Setting SQL statement parameter value: column index 1, parameter value [396280012911710445], value class [java.lang.String], SQL type 12]
2018-01-17 17:06:25,066 DEBUG [org.springframework.jdbc.core.JdbcTemplate] - [CallableStatement.execute() returned 'true']
2018-01-17 17:06:25,066 DEBUG [org.springframework.jdbc.core.JdbcTemplate] - [CallableStatement.getUpdateCount() returned -1]
2018-01-17 17:06:25,067 INFO [org.springframework.jdbc.core.JdbcTemplate] - [Added default SqlReturnResultSet parameter named #result-set-1]
2018-01-17 17:06:25,074 DEBUG [org.springframework.jdbc.core.JdbcTemplate] - [CallableStatement.getUpdateCount() returned -1]
2018-01-17 17:06:35,550 DEBUG [org.springframework.jdbc.core.JdbcTemplate] - [Calling stored procedure [{call sessao.pSelDadosSessao01(?)}]]
2018-01-17 17:06:35,550 DEBUG [org.springframework.jdbc.core.StatementCreatorUtils] - [Setting SQL statement parameter value: column index 1, parameter value [396280012911710445], value class [java.lang.String], SQL type 12]
2018-01-17 17:06:35,551 DEBUG [org.springframework.jdbc.core.JdbcTemplate] - [CallableStatement.execute() returned 'true']
2018-01-17 17:06:35,551 DEBUG [org.springframework.jdbc.core.JdbcTemplate] - [CallableStatement.getUpdateCount() returned -1]
2018-01-17 17:06:35,551 INFO [org.springframework.jdbc.core.JdbcTemplate] - [Added default SqlReturnResultSet parameter named #result-set-1]
2018-01-17 17:06:35,552 DEBUG [org.springframework.jdbc.core.JdbcTemplate] - [CallableStatement.getUpdateCount() returned -1]
2018-01-17 17:06:35,601 DEBUG [org.springframework.jdbc.core.JdbcTemplate] - [Calling stored procedure [{call usuario.pSelDadosUsuario03(?)}]]
2018-01-17 17:06:35,601 DEBUG [org.springframework.jdbc.core.StatementCreatorUtils] - [Setting SQL statement parameter value: column index 1, parameter value [1], value class [java.lang.Integer], SQL type 4]
2018-01-17 17:06:35,605 DEBUG [org.springframework.jdbc.core.JdbcTemplate] - [CallableStatement.execute() returned 'true']
2018-01-17 17:06:35,605 DEBUG [org.springframework.jdbc.core.JdbcTemplate] - [CallableStatement.getUpdateCount() returned -1]
2018-01-17 17:06:35,606 INFO [org.springframework.jdbc.core.JdbcTemplate] - [Added default SqlReturnResultSet parameter named #result-set-1]
2018-01-17 17:06:35,607 DEBUG [org.springframework.jdbc.core.JdbcTemplate] - [CallableStatement.getUpdateCount() returned -1]
2018-01-17 17:06:35,617 DEBUG [org.springframework.jdbc.core.JdbcTemplate] - [Calling stored procedure [{call usuario.pSelModuloHabilitadoUsuario01(?)}]]
2018-01-17 17:06:35,617 DEBUG [org.springframework.jdbc.core.StatementCreatorUtils] - [Setting SQL statement parameter value: column index 1, parameter value [1], value class [java.lang.Integer], SQL type 4]
2018-01-17 17:06:35,618 DEBUG [org.springframework.jdbc.core.JdbcTemplate] - [CallableStatement.execute() returned 'true']
2018-01-17 17:06:35,618 DEBUG [org.springframework.jdbc.core.JdbcTemplate] - [CallableStatement.getUpdateCount() returned -1]
2018-01-17 17:06:35,618 INFO [org.springframework.jdbc.core.JdbcTemplate] - [Added default SqlReturnResultSet parameter named #result-set-1]
2018-01-17 17:06:35,618 DEBUG [org.springframework.jdbc.core.JdbcTemplate] - [CallableStatement.getUpdateCount() returned -1]
2018-01-17 17:06:49,424 DEBUG [org.springframework.jdbc.core.JdbcTemplate] - [Calling stored procedure [{call empresa.pSelCpfEmpresa01()}]]
2018-01-17 17:14:27,108 DEBUG [org.springframework.jdbc.core.JdbcTemplate] - [Calling stored procedure [{call sessao.pSelDadosSessao01(?)}]]
2018-01-17 17:14:27,110 DEBUG [org.springframework.jdbc.core.StatementCreatorUtils] - [Setting SQL statement parameter value: column index 1, parameter value [290349286501580894], value class [java.lang.String], SQL type 12]
2018-01-17 17:14:27,115 DEBUG [org.springframework.jdbc.core.JdbcTemplate] - [CallableStatement.execute() returned 'true']
2018-01-17 17:14:27,115 DEBUG [org.springframework.jdbc.core.JdbcTemplate] - [CallableStatement.getUpdateCount() returned -1]
2018-01-17 17:14:27,116 INFO [org.springframework.jdbc.core.JdbcTemplate] - [Added default SqlReturnResultSet parameter named #result-set-1]
2018-01-17 17:14:27,125 DEBUG [org.springframework.jdbc.core.JdbcTemplate] - [CallableStatement.getUpdateCount() returned -1]
2018-01-17 17:14:27,149 DEBUG [org.springframework.jdbc.core.JdbcTemplate] - [Calling stored procedure [{call menu.pSelVerificaPermissaoUsuarioMenu01(?, ?)}]]
2018-01-17 17:14:27,149 DEBUG [org.springframework.jdbc.core.StatementCreatorUtils] - [Setting SQL statement parameter value: column index 1, parameter value [303], value class [java.lang.Integer], SQL type 4]
2018-01-17 17:14:27,152 DEBUG [org.springframework.jdbc.core.StatementCreatorUtils] - [Setting SQL statement parameter value: column index 2, parameter value [7], value class [java.lang.Integer], SQL type 4]
2018-01-17 17:14:27,157 DEBUG [org.springframework.jdbc.core.JdbcTemplate] - [CallableStatement.execute() returned 'true']
2018-01-17 17:14:27,158 DEBUG [org.springframework.jdbc.core.JdbcTemplate] - [CallableStatement.getUpdateCount() returned -1]
2018-01-17 17:14:27,158 INFO [org.springframework.jdbc.core.JdbcTemplate] - [Added default SqlReturnResultSet parameter named #result-set-1]
2018-01-17 17:14:27,158 DEBUG [org.springframework.jdbc.core.JdbcTemplate] - [CallableStatement.getUpdateCount() returned -1]
2018-01-17 17:14:34,732 DEBUG [org.springframework.jdbc.core.JdbcTemplate] - [Calling stored procedure [{call sessao.pSelDadosSessao01(?)}]]
2018-01-17 17:14:34,732 DEBUG [org.springframework.jdbc.core.StatementCreatorUtils] - [Setting SQL statement parameter value: column index 1, parameter value [290349286501580894], value class [java.lang.String], SQL type 12]
2018-01-17 17:14:34,735 DEBUG [org.springframework.jdbc.core.JdbcTemplate] - [CallableStatement.execute() returned 'true']
2018-01-17 17:14:34,735 DEBUG [org.springframework.jdbc.core.JdbcTemplate] - [CallableStatement.getUpdateCount() returned -1]
2018-01-17 17:14:34,735 INFO [org.springframework.jdbc.core.JdbcTemplate] - [Added default SqlReturnResultSet parameter named #result-set-1]
2018-01-17 17:14:34,735 DEBUG [org.springframework.jdbc.core.JdbcTemplate] - [CallableStatement.getUpdateCount() returned -1]
2018-01-17 17:14:34,800 DEBUG [org.springframework.jdbc.core.JdbcTemplate] - [Calling stored procedure [{call usuario.pSelDadosUsuario03(?)}]]
2018-01-17 17:14:34,800 DEBUG [org.springframework.jdbc.core.StatementCreatorUtils] - [Setting SQL statement parameter value: column index 1, parameter value [7], value class [java.lang.Integer], SQL type 4]
2018-01-17 17:14:34,803 DEBUG [org.springframework.jdbc.core.JdbcTemplate] - [CallableStatement.execute() returned 'true']
2018-01-17 17:14:34,804 DEBUG [org.springframework.jdbc.core.JdbcTemplate] - [CallableStatement.getUpdateCount() returned -1]
2018-01-17 17:14:34,804 INFO [org.springframework.jdbc.core.JdbcTemplate] - [Added default SqlReturnResultSet parameter named #result-set-1]
2018-01-17 17:14:34,805 DEBUG [org.springframework.jdbc.core.JdbcTemplate] - [CallableStatement.getUpdateCount() returned -1]
2018-01-17 17:14:34,816 DEBUG [org.springframework.jdbc.core.JdbcTemplate] - [Calling stored procedure [{call usuario.pSelModuloHabilitadoUsuario01(?)}]]
2018-01-17 17:14:34,817 DEBUG [org.springframework.jdbc.core.StatementCreatorUtils] - [Setting SQL statement parameter value: column index 1, parameter value [7], value class [java.lang.Integer], SQL type 4]
2018-01-17 17:14:34,818 DEBUG [org.springframework.jdbc.core.JdbcTemplate] - [CallableStatement.execute() returned 'true']
2018-01-17 17:14:34,818 DEBUG [org.springframework.jdbc.core.JdbcTemplate] - [CallableStatement.getUpdateCount() returned -1]
2018-01-17 17:14:34,818 INFO [org.springframework.jdbc.core.JdbcTemplate] - [Added default SqlReturnResultSet parameter named #result-set-1]
2018-01-17 17:14:34,818 DEBUG [org.springframework.jdbc.core.JdbcTemplate] - [CallableStatement.getUpdateCount() returned -1]
2018-01-17 17:14:39,494 DEBUG [org.springframework.jdbc.core.JdbcTemplate] - [Calling stored procedure [{call empresa.pSelCpfEmpresa01()}]]
