2018-10-16 14:35:38,893 INFO [br.com.bradesco.web.custodia.loader.LoaderDynamicFiles] - [Copiando arquivo:/suportedbdc_apl/custodia/config/app/WEB-INF/tiles.xmlpara diretório:/suportedbdc_apl/custodia/calisessaoWS/apl/calisessaoWS.ear/calisessaoWS.war/WEB-INF]
2018-10-16 14:35:38,894 INFO [br.com.bradesco.web.custodia.loader.LoaderDynamicFiles] - [Copiando arquivo:/suportedbdc_apl/custodia/config/app/WEB-INF/log4j.dtdpara diretório:/suportedbdc_apl/custodia/calisessaoWS/apl/calisessaoWS.ear/calisessaoWS.war/WEB-INF]
2018-10-16 14:35:38,894 INFO [br.com.bradesco.web.custodia.loader.LoaderDynamicFiles] - [Copiando arquivo:/suportedbdc_apl/custodia/config/app/WEB-INF/custom-validator-rules.xmlpara diretório:/suportedbdc_apl/custodia/calisessaoWS/apl/calisessaoWS.ear/calisessaoWS.war/WEB-INF]
2018-10-16 14:35:38,895 INFO [br.com.bradesco.web.custodia.loader.LoaderDynamicFiles] - [Copiando arquivo:/suportedbdc_apl/custodia/config/app/WEB-INF/faces-navigation-config.xmlpara diretório:/suportedbdc_apl/custodia/calisessaoWS/apl/calisessaoWS.ear/calisessaoWS.war/WEB-INF]
2018-10-16 14:35:38,896 INFO [br.com.bradesco.web.custodia.loader.LoaderDynamicFiles] - [Copiando arquivo:/suportedbdc_apl/custodia/config/app/WEB-INF/faces-managed-beans-config.xmlpara diretório:/suportedbdc_apl/custodia/calisessaoWS/apl/calisessaoWS.ear/calisessaoWS.war/WEB-INF]
2018-10-16 14:35:38,896 INFO [br.com.bradesco.web.custodia.loader.LoaderDynamicFiles] - [Copiando arquivo:/suportedbdc_apl/custodia/config/app/WEB-INF/jsp/common/blank.jsppara diretório:/suportedbdc_apl/custodia/calisessaoWS/apl/calisessaoWS.ear/calisessaoWS.war/WEB-INF/jsp/common]
2018-10-16 14:35:38,897 INFO [br.com.bradesco.web.custodia.loader.LoaderDynamicFiles] - [Copiando arquivo:/suportedbdc_apl/custodia/config/app/WEB-INF/jsp/common/main.jsppara diretório:/suportedbdc_apl/custodia/calisessaoWS/apl/calisessaoWS.ear/calisessaoWS.war/WEB-INF/jsp/common]
2018-10-16 14:35:38,898 INFO [br.com.bradesco.web.custodia.loader.LoaderDynamicFiles] - [Copiando arquivo:/suportedbdc_apl/custodia/config/app/WEB-INF/jsp/common/modal.jsppara diretório:/suportedbdc_apl/custodia/calisessaoWS/apl/calisessaoWS.ear/calisessaoWS.war/WEB-INF/jsp/common]
2018-10-16 14:35:38,898 INFO [br.com.bradesco.web.custodia.loader.LoaderDynamicFiles] - [Copiando arquivo:/suportedbdc_apl/custodia/config/app/WEB-INF/jsp/common/errorPages/403.htmlpara diretório:/suportedbdc_apl/custodia/calisessaoWS/apl/calisessaoWS.ear/calisessaoWS.war/WEB-INF/jsp/common/errorPages]
2018-10-16 14:35:38,899 INFO [br.com.bradesco.web.custodia.loader.LoaderDynamicFiles] - [Copiando arquivo:/suportedbdc_apl/custodia/config/app/WEB-INF/jsp/common/errorPages/404.htmlpara diretório:/suportedbdc_apl/custodia/calisessaoWS/apl/calisessaoWS.ear/calisessaoWS.war/WEB-INF/jsp/common/errorPages]
2018-10-16 14:35:38,900 INFO [br.com.bradesco.web.custodia.loader.LoaderDynamicFiles] - [Copiando arquivo:/suportedbdc_apl/custodia/config/app/WEB-INF/jsp/common/errorPages/500.htmlpara diretório:/suportedbdc_apl/custodia/calisessaoWS/apl/calisessaoWS.ear/calisessaoWS.war/WEB-INF/jsp/common/errorPages]
2018-10-16 14:35:38,900 INFO [br.com.bradesco.web.custodia.loader.LoaderDynamicFiles] - [Arquivo não encontrado para cópia:/suportedbdc_apl/custodia/config/app/WEB-INF/jsp/common/errorPages/internal.jsp (No such file or directory)]
2018-10-16 14:35:39,006 WARN [br.com.bradesco.web.custodia.application.error.config.CustodiaExceptionCatalogImpl] - [Could not open ServletContext resource [/WEB-INF/classes/error-catalog.xml]]
2018-10-16 14:35:39,103 INFO [br.com.bradesco.web.custodia.application.error.config.CustodiaExceptionCatalogImpl] - [Método init executado com sucesso.]
2018-10-16 17:57:38,367 INFO [br.com.bradesco.web.custodia.loader.LoaderDynamicFiles] - [Copiando arquivo:/suportedbdc_apl/custodia/config/app/WEB-INF/tiles.xmlpara diretório:/suportedbdc_apl/custodia/calisessaoWS/apl/calisessaoWS.ear/calisessaoWS.war/WEB-INF]
2018-10-16 17:57:38,368 INFO [br.com.bradesco.web.custodia.loader.LoaderDynamicFiles] - [Copiando arquivo:/suportedbdc_apl/custodia/config/app/WEB-INF/log4j.dtdpara diretório:/suportedbdc_apl/custodia/calisessaoWS/apl/calisessaoWS.ear/calisessaoWS.war/WEB-INF]
2018-10-16 17:57:38,368 INFO [br.com.bradesco.web.custodia.loader.LoaderDynamicFiles] - [Copiando arquivo:/suportedbdc_apl/custodia/config/app/WEB-INF/custom-validator-rules.xmlpara diretório:/suportedbdc_apl/custodia/calisessaoWS/apl/calisessaoWS.ear/calisessaoWS.war/WEB-INF]
2018-10-16 17:57:38,369 INFO [br.com.bradesco.web.custodia.loader.LoaderDynamicFiles] - [Copiando arquivo:/suportedbdc_apl/custodia/config/app/WEB-INF/faces-navigation-config.xmlpara diretório:/suportedbdc_apl/custodia/calisessaoWS/apl/calisessaoWS.ear/calisessaoWS.war/WEB-INF]
2018-10-16 17:57:38,370 INFO [br.com.bradesco.web.custodia.loader.LoaderDynamicFiles] - [Copiando arquivo:/suportedbdc_apl/custodia/config/app/WEB-INF/faces-managed-beans-config.xmlpara diretório:/suportedbdc_apl/custodia/calisessaoWS/apl/calisessaoWS.ear/calisessaoWS.war/WEB-INF]
2018-10-16 17:57:38,371 INFO [br.com.bradesco.web.custodia.loader.LoaderDynamicFiles] - [Copiando arquivo:/suportedbdc_apl/custodia/config/app/WEB-INF/jsp/common/blank.jsppara diretório:/suportedbdc_apl/custodia/calisessaoWS/apl/calisessaoWS.ear/calisessaoWS.war/WEB-INF/jsp/common]
2018-10-16 17:57:38,371 INFO [br.com.bradesco.web.custodia.loader.LoaderDynamicFiles] - [Copiando arquivo:/suportedbdc_apl/custodia/config/app/WEB-INF/jsp/common/main.jsppara diretório:/suportedbdc_apl/custodia/calisessaoWS/apl/calisessaoWS.ear/calisessaoWS.war/WEB-INF/jsp/common]
2018-10-16 17:57:38,372 INFO [br.com.bradesco.web.custodia.loader.LoaderDynamicFiles] - [Copiando arquivo:/suportedbdc_apl/custodia/config/app/WEB-INF/jsp/common/modal.jsppara diretório:/suportedbdc_apl/custodia/calisessaoWS/apl/calisessaoWS.ear/calisessaoWS.war/WEB-INF/jsp/common]
2018-10-16 17:57:38,373 INFO [br.com.bradesco.web.custodia.loader.LoaderDynamicFiles] - [Copiando arquivo:/suportedbdc_apl/custodia/config/app/WEB-INF/jsp/common/errorPages/403.htmlpara diretório:/suportedbdc_apl/custodia/calisessaoWS/apl/calisessaoWS.ear/calisessaoWS.war/WEB-INF/jsp/common/errorPages]
2018-10-16 17:57:38,373 INFO [br.com.bradesco.web.custodia.loader.LoaderDynamicFiles] - [Copiando arquivo:/suportedbdc_apl/custodia/config/app/WEB-INF/jsp/common/errorPages/404.htmlpara diretório:/suportedbdc_apl/custodia/calisessaoWS/apl/calisessaoWS.ear/calisessaoWS.war/WEB-INF/jsp/common/errorPages]
2018-10-16 17:57:38,374 INFO [br.com.bradesco.web.custodia.loader.LoaderDynamicFiles] - [Copiando arquivo:/suportedbdc_apl/custodia/config/app/WEB-INF/jsp/common/errorPages/500.htmlpara diretório:/suportedbdc_apl/custodia/calisessaoWS/apl/calisessaoWS.ear/calisessaoWS.war/WEB-INF/jsp/common/errorPages]
2018-10-16 17:57:38,375 INFO [br.com.bradesco.web.custodia.loader.LoaderDynamicFiles] - [Arquivo não encontrado para cópia:/suportedbdc_apl/custodia/config/app/WEB-INF/jsp/common/errorPages/internal.jsp (No such file or directory)]
2018-10-16 17:57:38,476 WARN [br.com.bradesco.web.custodia.application.error.config.CustodiaExceptionCatalogImpl] - [Could not open ServletContext resource [/WEB-INF/classes/error-catalog.xml]]
2018-10-16 17:57:38,571 INFO [br.com.bradesco.web.custodia.application.error.config.CustodiaExceptionCatalogImpl] - [Método init executado com sucesso.]
