2018-01-04 09:18:12,457 INFO [br.com.bradesco.web.aq.application.log.impl.LogManagerImpl] - [Loaded LOG CATALOG from EXTERNAL Location [ '/suportedbdc_apl/custodia/calitransmissaoWS/config/log4j-catalog.xml'].]
2018-01-04 09:18:12,598 WARN [br.com.bradesco.web.aq.application.alert.config.AlertCatalogImpl] - [Could not open ServletContext resource [/WEB-INF/classes/alert-catalog.xml]]
2018-01-04 09:18:12,613 WARN [br.com.bradesco.web.aq.application.alert.channel.file.impl.FileEmitterImpl] - [O sistema não pode encontrar o caminho especificado]
2018-01-04 09:18:13,908 INFO [br.com.bradesco.web.aq.view.filters.impl.BradescoFilterManager] - [Inicializando BradescoFilterManager]
2018-01-04 09:18:13,908 INFO [br.com.bradesco.web.aq.view.filters.impl.BradescoFilterManager] - [Finalizando a inicialização do objeto BradescoFilterManager]
2018-01-04 09:34:59,305 INFO [br.com.bradesco.web.aq.application.log.impl.LogManagerImpl] - [Loaded LOG CATALOG from EXTERNAL Location [ '/suportedbdc_apl/custodia/calitransmissaoWS/config/log4j-catalog.xml'].]
2018-01-04 09:34:59,352 WARN [br.com.bradesco.web.aq.application.alert.config.AlertCatalogImpl] - [Could not open ServletContext resource [/WEB-INF/classes/alert-catalog.xml]]
2018-01-04 09:34:59,368 WARN [br.com.bradesco.web.aq.application.alert.channel.file.impl.FileEmitterImpl] - [O sistema não pode encontrar o caminho especificado]
2018-01-04 09:35:00,897 INFO [br.com.bradesco.web.aq.view.filters.impl.BradescoFilterManager] - [Inicializando BradescoFilterManager]
2018-01-04 09:35:00,897 INFO [br.com.bradesco.web.aq.view.filters.impl.BradescoFilterManager] - [Finalizando a inicialização do objeto BradescoFilterManager]
2018-01-04 09:57:18,932 INFO [br.com.bradesco.web.aq.application.log.impl.LogManagerImpl] - [Loaded LOG CATALOG from EXTERNAL Location [ '/suportedbdc_apl/custodia/calitransmissaoWS/config/log4j-catalog.xml'].]
2018-01-04 09:57:18,979 WARN [br.com.bradesco.web.aq.application.alert.config.AlertCatalogImpl] - [Could not open ServletContext resource [/WEB-INF/classes/alert-catalog.xml]]
2018-01-04 09:57:18,994 WARN [br.com.bradesco.web.aq.application.alert.channel.file.impl.FileEmitterImpl] - [O sistema não pode encontrar o caminho especificado]
2018-01-04 09:57:20,305 INFO [br.com.bradesco.web.aq.view.filters.impl.BradescoFilterManager] - [Inicializando BradescoFilterManager]
2018-01-04 09:57:20,305 INFO [br.com.bradesco.web.aq.view.filters.impl.BradescoFilterManager] - [Finalizando a inicialização do objeto BradescoFilterManager]
2018-01-04 09:57:46,981 INFO [br.com.bradesco.web.aq.application.log.impl.LogManagerImpl] - [Loaded LOG CATALOG from EXTERNAL Location [ '/suportedbdc_apl/custodia/calitransmissaoWS/config/log4j-catalog.xml'].]
2018-01-04 09:57:47,043 WARN [br.com.bradesco.web.aq.application.alert.config.AlertCatalogImpl] - [Could not open ServletContext resource [/WEB-INF/classes/alert-catalog.xml]]
2018-01-04 09:57:47,059 WARN [br.com.bradesco.web.aq.application.alert.channel.file.impl.FileEmitterImpl] - [O sistema não pode encontrar o caminho especificado]
2018-01-04 09:57:48,869 INFO [br.com.bradesco.web.aq.view.filters.impl.BradescoFilterManager] - [Inicializando BradescoFilterManager]
2018-01-04 09:57:48,869 INFO [br.com.bradesco.web.aq.view.filters.impl.BradescoFilterManager] - [Finalizando a inicialização do objeto BradescoFilterManager]
2018-01-04 11:29:07,406 INFO [br.com.bradesco.web.aq.application.log.impl.LogManagerImpl] - [Loaded LOG CATALOG from EXTERNAL Location [ '/suportedbdc_apl/custodia/calitransmissaoWS/config/log4j-catalog.xml'].]
2018-01-04 11:29:07,500 WARN [br.com.bradesco.web.aq.application.alert.config.AlertCatalogImpl] - [Could not open ServletContext resource [/WEB-INF/classes/alert-catalog.xml]]
2018-01-04 11:29:07,516 WARN [br.com.bradesco.web.aq.application.alert.channel.file.impl.FileEmitterImpl] - [O sistema não pode encontrar o caminho especificado]
2018-01-04 11:29:09,315 INFO [br.com.bradesco.web.aq.view.filters.impl.BradescoFilterManager] - [Inicializando BradescoFilterManager]
2018-01-04 11:29:09,315 INFO [br.com.bradesco.web.aq.view.filters.impl.BradescoFilterManager] - [Finalizando a inicialização do objeto BradescoFilterManager]
2018-01-04 17:33:03,411 INFO [br.com.bradesco.web.aq.application.log.impl.LogManagerImpl] - [Loaded LOG CATALOG from EXTERNAL Location [ '/suportedbdc_apl/custodia/calitransmissaoWS/config/log4j-catalog.xml'].]
2018-01-04 17:33:03,475 WARN [br.com.bradesco.web.aq.application.alert.config.AlertCatalogImpl] - [Could not open ServletContext resource [/WEB-INF/classes/alert-catalog.xml]]
2018-01-04 17:33:03,475 WARN [br.com.bradesco.web.aq.application.alert.channel.file.impl.FileEmitterImpl] - [O sistema não pode encontrar o caminho especificado]
2018-01-04 17:33:04,790 INFO [br.com.bradesco.web.aq.view.filters.impl.BradescoFilterManager] - [Inicializando BradescoFilterManager]
2018-01-04 17:33:04,790 INFO [br.com.bradesco.web.aq.view.filters.impl.BradescoFilterManager] - [Finalizando a inicialização do objeto BradescoFilterManager]
2018-01-04 17:35:56,899 INFO [br.com.bradesco.web.aq.application.log.impl.LogManagerImpl] - [Loaded LOG CATALOG from EXTERNAL Location [ '/suportedbdc_apl/custodia/calitransmissaoWS/config/log4j-catalog.xml'].]
2018-01-04 17:35:56,962 WARN [br.com.bradesco.web.aq.application.alert.config.AlertCatalogImpl] - [Could not open ServletContext resource [/WEB-INF/classes/alert-catalog.xml]]
2018-01-04 17:35:56,962 WARN [br.com.bradesco.web.aq.application.alert.channel.file.impl.FileEmitterImpl] - [O sistema não pode encontrar o caminho especificado]
2018-01-04 17:35:58,848 INFO [br.com.bradesco.web.aq.view.filters.impl.BradescoFilterManager] - [Inicializando BradescoFilterManager]
2018-01-04 17:35:58,848 INFO [br.com.bradesco.web.aq.view.filters.impl.BradescoFilterManager] - [Finalizando a inicialização do objeto BradescoFilterManager]
2018-01-04 17:44:57,302 INFO [br.com.bradesco.web.aq.application.log.impl.LogManagerImpl] - [Loaded LOG CATALOG from EXTERNAL Location [ '/suportedbdc_apl/custodia/calitransmissaoWS/config/log4j-catalog.xml'].]
2018-01-04 17:44:57,380 WARN [br.com.bradesco.web.aq.application.alert.config.AlertCatalogImpl] - [Could not open ServletContext resource [/WEB-INF/classes/alert-catalog.xml]]
2018-01-04 17:44:57,396 WARN [br.com.bradesco.web.aq.application.alert.channel.file.impl.FileEmitterImpl] - [O sistema não pode encontrar o caminho especificado]
2018-01-04 17:44:59,494 INFO [br.com.bradesco.web.aq.view.filters.impl.BradescoFilterManager] - [Inicializando BradescoFilterManager]
2018-01-04 17:44:59,494 INFO [br.com.bradesco.web.aq.view.filters.impl.BradescoFilterManager] - [Finalizando a inicialização do objeto BradescoFilterManager]
