2016-09-26 12:31:13,711 ERROR [br.com.bradesco.web.custodia.telainicial.view.bean.AcessarOutraEmpresaBean] - []
br.com.bradesco.web.custodia.service.business.dadoscliente.exception.DadosClienteServiceException: Acesso não permitido. Usuário Número: [2276626 Inicio Horário Permitido: 14:00:00 Fim Horário Permitido: 16:00:00
	at br.com.bradesco.web.custodia.service.business.login.impl.LoginServiceImpl.validarUsuario(LoginServiceImpl.java:146)
	at br.com.bradesco.web.custodia.service.business.login.impl.LoginServiceImpl.validarAcesso(LoginServiceImpl.java:103)
	at br.com.bradesco.web.custodia.telainicial.view.bean.AcessarOutraEmpresaBean.redirecionar(AcessarOutraEmpresaBean.java:117)
	at br.com.bradesco.web.custodia.telainicial.view.bean.AcessarOutraEmpresaBean.autenticar(AcessarOutraEmpresaBean.java:103)
	at sun.reflect.NativeMethodAccessorImpl.invoke0(Native Method)
	at sun.reflect.NativeMethodAccessorImpl.invoke(NativeMethodAccessorImpl.java:39)
	at sun.reflect.DelegatingMethodAccessorImpl.invoke(DelegatingMethodAccessorImpl.java:25)
	at java.lang.reflect.Method.invoke(Method.java:597)
	at org.apache.myfaces.el.MethodBindingImpl.invoke(MethodBindingImpl.java:129)
	at org.apache.myfaces.application.ActionListenerImpl.processAction(ActionListenerImpl.java:63)
	at javax.faces.component.UICommand.broadcast(UICommand.java:106)
	at javax.faces.component.UIData.broadcast(UIData.java:338)
	at org.ajax4jsf.component.AjaxViewRoot.processEvents(AjaxViewRoot.java:184)
	at org.ajax4jsf.component.AjaxViewRoot.broadcastEvents(AjaxViewRoot.java:162)
	at org.ajax4jsf.component.AjaxViewRoot.processDecodes(AjaxViewRoot.java:278)
	at br.com.bradesco.web.aq.view.lifecycle.BradescoLifecycleImpl.applyRequestValues(BradescoLifecycleImpl.java:329)
	at br.com.bradesco.web.aq.view.lifecycle.BradescoLifecycleImpl.executeLifeCycle(BradescoLifecycleImpl.java:109)
	at br.com.bradesco.web.aq.view.lifecycle.BradescoLifecycleImpl.execute(BradescoLifecycleImpl.java:87)
	at javax.faces.webapp.FacesServlet.service(FacesServlet.java:106)
	at org.apache.catalina.core.ApplicationFilterChain.internalDoFilter(ApplicationFilterChain.java:303)
	at org.apache.catalina.core.ApplicationFilterChain.doFilter(ApplicationFilterChain.java:208)
	at org.ajax4jsf.webapp.BaseXMLFilter.doXmlFilter(BaseXMLFilter.java:141)
	at org.ajax4jsf.webapp.BaseFilter.doFilter(BaseFilter.java:281)
	at org.apache.catalina.core.ApplicationFilterChain.internalDoFilter(ApplicationFilterChain.java:241)
	at org.apache.catalina.core.ApplicationFilterChain.doFilter(ApplicationFilterChain.java:208)
	at br.com.bradesco.web.aq.view.filters.impl.BradescoFilterManager.doFilter(BradescoFilterManager.java:179)
	at org.springframework.web.filter.DelegatingFilterProxy.invokeDelegate(DelegatingFilterProxy.java:236)
	at org.springframework.web.filter.DelegatingFilterProxy.doFilter(DelegatingFilterProxy.java:167)
	at org.apache.catalina.core.ApplicationFilterChain.internalDoFilter(ApplicationFilterChain.java:241)
	at org.apache.catalina.core.ApplicationFilterChain.doFilter(ApplicationFilterChain.java:208)
	at br.com.bradesco.web.aq.view.cryptography.filter.CryptoFilter.doFilter(CryptoFilter.java:143)
	at org.apache.catalina.core.ApplicationFilterChain.internalDoFilter(ApplicationFilterChain.java:241)
	at org.apache.catalina.core.ApplicationFilterChain.doFilter(ApplicationFilterChain.java:208)
	at org.springframework.security.util.FilterChainProxy$VirtualFilterChain.doFilter(FilterChainProxy.java:378)
	at org.springframework.security.intercept.web.FilterSecurityInterceptor.invoke(FilterSecurityInterceptor.java:109)
	at org.springframework.security.intercept.web.FilterSecurityInterceptor.doFilter(FilterSecurityInterceptor.java:83)
	at br.com.bradesco.web.custodia.service.provider.security.sessao.filter.SessionFilterSecurityInterceptor.doFilter(SessionFilterSecurityInterceptor.java:56)
	at org.springframework.security.util.FilterChainProxy$VirtualFilterChain.doFilter(FilterChainProxy.java:390)
	at org.springframework.security.ui.ExceptionTranslationFilter.doFilterHttp(ExceptionTranslationFilter.java:101)
	at org.springframework.security.ui.SpringSecurityFilter.doFilter(SpringSecurityFilter.java:53)
	at org.springframework.security.util.FilterChainProxy$VirtualFilterChain.doFilter(FilterChainProxy.java:390)
	at br.com.bradesco.web.custodia.service.provider.security.sessao.check.filter.SessionCheckProcessingFilter.doFilter(SessionCheckProcessingFilter.java:114)
	at org.springframework.security.util.FilterChainProxy$VirtualFilterChain.doFilter(FilterChainProxy.java:390)
	at org.springframework.security.wrapper.SecurityContextHolderAwareRequestFilter.doFilterHttp(SecurityContextHolderAwareRequestFilter.java:91)
	at org.springframework.security.ui.SpringSecurityFilter.doFilter(SpringSecurityFilter.java:53)
	at org.springframework.security.util.FilterChainProxy$VirtualFilterChain.doFilter(FilterChainProxy.java:390)
	at br.com.bradesco.web.aq.view.filters.impl.BradescoFilterManager.doFilter(BradescoFilterManager.java:179)
	at org.springframework.security.util.FilterChainProxy$VirtualFilterChain.doFilter(FilterChainProxy.java:390)
	at org.springframework.security.context.HttpSessionContextIntegrationFilter.doFilterHttp(HttpSessionContextIntegrationFilter.java:235)
	at org.springframework.security.ui.SpringSecurityFilter.doFilter(SpringSecurityFilter.java:53)
	at org.springframework.security.util.FilterChainProxy$VirtualFilterChain.doFilter(FilterChainProxy.java:390)
	at org.springframework.security.util.FilterChainProxy.doFilter(FilterChainProxy.java:175)
	at org.springframework.security.util.FilterToBeanProxy.doFilter(FilterToBeanProxy.java:99)
	at org.apache.catalina.core.ApplicationFilterChain.internalDoFilter(ApplicationFilterChain.java:241)
	at org.apache.catalina.core.ApplicationFilterChain.doFilter(ApplicationFilterChain.java:208)
	at org.apache.myfaces.component.html.util.ExtensionsFilter.doFilter(ExtensionsFilter.java:122)
	at org.apache.catalina.core.ApplicationFilterChain.internalDoFilter(ApplicationFilterChain.java:241)
	at org.apache.catalina.core.ApplicationFilterChain.doFilter(ApplicationFilterChain.java:208)
	at org.apache.catalina.core.StandardWrapperValve.invoke(StandardWrapperValve.java:220)
	at org.apache.catalina.core.StandardContextValve.invoke(StandardContextValve.java:122)
	at org.apache.catalina.core.StandardHostValve.invoke(StandardHostValve.java:170)
	at org.apache.catalina.valves.ErrorReportValve.invoke(ErrorReportValve.java:103)
	at org.apache.catalina.valves.AccessLogValve.invoke(AccessLogValve.java:956)
	at org.apache.catalina.core.StandardEngineValve.invoke(StandardEngineValve.java:116)
	at org.apache.catalina.connector.CoyoteAdapter.service(CoyoteAdapter.java:423)
	at org.apache.coyote.http11.AbstractHttp11Processor.process(AbstractHttp11Processor.java:1079)
	at org.apache.coyote.AbstractProtocol$AbstractConnectionHandler.process(AbstractProtocol.java:625)
	at org.apache.tomcat.util.net.JIoEndpoint$SocketProcessor.run(JIoEndpoint.java:318)
	at java.util.concurrent.ThreadPoolExecutor$Worker.runTask(ThreadPoolExecutor.java:886)
	at java.util.concurrent.ThreadPoolExecutor$Worker.run(ThreadPoolExecutor.java:908)
	at org.apache.tomcat.util.threads.TaskThread$WrappingRunnable.run(TaskThread.java:61)
	at java.lang.Thread.run(Thread.java:662)
2016-09-26 12:31:48,151 ERROR [br.com.bradesco.web.custodia.telainicial.view.bean.AcessarOutraEmpresaBean] - []
br.com.bradesco.web.custodia.service.business.dadoscliente.exception.DadosClienteServiceException: Acesso não permitido. Usuário Número: [2276626 Inicio Horário Permitido: 14:00:00 Fim Horário Permitido: 16:00:00
	at br.com.bradesco.web.custodia.service.business.login.impl.LoginServiceImpl.validarUsuario(LoginServiceImpl.java:146)
	at br.com.bradesco.web.custodia.service.business.login.impl.LoginServiceImpl.validarAcesso(LoginServiceImpl.java:103)
	at br.com.bradesco.web.custodia.telainicial.view.bean.AcessarOutraEmpresaBean.redirecionar(AcessarOutraEmpresaBean.java:117)
	at br.com.bradesco.web.custodia.telainicial.view.bean.AcessarOutraEmpresaBean.autenticar(AcessarOutraEmpresaBean.java:103)
	at sun.reflect.NativeMethodAccessorImpl.invoke0(Native Method)
	at sun.reflect.NativeMethodAccessorImpl.invoke(NativeMethodAccessorImpl.java:39)
	at sun.reflect.DelegatingMethodAccessorImpl.invoke(DelegatingMethodAccessorImpl.java:25)
	at java.lang.reflect.Method.invoke(Method.java:597)
	at org.apache.myfaces.el.MethodBindingImpl.invoke(MethodBindingImpl.java:129)
	at org.apache.myfaces.application.ActionListenerImpl.processAction(ActionListenerImpl.java:63)
	at javax.faces.component.UICommand.broadcast(UICommand.java:106)
	at javax.faces.component.UIData.broadcast(UIData.java:338)
	at org.ajax4jsf.component.AjaxViewRoot.processEvents(AjaxViewRoot.java:184)
	at org.ajax4jsf.component.AjaxViewRoot.broadcastEvents(AjaxViewRoot.java:162)
	at org.ajax4jsf.component.AjaxViewRoot.processDecodes(AjaxViewRoot.java:278)
	at br.com.bradesco.web.aq.view.lifecycle.BradescoLifecycleImpl.applyRequestValues(BradescoLifecycleImpl.java:329)
	at br.com.bradesco.web.aq.view.lifecycle.BradescoLifecycleImpl.executeLifeCycle(BradescoLifecycleImpl.java:109)
	at br.com.bradesco.web.aq.view.lifecycle.BradescoLifecycleImpl.execute(BradescoLifecycleImpl.java:87)
	at javax.faces.webapp.FacesServlet.service(FacesServlet.java:106)
	at org.apache.catalina.core.ApplicationFilterChain.internalDoFilter(ApplicationFilterChain.java:303)
	at org.apache.catalina.core.ApplicationFilterChain.doFilter(ApplicationFilterChain.java:208)
	at org.ajax4jsf.webapp.BaseXMLFilter.doXmlFilter(BaseXMLFilter.java:141)
	at org.ajax4jsf.webapp.BaseFilter.doFilter(BaseFilter.java:281)
	at org.apache.catalina.core.ApplicationFilterChain.internalDoFilter(ApplicationFilterChain.java:241)
	at org.apache.catalina.core.ApplicationFilterChain.doFilter(ApplicationFilterChain.java:208)
	at br.com.bradesco.web.aq.view.filters.impl.BradescoFilterManager.doFilter(BradescoFilterManager.java:179)
	at org.springframework.web.filter.DelegatingFilterProxy.invokeDelegate(DelegatingFilterProxy.java:236)
	at org.springframework.web.filter.DelegatingFilterProxy.doFilter(DelegatingFilterProxy.java:167)
	at org.apache.catalina.core.ApplicationFilterChain.internalDoFilter(ApplicationFilterChain.java:241)
	at org.apache.catalina.core.ApplicationFilterChain.doFilter(ApplicationFilterChain.java:208)
	at br.com.bradesco.web.aq.view.cryptography.filter.CryptoFilter.doFilter(CryptoFilter.java:143)
	at org.apache.catalina.core.ApplicationFilterChain.internalDoFilter(ApplicationFilterChain.java:241)
	at org.apache.catalina.core.ApplicationFilterChain.doFilter(ApplicationFilterChain.java:208)
	at org.springframework.security.util.FilterChainProxy$VirtualFilterChain.doFilter(FilterChainProxy.java:378)
	at org.springframework.security.intercept.web.FilterSecurityInterceptor.invoke(FilterSecurityInterceptor.java:109)
	at org.springframework.security.intercept.web.FilterSecurityInterceptor.doFilter(FilterSecurityInterceptor.java:83)
	at br.com.bradesco.web.custodia.service.provider.security.sessao.filter.SessionFilterSecurityInterceptor.doFilter(SessionFilterSecurityInterceptor.java:56)
	at org.springframework.security.util.FilterChainProxy$VirtualFilterChain.doFilter(FilterChainProxy.java:390)
	at org.springframework.security.ui.ExceptionTranslationFilter.doFilterHttp(ExceptionTranslationFilter.java:101)
	at org.springframework.security.ui.SpringSecurityFilter.doFilter(SpringSecurityFilter.java:53)
	at org.springframework.security.util.FilterChainProxy$VirtualFilterChain.doFilter(FilterChainProxy.java:390)
	at br.com.bradesco.web.custodia.service.provider.security.sessao.check.filter.SessionCheckProcessingFilter.doFilter(SessionCheckProcessingFilter.java:114)
	at org.springframework.security.util.FilterChainProxy$VirtualFilterChain.doFilter(FilterChainProxy.java:390)
	at org.springframework.security.wrapper.SecurityContextHolderAwareRequestFilter.doFilterHttp(SecurityContextHolderAwareRequestFilter.java:91)
	at org.springframework.security.ui.SpringSecurityFilter.doFilter(SpringSecurityFilter.java:53)
	at org.springframework.security.util.FilterChainProxy$VirtualFilterChain.doFilter(FilterChainProxy.java:390)
	at br.com.bradesco.web.aq.view.filters.impl.BradescoFilterManager.doFilter(BradescoFilterManager.java:179)
	at org.springframework.security.util.FilterChainProxy$VirtualFilterChain.doFilter(FilterChainProxy.java:390)
	at org.springframework.security.context.HttpSessionContextIntegrationFilter.doFilterHttp(HttpSessionContextIntegrationFilter.java:235)
	at org.springframework.security.ui.SpringSecurityFilter.doFilter(SpringSecurityFilter.java:53)
	at org.springframework.security.util.FilterChainProxy$VirtualFilterChain.doFilter(FilterChainProxy.java:390)
	at org.springframework.security.util.FilterChainProxy.doFilter(FilterChainProxy.java:175)
	at org.springframework.security.util.FilterToBeanProxy.doFilter(FilterToBeanProxy.java:99)
	at org.apache.catalina.core.ApplicationFilterChain.internalDoFilter(ApplicationFilterChain.java:241)
	at org.apache.catalina.core.ApplicationFilterChain.doFilter(ApplicationFilterChain.java:208)
	at org.apache.myfaces.component.html.util.ExtensionsFilter.doFilter(ExtensionsFilter.java:122)
	at org.apache.catalina.core.ApplicationFilterChain.internalDoFilter(ApplicationFilterChain.java:241)
	at org.apache.catalina.core.ApplicationFilterChain.doFilter(ApplicationFilterChain.java:208)
	at org.apache.catalina.core.StandardWrapperValve.invoke(StandardWrapperValve.java:220)
	at org.apache.catalina.core.StandardContextValve.invoke(StandardContextValve.java:122)
	at org.apache.catalina.core.StandardHostValve.invoke(StandardHostValve.java:170)
	at org.apache.catalina.valves.ErrorReportValve.invoke(ErrorReportValve.java:103)
	at org.apache.catalina.valves.AccessLogValve.invoke(AccessLogValve.java:956)
	at org.apache.catalina.core.StandardEngineValve.invoke(StandardEngineValve.java:116)
	at org.apache.catalina.connector.CoyoteAdapter.service(CoyoteAdapter.java:423)
	at org.apache.coyote.http11.AbstractHttp11Processor.process(AbstractHttp11Processor.java:1079)
	at org.apache.coyote.AbstractProtocol$AbstractConnectionHandler.process(AbstractProtocol.java:625)
	at org.apache.tomcat.util.net.JIoEndpoint$SocketProcessor.run(JIoEndpoint.java:318)
	at java.util.concurrent.ThreadPoolExecutor$Worker.runTask(ThreadPoolExecutor.java:886)
	at java.util.concurrent.ThreadPoolExecutor$Worker.run(ThreadPoolExecutor.java:908)
	at org.apache.tomcat.util.threads.TaskThread$WrappingRunnable.run(TaskThread.java:61)
	at java.lang.Thread.run(Thread.java:662)
2016-09-26 12:32:25,658 ERROR [br.com.bradesco.web.custodia.telainicial.view.bean.AcessarOutraEmpresaBean] - []
br.com.bradesco.web.custodia.service.business.dadoscliente.exception.DadosClienteServiceException: Acesso não permitido. Usuário Número: [2276626 Inicio Horário Permitido: 14:00:00 Fim Horário Permitido: 16:00:00
	at br.com.bradesco.web.custodia.service.business.login.impl.LoginServiceImpl.validarUsuario(LoginServiceImpl.java:146)
	at br.com.bradesco.web.custodia.service.business.login.impl.LoginServiceImpl.validarAcesso(LoginServiceImpl.java:103)
	at br.com.bradesco.web.custodia.telainicial.view.bean.AcessarOutraEmpresaBean.redirecionar(AcessarOutraEmpresaBean.java:117)
	at br.com.bradesco.web.custodia.telainicial.view.bean.AcessarOutraEmpresaBean.autenticar(AcessarOutraEmpresaBean.java:103)
	at sun.reflect.NativeMethodAccessorImpl.invoke0(Native Method)
	at sun.reflect.NativeMethodAccessorImpl.invoke(NativeMethodAccessorImpl.java:39)
	at sun.reflect.DelegatingMethodAccessorImpl.invoke(DelegatingMethodAccessorImpl.java:25)
	at java.lang.reflect.Method.invoke(Method.java:597)
	at org.apache.myfaces.el.MethodBindingImpl.invoke(MethodBindingImpl.java:129)
	at org.apache.myfaces.application.ActionListenerImpl.processAction(ActionListenerImpl.java:63)
	at javax.faces.component.UICommand.broadcast(UICommand.java:106)
	at javax.faces.component.UIData.broadcast(UIData.java:338)
	at org.ajax4jsf.component.AjaxViewRoot.processEvents(AjaxViewRoot.java:184)
	at org.ajax4jsf.component.AjaxViewRoot.broadcastEvents(AjaxViewRoot.java:162)
	at org.ajax4jsf.component.AjaxViewRoot.processDecodes(AjaxViewRoot.java:278)
	at br.com.bradesco.web.aq.view.lifecycle.BradescoLifecycleImpl.applyRequestValues(BradescoLifecycleImpl.java:329)
	at br.com.bradesco.web.aq.view.lifecycle.BradescoLifecycleImpl.executeLifeCycle(BradescoLifecycleImpl.java:109)
	at br.com.bradesco.web.aq.view.lifecycle.BradescoLifecycleImpl.execute(BradescoLifecycleImpl.java:87)
	at javax.faces.webapp.FacesServlet.service(FacesServlet.java:106)
	at org.apache.catalina.core.ApplicationFilterChain.internalDoFilter(ApplicationFilterChain.java:303)
	at org.apache.catalina.core.ApplicationFilterChain.doFilter(ApplicationFilterChain.java:208)
	at org.ajax4jsf.webapp.BaseXMLFilter.doXmlFilter(BaseXMLFilter.java:141)
	at org.ajax4jsf.webapp.BaseFilter.doFilter(BaseFilter.java:281)
	at org.apache.catalina.core.ApplicationFilterChain.internalDoFilter(ApplicationFilterChain.java:241)
	at org.apache.catalina.core.ApplicationFilterChain.doFilter(ApplicationFilterChain.java:208)
	at br.com.bradesco.web.aq.view.filters.impl.BradescoFilterManager.doFilter(BradescoFilterManager.java:179)
	at org.springframework.web.filter.DelegatingFilterProxy.invokeDelegate(DelegatingFilterProxy.java:236)
	at org.springframework.web.filter.DelegatingFilterProxy.doFilter(DelegatingFilterProxy.java:167)
	at org.apache.catalina.core.ApplicationFilterChain.internalDoFilter(ApplicationFilterChain.java:241)
	at org.apache.catalina.core.ApplicationFilterChain.doFilter(ApplicationFilterChain.java:208)
	at br.com.bradesco.web.aq.view.cryptography.filter.CryptoFilter.doFilter(CryptoFilter.java:143)
	at org.apache.catalina.core.ApplicationFilterChain.internalDoFilter(ApplicationFilterChain.java:241)
	at org.apache.catalina.core.ApplicationFilterChain.doFilter(ApplicationFilterChain.java:208)
	at org.springframework.security.util.FilterChainProxy$VirtualFilterChain.doFilter(FilterChainProxy.java:378)
	at org.springframework.security.intercept.web.FilterSecurityInterceptor.invoke(FilterSecurityInterceptor.java:109)
	at org.springframework.security.intercept.web.FilterSecurityInterceptor.doFilter(FilterSecurityInterceptor.java:83)
	at br.com.bradesco.web.custodia.service.provider.security.sessao.filter.SessionFilterSecurityInterceptor.doFilter(SessionFilterSecurityInterceptor.java:56)
	at org.springframework.security.util.FilterChainProxy$VirtualFilterChain.doFilter(FilterChainProxy.java:390)
	at org.springframework.security.ui.ExceptionTranslationFilter.doFilterHttp(ExceptionTranslationFilter.java:101)
	at org.springframework.security.ui.SpringSecurityFilter.doFilter(SpringSecurityFilter.java:53)
	at org.springframework.security.util.FilterChainProxy$VirtualFilterChain.doFilter(FilterChainProxy.java:390)
	at br.com.bradesco.web.custodia.service.provider.security.sessao.check.filter.SessionCheckProcessingFilter.doFilter(SessionCheckProcessingFilter.java:114)
	at org.springframework.security.util.FilterChainProxy$VirtualFilterChain.doFilter(FilterChainProxy.java:390)
	at org.springframework.security.wrapper.SecurityContextHolderAwareRequestFilter.doFilterHttp(SecurityContextHolderAwareRequestFilter.java:91)
	at org.springframework.security.ui.SpringSecurityFilter.doFilter(SpringSecurityFilter.java:53)
	at org.springframework.security.util.FilterChainProxy$VirtualFilterChain.doFilter(FilterChainProxy.java:390)
	at br.com.bradesco.web.aq.view.filters.impl.BradescoFilterManager.doFilter(BradescoFilterManager.java:179)
	at org.springframework.security.util.FilterChainProxy$VirtualFilterChain.doFilter(FilterChainProxy.java:390)
	at org.springframework.security.context.HttpSessionContextIntegrationFilter.doFilterHttp(HttpSessionContextIntegrationFilter.java:235)
	at org.springframework.security.ui.SpringSecurityFilter.doFilter(SpringSecurityFilter.java:53)
	at org.springframework.security.util.FilterChainProxy$VirtualFilterChain.doFilter(FilterChainProxy.java:390)
	at org.springframework.security.util.FilterChainProxy.doFilter(FilterChainProxy.java:175)
	at org.springframework.security.util.FilterToBeanProxy.doFilter(FilterToBeanProxy.java:99)
	at org.apache.catalina.core.ApplicationFilterChain.internalDoFilter(ApplicationFilterChain.java:241)
	at org.apache.catalina.core.ApplicationFilterChain.doFilter(ApplicationFilterChain.java:208)
	at org.apache.myfaces.component.html.util.ExtensionsFilter.doFilter(ExtensionsFilter.java:122)
	at org.apache.catalina.core.ApplicationFilterChain.internalDoFilter(ApplicationFilterChain.java:241)
	at org.apache.catalina.core.ApplicationFilterChain.doFilter(ApplicationFilterChain.java:208)
	at org.apache.catalina.core.StandardWrapperValve.invoke(StandardWrapperValve.java:220)
	at org.apache.catalina.core.StandardContextValve.invoke(StandardContextValve.java:122)
	at org.apache.catalina.core.StandardHostValve.invoke(StandardHostValve.java:170)
	at org.apache.catalina.valves.ErrorReportValve.invoke(ErrorReportValve.java:103)
	at org.apache.catalina.valves.AccessLogValve.invoke(AccessLogValve.java:956)
	at org.apache.catalina.core.StandardEngineValve.invoke(StandardEngineValve.java:116)
	at org.apache.catalina.connector.CoyoteAdapter.service(CoyoteAdapter.java:423)
	at org.apache.coyote.http11.AbstractHttp11Processor.process(AbstractHttp11Processor.java:1079)
	at org.apache.coyote.AbstractProtocol$AbstractConnectionHandler.process(AbstractProtocol.java:625)
	at org.apache.tomcat.util.net.JIoEndpoint$SocketProcessor.run(JIoEndpoint.java:318)
	at java.util.concurrent.ThreadPoolExecutor$Worker.runTask(ThreadPoolExecutor.java:886)
	at java.util.concurrent.ThreadPoolExecutor$Worker.run(ThreadPoolExecutor.java:908)
	at org.apache.tomcat.util.threads.TaskThread$WrappingRunnable.run(TaskThread.java:61)
	at java.lang.Thread.run(Thread.java:662)
2016-09-26 12:33:43,530 ERROR [br.com.bradesco.web.custodia.telainicial.view.bean.AcessarOutraEmpresaBean] - []
br.com.bradesco.web.custodia.service.business.dadoscliente.exception.DadosClienteServiceException: Acesso não permitido. Usuário Número: [2276626 Inicio Horário Permitido: 14:00:00 Fim Horário Permitido: 16:00:00
	at br.com.bradesco.web.custodia.service.business.login.impl.LoginServiceImpl.validarUsuario(LoginServiceImpl.java:146)
	at br.com.bradesco.web.custodia.service.business.login.impl.LoginServiceImpl.validarAcesso(LoginServiceImpl.java:103)
	at br.com.bradesco.web.custodia.telainicial.view.bean.AcessarOutraEmpresaBean.redirecionar(AcessarOutraEmpresaBean.java:117)
	at br.com.bradesco.web.custodia.telainicial.view.bean.AcessarOutraEmpresaBean.autenticar(AcessarOutraEmpresaBean.java:103)
	at sun.reflect.NativeMethodAccessorImpl.invoke0(Native Method)
	at sun.reflect.NativeMethodAccessorImpl.invoke(NativeMethodAccessorImpl.java:39)
	at sun.reflect.DelegatingMethodAccessorImpl.invoke(DelegatingMethodAccessorImpl.java:25)
	at java.lang.reflect.Method.invoke(Method.java:597)
	at org.apache.myfaces.el.MethodBindingImpl.invoke(MethodBindingImpl.java:129)
	at org.apache.myfaces.application.ActionListenerImpl.processAction(ActionListenerImpl.java:63)
	at javax.faces.component.UICommand.broadcast(UICommand.java:106)
	at javax.faces.component.UIData.broadcast(UIData.java:338)
	at org.ajax4jsf.component.AjaxViewRoot.processEvents(AjaxViewRoot.java:184)
	at org.ajax4jsf.component.AjaxViewRoot.broadcastEvents(AjaxViewRoot.java:162)
	at org.ajax4jsf.component.AjaxViewRoot.processDecodes(AjaxViewRoot.java:278)
	at br.com.bradesco.web.aq.view.lifecycle.BradescoLifecycleImpl.applyRequestValues(BradescoLifecycleImpl.java:329)
	at br.com.bradesco.web.aq.view.lifecycle.BradescoLifecycleImpl.executeLifeCycle(BradescoLifecycleImpl.java:109)
	at br.com.bradesco.web.aq.view.lifecycle.BradescoLifecycleImpl.execute(BradescoLifecycleImpl.java:87)
	at javax.faces.webapp.FacesServlet.service(FacesServlet.java:106)
	at org.apache.catalina.core.ApplicationFilterChain.internalDoFilter(ApplicationFilterChain.java:303)
	at org.apache.catalina.core.ApplicationFilterChain.doFilter(ApplicationFilterChain.java:208)
	at org.ajax4jsf.webapp.BaseXMLFilter.doXmlFilter(BaseXMLFilter.java:141)
	at org.ajax4jsf.webapp.BaseFilter.doFilter(BaseFilter.java:281)
	at org.apache.catalina.core.ApplicationFilterChain.internalDoFilter(ApplicationFilterChain.java:241)
	at org.apache.catalina.core.ApplicationFilterChain.doFilter(ApplicationFilterChain.java:208)
	at br.com.bradesco.web.aq.view.filters.impl.BradescoFilterManager.doFilter(BradescoFilterManager.java:179)
	at org.springframework.web.filter.DelegatingFilterProxy.invokeDelegate(DelegatingFilterProxy.java:236)
	at org.springframework.web.filter.DelegatingFilterProxy.doFilter(DelegatingFilterProxy.java:167)
	at org.apache.catalina.core.ApplicationFilterChain.internalDoFilter(ApplicationFilterChain.java:241)
	at org.apache.catalina.core.ApplicationFilterChain.doFilter(ApplicationFilterChain.java:208)
	at br.com.bradesco.web.aq.view.cryptography.filter.CryptoFilter.doFilter(CryptoFilter.java:143)
	at org.apache.catalina.core.ApplicationFilterChain.internalDoFilter(ApplicationFilterChain.java:241)
	at org.apache.catalina.core.ApplicationFilterChain.doFilter(ApplicationFilterChain.java:208)
	at org.springframework.security.util.FilterChainProxy$VirtualFilterChain.doFilter(FilterChainProxy.java:378)
	at org.springframework.security.intercept.web.FilterSecurityInterceptor.invoke(FilterSecurityInterceptor.java:109)
	at org.springframework.security.intercept.web.FilterSecurityInterceptor.doFilter(FilterSecurityInterceptor.java:83)
	at br.com.bradesco.web.custodia.service.provider.security.sessao.filter.SessionFilterSecurityInterceptor.doFilter(SessionFilterSecurityInterceptor.java:56)
	at org.springframework.security.util.FilterChainProxy$VirtualFilterChain.doFilter(FilterChainProxy.java:390)
	at org.springframework.security.ui.ExceptionTranslationFilter.doFilterHttp(ExceptionTranslationFilter.java:101)
	at org.springframework.security.ui.SpringSecurityFilter.doFilter(SpringSecurityFilter.java:53)
	at org.springframework.security.util.FilterChainProxy$VirtualFilterChain.doFilter(FilterChainProxy.java:390)
	at br.com.bradesco.web.custodia.service.provider.security.sessao.check.filter.SessionCheckProcessingFilter.doFilter(SessionCheckProcessingFilter.java:114)
	at org.springframework.security.util.FilterChainProxy$VirtualFilterChain.doFilter(FilterChainProxy.java:390)
	at org.springframework.security.wrapper.SecurityContextHolderAwareRequestFilter.doFilterHttp(SecurityContextHolderAwareRequestFilter.java:91)
	at org.springframework.security.ui.SpringSecurityFilter.doFilter(SpringSecurityFilter.java:53)
	at org.springframework.security.util.FilterChainProxy$VirtualFilterChain.doFilter(FilterChainProxy.java:390)
	at br.com.bradesco.web.aq.view.filters.impl.BradescoFilterManager.doFilter(BradescoFilterManager.java:179)
	at org.springframework.security.util.FilterChainProxy$VirtualFilterChain.doFilter(FilterChainProxy.java:390)
	at org.springframework.security.context.HttpSessionContextIntegrationFilter.doFilterHttp(HttpSessionContextIntegrationFilter.java:235)
	at org.springframework.security.ui.SpringSecurityFilter.doFilter(SpringSecurityFilter.java:53)
	at org.springframework.security.util.FilterChainProxy$VirtualFilterChain.doFilter(FilterChainProxy.java:390)
	at org.springframework.security.util.FilterChainProxy.doFilter(FilterChainProxy.java:175)
	at org.springframework.security.util.FilterToBeanProxy.doFilter(FilterToBeanProxy.java:99)
	at org.apache.catalina.core.ApplicationFilterChain.internalDoFilter(ApplicationFilterChain.java:241)
	at org.apache.catalina.core.ApplicationFilterChain.doFilter(ApplicationFilterChain.java:208)
	at org.apache.myfaces.component.html.util.ExtensionsFilter.doFilter(ExtensionsFilter.java:122)
	at org.apache.catalina.core.ApplicationFilterChain.internalDoFilter(ApplicationFilterChain.java:241)
	at org.apache.catalina.core.ApplicationFilterChain.doFilter(ApplicationFilterChain.java:208)
	at org.apache.catalina.core.StandardWrapperValve.invoke(StandardWrapperValve.java:220)
	at org.apache.catalina.core.StandardContextValve.invoke(StandardContextValve.java:122)
	at org.apache.catalina.core.StandardHostValve.invoke(StandardHostValve.java:170)
	at org.apache.catalina.valves.ErrorReportValve.invoke(ErrorReportValve.java:103)
	at org.apache.catalina.valves.AccessLogValve.invoke(AccessLogValve.java:956)
	at org.apache.catalina.core.StandardEngineValve.invoke(StandardEngineValve.java:116)
	at org.apache.catalina.connector.CoyoteAdapter.service(CoyoteAdapter.java:423)
	at org.apache.coyote.http11.AbstractHttp11Processor.process(AbstractHttp11Processor.java:1079)
	at org.apache.coyote.AbstractProtocol$AbstractConnectionHandler.process(AbstractProtocol.java:625)
	at org.apache.tomcat.util.net.JIoEndpoint$SocketProcessor.run(JIoEndpoint.java:318)
	at java.util.concurrent.ThreadPoolExecutor$Worker.runTask(ThreadPoolExecutor.java:886)
	at java.util.concurrent.ThreadPoolExecutor$Worker.run(ThreadPoolExecutor.java:908)
	at org.apache.tomcat.util.threads.TaskThread$WrappingRunnable.run(TaskThread.java:61)
	at java.lang.Thread.run(Thread.java:662)
