2017-03-24 08:40:02,119 INFO [br.com.bradesco.web.aq.application.log.impl.LogManagerImpl] - [Loaded LOG CATALOG from EXTERNAL Location [ '/suportedbdc_apl/custodia/caliclearings/config/log4j-catalog.xml'].]
2017-03-24 08:40:02,228 WARN [br.com.bradesco.web.aq.application.alert.config.AlertCatalogImpl] - [Could not open ServletContext resource [/WEB-INF/classes/alert-catalog.xml]]
2017-03-24 08:40:02,228 WARN [br.com.bradesco.web.aq.application.alert.channel.file.impl.FileEmitterImpl] - [O sistema não pode encontrar o caminho especificado]
2017-03-24 08:40:03,447 INFO [br.com.bradesco.web.aq.view.filters.impl.BradescoFilterManager] - [Inicializando BradescoFilterManager]
2017-03-24 08:40:03,447 INFO [br.com.bradesco.web.aq.view.filters.impl.BradescoFilterManager] - [Finalizando a inicialização do objeto BradescoFilterManager]
2017-03-24 08:41:32,974 INFO [br.com.bradesco.web.aq.application.log.impl.LogManagerImpl] - [Loaded LOG CATALOG from EXTERNAL Location [ '/suportedbdc_apl/custodia/caliclearings/config/log4j-catalog.xml'].]
2017-03-24 08:41:33,099 WARN [br.com.bradesco.web.aq.application.alert.config.AlertCatalogImpl] - [Could not open ServletContext resource [/WEB-INF/classes/alert-catalog.xml]]
2017-03-24 08:41:33,099 WARN [br.com.bradesco.web.aq.application.alert.channel.file.impl.FileEmitterImpl] - [O sistema não pode encontrar o caminho especificado]
2017-03-24 08:41:34,458 INFO [br.com.bradesco.web.aq.view.filters.impl.BradescoFilterManager] - [Inicializando BradescoFilterManager]
2017-03-24 08:41:34,458 INFO [br.com.bradesco.web.aq.view.filters.impl.BradescoFilterManager] - [Finalizando a inicialização do objeto BradescoFilterManager]
2017-03-24 08:41:58,151 INFO [br.com.bradesco.web.aq.view.filters.session.BradescoRequestInterceptionFilter] - [Inicializando Bradesco Filter 'class br.com.bradesco.web.aq.view.filters.session.BradescoRequestInterceptionFilter']
2017-03-24 08:41:58,151 INFO [br.com.bradesco.web.aq.view.filters.object.BradescoDataContextInterceptionFilter] - [Inicializando Bradesco Filter 'class br.com.bradesco.web.aq.view.filters.object.BradescoDataContextInterceptionFilter']
2017-03-24 08:41:58,317 INFO [br.com.bradesco.web.aq.view.filters.impl.BradescoFilterImpl] - [Inicializando Bradesco Filter 'class br.com.bradesco.web.aq.view.filters.impl.BradescoFilterImpl']
2017-03-24 08:42:01,726 INFO [br.com.bradesco.web.aq.view.filters.session.BradescoRequestInterceptionFilter] - [Inicializando Bradesco Filter 'class br.com.bradesco.web.aq.view.filters.session.BradescoRequestInterceptionFilter']
2017-03-24 08:42:01,726 INFO [br.com.bradesco.web.aq.view.filters.object.BradescoDataContextInterceptionFilter] - [Inicializando Bradesco Filter 'class br.com.bradesco.web.aq.view.filters.object.BradescoDataContextInterceptionFilter']
2017-03-24 08:42:01,746 INFO [br.com.bradesco.web.aq.view.filters.impl.BradescoFilterImpl] - [Inicializando Bradesco Filter 'class br.com.bradesco.web.aq.view.filters.impl.BradescoFilterImpl']
2017-03-24 08:42:07,034 INFO [br.com.bradesco.web.aq.view.filters.session.BradescoRequestInterceptionFilter] - [Inicializando Bradesco Filter 'class br.com.bradesco.web.aq.view.filters.session.BradescoRequestInterceptionFilter']
2017-03-24 08:42:07,034 INFO [br.com.bradesco.web.aq.view.filters.object.BradescoDataContextInterceptionFilter] - [Inicializando Bradesco Filter 'class br.com.bradesco.web.aq.view.filters.object.BradescoDataContextInterceptionFilter']
2017-03-24 08:42:07,050 INFO [br.com.bradesco.web.aq.view.filters.impl.BradescoFilterImpl] - [Inicializando Bradesco Filter 'class br.com.bradesco.web.aq.view.filters.impl.BradescoFilterImpl']
2017-03-24 08:50:43,230 INFO [br.com.bradesco.web.aq.view.filters.session.BradescoRequestInterceptionFilter] - [Inicializando Bradesco Filter 'class br.com.bradesco.web.aq.view.filters.session.BradescoRequestInterceptionFilter']
2017-03-24 08:50:43,230 INFO [br.com.bradesco.web.aq.view.filters.object.BradescoDataContextInterceptionFilter] - [Inicializando Bradesco Filter 'class br.com.bradesco.web.aq.view.filters.object.BradescoDataContextInterceptionFilter']
2017-03-24 08:50:43,261 INFO [br.com.bradesco.web.aq.view.filters.impl.BradescoFilterImpl] - [Inicializando Bradesco Filter 'class br.com.bradesco.web.aq.view.filters.impl.BradescoFilterImpl']
2017-03-24 08:50:54,154 INFO [br.com.bradesco.web.aq.view.filters.session.BradescoRequestInterceptionFilter] - [Inicializando Bradesco Filter 'class br.com.bradesco.web.aq.view.filters.session.BradescoRequestInterceptionFilter']
2017-03-24 08:50:54,154 INFO [br.com.bradesco.web.aq.view.filters.object.BradescoDataContextInterceptionFilter] - [Inicializando Bradesco Filter 'class br.com.bradesco.web.aq.view.filters.object.BradescoDataContextInterceptionFilter']
2017-03-24 08:50:54,172 INFO [br.com.bradesco.web.aq.view.filters.impl.BradescoFilterImpl] - [Inicializando Bradesco Filter 'class br.com.bradesco.web.aq.view.filters.impl.BradescoFilterImpl']
2017-03-24 09:07:53,698 INFO [br.com.bradesco.web.aq.view.filters.session.BradescoRequestInterceptionFilter] - [Inicializando Bradesco Filter 'class br.com.bradesco.web.aq.view.filters.session.BradescoRequestInterceptionFilter']
2017-03-24 09:07:53,699 INFO [br.com.bradesco.web.aq.view.filters.object.BradescoDataContextInterceptionFilter] - [Inicializando Bradesco Filter 'class br.com.bradesco.web.aq.view.filters.object.BradescoDataContextInterceptionFilter']
2017-03-24 09:07:53,722 INFO [br.com.bradesco.web.aq.view.filters.impl.BradescoFilterImpl] - [Inicializando Bradesco Filter 'class br.com.bradesco.web.aq.view.filters.impl.BradescoFilterImpl']
2017-03-24 09:08:16,983 INFO [br.com.bradesco.web.aq.view.filters.session.BradescoRequestInterceptionFilter] - [Inicializando Bradesco Filter 'class br.com.bradesco.web.aq.view.filters.session.BradescoRequestInterceptionFilter']
2017-03-24 09:08:16,983 INFO [br.com.bradesco.web.aq.view.filters.object.BradescoDataContextInterceptionFilter] - [Inicializando Bradesco Filter 'class br.com.bradesco.web.aq.view.filters.object.BradescoDataContextInterceptionFilter']
2017-03-24 09:08:17,019 INFO [br.com.bradesco.web.aq.view.filters.impl.BradescoFilterImpl] - [Inicializando Bradesco Filter 'class br.com.bradesco.web.aq.view.filters.impl.BradescoFilterImpl']
2017-03-24 09:08:20,332 INFO [br.com.bradesco.web.aq.view.filters.session.BradescoRequestInterceptionFilter] - [Inicializando Bradesco Filter 'class br.com.bradesco.web.aq.view.filters.session.BradescoRequestInterceptionFilter']
2017-03-24 09:08:20,332 INFO [br.com.bradesco.web.aq.view.filters.object.BradescoDataContextInterceptionFilter] - [Inicializando Bradesco Filter 'class br.com.bradesco.web.aq.view.filters.object.BradescoDataContextInterceptionFilter']
2017-03-24 09:08:20,361 INFO [br.com.bradesco.web.aq.view.filters.impl.BradescoFilterImpl] - [Inicializando Bradesco Filter 'class br.com.bradesco.web.aq.view.filters.impl.BradescoFilterImpl']
2017-03-24 09:10:29,002 INFO [br.com.bradesco.web.aq.view.filters.session.BradescoRequestInterceptionFilter] - [Inicializando Bradesco Filter 'class br.com.bradesco.web.aq.view.filters.session.BradescoRequestInterceptionFilter']
2017-03-24 09:10:29,002 INFO [br.com.bradesco.web.aq.view.filters.object.BradescoDataContextInterceptionFilter] - [Inicializando Bradesco Filter 'class br.com.bradesco.web.aq.view.filters.object.BradescoDataContextInterceptionFilter']
2017-03-24 09:10:29,037 INFO [br.com.bradesco.web.aq.view.filters.impl.BradescoFilterImpl] - [Inicializando Bradesco Filter 'class br.com.bradesco.web.aq.view.filters.impl.BradescoFilterImpl']
2017-03-24 09:10:34,897 INFO [br.com.bradesco.web.aq.view.filters.session.BradescoRequestInterceptionFilter] - [Inicializando Bradesco Filter 'class br.com.bradesco.web.aq.view.filters.session.BradescoRequestInterceptionFilter']
2017-03-24 09:10:34,897 INFO [br.com.bradesco.web.aq.view.filters.object.BradescoDataContextInterceptionFilter] - [Inicializando Bradesco Filter 'class br.com.bradesco.web.aq.view.filters.object.BradescoDataContextInterceptionFilter']
2017-03-24 09:10:34,919 INFO [br.com.bradesco.web.aq.view.filters.impl.BradescoFilterImpl] - [Inicializando Bradesco Filter 'class br.com.bradesco.web.aq.view.filters.impl.BradescoFilterImpl']
2017-03-24 09:14:30,749 INFO [br.com.bradesco.web.aq.view.filters.session.BradescoRequestInterceptionFilter] - [Inicializando Bradesco Filter 'class br.com.bradesco.web.aq.view.filters.session.BradescoRequestInterceptionFilter']
2017-03-24 09:14:30,749 INFO [br.com.bradesco.web.aq.view.filters.object.BradescoDataContextInterceptionFilter] - [Inicializando Bradesco Filter 'class br.com.bradesco.web.aq.view.filters.object.BradescoDataContextInterceptionFilter']
2017-03-24 09:14:30,788 INFO [br.com.bradesco.web.aq.view.filters.impl.BradescoFilterImpl] - [Inicializando Bradesco Filter 'class br.com.bradesco.web.aq.view.filters.impl.BradescoFilterImpl']
2017-03-24 09:15:10,207 INFO [br.com.bradesco.web.aq.view.filters.session.BradescoRequestInterceptionFilter] - [Inicializando Bradesco Filter 'class br.com.bradesco.web.aq.view.filters.session.BradescoRequestInterceptionFilter']
2017-03-24 09:15:10,207 INFO [br.com.bradesco.web.aq.view.filters.object.BradescoDataContextInterceptionFilter] - [Inicializando Bradesco Filter 'class br.com.bradesco.web.aq.view.filters.object.BradescoDataContextInterceptionFilter']
2017-03-24 09:15:10,227 INFO [br.com.bradesco.web.aq.view.filters.impl.BradescoFilterImpl] - [Inicializando Bradesco Filter 'class br.com.bradesco.web.aq.view.filters.impl.BradescoFilterImpl']
2017-03-24 09:15:35,797 INFO [br.com.bradesco.web.aq.view.filters.session.BradescoRequestInterceptionFilter] - [Inicializando Bradesco Filter 'class br.com.bradesco.web.aq.view.filters.session.BradescoRequestInterceptionFilter']
2017-03-24 09:15:35,797 INFO [br.com.bradesco.web.aq.view.filters.object.BradescoDataContextInterceptionFilter] - [Inicializando Bradesco Filter 'class br.com.bradesco.web.aq.view.filters.object.BradescoDataContextInterceptionFilter']
2017-03-24 09:15:35,815 INFO [br.com.bradesco.web.aq.view.filters.impl.BradescoFilterImpl] - [Inicializando Bradesco Filter 'class br.com.bradesco.web.aq.view.filters.impl.BradescoFilterImpl']
2017-03-24 09:22:49,092 INFO [br.com.bradesco.web.aq.view.filters.session.BradescoRequestInterceptionFilter] - [Inicializando Bradesco Filter 'class br.com.bradesco.web.aq.view.filters.session.BradescoRequestInterceptionFilter']
2017-03-24 09:22:49,092 INFO [br.com.bradesco.web.aq.view.filters.object.BradescoDataContextInterceptionFilter] - [Inicializando Bradesco Filter 'class br.com.bradesco.web.aq.view.filters.object.BradescoDataContextInterceptionFilter']
2017-03-24 09:22:49,104 INFO [br.com.bradesco.web.aq.view.filters.impl.BradescoFilterImpl] - [Inicializando Bradesco Filter 'class br.com.bradesco.web.aq.view.filters.impl.BradescoFilterImpl']
2017-03-24 09:27:49,774 INFO [br.com.bradesco.web.aq.view.filters.session.BradescoRequestInterceptionFilter] - [Inicializando Bradesco Filter 'class br.com.bradesco.web.aq.view.filters.session.BradescoRequestInterceptionFilter']
2017-03-24 09:27:49,774 INFO [br.com.bradesco.web.aq.view.filters.object.BradescoDataContextInterceptionFilter] - [Inicializando Bradesco Filter 'class br.com.bradesco.web.aq.view.filters.object.BradescoDataContextInterceptionFilter']
2017-03-24 09:27:49,795 INFO [br.com.bradesco.web.aq.view.filters.impl.BradescoFilterImpl] - [Inicializando Bradesco Filter 'class br.com.bradesco.web.aq.view.filters.impl.BradescoFilterImpl']
2017-03-24 09:42:48,415 INFO [br.com.bradesco.web.aq.view.filters.session.BradescoRequestInterceptionFilter] - [Inicializando Bradesco Filter 'class br.com.bradesco.web.aq.view.filters.session.BradescoRequestInterceptionFilter']
2017-03-24 09:42:48,415 INFO [br.com.bradesco.web.aq.view.filters.object.BradescoDataContextInterceptionFilter] - [Inicializando Bradesco Filter 'class br.com.bradesco.web.aq.view.filters.object.BradescoDataContextInterceptionFilter']
2017-03-24 09:42:48,763 INFO [br.com.bradesco.web.aq.view.filters.impl.BradescoFilterImpl] - [Inicializando Bradesco Filter 'class br.com.bradesco.web.aq.view.filters.impl.BradescoFilterImpl']
2017-03-24 09:42:51,383 INFO [br.com.bradesco.web.aq.view.filters.session.BradescoRequestInterceptionFilter] - [Inicializando Bradesco Filter 'class br.com.bradesco.web.aq.view.filters.session.BradescoRequestInterceptionFilter']
2017-03-24 09:42:51,383 INFO [br.com.bradesco.web.aq.view.filters.object.BradescoDataContextInterceptionFilter] - [Inicializando Bradesco Filter 'class br.com.bradesco.web.aq.view.filters.object.BradescoDataContextInterceptionFilter']
2017-03-24 09:42:51,403 INFO [br.com.bradesco.web.aq.view.filters.impl.BradescoFilterImpl] - [Inicializando Bradesco Filter 'class br.com.bradesco.web.aq.view.filters.impl.BradescoFilterImpl']
2017-03-24 09:43:59,943 INFO [br.com.bradesco.web.aq.view.filters.session.BradescoRequestInterceptionFilter] - [Inicializando Bradesco Filter 'class br.com.bradesco.web.aq.view.filters.session.BradescoRequestInterceptionFilter']
2017-03-24 09:43:59,943 INFO [br.com.bradesco.web.aq.view.filters.object.BradescoDataContextInterceptionFilter] - [Inicializando Bradesco Filter 'class br.com.bradesco.web.aq.view.filters.object.BradescoDataContextInterceptionFilter']
2017-03-24 09:44:00,265 INFO [br.com.bradesco.web.aq.view.filters.impl.BradescoFilterImpl] - [Inicializando Bradesco Filter 'class br.com.bradesco.web.aq.view.filters.impl.BradescoFilterImpl']
2017-03-24 09:44:46,792 INFO [br.com.bradesco.web.aq.view.filters.session.BradescoRequestInterceptionFilter] - [Inicializando Bradesco Filter 'class br.com.bradesco.web.aq.view.filters.session.BradescoRequestInterceptionFilter']
2017-03-24 09:44:46,792 INFO [br.com.bradesco.web.aq.view.filters.object.BradescoDataContextInterceptionFilter] - [Inicializando Bradesco Filter 'class br.com.bradesco.web.aq.view.filters.object.BradescoDataContextInterceptionFilter']
2017-03-24 09:44:46,797 INFO [br.com.bradesco.web.aq.view.filters.impl.BradescoFilterImpl] - [Inicializando Bradesco Filter 'class br.com.bradesco.web.aq.view.filters.impl.BradescoFilterImpl']
2017-03-24 09:44:50,870 INFO [br.com.bradesco.web.aq.view.filters.session.BradescoRequestInterceptionFilter] - [Inicializando Bradesco Filter 'class br.com.bradesco.web.aq.view.filters.session.BradescoRequestInterceptionFilter']
2017-03-24 09:44:50,870 INFO [br.com.bradesco.web.aq.view.filters.object.BradescoDataContextInterceptionFilter] - [Inicializando Bradesco Filter 'class br.com.bradesco.web.aq.view.filters.object.BradescoDataContextInterceptionFilter']
2017-03-24 09:44:50,877 INFO [br.com.bradesco.web.aq.view.filters.session.BradescoRequestInterceptionFilter] - [Inicializando Bradesco Filter 'class br.com.bradesco.web.aq.view.filters.session.BradescoRequestInterceptionFilter']
2017-03-24 09:44:50,877 INFO [br.com.bradesco.web.aq.view.filters.object.BradescoDataContextInterceptionFilter] - [Inicializando Bradesco Filter 'class br.com.bradesco.web.aq.view.filters.object.BradescoDataContextInterceptionFilter']
2017-03-24 09:44:50,889 INFO [br.com.bradesco.web.aq.view.filters.impl.BradescoFilterImpl] - [Inicializando Bradesco Filter 'class br.com.bradesco.web.aq.view.filters.impl.BradescoFilterImpl']
2017-03-24 09:44:50,909 INFO [br.com.bradesco.web.aq.view.filters.impl.BradescoFilterImpl] - [Inicializando Bradesco Filter 'class br.com.bradesco.web.aq.view.filters.impl.BradescoFilterImpl']
2017-03-24 09:44:53,674 INFO [br.com.bradesco.web.aq.view.filters.session.BradescoRequestInterceptionFilter] - [Inicializando Bradesco Filter 'class br.com.bradesco.web.aq.view.filters.session.BradescoRequestInterceptionFilter']
2017-03-24 09:44:53,675 INFO [br.com.bradesco.web.aq.view.filters.object.BradescoDataContextInterceptionFilter] - [Inicializando Bradesco Filter 'class br.com.bradesco.web.aq.view.filters.object.BradescoDataContextInterceptionFilter']
2017-03-24 09:44:53,696 INFO [br.com.bradesco.web.aq.view.filters.impl.BradescoFilterImpl] - [Inicializando Bradesco Filter 'class br.com.bradesco.web.aq.view.filters.impl.BradescoFilterImpl']
2017-03-24 09:47:28,890 INFO [br.com.bradesco.web.aq.application.log.impl.LogManagerImpl] - [Loaded LOG CATALOG from EXTERNAL Location [ '/suportedbdc_apl/custodia/caliclearings/config/log4j-catalog.xml'].]
2017-03-24 09:47:28,983 WARN [br.com.bradesco.web.aq.application.alert.config.AlertCatalogImpl] - [Could not open ServletContext resource [/WEB-INF/classes/alert-catalog.xml]]
2017-03-24 09:47:28,983 WARN [br.com.bradesco.web.aq.application.alert.channel.file.impl.FileEmitterImpl] - [O sistema não pode encontrar o caminho especificado]
2017-03-24 09:47:30,372 INFO [br.com.bradesco.web.aq.view.filters.impl.BradescoFilterManager] - [Inicializando BradescoFilterManager]
2017-03-24 09:47:30,372 INFO [br.com.bradesco.web.aq.view.filters.impl.BradescoFilterManager] - [Finalizando a inicialização do objeto BradescoFilterManager]
2017-03-24 10:28:35,741 INFO [br.com.bradesco.web.aq.view.filters.session.BradescoRequestInterceptionFilter] - [Inicializando Bradesco Filter 'class br.com.bradesco.web.aq.view.filters.session.BradescoRequestInterceptionFilter']
2017-03-24 10:28:35,741 INFO [br.com.bradesco.web.aq.view.filters.object.BradescoDataContextInterceptionFilter] - [Inicializando Bradesco Filter 'class br.com.bradesco.web.aq.view.filters.object.BradescoDataContextInterceptionFilter']
2017-03-24 10:28:35,880 WARN [br.com.bradesco.web.aq.application.util.faces.FacesUtilsMyFacesImpl] - [Mensagem com a chave error.custodia.sevice.provider.security.sessao.check.default faltando no bundle com a base br.com.bradesco.web.custodia.clearings.view.bundle.Messages e Locale pt_BR]
2017-03-24 10:28:35,883 WARN [br.com.bradesco.web.aq.application.error.i18n.MessageHelperImpl] - [MissingResourceException para a chave 'error.custodia.sevice.provider.security.sessao.check.default',locale ' pt_BR', resourceBundleBaseName 'br.com.bradesco.web.aq.application.bundle.ExceptionMessage'. A mensagem da exceção é Can't find resource for bundle java.util.PropertyResourceBundle, key error.custodia.sevice.provider.security.sessao.check.default]
2017-03-24 10:29:42,167 INFO [br.com.bradesco.web.aq.view.filters.session.BradescoRequestInterceptionFilter] - [Inicializando Bradesco Filter 'class br.com.bradesco.web.aq.view.filters.session.BradescoRequestInterceptionFilter']
2017-03-24 10:29:42,167 INFO [br.com.bradesco.web.aq.view.filters.object.BradescoDataContextInterceptionFilter] - [Inicializando Bradesco Filter 'class br.com.bradesco.web.aq.view.filters.object.BradescoDataContextInterceptionFilter']
2017-03-24 10:29:43,207 INFO [br.com.bradesco.web.aq.view.filters.impl.BradescoFilterImpl] - [Inicializando Bradesco Filter 'class br.com.bradesco.web.aq.view.filters.impl.BradescoFilterImpl']
2017-03-24 10:29:46,593 INFO [br.com.bradesco.web.aq.view.filters.session.BradescoRequestInterceptionFilter] - [Inicializando Bradesco Filter 'class br.com.bradesco.web.aq.view.filters.session.BradescoRequestInterceptionFilter']
2017-03-24 10:29:46,593 INFO [br.com.bradesco.web.aq.view.filters.object.BradescoDataContextInterceptionFilter] - [Inicializando Bradesco Filter 'class br.com.bradesco.web.aq.view.filters.object.BradescoDataContextInterceptionFilter']
2017-03-24 10:29:47,114 INFO [br.com.bradesco.web.aq.view.filters.impl.BradescoFilterImpl] - [Inicializando Bradesco Filter 'class br.com.bradesco.web.aq.view.filters.impl.BradescoFilterImpl']
2017-03-24 10:29:54,265 INFO [br.com.bradesco.web.aq.view.filters.session.BradescoRequestInterceptionFilter] - [Inicializando Bradesco Filter 'class br.com.bradesco.web.aq.view.filters.session.BradescoRequestInterceptionFilter']
2017-03-24 10:29:54,265 INFO [br.com.bradesco.web.aq.view.filters.object.BradescoDataContextInterceptionFilter] - [Inicializando Bradesco Filter 'class br.com.bradesco.web.aq.view.filters.object.BradescoDataContextInterceptionFilter']
2017-03-24 10:29:54,786 INFO [br.com.bradesco.web.aq.view.filters.impl.BradescoFilterImpl] - [Inicializando Bradesco Filter 'class br.com.bradesco.web.aq.view.filters.impl.BradescoFilterImpl']
2017-03-24 10:40:32,202 INFO [br.com.bradesco.web.aq.view.filters.session.BradescoRequestInterceptionFilter] - [Inicializando Bradesco Filter 'class br.com.bradesco.web.aq.view.filters.session.BradescoRequestInterceptionFilter']
2017-03-24 10:40:32,202 INFO [br.com.bradesco.web.aq.view.filters.object.BradescoDataContextInterceptionFilter] - [Inicializando Bradesco Filter 'class br.com.bradesco.web.aq.view.filters.object.BradescoDataContextInterceptionFilter']
2017-03-24 10:40:32,219 INFO [br.com.bradesco.web.aq.view.filters.impl.BradescoFilterImpl] - [Inicializando Bradesco Filter 'class br.com.bradesco.web.aq.view.filters.impl.BradescoFilterImpl']
2017-03-24 10:41:27,510 INFO [br.com.bradesco.web.aq.view.filters.session.BradescoRequestInterceptionFilter] - [Inicializando Bradesco Filter 'class br.com.bradesco.web.aq.view.filters.session.BradescoRequestInterceptionFilter']
2017-03-24 10:41:27,510 INFO [br.com.bradesco.web.aq.view.filters.object.BradescoDataContextInterceptionFilter] - [Inicializando Bradesco Filter 'class br.com.bradesco.web.aq.view.filters.object.BradescoDataContextInterceptionFilter']
2017-03-24 10:41:27,530 INFO [br.com.bradesco.web.aq.view.filters.impl.BradescoFilterImpl] - [Inicializando Bradesco Filter 'class br.com.bradesco.web.aq.view.filters.impl.BradescoFilterImpl']
2017-03-24 10:41:31,569 INFO [br.com.bradesco.web.aq.view.filters.session.BradescoRequestInterceptionFilter] - [Inicializando Bradesco Filter 'class br.com.bradesco.web.aq.view.filters.session.BradescoRequestInterceptionFilter']
2017-03-24 10:41:31,569 INFO [br.com.bradesco.web.aq.view.filters.object.BradescoDataContextInterceptionFilter] - [Inicializando Bradesco Filter 'class br.com.bradesco.web.aq.view.filters.object.BradescoDataContextInterceptionFilter']
2017-03-24 10:41:31,578 INFO [br.com.bradesco.web.aq.view.filters.impl.BradescoFilterImpl] - [Inicializando Bradesco Filter 'class br.com.bradesco.web.aq.view.filters.impl.BradescoFilterImpl']
2017-03-24 10:41:56,185 INFO [br.com.bradesco.web.aq.view.filters.session.BradescoRequestInterceptionFilter] - [Inicializando Bradesco Filter 'class br.com.bradesco.web.aq.view.filters.session.BradescoRequestInterceptionFilter']
2017-03-24 10:41:56,185 INFO [br.com.bradesco.web.aq.view.filters.object.BradescoDataContextInterceptionFilter] - [Inicializando Bradesco Filter 'class br.com.bradesco.web.aq.view.filters.object.BradescoDataContextInterceptionFilter']
2017-03-24 10:41:56,218 INFO [br.com.bradesco.web.aq.view.filters.impl.BradescoFilterImpl] - [Inicializando Bradesco Filter 'class br.com.bradesco.web.aq.view.filters.impl.BradescoFilterImpl']
2017-03-24 10:42:03,975 INFO [br.com.bradesco.web.aq.view.filters.session.BradescoRequestInterceptionFilter] - [Inicializando Bradesco Filter 'class br.com.bradesco.web.aq.view.filters.session.BradescoRequestInterceptionFilter']
2017-03-24 10:42:03,975 INFO [br.com.bradesco.web.aq.view.filters.object.BradescoDataContextInterceptionFilter] - [Inicializando Bradesco Filter 'class br.com.bradesco.web.aq.view.filters.object.BradescoDataContextInterceptionFilter']
2017-03-24 10:42:03,993 INFO [br.com.bradesco.web.aq.view.filters.impl.BradescoFilterImpl] - [Inicializando Bradesco Filter 'class br.com.bradesco.web.aq.view.filters.impl.BradescoFilterImpl']
2017-03-24 10:43:36,508 INFO [br.com.bradesco.web.aq.view.filters.session.BradescoRequestInterceptionFilter] - [Inicializando Bradesco Filter 'class br.com.bradesco.web.aq.view.filters.session.BradescoRequestInterceptionFilter']
2017-03-24 10:43:36,508 INFO [br.com.bradesco.web.aq.view.filters.object.BradescoDataContextInterceptionFilter] - [Inicializando Bradesco Filter 'class br.com.bradesco.web.aq.view.filters.object.BradescoDataContextInterceptionFilter']
2017-03-24 10:43:37,522 INFO [br.com.bradesco.web.aq.view.filters.impl.BradescoFilterImpl] - [Inicializando Bradesco Filter 'class br.com.bradesco.web.aq.view.filters.impl.BradescoFilterImpl']
2017-03-24 10:43:41,024 INFO [br.com.bradesco.web.aq.view.filters.session.BradescoRequestInterceptionFilter] - [Inicializando Bradesco Filter 'class br.com.bradesco.web.aq.view.filters.session.BradescoRequestInterceptionFilter']
2017-03-24 10:43:41,024 INFO [br.com.bradesco.web.aq.view.filters.object.BradescoDataContextInterceptionFilter] - [Inicializando Bradesco Filter 'class br.com.bradesco.web.aq.view.filters.object.BradescoDataContextInterceptionFilter']
2017-03-24 10:43:41,552 INFO [br.com.bradesco.web.aq.view.filters.impl.BradescoFilterImpl] - [Inicializando Bradesco Filter 'class br.com.bradesco.web.aq.view.filters.impl.BradescoFilterImpl']
2017-03-24 10:44:05,960 INFO [br.com.bradesco.web.aq.view.filters.session.BradescoRequestInterceptionFilter] - [Inicializando Bradesco Filter 'class br.com.bradesco.web.aq.view.filters.session.BradescoRequestInterceptionFilter']
2017-03-24 10:44:05,960 INFO [br.com.bradesco.web.aq.view.filters.object.BradescoDataContextInterceptionFilter] - [Inicializando Bradesco Filter 'class br.com.bradesco.web.aq.view.filters.object.BradescoDataContextInterceptionFilter']
2017-03-24 10:44:05,995 INFO [br.com.bradesco.web.aq.view.filters.impl.BradescoFilterImpl] - [Inicializando Bradesco Filter 'class br.com.bradesco.web.aq.view.filters.impl.BradescoFilterImpl']
2017-03-24 10:44:11,438 INFO [br.com.bradesco.web.aq.view.filters.session.BradescoRequestInterceptionFilter] - [Inicializando Bradesco Filter 'class br.com.bradesco.web.aq.view.filters.session.BradescoRequestInterceptionFilter']
2017-03-24 10:44:11,439 INFO [br.com.bradesco.web.aq.view.filters.object.BradescoDataContextInterceptionFilter] - [Inicializando Bradesco Filter 'class br.com.bradesco.web.aq.view.filters.object.BradescoDataContextInterceptionFilter']
2017-03-24 10:44:11,458 INFO [br.com.bradesco.web.aq.view.filters.impl.BradescoFilterImpl] - [Inicializando Bradesco Filter 'class br.com.bradesco.web.aq.view.filters.impl.BradescoFilterImpl']
2017-03-24 10:45:06,214 INFO [br.com.bradesco.web.aq.view.filters.session.BradescoRequestInterceptionFilter] - [Inicializando Bradesco Filter 'class br.com.bradesco.web.aq.view.filters.session.BradescoRequestInterceptionFilter']
2017-03-24 10:45:06,215 INFO [br.com.bradesco.web.aq.view.filters.object.BradescoDataContextInterceptionFilter] - [Inicializando Bradesco Filter 'class br.com.bradesco.web.aq.view.filters.object.BradescoDataContextInterceptionFilter']
2017-03-24 10:45:06,577 INFO [br.com.bradesco.web.aq.view.filters.impl.BradescoFilterImpl] - [Inicializando Bradesco Filter 'class br.com.bradesco.web.aq.view.filters.impl.BradescoFilterImpl']
2017-03-24 10:45:09,311 INFO [br.com.bradesco.web.aq.view.filters.session.BradescoRequestInterceptionFilter] - [Inicializando Bradesco Filter 'class br.com.bradesco.web.aq.view.filters.session.BradescoRequestInterceptionFilter']
2017-03-24 10:45:09,311 INFO [br.com.bradesco.web.aq.view.filters.object.BradescoDataContextInterceptionFilter] - [Inicializando Bradesco Filter 'class br.com.bradesco.web.aq.view.filters.object.BradescoDataContextInterceptionFilter']
2017-03-24 10:45:09,834 INFO [br.com.bradesco.web.aq.view.filters.impl.BradescoFilterImpl] - [Inicializando Bradesco Filter 'class br.com.bradesco.web.aq.view.filters.impl.BradescoFilterImpl']
2017-03-24 10:52:05,773 INFO [br.com.bradesco.web.aq.view.filters.session.BradescoRequestInterceptionFilter] - [Inicializando Bradesco Filter 'class br.com.bradesco.web.aq.view.filters.session.BradescoRequestInterceptionFilter']
2017-03-24 10:52:05,773 INFO [br.com.bradesco.web.aq.view.filters.object.BradescoDataContextInterceptionFilter] - [Inicializando Bradesco Filter 'class br.com.bradesco.web.aq.view.filters.object.BradescoDataContextInterceptionFilter']
2017-03-24 10:52:05,796 INFO [br.com.bradesco.web.aq.view.filters.impl.BradescoFilterImpl] - [Inicializando Bradesco Filter 'class br.com.bradesco.web.aq.view.filters.impl.BradescoFilterImpl']
2017-03-24 10:52:22,737 INFO [br.com.bradesco.web.aq.view.filters.session.BradescoRequestInterceptionFilter] - [Inicializando Bradesco Filter 'class br.com.bradesco.web.aq.view.filters.session.BradescoRequestInterceptionFilter']
2017-03-24 10:52:22,737 INFO [br.com.bradesco.web.aq.view.filters.object.BradescoDataContextInterceptionFilter] - [Inicializando Bradesco Filter 'class br.com.bradesco.web.aq.view.filters.object.BradescoDataContextInterceptionFilter']
2017-03-24 10:52:22,746 INFO [br.com.bradesco.web.aq.view.filters.impl.BradescoFilterImpl] - [Inicializando Bradesco Filter 'class br.com.bradesco.web.aq.view.filters.impl.BradescoFilterImpl']
2017-03-24 10:52:27,382 INFO [br.com.bradesco.web.aq.view.filters.session.BradescoRequestInterceptionFilter] - [Inicializando Bradesco Filter 'class br.com.bradesco.web.aq.view.filters.session.BradescoRequestInterceptionFilter']
2017-03-24 10:52:27,382 INFO [br.com.bradesco.web.aq.view.filters.object.BradescoDataContextInterceptionFilter] - [Inicializando Bradesco Filter 'class br.com.bradesco.web.aq.view.filters.object.BradescoDataContextInterceptionFilter']
2017-03-24 10:52:27,401 INFO [br.com.bradesco.web.aq.view.filters.impl.BradescoFilterImpl] - [Inicializando Bradesco Filter 'class br.com.bradesco.web.aq.view.filters.impl.BradescoFilterImpl']
2017-03-24 10:52:51,418 INFO [br.com.bradesco.web.aq.view.filters.session.BradescoRequestInterceptionFilter] - [Inicializando Bradesco Filter 'class br.com.bradesco.web.aq.view.filters.session.BradescoRequestInterceptionFilter']
2017-03-24 10:52:51,418 INFO [br.com.bradesco.web.aq.view.filters.object.BradescoDataContextInterceptionFilter] - [Inicializando Bradesco Filter 'class br.com.bradesco.web.aq.view.filters.object.BradescoDataContextInterceptionFilter']
2017-03-24 10:52:51,438 INFO [br.com.bradesco.web.aq.view.filters.impl.BradescoFilterImpl] - [Inicializando Bradesco Filter 'class br.com.bradesco.web.aq.view.filters.impl.BradescoFilterImpl']
2017-03-24 10:52:59,104 INFO [br.com.bradesco.web.aq.view.filters.session.BradescoRequestInterceptionFilter] - [Inicializando Bradesco Filter 'class br.com.bradesco.web.aq.view.filters.session.BradescoRequestInterceptionFilter']
2017-03-24 10:52:59,104 INFO [br.com.bradesco.web.aq.view.filters.object.BradescoDataContextInterceptionFilter] - [Inicializando Bradesco Filter 'class br.com.bradesco.web.aq.view.filters.object.BradescoDataContextInterceptionFilter']
2017-03-24 10:52:59,114 INFO [br.com.bradesco.web.aq.view.filters.impl.BradescoFilterImpl] - [Inicializando Bradesco Filter 'class br.com.bradesco.web.aq.view.filters.impl.BradescoFilterImpl']
2017-03-24 10:53:02,410 INFO [br.com.bradesco.web.aq.view.filters.session.BradescoRequestInterceptionFilter] - [Inicializando Bradesco Filter 'class br.com.bradesco.web.aq.view.filters.session.BradescoRequestInterceptionFilter']
2017-03-24 10:53:02,411 INFO [br.com.bradesco.web.aq.view.filters.object.BradescoDataContextInterceptionFilter] - [Inicializando Bradesco Filter 'class br.com.bradesco.web.aq.view.filters.object.BradescoDataContextInterceptionFilter']
2017-03-24 10:53:02,429 INFO [br.com.bradesco.web.aq.view.filters.impl.BradescoFilterImpl] - [Inicializando Bradesco Filter 'class br.com.bradesco.web.aq.view.filters.impl.BradescoFilterImpl']
2017-03-24 10:53:16,580 INFO [br.com.bradesco.web.aq.view.filters.session.BradescoRequestInterceptionFilter] - [Inicializando Bradesco Filter 'class br.com.bradesco.web.aq.view.filters.session.BradescoRequestInterceptionFilter']
2017-03-24 10:53:16,580 INFO [br.com.bradesco.web.aq.view.filters.object.BradescoDataContextInterceptionFilter] - [Inicializando Bradesco Filter 'class br.com.bradesco.web.aq.view.filters.object.BradescoDataContextInterceptionFilter']
2017-03-24 10:53:16,598 INFO [br.com.bradesco.web.aq.view.filters.impl.BradescoFilterImpl] - [Inicializando Bradesco Filter 'class br.com.bradesco.web.aq.view.filters.impl.BradescoFilterImpl']
2017-03-24 10:53:29,333 INFO [br.com.bradesco.web.aq.view.filters.session.BradescoRequestInterceptionFilter] - [Inicializando Bradesco Filter 'class br.com.bradesco.web.aq.view.filters.session.BradescoRequestInterceptionFilter']
2017-03-24 10:53:29,334 INFO [br.com.bradesco.web.aq.view.filters.object.BradescoDataContextInterceptionFilter] - [Inicializando Bradesco Filter 'class br.com.bradesco.web.aq.view.filters.object.BradescoDataContextInterceptionFilter']
2017-03-24 10:53:29,352 INFO [br.com.bradesco.web.aq.view.filters.impl.BradescoFilterImpl] - [Inicializando Bradesco Filter 'class br.com.bradesco.web.aq.view.filters.impl.BradescoFilterImpl']
2017-03-24 10:53:37,896 INFO [br.com.bradesco.web.aq.view.filters.session.BradescoRequestInterceptionFilter] - [Inicializando Bradesco Filter 'class br.com.bradesco.web.aq.view.filters.session.BradescoRequestInterceptionFilter']
2017-03-24 10:53:37,896 INFO [br.com.bradesco.web.aq.view.filters.object.BradescoDataContextInterceptionFilter] - [Inicializando Bradesco Filter 'class br.com.bradesco.web.aq.view.filters.object.BradescoDataContextInterceptionFilter']
2017-03-24 10:53:37,914 INFO [br.com.bradesco.web.aq.view.filters.impl.BradescoFilterImpl] - [Inicializando Bradesco Filter 'class br.com.bradesco.web.aq.view.filters.impl.BradescoFilterImpl']
2017-03-24 10:53:46,218 INFO [br.com.bradesco.web.aq.view.filters.session.BradescoRequestInterceptionFilter] - [Inicializando Bradesco Filter 'class br.com.bradesco.web.aq.view.filters.session.BradescoRequestInterceptionFilter']
2017-03-24 10:53:46,218 INFO [br.com.bradesco.web.aq.view.filters.object.BradescoDataContextInterceptionFilter] - [Inicializando Bradesco Filter 'class br.com.bradesco.web.aq.view.filters.object.BradescoDataContextInterceptionFilter']
2017-03-24 10:53:46,240 INFO [br.com.bradesco.web.aq.view.filters.impl.BradescoFilterImpl] - [Inicializando Bradesco Filter 'class br.com.bradesco.web.aq.view.filters.impl.BradescoFilterImpl']
2017-03-24 10:53:56,155 INFO [br.com.bradesco.web.aq.view.filters.session.BradescoRequestInterceptionFilter] - [Inicializando Bradesco Filter 'class br.com.bradesco.web.aq.view.filters.session.BradescoRequestInterceptionFilter']
2017-03-24 10:53:56,155 INFO [br.com.bradesco.web.aq.view.filters.object.BradescoDataContextInterceptionFilter] - [Inicializando Bradesco Filter 'class br.com.bradesco.web.aq.view.filters.object.BradescoDataContextInterceptionFilter']
2017-03-24 10:53:56,174 INFO [br.com.bradesco.web.aq.view.filters.impl.BradescoFilterImpl] - [Inicializando Bradesco Filter 'class br.com.bradesco.web.aq.view.filters.impl.BradescoFilterImpl']
2017-03-24 10:54:14,556 INFO [br.com.bradesco.web.aq.view.filters.session.BradescoRequestInterceptionFilter] - [Inicializando Bradesco Filter 'class br.com.bradesco.web.aq.view.filters.session.BradescoRequestInterceptionFilter']
2017-03-24 10:54:14,556 INFO [br.com.bradesco.web.aq.view.filters.object.BradescoDataContextInterceptionFilter] - [Inicializando Bradesco Filter 'class br.com.bradesco.web.aq.view.filters.object.BradescoDataContextInterceptionFilter']
2017-03-24 10:54:14,574 INFO [br.com.bradesco.web.aq.view.filters.impl.BradescoFilterImpl] - [Inicializando Bradesco Filter 'class br.com.bradesco.web.aq.view.filters.impl.BradescoFilterImpl']
2017-03-24 10:54:33,322 INFO [br.com.bradesco.web.aq.view.filters.session.BradescoRequestInterceptionFilter] - [Inicializando Bradesco Filter 'class br.com.bradesco.web.aq.view.filters.session.BradescoRequestInterceptionFilter']
2017-03-24 10:54:33,322 INFO [br.com.bradesco.web.aq.view.filters.object.BradescoDataContextInterceptionFilter] - [Inicializando Bradesco Filter 'class br.com.bradesco.web.aq.view.filters.object.BradescoDataContextInterceptionFilter']
2017-03-24 10:54:33,328 INFO [br.com.bradesco.web.aq.view.filters.impl.BradescoFilterImpl] - [Inicializando Bradesco Filter 'class br.com.bradesco.web.aq.view.filters.impl.BradescoFilterImpl']
2017-03-24 10:54:50,154 INFO [br.com.bradesco.web.aq.view.filters.session.BradescoRequestInterceptionFilter] - [Inicializando Bradesco Filter 'class br.com.bradesco.web.aq.view.filters.session.BradescoRequestInterceptionFilter']
2017-03-24 10:54:50,154 INFO [br.com.bradesco.web.aq.view.filters.object.BradescoDataContextInterceptionFilter] - [Inicializando Bradesco Filter 'class br.com.bradesco.web.aq.view.filters.object.BradescoDataContextInterceptionFilter']
2017-03-24 10:54:50,685 INFO [br.com.bradesco.web.aq.view.filters.impl.BradescoFilterImpl] - [Inicializando Bradesco Filter 'class br.com.bradesco.web.aq.view.filters.impl.BradescoFilterImpl']
2017-03-24 10:55:00,269 INFO [br.com.bradesco.web.aq.view.filters.session.BradescoRequestInterceptionFilter] - [Inicializando Bradesco Filter 'class br.com.bradesco.web.aq.view.filters.session.BradescoRequestInterceptionFilter']
2017-03-24 10:55:00,269 INFO [br.com.bradesco.web.aq.view.filters.object.BradescoDataContextInterceptionFilter] - [Inicializando Bradesco Filter 'class br.com.bradesco.web.aq.view.filters.object.BradescoDataContextInterceptionFilter']
2017-03-24 10:55:00,294 INFO [br.com.bradesco.web.aq.view.filters.impl.BradescoFilterImpl] - [Inicializando Bradesco Filter 'class br.com.bradesco.web.aq.view.filters.impl.BradescoFilterImpl']
2017-03-24 10:55:12,734 INFO [br.com.bradesco.web.aq.view.filters.session.BradescoRequestInterceptionFilter] - [Inicializando Bradesco Filter 'class br.com.bradesco.web.aq.view.filters.session.BradescoRequestInterceptionFilter']
2017-03-24 10:55:12,734 INFO [br.com.bradesco.web.aq.view.filters.object.BradescoDataContextInterceptionFilter] - [Inicializando Bradesco Filter 'class br.com.bradesco.web.aq.view.filters.object.BradescoDataContextInterceptionFilter']
2017-03-24 10:55:12,752 INFO [br.com.bradesco.web.aq.view.filters.impl.BradescoFilterImpl] - [Inicializando Bradesco Filter 'class br.com.bradesco.web.aq.view.filters.impl.BradescoFilterImpl']
2017-03-24 10:55:26,554 INFO [br.com.bradesco.web.aq.view.filters.session.BradescoRequestInterceptionFilter] - [Inicializando Bradesco Filter 'class br.com.bradesco.web.aq.view.filters.session.BradescoRequestInterceptionFilter']
2017-03-24 10:55:26,554 INFO [br.com.bradesco.web.aq.view.filters.object.BradescoDataContextInterceptionFilter] - [Inicializando Bradesco Filter 'class br.com.bradesco.web.aq.view.filters.object.BradescoDataContextInterceptionFilter']
2017-03-24 10:55:26,563 INFO [br.com.bradesco.web.aq.view.filters.impl.BradescoFilterImpl] - [Inicializando Bradesco Filter 'class br.com.bradesco.web.aq.view.filters.impl.BradescoFilterImpl']
2017-03-24 10:55:36,305 INFO [br.com.bradesco.web.aq.view.filters.session.BradescoRequestInterceptionFilter] - [Inicializando Bradesco Filter 'class br.com.bradesco.web.aq.view.filters.session.BradescoRequestInterceptionFilter']
2017-03-24 10:55:36,305 INFO [br.com.bradesco.web.aq.view.filters.object.BradescoDataContextInterceptionFilter] - [Inicializando Bradesco Filter 'class br.com.bradesco.web.aq.view.filters.object.BradescoDataContextInterceptionFilter']
2017-03-24 10:55:36,313 INFO [br.com.bradesco.web.aq.view.filters.impl.BradescoFilterImpl] - [Inicializando Bradesco Filter 'class br.com.bradesco.web.aq.view.filters.impl.BradescoFilterImpl']
2017-03-24 10:55:42,956 INFO [br.com.bradesco.web.aq.view.filters.session.BradescoRequestInterceptionFilter] - [Inicializando Bradesco Filter 'class br.com.bradesco.web.aq.view.filters.session.BradescoRequestInterceptionFilter']
2017-03-24 10:55:42,956 INFO [br.com.bradesco.web.aq.view.filters.object.BradescoDataContextInterceptionFilter] - [Inicializando Bradesco Filter 'class br.com.bradesco.web.aq.view.filters.object.BradescoDataContextInterceptionFilter']
2017-03-24 10:55:42,973 INFO [br.com.bradesco.web.aq.view.filters.impl.BradescoFilterImpl] - [Inicializando Bradesco Filter 'class br.com.bradesco.web.aq.view.filters.impl.BradescoFilterImpl']
2017-03-24 10:56:53,658 INFO [br.com.bradesco.web.aq.view.filters.session.BradescoRequestInterceptionFilter] - [Inicializando Bradesco Filter 'class br.com.bradesco.web.aq.view.filters.session.BradescoRequestInterceptionFilter']
2017-03-24 10:56:53,658 INFO [br.com.bradesco.web.aq.view.filters.object.BradescoDataContextInterceptionFilter] - [Inicializando Bradesco Filter 'class br.com.bradesco.web.aq.view.filters.object.BradescoDataContextInterceptionFilter']
2017-03-24 10:56:53,676 INFO [br.com.bradesco.web.aq.view.filters.impl.BradescoFilterImpl] - [Inicializando Bradesco Filter 'class br.com.bradesco.web.aq.view.filters.impl.BradescoFilterImpl']
2017-03-24 10:57:15,275 INFO [br.com.bradesco.web.aq.view.filters.session.BradescoRequestInterceptionFilter] - [Inicializando Bradesco Filter 'class br.com.bradesco.web.aq.view.filters.session.BradescoRequestInterceptionFilter']
2017-03-24 10:57:15,276 INFO [br.com.bradesco.web.aq.view.filters.object.BradescoDataContextInterceptionFilter] - [Inicializando Bradesco Filter 'class br.com.bradesco.web.aq.view.filters.object.BradescoDataContextInterceptionFilter']
2017-03-24 10:57:15,297 INFO [br.com.bradesco.web.aq.view.filters.impl.BradescoFilterImpl] - [Inicializando Bradesco Filter 'class br.com.bradesco.web.aq.view.filters.impl.BradescoFilterImpl']
2017-03-24 10:57:39,727 INFO [br.com.bradesco.web.aq.view.filters.session.BradescoRequestInterceptionFilter] - [Inicializando Bradesco Filter 'class br.com.bradesco.web.aq.view.filters.session.BradescoRequestInterceptionFilter']
2017-03-24 10:57:39,727 INFO [br.com.bradesco.web.aq.view.filters.object.BradescoDataContextInterceptionFilter] - [Inicializando Bradesco Filter 'class br.com.bradesco.web.aq.view.filters.object.BradescoDataContextInterceptionFilter']
2017-03-24 10:57:39,746 INFO [br.com.bradesco.web.aq.view.filters.impl.BradescoFilterImpl] - [Inicializando Bradesco Filter 'class br.com.bradesco.web.aq.view.filters.impl.BradescoFilterImpl']
2017-03-24 11:04:56,299 INFO [br.com.bradesco.web.aq.view.filters.session.BradescoRequestInterceptionFilter] - [Inicializando Bradesco Filter 'class br.com.bradesco.web.aq.view.filters.session.BradescoRequestInterceptionFilter']
2017-03-24 11:04:56,299 INFO [br.com.bradesco.web.aq.view.filters.object.BradescoDataContextInterceptionFilter] - [Inicializando Bradesco Filter 'class br.com.bradesco.web.aq.view.filters.object.BradescoDataContextInterceptionFilter']
2017-03-24 11:04:56,321 INFO [br.com.bradesco.web.aq.view.filters.impl.BradescoFilterImpl] - [Inicializando Bradesco Filter 'class br.com.bradesco.web.aq.view.filters.impl.BradescoFilterImpl']
