2017-03-24 08:41:58,247 DEBUG [org.springframework.jdbc.core.JdbcTemplate] - [Calling stored procedure [{call sessao.pSelDadosSessao01(?)}]]
2017-03-24 08:41:58,249 DEBUG [org.springframework.jdbc.core.StatementCreatorUtils] - [Setting SQL statement parameter value: column index 1, parameter value [799069154720698734], value class [java.lang.String], SQL type 12]
2017-03-24 08:41:58,256 DEBUG [org.springframework.jdbc.core.JdbcTemplate] - [CallableStatement.execute() returned 'true']
2017-03-24 08:41:58,256 DEBUG [org.springframework.jdbc.core.JdbcTemplate] - [CallableStatement.getUpdateCount() returned -1]
2017-03-24 08:41:58,257 INFO [org.springframework.jdbc.core.JdbcTemplate] - [Added default SqlReturnResultSet parameter named #result-set-1]
2017-03-24 08:41:58,288 DEBUG [org.springframework.jdbc.core.JdbcTemplate] - [CallableStatement.getUpdateCount() returned -1]
2017-03-24 08:41:58,309 DEBUG [org.springframework.jdbc.core.JdbcTemplate] - [Calling stored procedure [{call menu.pSelVerificaPermissaoUsuarioMenu01(?, ?)}]]
2017-03-24 08:41:58,309 DEBUG [org.springframework.jdbc.core.StatementCreatorUtils] - [Setting SQL statement parameter value: column index 1, parameter value [2190], value class [java.lang.Integer], SQL type 4]
2017-03-24 08:41:58,309 DEBUG [org.springframework.jdbc.core.StatementCreatorUtils] - [Setting SQL statement parameter value: column index 2, parameter value [2279119], value class [java.lang.Integer], SQL type 4]
2017-03-24 08:41:58,314 DEBUG [org.springframework.jdbc.core.JdbcTemplate] - [CallableStatement.execute() returned 'true']
2017-03-24 08:41:58,314 DEBUG [org.springframework.jdbc.core.JdbcTemplate] - [CallableStatement.getUpdateCount() returned -1]
2017-03-24 08:41:58,314 INFO [org.springframework.jdbc.core.JdbcTemplate] - [Added default SqlReturnResultSet parameter named #result-set-1]
2017-03-24 08:41:58,314 DEBUG [org.springframework.jdbc.core.JdbcTemplate] - [CallableStatement.getUpdateCount() returned -1]
2017-03-24 08:41:58,548 DEBUG [org.springframework.jdbc.core.JdbcTemplate] - [Calling stored procedure [{call usuario.pSelDadosUsuario01(?, ?, ?)}]]
2017-03-24 08:41:58,549 DEBUG [org.springframework.jdbc.core.StatementCreatorUtils] - [Setting SQL statement parameter value: column index 1, parameter value [2279119], value class [java.lang.Integer], SQL type 4]
2017-03-24 08:41:58,549 DEBUG [org.springframework.jdbc.core.StatementCreatorUtils] - [Setting SQL statement parameter value: column index 2, parameter value [3], value class [java.lang.Short], SQL type 5]
2017-03-24 08:41:58,549 DEBUG [org.springframework.jdbc.core.StatementCreatorUtils] - [Setting SQL statement parameter value: column index 3, parameter value [null], value class [null], SQL type 4]
2017-03-24 08:41:58,550 DEBUG [org.springframework.jdbc.core.JdbcTemplate] - [CallableStatement.execute() returned 'true']
2017-03-24 08:41:58,550 DEBUG [org.springframework.jdbc.core.JdbcTemplate] - [CallableStatement.getUpdateCount() returned -1]
2017-03-24 08:41:58,550 INFO [org.springframework.jdbc.core.JdbcTemplate] - [Added default SqlReturnResultSet parameter named #result-set-1]
2017-03-24 08:41:58,550 DEBUG [org.springframework.jdbc.core.JdbcTemplate] - [CallableStatement.getUpdateCount() returned -1]
2017-03-24 08:42:01,738 DEBUG [org.springframework.jdbc.core.JdbcTemplate] - [Calling stored procedure [{call sessao.pSelDadosSessao01(?)}]]
2017-03-24 08:42:01,738 DEBUG [org.springframework.jdbc.core.StatementCreatorUtils] - [Setting SQL statement parameter value: column index 1, parameter value [799069154720698734], value class [java.lang.String], SQL type 12]
2017-03-24 08:42:01,744 DEBUG [org.springframework.jdbc.core.JdbcTemplate] - [CallableStatement.execute() returned 'true']
2017-03-24 08:42:01,744 DEBUG [org.springframework.jdbc.core.JdbcTemplate] - [CallableStatement.getUpdateCount() returned -1]
2017-03-24 08:42:01,744 INFO [org.springframework.jdbc.core.JdbcTemplate] - [Added default SqlReturnResultSet parameter named #result-set-1]
2017-03-24 08:42:01,744 DEBUG [org.springframework.jdbc.core.JdbcTemplate] - [CallableStatement.getUpdateCount() returned -1]
2017-03-24 08:42:07,040 DEBUG [org.springframework.jdbc.core.JdbcTemplate] - [Calling stored procedure [{call sessao.pSelDadosSessao01(?)}]]
2017-03-24 08:42:07,040 DEBUG [org.springframework.jdbc.core.StatementCreatorUtils] - [Setting SQL statement parameter value: column index 1, parameter value [799069154720698734], value class [java.lang.String], SQL type 12]
2017-03-24 08:42:07,048 DEBUG [org.springframework.jdbc.core.JdbcTemplate] - [CallableStatement.execute() returned 'true']
2017-03-24 08:42:07,048 DEBUG [org.springframework.jdbc.core.JdbcTemplate] - [CallableStatement.getUpdateCount() returned -1]
2017-03-24 08:42:07,048 INFO [org.springframework.jdbc.core.JdbcTemplate] - [Added default SqlReturnResultSet parameter named #result-set-1]
2017-03-24 08:42:07,049 DEBUG [org.springframework.jdbc.core.JdbcTemplate] - [CallableStatement.getUpdateCount() returned -1]
2017-03-24 08:50:43,241 DEBUG [org.springframework.jdbc.core.JdbcTemplate] - [Calling stored procedure [{call sessao.pSelDadosSessao01(?)}]]
2017-03-24 08:50:43,241 DEBUG [org.springframework.jdbc.core.StatementCreatorUtils] - [Setting SQL statement parameter value: column index 1, parameter value [799069154720698734], value class [java.lang.String], SQL type 12]
2017-03-24 08:50:43,247 DEBUG [org.springframework.jdbc.core.JdbcTemplate] - [CallableStatement.execute() returned 'true']
2017-03-24 08:50:43,247 DEBUG [org.springframework.jdbc.core.JdbcTemplate] - [CallableStatement.getUpdateCount() returned -1]
2017-03-24 08:50:43,247 INFO [org.springframework.jdbc.core.JdbcTemplate] - [Added default SqlReturnResultSet parameter named #result-set-1]
2017-03-24 08:50:43,247 DEBUG [org.springframework.jdbc.core.JdbcTemplate] - [CallableStatement.getUpdateCount() returned -1]
2017-03-24 08:50:43,259 DEBUG [org.springframework.jdbc.core.JdbcTemplate] - [Calling stored procedure [{call menu.pSelVerificaPermissaoUsuarioMenu01(?, ?)}]]
2017-03-24 08:50:43,259 DEBUG [org.springframework.jdbc.core.StatementCreatorUtils] - [Setting SQL statement parameter value: column index 1, parameter value [2190], value class [java.lang.Integer], SQL type 4]
2017-03-24 08:50:43,259 DEBUG [org.springframework.jdbc.core.StatementCreatorUtils] - [Setting SQL statement parameter value: column index 2, parameter value [2279119], value class [java.lang.Integer], SQL type 4]
2017-03-24 08:50:43,260 DEBUG [org.springframework.jdbc.core.JdbcTemplate] - [CallableStatement.execute() returned 'true']
2017-03-24 08:50:43,260 DEBUG [org.springframework.jdbc.core.JdbcTemplate] - [CallableStatement.getUpdateCount() returned -1]
2017-03-24 08:50:43,260 INFO [org.springframework.jdbc.core.JdbcTemplate] - [Added default SqlReturnResultSet parameter named #result-set-1]
2017-03-24 08:50:43,260 DEBUG [org.springframework.jdbc.core.JdbcTemplate] - [CallableStatement.getUpdateCount() returned -1]
2017-03-24 08:50:43,271 DEBUG [org.springframework.jdbc.core.JdbcTemplate] - [Calling stored procedure [{call usuario.pSelDadosUsuario01(?, ?, ?)}]]
2017-03-24 08:50:43,271 DEBUG [org.springframework.jdbc.core.StatementCreatorUtils] - [Setting SQL statement parameter value: column index 1, parameter value [2279119], value class [java.lang.Integer], SQL type 4]
2017-03-24 08:50:43,271 DEBUG [org.springframework.jdbc.core.StatementCreatorUtils] - [Setting SQL statement parameter value: column index 2, parameter value [3], value class [java.lang.Short], SQL type 5]
2017-03-24 08:50:43,271 DEBUG [org.springframework.jdbc.core.StatementCreatorUtils] - [Setting SQL statement parameter value: column index 3, parameter value [null], value class [null], SQL type 4]
2017-03-24 08:50:43,272 DEBUG [org.springframework.jdbc.core.JdbcTemplate] - [CallableStatement.execute() returned 'true']
2017-03-24 08:50:43,272 DEBUG [org.springframework.jdbc.core.JdbcTemplate] - [CallableStatement.getUpdateCount() returned -1]
2017-03-24 08:50:43,272 INFO [org.springframework.jdbc.core.JdbcTemplate] - [Added default SqlReturnResultSet parameter named #result-set-1]
2017-03-24 08:50:43,272 DEBUG [org.springframework.jdbc.core.JdbcTemplate] - [CallableStatement.getUpdateCount() returned -1]
2017-03-24 08:50:54,165 DEBUG [org.springframework.jdbc.core.JdbcTemplate] - [Calling stored procedure [{call sessao.pSelDadosSessao01(?)}]]
2017-03-24 08:50:54,165 DEBUG [org.springframework.jdbc.core.StatementCreatorUtils] - [Setting SQL statement parameter value: column index 1, parameter value [799069154720698734], value class [java.lang.String], SQL type 12]
2017-03-24 08:50:54,170 DEBUG [org.springframework.jdbc.core.JdbcTemplate] - [CallableStatement.execute() returned 'true']
2017-03-24 08:50:54,170 DEBUG [org.springframework.jdbc.core.JdbcTemplate] - [CallableStatement.getUpdateCount() returned -1]
2017-03-24 08:50:54,170 INFO [org.springframework.jdbc.core.JdbcTemplate] - [Added default SqlReturnResultSet parameter named #result-set-1]
2017-03-24 08:50:54,171 DEBUG [org.springframework.jdbc.core.JdbcTemplate] - [CallableStatement.getUpdateCount() returned -1]
2017-03-24 09:07:53,714 DEBUG [org.springframework.jdbc.core.JdbcTemplate] - [Calling stored procedure [{call sessao.pSelDadosSessao01(?)}]]
2017-03-24 09:07:53,714 DEBUG [org.springframework.jdbc.core.StatementCreatorUtils] - [Setting SQL statement parameter value: column index 1, parameter value [799069154720698734], value class [java.lang.String], SQL type 12]
2017-03-24 09:07:53,721 DEBUG [org.springframework.jdbc.core.JdbcTemplate] - [CallableStatement.execute() returned 'true']
2017-03-24 09:07:53,721 DEBUG [org.springframework.jdbc.core.JdbcTemplate] - [CallableStatement.getUpdateCount() returned -1]
2017-03-24 09:07:53,721 INFO [org.springframework.jdbc.core.JdbcTemplate] - [Added default SqlReturnResultSet parameter named #result-set-1]
2017-03-24 09:07:53,721 DEBUG [org.springframework.jdbc.core.JdbcTemplate] - [CallableStatement.getUpdateCount() returned -1]
2017-03-24 09:08:16,995 DEBUG [org.springframework.jdbc.core.JdbcTemplate] - [Calling stored procedure [{call sessao.pSelDadosSessao01(?)}]]
2017-03-24 09:08:16,995 DEBUG [org.springframework.jdbc.core.StatementCreatorUtils] - [Setting SQL statement parameter value: column index 1, parameter value [799069154720698734], value class [java.lang.String], SQL type 12]
2017-03-24 09:08:17,001 DEBUG [org.springframework.jdbc.core.JdbcTemplate] - [CallableStatement.execute() returned 'true']
2017-03-24 09:08:17,001 DEBUG [org.springframework.jdbc.core.JdbcTemplate] - [CallableStatement.getUpdateCount() returned -1]
2017-03-24 09:08:17,001 INFO [org.springframework.jdbc.core.JdbcTemplate] - [Added default SqlReturnResultSet parameter named #result-set-1]
2017-03-24 09:08:17,001 DEBUG [org.springframework.jdbc.core.JdbcTemplate] - [CallableStatement.getUpdateCount() returned -1]
2017-03-24 09:08:17,011 DEBUG [org.springframework.jdbc.core.JdbcTemplate] - [Calling stored procedure [{call menu.pSelVerificaPermissaoUsuarioMenu01(?, ?)}]]
2017-03-24 09:08:17,011 DEBUG [org.springframework.jdbc.core.StatementCreatorUtils] - [Setting SQL statement parameter value: column index 1, parameter value [2190], value class [java.lang.Integer], SQL type 4]
2017-03-24 09:08:17,011 DEBUG [org.springframework.jdbc.core.StatementCreatorUtils] - [Setting SQL statement parameter value: column index 2, parameter value [2279119], value class [java.lang.Integer], SQL type 4]
2017-03-24 09:08:17,018 DEBUG [org.springframework.jdbc.core.JdbcTemplate] - [CallableStatement.execute() returned 'true']
2017-03-24 09:08:17,018 DEBUG [org.springframework.jdbc.core.JdbcTemplate] - [CallableStatement.getUpdateCount() returned -1]
2017-03-24 09:08:17,018 INFO [org.springframework.jdbc.core.JdbcTemplate] - [Added default SqlReturnResultSet parameter named #result-set-1]
2017-03-24 09:08:17,018 DEBUG [org.springframework.jdbc.core.JdbcTemplate] - [CallableStatement.getUpdateCount() returned -1]
2017-03-24 09:08:17,030 DEBUG [org.springframework.jdbc.core.JdbcTemplate] - [Calling stored procedure [{call usuario.pSelDadosUsuario01(?, ?, ?)}]]
2017-03-24 09:08:17,030 DEBUG [org.springframework.jdbc.core.StatementCreatorUtils] - [Setting SQL statement parameter value: column index 1, parameter value [2279119], value class [java.lang.Integer], SQL type 4]
2017-03-24 09:08:17,030 DEBUG [org.springframework.jdbc.core.StatementCreatorUtils] - [Setting SQL statement parameter value: column index 2, parameter value [3], value class [java.lang.Short], SQL type 5]
2017-03-24 09:08:17,030 DEBUG [org.springframework.jdbc.core.StatementCreatorUtils] - [Setting SQL statement parameter value: column index 3, parameter value [null], value class [null], SQL type 4]
2017-03-24 09:08:17,039 DEBUG [org.springframework.jdbc.core.JdbcTemplate] - [CallableStatement.execute() returned 'true']
2017-03-24 09:08:17,039 DEBUG [org.springframework.jdbc.core.JdbcTemplate] - [CallableStatement.getUpdateCount() returned -1]
2017-03-24 09:08:17,039 INFO [org.springframework.jdbc.core.JdbcTemplate] - [Added default SqlReturnResultSet parameter named #result-set-1]
2017-03-24 09:08:17,039 DEBUG [org.springframework.jdbc.core.JdbcTemplate] - [CallableStatement.getUpdateCount() returned -1]
2017-03-24 09:08:20,353 DEBUG [org.springframework.jdbc.core.JdbcTemplate] - [Calling stored procedure [{call sessao.pSelDadosSessao01(?)}]]
2017-03-24 09:08:20,353 DEBUG [org.springframework.jdbc.core.StatementCreatorUtils] - [Setting SQL statement parameter value: column index 1, parameter value [799069154720698734], value class [java.lang.String], SQL type 12]
2017-03-24 09:08:20,359 DEBUG [org.springframework.jdbc.core.JdbcTemplate] - [CallableStatement.execute() returned 'true']
2017-03-24 09:08:20,359 DEBUG [org.springframework.jdbc.core.JdbcTemplate] - [CallableStatement.getUpdateCount() returned -1]
2017-03-24 09:08:20,359 INFO [org.springframework.jdbc.core.JdbcTemplate] - [Added default SqlReturnResultSet parameter named #result-set-1]
2017-03-24 09:08:20,359 DEBUG [org.springframework.jdbc.core.JdbcTemplate] - [CallableStatement.getUpdateCount() returned -1]
2017-03-24 09:10:29,013 DEBUG [org.springframework.jdbc.core.JdbcTemplate] - [Calling stored procedure [{call sessao.pSelDadosSessao01(?)}]]
2017-03-24 09:10:29,014 DEBUG [org.springframework.jdbc.core.StatementCreatorUtils] - [Setting SQL statement parameter value: column index 1, parameter value [799069154720698734], value class [java.lang.String], SQL type 12]
2017-03-24 09:10:29,019 DEBUG [org.springframework.jdbc.core.JdbcTemplate] - [CallableStatement.execute() returned 'true']
2017-03-24 09:10:29,019 DEBUG [org.springframework.jdbc.core.JdbcTemplate] - [CallableStatement.getUpdateCount() returned -1]
2017-03-24 09:10:29,019 INFO [org.springframework.jdbc.core.JdbcTemplate] - [Added default SqlReturnResultSet parameter named #result-set-1]
2017-03-24 09:10:29,020 DEBUG [org.springframework.jdbc.core.JdbcTemplate] - [CallableStatement.getUpdateCount() returned -1]
2017-03-24 09:10:29,030 DEBUG [org.springframework.jdbc.core.JdbcTemplate] - [Calling stored procedure [{call menu.pSelVerificaPermissaoUsuarioMenu01(?, ?)}]]
2017-03-24 09:10:29,031 DEBUG [org.springframework.jdbc.core.StatementCreatorUtils] - [Setting SQL statement parameter value: column index 1, parameter value [2190], value class [java.lang.Integer], SQL type 4]
2017-03-24 09:10:29,031 DEBUG [org.springframework.jdbc.core.StatementCreatorUtils] - [Setting SQL statement parameter value: column index 2, parameter value [2279119], value class [java.lang.Integer], SQL type 4]
2017-03-24 09:10:29,036 DEBUG [org.springframework.jdbc.core.JdbcTemplate] - [CallableStatement.execute() returned 'true']
2017-03-24 09:10:29,036 DEBUG [org.springframework.jdbc.core.JdbcTemplate] - [CallableStatement.getUpdateCount() returned -1]
2017-03-24 09:10:29,036 INFO [org.springframework.jdbc.core.JdbcTemplate] - [Added default SqlReturnResultSet parameter named #result-set-1]
2017-03-24 09:10:29,036 DEBUG [org.springframework.jdbc.core.JdbcTemplate] - [CallableStatement.getUpdateCount() returned -1]
2017-03-24 09:10:29,047 DEBUG [org.springframework.jdbc.core.JdbcTemplate] - [Calling stored procedure [{call usuario.pSelDadosUsuario01(?, ?, ?)}]]
2017-03-24 09:10:29,047 DEBUG [org.springframework.jdbc.core.StatementCreatorUtils] - [Setting SQL statement parameter value: column index 1, parameter value [2279119], value class [java.lang.Integer], SQL type 4]
2017-03-24 09:10:29,047 DEBUG [org.springframework.jdbc.core.StatementCreatorUtils] - [Setting SQL statement parameter value: column index 2, parameter value [3], value class [java.lang.Short], SQL type 5]
2017-03-24 09:10:29,047 DEBUG [org.springframework.jdbc.core.StatementCreatorUtils] - [Setting SQL statement parameter value: column index 3, parameter value [null], value class [null], SQL type 4]
2017-03-24 09:10:29,055 DEBUG [org.springframework.jdbc.core.JdbcTemplate] - [CallableStatement.execute() returned 'true']
2017-03-24 09:10:29,055 DEBUG [org.springframework.jdbc.core.JdbcTemplate] - [CallableStatement.getUpdateCount() returned -1]
2017-03-24 09:10:29,055 INFO [org.springframework.jdbc.core.JdbcTemplate] - [Added default SqlReturnResultSet parameter named #result-set-1]
2017-03-24 09:10:29,055 DEBUG [org.springframework.jdbc.core.JdbcTemplate] - [CallableStatement.getUpdateCount() returned -1]
2017-03-24 09:10:34,910 DEBUG [org.springframework.jdbc.core.JdbcTemplate] - [Calling stored procedure [{call sessao.pSelDadosSessao01(?)}]]
2017-03-24 09:10:34,910 DEBUG [org.springframework.jdbc.core.StatementCreatorUtils] - [Setting SQL statement parameter value: column index 1, parameter value [799069154720698734], value class [java.lang.String], SQL type 12]
2017-03-24 09:10:34,918 DEBUG [org.springframework.jdbc.core.JdbcTemplate] - [CallableStatement.execute() returned 'true']
2017-03-24 09:10:34,918 DEBUG [org.springframework.jdbc.core.JdbcTemplate] - [CallableStatement.getUpdateCount() returned -1]
2017-03-24 09:10:34,918 INFO [org.springframework.jdbc.core.JdbcTemplate] - [Added default SqlReturnResultSet parameter named #result-set-1]
2017-03-24 09:10:34,918 DEBUG [org.springframework.jdbc.core.JdbcTemplate] - [CallableStatement.getUpdateCount() returned -1]
2017-03-24 09:14:30,764 DEBUG [org.springframework.jdbc.core.JdbcTemplate] - [Calling stored procedure [{call sessao.pSelDadosSessao01(?)}]]
2017-03-24 09:14:30,764 DEBUG [org.springframework.jdbc.core.StatementCreatorUtils] - [Setting SQL statement parameter value: column index 1, parameter value [799069154720698734], value class [java.lang.String], SQL type 12]
2017-03-24 09:14:30,770 DEBUG [org.springframework.jdbc.core.JdbcTemplate] - [CallableStatement.execute() returned 'true']
2017-03-24 09:14:30,770 DEBUG [org.springframework.jdbc.core.JdbcTemplate] - [CallableStatement.getUpdateCount() returned -1]
2017-03-24 09:14:30,770 INFO [org.springframework.jdbc.core.JdbcTemplate] - [Added default SqlReturnResultSet parameter named #result-set-1]
2017-03-24 09:14:30,770 DEBUG [org.springframework.jdbc.core.JdbcTemplate] - [CallableStatement.getUpdateCount() returned -1]
2017-03-24 09:14:30,781 DEBUG [org.springframework.jdbc.core.JdbcTemplate] - [Calling stored procedure [{call menu.pSelVerificaPermissaoUsuarioMenu01(?, ?)}]]
2017-03-24 09:14:30,781 DEBUG [org.springframework.jdbc.core.StatementCreatorUtils] - [Setting SQL statement parameter value: column index 1, parameter value [2190], value class [java.lang.Integer], SQL type 4]
2017-03-24 09:14:30,781 DEBUG [org.springframework.jdbc.core.StatementCreatorUtils] - [Setting SQL statement parameter value: column index 2, parameter value [2279119], value class [java.lang.Integer], SQL type 4]
2017-03-24 09:14:30,787 DEBUG [org.springframework.jdbc.core.JdbcTemplate] - [CallableStatement.execute() returned 'true']
2017-03-24 09:14:30,787 DEBUG [org.springframework.jdbc.core.JdbcTemplate] - [CallableStatement.getUpdateCount() returned -1]
2017-03-24 09:14:30,787 INFO [org.springframework.jdbc.core.JdbcTemplate] - [Added default SqlReturnResultSet parameter named #result-set-1]
2017-03-24 09:14:30,787 DEBUG [org.springframework.jdbc.core.JdbcTemplate] - [CallableStatement.getUpdateCount() returned -1]
2017-03-24 09:14:30,797 DEBUG [org.springframework.jdbc.core.JdbcTemplate] - [Calling stored procedure [{call usuario.pSelDadosUsuario01(?, ?, ?)}]]
2017-03-24 09:14:30,797 DEBUG [org.springframework.jdbc.core.StatementCreatorUtils] - [Setting SQL statement parameter value: column index 1, parameter value [2279119], value class [java.lang.Integer], SQL type 4]
2017-03-24 09:14:30,797 DEBUG [org.springframework.jdbc.core.StatementCreatorUtils] - [Setting SQL statement parameter value: column index 2, parameter value [3], value class [java.lang.Short], SQL type 5]
2017-03-24 09:14:30,797 DEBUG [org.springframework.jdbc.core.StatementCreatorUtils] - [Setting SQL statement parameter value: column index 3, parameter value [null], value class [null], SQL type 4]
2017-03-24 09:14:30,805 DEBUG [org.springframework.jdbc.core.JdbcTemplate] - [CallableStatement.execute() returned 'true']
2017-03-24 09:14:30,805 DEBUG [org.springframework.jdbc.core.JdbcTemplate] - [CallableStatement.getUpdateCount() returned -1]
2017-03-24 09:14:30,805 INFO [org.springframework.jdbc.core.JdbcTemplate] - [Added default SqlReturnResultSet parameter named #result-set-1]
2017-03-24 09:14:30,805 DEBUG [org.springframework.jdbc.core.JdbcTemplate] - [CallableStatement.getUpdateCount() returned -1]
2017-03-24 09:15:10,219 DEBUG [org.springframework.jdbc.core.JdbcTemplate] - [Calling stored procedure [{call sessao.pSelDadosSessao01(?)}]]
2017-03-24 09:15:10,219 DEBUG [org.springframework.jdbc.core.StatementCreatorUtils] - [Setting SQL statement parameter value: column index 1, parameter value [799069154720698734], value class [java.lang.String], SQL type 12]
2017-03-24 09:15:10,225 DEBUG [org.springframework.jdbc.core.JdbcTemplate] - [CallableStatement.execute() returned 'true']
2017-03-24 09:15:10,225 DEBUG [org.springframework.jdbc.core.JdbcTemplate] - [CallableStatement.getUpdateCount() returned -1]
2017-03-24 09:15:10,225 INFO [org.springframework.jdbc.core.JdbcTemplate] - [Added default SqlReturnResultSet parameter named #result-set-1]
2017-03-24 09:15:10,225 DEBUG [org.springframework.jdbc.core.JdbcTemplate] - [CallableStatement.getUpdateCount() returned -1]
2017-03-24 09:15:35,806 DEBUG [org.springframework.jdbc.core.JdbcTemplate] - [Calling stored procedure [{call sessao.pSelDadosSessao01(?)}]]
2017-03-24 09:15:35,806 DEBUG [org.springframework.jdbc.core.StatementCreatorUtils] - [Setting SQL statement parameter value: column index 1, parameter value [799069154720698734], value class [java.lang.String], SQL type 12]
2017-03-24 09:15:35,813 DEBUG [org.springframework.jdbc.core.JdbcTemplate] - [CallableStatement.execute() returned 'true']
2017-03-24 09:15:35,813 DEBUG [org.springframework.jdbc.core.JdbcTemplate] - [CallableStatement.getUpdateCount() returned -1]
2017-03-24 09:15:35,813 INFO [org.springframework.jdbc.core.JdbcTemplate] - [Added default SqlReturnResultSet parameter named #result-set-1]
2017-03-24 09:15:35,813 DEBUG [org.springframework.jdbc.core.JdbcTemplate] - [CallableStatement.getUpdateCount() returned -1]
2017-03-24 09:22:49,097 DEBUG [org.springframework.jdbc.core.JdbcTemplate] - [Calling stored procedure [{call sessao.pSelDadosSessao01(?)}]]
2017-03-24 09:22:49,097 DEBUG [org.springframework.jdbc.core.StatementCreatorUtils] - [Setting SQL statement parameter value: column index 1, parameter value [799069154720698734], value class [java.lang.String], SQL type 12]
2017-03-24 09:22:49,102 DEBUG [org.springframework.jdbc.core.JdbcTemplate] - [CallableStatement.execute() returned 'true']
2017-03-24 09:22:49,102 DEBUG [org.springframework.jdbc.core.JdbcTemplate] - [CallableStatement.getUpdateCount() returned -1]
2017-03-24 09:22:49,102 INFO [org.springframework.jdbc.core.JdbcTemplate] - [Added default SqlReturnResultSet parameter named #result-set-1]
2017-03-24 09:22:49,103 DEBUG [org.springframework.jdbc.core.JdbcTemplate] - [CallableStatement.getUpdateCount() returned -1]
2017-03-24 09:27:49,788 DEBUG [org.springframework.jdbc.core.JdbcTemplate] - [Calling stored procedure [{call sessao.pSelDadosSessao01(?)}]]
2017-03-24 09:27:49,788 DEBUG [org.springframework.jdbc.core.StatementCreatorUtils] - [Setting SQL statement parameter value: column index 1, parameter value [799069154720698734], value class [java.lang.String], SQL type 12]
2017-03-24 09:27:49,794 DEBUG [org.springframework.jdbc.core.JdbcTemplate] - [CallableStatement.execute() returned 'true']
2017-03-24 09:27:49,794 DEBUG [org.springframework.jdbc.core.JdbcTemplate] - [CallableStatement.getUpdateCount() returned -1]
2017-03-24 09:27:49,794 INFO [org.springframework.jdbc.core.JdbcTemplate] - [Added default SqlReturnResultSet parameter named #result-set-1]
2017-03-24 09:27:49,794 DEBUG [org.springframework.jdbc.core.JdbcTemplate] - [CallableStatement.getUpdateCount() returned -1]
2017-03-24 09:42:48,736 DEBUG [org.springframework.jdbc.core.JdbcTemplate] - [Calling stored procedure [{call sessao.pSelDadosSessao01(?)}]]
2017-03-24 09:42:48,736 DEBUG [org.springframework.jdbc.core.StatementCreatorUtils] - [Setting SQL statement parameter value: column index 1, parameter value [799069154720698734], value class [java.lang.String], SQL type 12]
2017-03-24 09:42:48,743 DEBUG [org.springframework.jdbc.core.JdbcTemplate] - [CallableStatement.execute() returned 'true']
2017-03-24 09:42:48,744 DEBUG [org.springframework.jdbc.core.JdbcTemplate] - [CallableStatement.getUpdateCount() returned -1]
2017-03-24 09:42:48,744 INFO [org.springframework.jdbc.core.JdbcTemplate] - [Added default SqlReturnResultSet parameter named #result-set-1]
2017-03-24 09:42:48,744 DEBUG [org.springframework.jdbc.core.JdbcTemplate] - [CallableStatement.getUpdateCount() returned -1]
2017-03-24 09:42:48,755 DEBUG [org.springframework.jdbc.core.JdbcTemplate] - [Calling stored procedure [{call menu.pSelVerificaPermissaoUsuarioMenu01(?, ?)}]]
2017-03-24 09:42:48,755 DEBUG [org.springframework.jdbc.core.StatementCreatorUtils] - [Setting SQL statement parameter value: column index 1, parameter value [2190], value class [java.lang.Integer], SQL type 4]
2017-03-24 09:42:48,755 DEBUG [org.springframework.jdbc.core.StatementCreatorUtils] - [Setting SQL statement parameter value: column index 2, parameter value [2279119], value class [java.lang.Integer], SQL type 4]
2017-03-24 09:42:48,761 DEBUG [org.springframework.jdbc.core.JdbcTemplate] - [CallableStatement.execute() returned 'true']
2017-03-24 09:42:48,761 DEBUG [org.springframework.jdbc.core.JdbcTemplate] - [CallableStatement.getUpdateCount() returned -1]
2017-03-24 09:42:48,761 INFO [org.springframework.jdbc.core.JdbcTemplate] - [Added default SqlReturnResultSet parameter named #result-set-1]
2017-03-24 09:42:48,761 DEBUG [org.springframework.jdbc.core.JdbcTemplate] - [CallableStatement.getUpdateCount() returned -1]
2017-03-24 09:42:48,774 DEBUG [org.springframework.jdbc.core.JdbcTemplate] - [Calling stored procedure [{call usuario.pSelDadosUsuario01(?, ?, ?)}]]
2017-03-24 09:42:48,774 DEBUG [org.springframework.jdbc.core.StatementCreatorUtils] - [Setting SQL statement parameter value: column index 1, parameter value [2279119], value class [java.lang.Integer], SQL type 4]
2017-03-24 09:42:48,774 DEBUG [org.springframework.jdbc.core.StatementCreatorUtils] - [Setting SQL statement parameter value: column index 2, parameter value [3], value class [java.lang.Short], SQL type 5]
2017-03-24 09:42:48,774 DEBUG [org.springframework.jdbc.core.StatementCreatorUtils] - [Setting SQL statement parameter value: column index 3, parameter value [null], value class [null], SQL type 4]
2017-03-24 09:42:48,785 DEBUG [org.springframework.jdbc.core.JdbcTemplate] - [CallableStatement.execute() returned 'true']
2017-03-24 09:42:48,785 DEBUG [org.springframework.jdbc.core.JdbcTemplate] - [CallableStatement.getUpdateCount() returned -1]
2017-03-24 09:42:48,785 INFO [org.springframework.jdbc.core.JdbcTemplate] - [Added default SqlReturnResultSet parameter named #result-set-1]
2017-03-24 09:42:48,785 DEBUG [org.springframework.jdbc.core.JdbcTemplate] - [CallableStatement.getUpdateCount() returned -1]
2017-03-24 09:42:51,395 DEBUG [org.springframework.jdbc.core.JdbcTemplate] - [Calling stored procedure [{call sessao.pSelDadosSessao01(?)}]]
2017-03-24 09:42:51,395 DEBUG [org.springframework.jdbc.core.StatementCreatorUtils] - [Setting SQL statement parameter value: column index 1, parameter value [799069154720698734], value class [java.lang.String], SQL type 12]
2017-03-24 09:42:51,401 DEBUG [org.springframework.jdbc.core.JdbcTemplate] - [CallableStatement.execute() returned 'true']
2017-03-24 09:42:51,401 DEBUG [org.springframework.jdbc.core.JdbcTemplate] - [CallableStatement.getUpdateCount() returned -1]
2017-03-24 09:42:51,401 INFO [org.springframework.jdbc.core.JdbcTemplate] - [Added default SqlReturnResultSet parameter named #result-set-1]
2017-03-24 09:42:51,401 DEBUG [org.springframework.jdbc.core.JdbcTemplate] - [CallableStatement.getUpdateCount() returned -1]
2017-03-24 09:44:00,255 DEBUG [org.springframework.jdbc.core.JdbcTemplate] - [Calling stored procedure [{call sessao.pSelDadosSessao01(?)}]]
2017-03-24 09:44:00,255 DEBUG [org.springframework.jdbc.core.StatementCreatorUtils] - [Setting SQL statement parameter value: column index 1, parameter value [799069154720698734], value class [java.lang.String], SQL type 12]
2017-03-24 09:44:00,263 DEBUG [org.springframework.jdbc.core.JdbcTemplate] - [CallableStatement.execute() returned 'true']
2017-03-24 09:44:00,263 DEBUG [org.springframework.jdbc.core.JdbcTemplate] - [CallableStatement.getUpdateCount() returned -1]
2017-03-24 09:44:00,263 INFO [org.springframework.jdbc.core.JdbcTemplate] - [Added default SqlReturnResultSet parameter named #result-set-1]
2017-03-24 09:44:00,263 DEBUG [org.springframework.jdbc.core.JdbcTemplate] - [CallableStatement.getUpdateCount() returned -1]
2017-03-24 09:44:46,793 DEBUG [org.springframework.jdbc.core.JdbcTemplate] - [Calling stored procedure [{call sessao.pSelDadosSessao01(?)}]]
2017-03-24 09:44:46,793 DEBUG [org.springframework.jdbc.core.StatementCreatorUtils] - [Setting SQL statement parameter value: column index 1, parameter value [799069154720698734], value class [java.lang.String], SQL type 12]
2017-03-24 09:44:46,795 DEBUG [org.springframework.jdbc.core.JdbcTemplate] - [CallableStatement.execute() returned 'true']
2017-03-24 09:44:46,795 DEBUG [org.springframework.jdbc.core.JdbcTemplate] - [CallableStatement.getUpdateCount() returned -1]
2017-03-24 09:44:46,795 INFO [org.springframework.jdbc.core.JdbcTemplate] - [Added default SqlReturnResultSet parameter named #result-set-1]
2017-03-24 09:44:46,795 DEBUG [org.springframework.jdbc.core.JdbcTemplate] - [CallableStatement.getUpdateCount() returned -1]
2017-03-24 09:44:50,881 DEBUG [org.springframework.jdbc.core.JdbcTemplate] - [Calling stored procedure [{call sessao.pSelDadosSessao01(?)}]]
2017-03-24 09:44:50,881 DEBUG [org.springframework.jdbc.core.StatementCreatorUtils] - [Setting SQL statement parameter value: column index 1, parameter value [799069154720698734], value class [java.lang.String], SQL type 12]
2017-03-24 09:44:50,888 DEBUG [org.springframework.jdbc.core.JdbcTemplate] - [CallableStatement.execute() returned 'true']
2017-03-24 09:44:50,888 DEBUG [org.springframework.jdbc.core.JdbcTemplate] - [CallableStatement.getUpdateCount() returned -1]
2017-03-24 09:44:50,888 INFO [org.springframework.jdbc.core.JdbcTemplate] - [Added default SqlReturnResultSet parameter named #result-set-1]
2017-03-24 09:44:50,888 DEBUG [org.springframework.jdbc.core.JdbcTemplate] - [CallableStatement.getUpdateCount() returned -1]
2017-03-24 09:44:50,902 DEBUG [org.springframework.jdbc.core.JdbcTemplate] - [Calling stored procedure [{call sessao.pSelDadosSessao01(?)}]]
2017-03-24 09:44:50,902 DEBUG [org.springframework.jdbc.core.StatementCreatorUtils] - [Setting SQL statement parameter value: column index 1, parameter value [799069154720698734], value class [java.lang.String], SQL type 12]
2017-03-24 09:44:50,908 DEBUG [org.springframework.jdbc.core.JdbcTemplate] - [CallableStatement.execute() returned 'true']
2017-03-24 09:44:50,908 DEBUG [org.springframework.jdbc.core.JdbcTemplate] - [CallableStatement.getUpdateCount() returned -1]
2017-03-24 09:44:50,908 INFO [org.springframework.jdbc.core.JdbcTemplate] - [Added default SqlReturnResultSet parameter named #result-set-1]
2017-03-24 09:44:50,908 DEBUG [org.springframework.jdbc.core.JdbcTemplate] - [CallableStatement.getUpdateCount() returned -1]
2017-03-24 09:44:53,688 DEBUG [org.springframework.jdbc.core.JdbcTemplate] - [Calling stored procedure [{call sessao.pSelDadosSessao01(?)}]]
2017-03-24 09:44:53,688 DEBUG [org.springframework.jdbc.core.StatementCreatorUtils] - [Setting SQL statement parameter value: column index 1, parameter value [799069154720698734], value class [java.lang.String], SQL type 12]
2017-03-24 09:44:53,694 DEBUG [org.springframework.jdbc.core.JdbcTemplate] - [CallableStatement.execute() returned 'true']
2017-03-24 09:44:53,694 DEBUG [org.springframework.jdbc.core.JdbcTemplate] - [CallableStatement.getUpdateCount() returned -1]
2017-03-24 09:44:53,695 INFO [org.springframework.jdbc.core.JdbcTemplate] - [Added default SqlReturnResultSet parameter named #result-set-1]
2017-03-24 09:44:53,695 DEBUG [org.springframework.jdbc.core.JdbcTemplate] - [CallableStatement.getUpdateCount() returned -1]
2017-03-24 10:28:35,820 DEBUG [org.springframework.jdbc.core.JdbcTemplate] - [Calling stored procedure [{call sessao.pUpdSessao01(?, ?)}]]
2017-03-24 10:28:35,821 DEBUG [org.springframework.jdbc.core.StatementCreatorUtils] - [Setting SQL statement parameter value: column index 1, parameter value [799069154720698734], value class [java.lang.String], SQL type 12]
2017-03-24 10:28:35,822 DEBUG [org.springframework.jdbc.core.StatementCreatorUtils] - [Setting SQL statement parameter value: column index 2, parameter value [T], value class [java.lang.String], SQL type 12]
2017-03-24 10:28:35,850 DEBUG [org.springframework.jdbc.core.JdbcTemplate] - [CallableStatement.execute() returned 'false']
2017-03-24 10:28:35,851 DEBUG [org.springframework.jdbc.core.JdbcTemplate] - [CallableStatement.getUpdateCount() returned -1]
2017-03-24 10:28:35,861 DEBUG [org.springframework.jdbc.core.JdbcTemplate] - [Calling stored procedure [{call sessao.pSelDadosSessao01(?)}]]
2017-03-24 10:28:35,861 DEBUG [org.springframework.jdbc.core.StatementCreatorUtils] - [Setting SQL statement parameter value: column index 1, parameter value [799069154720698734], value class [java.lang.String], SQL type 12]
2017-03-24 10:28:35,867 DEBUG [org.springframework.jdbc.core.JdbcTemplate] - [CallableStatement.execute() returned 'true']
2017-03-24 10:28:35,867 DEBUG [org.springframework.jdbc.core.JdbcTemplate] - [CallableStatement.getUpdateCount() returned -1]
2017-03-24 10:28:35,868 INFO [org.springframework.jdbc.core.JdbcTemplate] - [Added default SqlReturnResultSet parameter named #result-set-1]
2017-03-24 10:28:35,872 DEBUG [org.springframework.jdbc.core.JdbcTemplate] - [CallableStatement.getUpdateCount() returned -1]
2017-03-24 10:29:42,687 DEBUG [org.springframework.jdbc.core.JdbcTemplate] - [Calling stored procedure [{call sessao.pSelDadosSessao01(?)}]]
2017-03-24 10:29:42,687 DEBUG [org.springframework.jdbc.core.StatementCreatorUtils] - [Setting SQL statement parameter value: column index 1, parameter value [831396718503689527], value class [java.lang.String], SQL type 12]
2017-03-24 10:29:42,693 DEBUG [org.springframework.jdbc.core.JdbcTemplate] - [CallableStatement.execute() returned 'true']
2017-03-24 10:29:42,693 DEBUG [org.springframework.jdbc.core.JdbcTemplate] - [CallableStatement.getUpdateCount() returned -1]
2017-03-24 10:29:42,693 INFO [org.springframework.jdbc.core.JdbcTemplate] - [Added default SqlReturnResultSet parameter named #result-set-1]
2017-03-24 10:29:42,693 DEBUG [org.springframework.jdbc.core.JdbcTemplate] - [CallableStatement.getUpdateCount() returned -1]
2017-03-24 10:29:43,196 DEBUG [org.springframework.jdbc.core.JdbcTemplate] - [Calling stored procedure [{call menu.pSelVerificaPermissaoUsuarioMenu01(?, ?)}]]
2017-03-24 10:29:43,197 DEBUG [org.springframework.jdbc.core.StatementCreatorUtils] - [Setting SQL statement parameter value: column index 1, parameter value [2190], value class [java.lang.Integer], SQL type 4]
2017-03-24 10:29:43,197 DEBUG [org.springframework.jdbc.core.StatementCreatorUtils] - [Setting SQL statement parameter value: column index 2, parameter value [2279119], value class [java.lang.Integer], SQL type 4]
2017-03-24 10:29:43,203 DEBUG [org.springframework.jdbc.core.JdbcTemplate] - [CallableStatement.execute() returned 'true']
2017-03-24 10:29:43,203 DEBUG [org.springframework.jdbc.core.JdbcTemplate] - [CallableStatement.getUpdateCount() returned -1]
2017-03-24 10:29:43,203 INFO [org.springframework.jdbc.core.JdbcTemplate] - [Added default SqlReturnResultSet parameter named #result-set-1]
2017-03-24 10:29:43,203 DEBUG [org.springframework.jdbc.core.JdbcTemplate] - [CallableStatement.getUpdateCount() returned -1]
2017-03-24 10:29:43,936 DEBUG [org.springframework.jdbc.core.JdbcTemplate] - [Calling stored procedure [{call usuario.pSelDadosUsuario01(?, ?, ?)}]]
2017-03-24 10:29:43,937 DEBUG [org.springframework.jdbc.core.StatementCreatorUtils] - [Setting SQL statement parameter value: column index 1, parameter value [2279119], value class [java.lang.Integer], SQL type 4]
2017-03-24 10:29:43,937 DEBUG [org.springframework.jdbc.core.StatementCreatorUtils] - [Setting SQL statement parameter value: column index 2, parameter value [3], value class [java.lang.Short], SQL type 5]
2017-03-24 10:29:43,937 DEBUG [org.springframework.jdbc.core.StatementCreatorUtils] - [Setting SQL statement parameter value: column index 3, parameter value [null], value class [null], SQL type 4]
2017-03-24 10:29:43,938 DEBUG [org.springframework.jdbc.core.JdbcTemplate] - [CallableStatement.execute() returned 'true']
2017-03-24 10:29:43,938 DEBUG [org.springframework.jdbc.core.JdbcTemplate] - [CallableStatement.getUpdateCount() returned -1]
2017-03-24 10:29:43,938 INFO [org.springframework.jdbc.core.JdbcTemplate] - [Added default SqlReturnResultSet parameter named #result-set-1]
2017-03-24 10:29:43,938 DEBUG [org.springframework.jdbc.core.JdbcTemplate] - [CallableStatement.getUpdateCount() returned -1]
2017-03-24 10:29:47,104 DEBUG [org.springframework.jdbc.core.JdbcTemplate] - [Calling stored procedure [{call sessao.pSelDadosSessao01(?)}]]
2017-03-24 10:29:47,105 DEBUG [org.springframework.jdbc.core.StatementCreatorUtils] - [Setting SQL statement parameter value: column index 1, parameter value [831396718503689527], value class [java.lang.String], SQL type 12]
2017-03-24 10:29:47,111 DEBUG [org.springframework.jdbc.core.JdbcTemplate] - [CallableStatement.execute() returned 'true']
2017-03-24 10:29:47,111 DEBUG [org.springframework.jdbc.core.JdbcTemplate] - [CallableStatement.getUpdateCount() returned -1]
2017-03-24 10:29:47,111 INFO [org.springframework.jdbc.core.JdbcTemplate] - [Added default SqlReturnResultSet parameter named #result-set-1]
2017-03-24 10:29:47,111 DEBUG [org.springframework.jdbc.core.JdbcTemplate] - [CallableStatement.getUpdateCount() returned -1]
2017-03-24 10:29:54,778 DEBUG [org.springframework.jdbc.core.JdbcTemplate] - [Calling stored procedure [{call sessao.pSelDadosSessao01(?)}]]
2017-03-24 10:29:54,778 DEBUG [org.springframework.jdbc.core.StatementCreatorUtils] - [Setting SQL statement parameter value: column index 1, parameter value [831396718503689527], value class [java.lang.String], SQL type 12]
2017-03-24 10:29:54,784 DEBUG [org.springframework.jdbc.core.JdbcTemplate] - [CallableStatement.execute() returned 'true']
2017-03-24 10:29:54,784 DEBUG [org.springframework.jdbc.core.JdbcTemplate] - [CallableStatement.getUpdateCount() returned -1]
2017-03-24 10:29:54,784 INFO [org.springframework.jdbc.core.JdbcTemplate] - [Added default SqlReturnResultSet parameter named #result-set-1]
2017-03-24 10:29:54,784 DEBUG [org.springframework.jdbc.core.JdbcTemplate] - [CallableStatement.getUpdateCount() returned -1]
2017-03-24 10:40:32,209 DEBUG [org.springframework.jdbc.core.JdbcTemplate] - [Calling stored procedure [{call sessao.pSelDadosSessao01(?)}]]
2017-03-24 10:40:32,210 DEBUG [org.springframework.jdbc.core.StatementCreatorUtils] - [Setting SQL statement parameter value: column index 1, parameter value [831396718503689527], value class [java.lang.String], SQL type 12]
2017-03-24 10:40:32,217 DEBUG [org.springframework.jdbc.core.JdbcTemplate] - [CallableStatement.execute() returned 'true']
2017-03-24 10:40:32,218 DEBUG [org.springframework.jdbc.core.JdbcTemplate] - [CallableStatement.getUpdateCount() returned -1]
2017-03-24 10:40:32,218 INFO [org.springframework.jdbc.core.JdbcTemplate] - [Added default SqlReturnResultSet parameter named #result-set-1]
2017-03-24 10:40:32,218 DEBUG [org.springframework.jdbc.core.JdbcTemplate] - [CallableStatement.getUpdateCount() returned -1]
2017-03-24 10:41:27,522 DEBUG [org.springframework.jdbc.core.JdbcTemplate] - [Calling stored procedure [{call sessao.pSelDadosSessao01(?)}]]
2017-03-24 10:41:27,522 DEBUG [org.springframework.jdbc.core.StatementCreatorUtils] - [Setting SQL statement parameter value: column index 1, parameter value [831396718503689527], value class [java.lang.String], SQL type 12]
2017-03-24 10:41:27,528 DEBUG [org.springframework.jdbc.core.JdbcTemplate] - [CallableStatement.execute() returned 'true']
2017-03-24 10:41:27,528 DEBUG [org.springframework.jdbc.core.JdbcTemplate] - [CallableStatement.getUpdateCount() returned -1]
2017-03-24 10:41:27,528 INFO [org.springframework.jdbc.core.JdbcTemplate] - [Added default SqlReturnResultSet parameter named #result-set-1]
2017-03-24 10:41:27,528 DEBUG [org.springframework.jdbc.core.JdbcTemplate] - [CallableStatement.getUpdateCount() returned -1]
2017-03-24 10:41:31,571 DEBUG [org.springframework.jdbc.core.JdbcTemplate] - [Calling stored procedure [{call sessao.pSelDadosSessao01(?)}]]
2017-03-24 10:41:31,571 DEBUG [org.springframework.jdbc.core.StatementCreatorUtils] - [Setting SQL statement parameter value: column index 1, parameter value [831396718503689527], value class [java.lang.String], SQL type 12]
2017-03-24 10:41:31,576 DEBUG [org.springframework.jdbc.core.JdbcTemplate] - [CallableStatement.execute() returned 'true']
2017-03-24 10:41:31,576 DEBUG [org.springframework.jdbc.core.JdbcTemplate] - [CallableStatement.getUpdateCount() returned -1]
2017-03-24 10:41:31,576 INFO [org.springframework.jdbc.core.JdbcTemplate] - [Added default SqlReturnResultSet parameter named #result-set-1]
2017-03-24 10:41:31,577 DEBUG [org.springframework.jdbc.core.JdbcTemplate] - [CallableStatement.getUpdateCount() returned -1]
2017-03-24 10:41:56,196 DEBUG [org.springframework.jdbc.core.JdbcTemplate] - [Calling stored procedure [{call sessao.pSelDadosSessao01(?)}]]
2017-03-24 10:41:56,196 DEBUG [org.springframework.jdbc.core.StatementCreatorUtils] - [Setting SQL statement parameter value: column index 1, parameter value [831396718503689527], value class [java.lang.String], SQL type 12]
2017-03-24 10:41:56,202 DEBUG [org.springframework.jdbc.core.JdbcTemplate] - [CallableStatement.execute() returned 'true']
2017-03-24 10:41:56,202 DEBUG [org.springframework.jdbc.core.JdbcTemplate] - [CallableStatement.getUpdateCount() returned -1]
2017-03-24 10:41:56,202 INFO [org.springframework.jdbc.core.JdbcTemplate] - [Added default SqlReturnResultSet parameter named #result-set-1]
2017-03-24 10:41:56,202 DEBUG [org.springframework.jdbc.core.JdbcTemplate] - [CallableStatement.getUpdateCount() returned -1]
2017-03-24 10:41:56,212 DEBUG [org.springframework.jdbc.core.JdbcTemplate] - [Calling stored procedure [{call menu.pSelVerificaPermissaoUsuarioMenu01(?, ?)}]]
2017-03-24 10:41:56,212 DEBUG [org.springframework.jdbc.core.StatementCreatorUtils] - [Setting SQL statement parameter value: column index 1, parameter value [2190], value class [java.lang.Integer], SQL type 4]
2017-03-24 10:41:56,212 DEBUG [org.springframework.jdbc.core.StatementCreatorUtils] - [Setting SQL statement parameter value: column index 2, parameter value [2279119], value class [java.lang.Integer], SQL type 4]
2017-03-24 10:41:56,217 DEBUG [org.springframework.jdbc.core.JdbcTemplate] - [CallableStatement.execute() returned 'true']
2017-03-24 10:41:56,217 DEBUG [org.springframework.jdbc.core.JdbcTemplate] - [CallableStatement.getUpdateCount() returned -1]
2017-03-24 10:41:56,217 INFO [org.springframework.jdbc.core.JdbcTemplate] - [Added default SqlReturnResultSet parameter named #result-set-1]
2017-03-24 10:41:56,217 DEBUG [org.springframework.jdbc.core.JdbcTemplate] - [CallableStatement.getUpdateCount() returned -1]
2017-03-24 10:41:56,226 DEBUG [org.springframework.jdbc.core.JdbcTemplate] - [Calling stored procedure [{call usuario.pSelDadosUsuario01(?, ?, ?)}]]
2017-03-24 10:41:56,226 DEBUG [org.springframework.jdbc.core.StatementCreatorUtils] - [Setting SQL statement parameter value: column index 1, parameter value [2279119], value class [java.lang.Integer], SQL type 4]
2017-03-24 10:41:56,226 DEBUG [org.springframework.jdbc.core.StatementCreatorUtils] - [Setting SQL statement parameter value: column index 2, parameter value [3], value class [java.lang.Short], SQL type 5]
2017-03-24 10:41:56,226 DEBUG [org.springframework.jdbc.core.StatementCreatorUtils] - [Setting SQL statement parameter value: column index 3, parameter value [null], value class [null], SQL type 4]
2017-03-24 10:41:56,234 DEBUG [org.springframework.jdbc.core.JdbcTemplate] - [CallableStatement.execute() returned 'true']
2017-03-24 10:41:56,234 DEBUG [org.springframework.jdbc.core.JdbcTemplate] - [CallableStatement.getUpdateCount() returned -1]
2017-03-24 10:41:56,234 INFO [org.springframework.jdbc.core.JdbcTemplate] - [Added default SqlReturnResultSet parameter named #result-set-1]
2017-03-24 10:41:56,234 DEBUG [org.springframework.jdbc.core.JdbcTemplate] - [CallableStatement.getUpdateCount() returned -1]
2017-03-24 10:42:03,985 DEBUG [org.springframework.jdbc.core.JdbcTemplate] - [Calling stored procedure [{call sessao.pSelDadosSessao01(?)}]]
2017-03-24 10:42:03,986 DEBUG [org.springframework.jdbc.core.StatementCreatorUtils] - [Setting SQL statement parameter value: column index 1, parameter value [831396718503689527], value class [java.lang.String], SQL type 12]
2017-03-24 10:42:03,992 DEBUG [org.springframework.jdbc.core.JdbcTemplate] - [CallableStatement.execute() returned 'true']
2017-03-24 10:42:03,992 DEBUG [org.springframework.jdbc.core.JdbcTemplate] - [CallableStatement.getUpdateCount() returned -1]
2017-03-24 10:42:03,992 INFO [org.springframework.jdbc.core.JdbcTemplate] - [Added default SqlReturnResultSet parameter named #result-set-1]
2017-03-24 10:42:03,992 DEBUG [org.springframework.jdbc.core.JdbcTemplate] - [CallableStatement.getUpdateCount() returned -1]
2017-03-24 10:43:37,019 DEBUG [org.springframework.jdbc.core.JdbcTemplate] - [Calling stored procedure [{call sessao.pSelDadosSessao01(?)}]]
2017-03-24 10:43:37,019 DEBUG [org.springframework.jdbc.core.StatementCreatorUtils] - [Setting SQL statement parameter value: column index 1, parameter value [831396718503689527], value class [java.lang.String], SQL type 12]
2017-03-24 10:43:37,025 DEBUG [org.springframework.jdbc.core.JdbcTemplate] - [CallableStatement.execute() returned 'true']
2017-03-24 10:43:37,026 DEBUG [org.springframework.jdbc.core.JdbcTemplate] - [CallableStatement.getUpdateCount() returned -1]
2017-03-24 10:43:37,026 INFO [org.springframework.jdbc.core.JdbcTemplate] - [Added default SqlReturnResultSet parameter named #result-set-1]
2017-03-24 10:43:37,026 DEBUG [org.springframework.jdbc.core.JdbcTemplate] - [CallableStatement.getUpdateCount() returned -1]
2017-03-24 10:43:37,519 DEBUG [org.springframework.jdbc.core.JdbcTemplate] - [Calling stored procedure [{call menu.pSelVerificaPermissaoUsuarioMenu01(?, ?)}]]
2017-03-24 10:43:37,519 DEBUG [org.springframework.jdbc.core.StatementCreatorUtils] - [Setting SQL statement parameter value: column index 1, parameter value [2190], value class [java.lang.Integer], SQL type 4]
2017-03-24 10:43:37,519 DEBUG [org.springframework.jdbc.core.StatementCreatorUtils] - [Setting SQL statement parameter value: column index 2, parameter value [2279119], value class [java.lang.Integer], SQL type 4]
2017-03-24 10:43:37,520 DEBUG [org.springframework.jdbc.core.JdbcTemplate] - [CallableStatement.execute() returned 'true']
2017-03-24 10:43:37,520 DEBUG [org.springframework.jdbc.core.JdbcTemplate] - [CallableStatement.getUpdateCount() returned -1]
2017-03-24 10:43:37,520 INFO [org.springframework.jdbc.core.JdbcTemplate] - [Added default SqlReturnResultSet parameter named #result-set-1]
2017-03-24 10:43:37,521 DEBUG [org.springframework.jdbc.core.JdbcTemplate] - [CallableStatement.getUpdateCount() returned -1]
2017-03-24 10:43:38,019 DEBUG [org.springframework.jdbc.core.JdbcTemplate] - [Calling stored procedure [{call usuario.pSelDadosUsuario01(?, ?, ?)}]]
2017-03-24 10:43:38,019 DEBUG [org.springframework.jdbc.core.StatementCreatorUtils] - [Setting SQL statement parameter value: column index 1, parameter value [2279119], value class [java.lang.Integer], SQL type 4]
2017-03-24 10:43:38,019 DEBUG [org.springframework.jdbc.core.StatementCreatorUtils] - [Setting SQL statement parameter value: column index 2, parameter value [3], value class [java.lang.Short], SQL type 5]
2017-03-24 10:43:38,019 DEBUG [org.springframework.jdbc.core.StatementCreatorUtils] - [Setting SQL statement parameter value: column index 3, parameter value [null], value class [null], SQL type 4]
2017-03-24 10:43:38,020 DEBUG [org.springframework.jdbc.core.JdbcTemplate] - [CallableStatement.execute() returned 'true']
2017-03-24 10:43:38,020 DEBUG [org.springframework.jdbc.core.JdbcTemplate] - [CallableStatement.getUpdateCount() returned -1]
2017-03-24 10:43:38,020 INFO [org.springframework.jdbc.core.JdbcTemplate] - [Added default SqlReturnResultSet parameter named #result-set-1]
2017-03-24 10:43:38,021 DEBUG [org.springframework.jdbc.core.JdbcTemplate] - [CallableStatement.getUpdateCount() returned -1]
2017-03-24 10:43:41,543 DEBUG [org.springframework.jdbc.core.JdbcTemplate] - [Calling stored procedure [{call sessao.pSelDadosSessao01(?)}]]
2017-03-24 10:43:41,544 DEBUG [org.springframework.jdbc.core.StatementCreatorUtils] - [Setting SQL statement parameter value: column index 1, parameter value [831396718503689527], value class [java.lang.String], SQL type 12]
2017-03-24 10:43:41,550 DEBUG [org.springframework.jdbc.core.JdbcTemplate] - [CallableStatement.execute() returned 'true']
2017-03-24 10:43:41,550 DEBUG [org.springframework.jdbc.core.JdbcTemplate] - [CallableStatement.getUpdateCount() returned -1]
2017-03-24 10:43:41,550 INFO [org.springframework.jdbc.core.JdbcTemplate] - [Added default SqlReturnResultSet parameter named #result-set-1]
2017-03-24 10:43:41,550 DEBUG [org.springframework.jdbc.core.JdbcTemplate] - [CallableStatement.getUpdateCount() returned -1]
2017-03-24 10:44:05,974 DEBUG [org.springframework.jdbc.core.JdbcTemplate] - [Calling stored procedure [{call sessao.pSelDadosSessao01(?)}]]
2017-03-24 10:44:05,974 DEBUG [org.springframework.jdbc.core.StatementCreatorUtils] - [Setting SQL statement parameter value: column index 1, parameter value [889175201417338346], value class [java.lang.String], SQL type 12]
2017-03-24 10:44:05,981 DEBUG [org.springframework.jdbc.core.JdbcTemplate] - [CallableStatement.execute() returned 'true']
2017-03-24 10:44:05,981 DEBUG [org.springframework.jdbc.core.JdbcTemplate] - [CallableStatement.getUpdateCount() returned -1]
2017-03-24 10:44:05,981 INFO [org.springframework.jdbc.core.JdbcTemplate] - [Added default SqlReturnResultSet parameter named #result-set-1]
2017-03-24 10:44:05,981 DEBUG [org.springframework.jdbc.core.JdbcTemplate] - [CallableStatement.getUpdateCount() returned -1]
2017-03-24 10:44:05,992 DEBUG [org.springframework.jdbc.core.JdbcTemplate] - [Calling stored procedure [{call menu.pSelVerificaPermissaoUsuarioMenu01(?, ?)}]]
2017-03-24 10:44:05,992 DEBUG [org.springframework.jdbc.core.StatementCreatorUtils] - [Setting SQL statement parameter value: column index 1, parameter value [2190], value class [java.lang.Integer], SQL type 4]
2017-03-24 10:44:05,992 DEBUG [org.springframework.jdbc.core.StatementCreatorUtils] - [Setting SQL statement parameter value: column index 2, parameter value [2279119], value class [java.lang.Integer], SQL type 4]
2017-03-24 10:44:05,993 DEBUG [org.springframework.jdbc.core.JdbcTemplate] - [CallableStatement.execute() returned 'true']
2017-03-24 10:44:05,993 DEBUG [org.springframework.jdbc.core.JdbcTemplate] - [CallableStatement.getUpdateCount() returned -1]
2017-03-24 10:44:05,993 INFO [org.springframework.jdbc.core.JdbcTemplate] - [Added default SqlReturnResultSet parameter named #result-set-1]
2017-03-24 10:44:05,994 DEBUG [org.springframework.jdbc.core.JdbcTemplate] - [CallableStatement.getUpdateCount() returned -1]
2017-03-24 10:44:06,006 DEBUG [org.springframework.jdbc.core.JdbcTemplate] - [Calling stored procedure [{call usuario.pSelDadosUsuario01(?, ?, ?)}]]
2017-03-24 10:44:06,006 DEBUG [org.springframework.jdbc.core.StatementCreatorUtils] - [Setting SQL statement parameter value: column index 1, parameter value [2279119], value class [java.lang.Integer], SQL type 4]
2017-03-24 10:44:06,006 DEBUG [org.springframework.jdbc.core.StatementCreatorUtils] - [Setting SQL statement parameter value: column index 2, parameter value [3], value class [java.lang.Short], SQL type 5]
2017-03-24 10:44:06,006 DEBUG [org.springframework.jdbc.core.StatementCreatorUtils] - [Setting SQL statement parameter value: column index 3, parameter value [null], value class [null], SQL type 4]
2017-03-24 10:44:06,007 DEBUG [org.springframework.jdbc.core.JdbcTemplate] - [CallableStatement.execute() returned 'true']
2017-03-24 10:44:06,007 DEBUG [org.springframework.jdbc.core.JdbcTemplate] - [CallableStatement.getUpdateCount() returned -1]
2017-03-24 10:44:06,007 INFO [org.springframework.jdbc.core.JdbcTemplate] - [Added default SqlReturnResultSet parameter named #result-set-1]
2017-03-24 10:44:06,007 DEBUG [org.springframework.jdbc.core.JdbcTemplate] - [CallableStatement.getUpdateCount() returned -1]
2017-03-24 10:44:11,450 DEBUG [org.springframework.jdbc.core.JdbcTemplate] - [Calling stored procedure [{call sessao.pSelDadosSessao01(?)}]]
2017-03-24 10:44:11,450 DEBUG [org.springframework.jdbc.core.StatementCreatorUtils] - [Setting SQL statement parameter value: column index 1, parameter value [889175201417338346], value class [java.lang.String], SQL type 12]
2017-03-24 10:44:11,456 DEBUG [org.springframework.jdbc.core.JdbcTemplate] - [CallableStatement.execute() returned 'true']
2017-03-24 10:44:11,456 DEBUG [org.springframework.jdbc.core.JdbcTemplate] - [CallableStatement.getUpdateCount() returned -1]
2017-03-24 10:44:11,456 INFO [org.springframework.jdbc.core.JdbcTemplate] - [Added default SqlReturnResultSet parameter named #result-set-1]
2017-03-24 10:44:11,456 DEBUG [org.springframework.jdbc.core.JdbcTemplate] - [CallableStatement.getUpdateCount() returned -1]
2017-03-24 10:45:06,552 DEBUG [org.springframework.jdbc.core.JdbcTemplate] - [Calling stored procedure [{call sessao.pSelDadosSessao01(?)}]]
2017-03-24 10:45:06,552 DEBUG [org.springframework.jdbc.core.StatementCreatorUtils] - [Setting SQL statement parameter value: column index 1, parameter value [889175201417338346], value class [java.lang.String], SQL type 12]
2017-03-24 10:45:06,559 DEBUG [org.springframework.jdbc.core.JdbcTemplate] - [CallableStatement.execute() returned 'true']
2017-03-24 10:45:06,559 DEBUG [org.springframework.jdbc.core.JdbcTemplate] - [CallableStatement.getUpdateCount() returned -1]
2017-03-24 10:45:06,559 INFO [org.springframework.jdbc.core.JdbcTemplate] - [Added default SqlReturnResultSet parameter named #result-set-1]
2017-03-24 10:45:06,559 DEBUG [org.springframework.jdbc.core.JdbcTemplate] - [CallableStatement.getUpdateCount() returned -1]
2017-03-24 10:45:06,570 DEBUG [org.springframework.jdbc.core.JdbcTemplate] - [Calling stored procedure [{call menu.pSelVerificaPermissaoUsuarioMenu01(?, ?)}]]
2017-03-24 10:45:06,570 DEBUG [org.springframework.jdbc.core.StatementCreatorUtils] - [Setting SQL statement parameter value: column index 1, parameter value [2190], value class [java.lang.Integer], SQL type 4]
2017-03-24 10:45:06,570 DEBUG [org.springframework.jdbc.core.StatementCreatorUtils] - [Setting SQL statement parameter value: column index 2, parameter value [2279119], value class [java.lang.Integer], SQL type 4]
2017-03-24 10:45:06,576 DEBUG [org.springframework.jdbc.core.JdbcTemplate] - [CallableStatement.execute() returned 'true']
2017-03-24 10:45:06,576 DEBUG [org.springframework.jdbc.core.JdbcTemplate] - [CallableStatement.getUpdateCount() returned -1]
2017-03-24 10:45:06,576 INFO [org.springframework.jdbc.core.JdbcTemplate] - [Added default SqlReturnResultSet parameter named #result-set-1]
2017-03-24 10:45:06,576 DEBUG [org.springframework.jdbc.core.JdbcTemplate] - [CallableStatement.getUpdateCount() returned -1]
2017-03-24 10:45:06,589 DEBUG [org.springframework.jdbc.core.JdbcTemplate] - [Calling stored procedure [{call usuario.pSelDadosUsuario01(?, ?, ?)}]]
2017-03-24 10:45:06,589 DEBUG [org.springframework.jdbc.core.StatementCreatorUtils] - [Setting SQL statement parameter value: column index 1, parameter value [2279119], value class [java.lang.Integer], SQL type 4]
2017-03-24 10:45:06,589 DEBUG [org.springframework.jdbc.core.StatementCreatorUtils] - [Setting SQL statement parameter value: column index 2, parameter value [3], value class [java.lang.Short], SQL type 5]
2017-03-24 10:45:06,589 DEBUG [org.springframework.jdbc.core.StatementCreatorUtils] - [Setting SQL statement parameter value: column index 3, parameter value [null], value class [null], SQL type 4]
2017-03-24 10:45:06,599 DEBUG [org.springframework.jdbc.core.JdbcTemplate] - [CallableStatement.execute() returned 'true']
2017-03-24 10:45:06,599 DEBUG [org.springframework.jdbc.core.JdbcTemplate] - [CallableStatement.getUpdateCount() returned -1]
2017-03-24 10:45:06,599 INFO [org.springframework.jdbc.core.JdbcTemplate] - [Added default SqlReturnResultSet parameter named #result-set-1]
2017-03-24 10:45:06,599 DEBUG [org.springframework.jdbc.core.JdbcTemplate] - [CallableStatement.getUpdateCount() returned -1]
2017-03-24 10:45:09,826 DEBUG [org.springframework.jdbc.core.JdbcTemplate] - [Calling stored procedure [{call sessao.pSelDadosSessao01(?)}]]
2017-03-24 10:45:09,826 DEBUG [org.springframework.jdbc.core.StatementCreatorUtils] - [Setting SQL statement parameter value: column index 1, parameter value [889175201417338346], value class [java.lang.String], SQL type 12]
2017-03-24 10:45:09,832 DEBUG [org.springframework.jdbc.core.JdbcTemplate] - [CallableStatement.execute() returned 'true']
2017-03-24 10:45:09,832 DEBUG [org.springframework.jdbc.core.JdbcTemplate] - [CallableStatement.getUpdateCount() returned -1]
2017-03-24 10:45:09,832 INFO [org.springframework.jdbc.core.JdbcTemplate] - [Added default SqlReturnResultSet parameter named #result-set-1]
2017-03-24 10:45:09,833 DEBUG [org.springframework.jdbc.core.JdbcTemplate] - [CallableStatement.getUpdateCount() returned -1]
2017-03-24 10:52:05,788 DEBUG [org.springframework.jdbc.core.JdbcTemplate] - [Calling stored procedure [{call sessao.pSelDadosSessao01(?)}]]
2017-03-24 10:52:05,789 DEBUG [org.springframework.jdbc.core.StatementCreatorUtils] - [Setting SQL statement parameter value: column index 1, parameter value [889175201417338346], value class [java.lang.String], SQL type 12]
2017-03-24 10:52:05,795 DEBUG [org.springframework.jdbc.core.JdbcTemplate] - [CallableStatement.execute() returned 'true']
2017-03-24 10:52:05,795 DEBUG [org.springframework.jdbc.core.JdbcTemplate] - [CallableStatement.getUpdateCount() returned -1]
2017-03-24 10:52:05,795 INFO [org.springframework.jdbc.core.JdbcTemplate] - [Added default SqlReturnResultSet parameter named #result-set-1]
2017-03-24 10:52:05,795 DEBUG [org.springframework.jdbc.core.JdbcTemplate] - [CallableStatement.getUpdateCount() returned -1]
2017-03-24 10:52:22,739 DEBUG [org.springframework.jdbc.core.JdbcTemplate] - [Calling stored procedure [{call sessao.pSelDadosSessao01(?)}]]
2017-03-24 10:52:22,739 DEBUG [org.springframework.jdbc.core.StatementCreatorUtils] - [Setting SQL statement parameter value: column index 1, parameter value [889175201417338346], value class [java.lang.String], SQL type 12]
2017-03-24 10:52:22,745 DEBUG [org.springframework.jdbc.core.JdbcTemplate] - [CallableStatement.execute() returned 'true']
2017-03-24 10:52:22,745 DEBUG [org.springframework.jdbc.core.JdbcTemplate] - [CallableStatement.getUpdateCount() returned -1]
2017-03-24 10:52:22,745 INFO [org.springframework.jdbc.core.JdbcTemplate] - [Added default SqlReturnResultSet parameter named #result-set-1]
2017-03-24 10:52:22,745 DEBUG [org.springframework.jdbc.core.JdbcTemplate] - [CallableStatement.getUpdateCount() returned -1]
2017-03-24 10:52:27,393 DEBUG [org.springframework.jdbc.core.JdbcTemplate] - [Calling stored procedure [{call sessao.pSelDadosSessao01(?)}]]
2017-03-24 10:52:27,394 DEBUG [org.springframework.jdbc.core.StatementCreatorUtils] - [Setting SQL statement parameter value: column index 1, parameter value [889175201417338346], value class [java.lang.String], SQL type 12]
2017-03-24 10:52:27,400 DEBUG [org.springframework.jdbc.core.JdbcTemplate] - [CallableStatement.execute() returned 'true']
2017-03-24 10:52:27,400 DEBUG [org.springframework.jdbc.core.JdbcTemplate] - [CallableStatement.getUpdateCount() returned -1]
2017-03-24 10:52:27,400 INFO [org.springframework.jdbc.core.JdbcTemplate] - [Added default SqlReturnResultSet parameter named #result-set-1]
2017-03-24 10:52:27,400 DEBUG [org.springframework.jdbc.core.JdbcTemplate] - [CallableStatement.getUpdateCount() returned -1]
2017-03-24 10:52:51,430 DEBUG [org.springframework.jdbc.core.JdbcTemplate] - [Calling stored procedure [{call sessao.pSelDadosSessao01(?)}]]
2017-03-24 10:52:51,430 DEBUG [org.springframework.jdbc.core.StatementCreatorUtils] - [Setting SQL statement parameter value: column index 1, parameter value [889175201417338346], value class [java.lang.String], SQL type 12]
2017-03-24 10:52:51,436 DEBUG [org.springframework.jdbc.core.JdbcTemplate] - [CallableStatement.execute() returned 'true']
2017-03-24 10:52:51,436 DEBUG [org.springframework.jdbc.core.JdbcTemplate] - [CallableStatement.getUpdateCount() returned -1]
2017-03-24 10:52:51,436 INFO [org.springframework.jdbc.core.JdbcTemplate] - [Added default SqlReturnResultSet parameter named #result-set-1]
2017-03-24 10:52:51,436 DEBUG [org.springframework.jdbc.core.JdbcTemplate] - [CallableStatement.getUpdateCount() returned -1]
2017-03-24 10:52:59,107 DEBUG [org.springframework.jdbc.core.JdbcTemplate] - [Calling stored procedure [{call sessao.pSelDadosSessao01(?)}]]
2017-03-24 10:52:59,107 DEBUG [org.springframework.jdbc.core.StatementCreatorUtils] - [Setting SQL statement parameter value: column index 1, parameter value [889175201417338346], value class [java.lang.String], SQL type 12]
2017-03-24 10:52:59,112 DEBUG [org.springframework.jdbc.core.JdbcTemplate] - [CallableStatement.execute() returned 'true']
2017-03-24 10:52:59,112 DEBUG [org.springframework.jdbc.core.JdbcTemplate] - [CallableStatement.getUpdateCount() returned -1]
2017-03-24 10:52:59,113 INFO [org.springframework.jdbc.core.JdbcTemplate] - [Added default SqlReturnResultSet parameter named #result-set-1]
2017-03-24 10:52:59,113 DEBUG [org.springframework.jdbc.core.JdbcTemplate] - [CallableStatement.getUpdateCount() returned -1]
2017-03-24 10:53:02,422 DEBUG [org.springframework.jdbc.core.JdbcTemplate] - [Calling stored procedure [{call sessao.pSelDadosSessao01(?)}]]
2017-03-24 10:53:02,422 DEBUG [org.springframework.jdbc.core.StatementCreatorUtils] - [Setting SQL statement parameter value: column index 1, parameter value [889175201417338346], value class [java.lang.String], SQL type 12]
2017-03-24 10:53:02,428 DEBUG [org.springframework.jdbc.core.JdbcTemplate] - [CallableStatement.execute() returned 'true']
2017-03-24 10:53:02,428 DEBUG [org.springframework.jdbc.core.JdbcTemplate] - [CallableStatement.getUpdateCount() returned -1]
2017-03-24 10:53:02,428 INFO [org.springframework.jdbc.core.JdbcTemplate] - [Added default SqlReturnResultSet parameter named #result-set-1]
2017-03-24 10:53:02,428 DEBUG [org.springframework.jdbc.core.JdbcTemplate] - [CallableStatement.getUpdateCount() returned -1]
2017-03-24 10:53:16,591 DEBUG [org.springframework.jdbc.core.JdbcTemplate] - [Calling stored procedure [{call sessao.pSelDadosSessao01(?)}]]
2017-03-24 10:53:16,591 DEBUG [org.springframework.jdbc.core.StatementCreatorUtils] - [Setting SQL statement parameter value: column index 1, parameter value [889175201417338346], value class [java.lang.String], SQL type 12]
2017-03-24 10:53:16,597 DEBUG [org.springframework.jdbc.core.JdbcTemplate] - [CallableStatement.execute() returned 'true']
2017-03-24 10:53:16,597 DEBUG [org.springframework.jdbc.core.JdbcTemplate] - [CallableStatement.getUpdateCount() returned -1]
2017-03-24 10:53:16,597 INFO [org.springframework.jdbc.core.JdbcTemplate] - [Added default SqlReturnResultSet parameter named #result-set-1]
2017-03-24 10:53:16,597 DEBUG [org.springframework.jdbc.core.JdbcTemplate] - [CallableStatement.getUpdateCount() returned -1]
2017-03-24 10:53:29,345 DEBUG [org.springframework.jdbc.core.JdbcTemplate] - [Calling stored procedure [{call sessao.pSelDadosSessao01(?)}]]
2017-03-24 10:53:29,345 DEBUG [org.springframework.jdbc.core.StatementCreatorUtils] - [Setting SQL statement parameter value: column index 1, parameter value [889175201417338346], value class [java.lang.String], SQL type 12]
2017-03-24 10:53:29,351 DEBUG [org.springframework.jdbc.core.JdbcTemplate] - [CallableStatement.execute() returned 'true']
2017-03-24 10:53:29,351 DEBUG [org.springframework.jdbc.core.JdbcTemplate] - [CallableStatement.getUpdateCount() returned -1]
2017-03-24 10:53:29,351 INFO [org.springframework.jdbc.core.JdbcTemplate] - [Added default SqlReturnResultSet parameter named #result-set-1]
2017-03-24 10:53:29,351 DEBUG [org.springframework.jdbc.core.JdbcTemplate] - [CallableStatement.getUpdateCount() returned -1]
2017-03-24 10:53:37,906 DEBUG [org.springframework.jdbc.core.JdbcTemplate] - [Calling stored procedure [{call sessao.pSelDadosSessao01(?)}]]
2017-03-24 10:53:37,907 DEBUG [org.springframework.jdbc.core.StatementCreatorUtils] - [Setting SQL statement parameter value: column index 1, parameter value [889175201417338346], value class [java.lang.String], SQL type 12]
2017-03-24 10:53:37,913 DEBUG [org.springframework.jdbc.core.JdbcTemplate] - [CallableStatement.execute() returned 'true']
2017-03-24 10:53:37,913 DEBUG [org.springframework.jdbc.core.JdbcTemplate] - [CallableStatement.getUpdateCount() returned -1]
2017-03-24 10:53:37,913 INFO [org.springframework.jdbc.core.JdbcTemplate] - [Added default SqlReturnResultSet parameter named #result-set-1]
2017-03-24 10:53:37,913 DEBUG [org.springframework.jdbc.core.JdbcTemplate] - [CallableStatement.getUpdateCount() returned -1]
2017-03-24 10:53:46,230 DEBUG [org.springframework.jdbc.core.JdbcTemplate] - [Calling stored procedure [{call sessao.pSelDadosSessao01(?)}]]
2017-03-24 10:53:46,230 DEBUG [org.springframework.jdbc.core.StatementCreatorUtils] - [Setting SQL statement parameter value: column index 1, parameter value [889175201417338346], value class [java.lang.String], SQL type 12]
2017-03-24 10:53:46,238 DEBUG [org.springframework.jdbc.core.JdbcTemplate] - [CallableStatement.execute() returned 'true']
2017-03-24 10:53:46,238 DEBUG [org.springframework.jdbc.core.JdbcTemplate] - [CallableStatement.getUpdateCount() returned -1]
2017-03-24 10:53:46,238 INFO [org.springframework.jdbc.core.JdbcTemplate] - [Added default SqlReturnResultSet parameter named #result-set-1]
2017-03-24 10:53:46,239 DEBUG [org.springframework.jdbc.core.JdbcTemplate] - [CallableStatement.getUpdateCount() returned -1]
2017-03-24 10:53:56,167 DEBUG [org.springframework.jdbc.core.JdbcTemplate] - [Calling stored procedure [{call sessao.pSelDadosSessao01(?)}]]
2017-03-24 10:53:56,167 DEBUG [org.springframework.jdbc.core.StatementCreatorUtils] - [Setting SQL statement parameter value: column index 1, parameter value [889175201417338346], value class [java.lang.String], SQL type 12]
2017-03-24 10:53:56,173 DEBUG [org.springframework.jdbc.core.JdbcTemplate] - [CallableStatement.execute() returned 'true']
2017-03-24 10:53:56,173 DEBUG [org.springframework.jdbc.core.JdbcTemplate] - [CallableStatement.getUpdateCount() returned -1]
2017-03-24 10:53:56,173 INFO [org.springframework.jdbc.core.JdbcTemplate] - [Added default SqlReturnResultSet parameter named #result-set-1]
2017-03-24 10:53:56,173 DEBUG [org.springframework.jdbc.core.JdbcTemplate] - [CallableStatement.getUpdateCount() returned -1]
2017-03-24 10:54:14,567 DEBUG [org.springframework.jdbc.core.JdbcTemplate] - [Calling stored procedure [{call sessao.pSelDadosSessao01(?)}]]
2017-03-24 10:54:14,567 DEBUG [org.springframework.jdbc.core.StatementCreatorUtils] - [Setting SQL statement parameter value: column index 1, parameter value [889175201417338346], value class [java.lang.String], SQL type 12]
2017-03-24 10:54:14,573 DEBUG [org.springframework.jdbc.core.JdbcTemplate] - [CallableStatement.execute() returned 'true']
2017-03-24 10:54:14,573 DEBUG [org.springframework.jdbc.core.JdbcTemplate] - [CallableStatement.getUpdateCount() returned -1]
2017-03-24 10:54:14,573 INFO [org.springframework.jdbc.core.JdbcTemplate] - [Added default SqlReturnResultSet parameter named #result-set-1]
2017-03-24 10:54:14,573 DEBUG [org.springframework.jdbc.core.JdbcTemplate] - [CallableStatement.getUpdateCount() returned -1]
2017-03-24 10:54:33,322 DEBUG [org.springframework.jdbc.core.JdbcTemplate] - [Calling stored procedure [{call sessao.pSelDadosSessao01(?)}]]
2017-03-24 10:54:33,322 DEBUG [org.springframework.jdbc.core.StatementCreatorUtils] - [Setting SQL statement parameter value: column index 1, parameter value [889175201417338346], value class [java.lang.String], SQL type 12]
2017-03-24 10:54:33,326 DEBUG [org.springframework.jdbc.core.JdbcTemplate] - [CallableStatement.execute() returned 'true']
2017-03-24 10:54:33,326 DEBUG [org.springframework.jdbc.core.JdbcTemplate] - [CallableStatement.getUpdateCount() returned -1]
2017-03-24 10:54:33,326 INFO [org.springframework.jdbc.core.JdbcTemplate] - [Added default SqlReturnResultSet parameter named #result-set-1]
2017-03-24 10:54:33,326 DEBUG [org.springframework.jdbc.core.JdbcTemplate] - [CallableStatement.getUpdateCount() returned -1]
2017-03-24 10:54:50,677 DEBUG [org.springframework.jdbc.core.JdbcTemplate] - [Calling stored procedure [{call sessao.pSelDadosSessao01(?)}]]
2017-03-24 10:54:50,677 DEBUG [org.springframework.jdbc.core.StatementCreatorUtils] - [Setting SQL statement parameter value: column index 1, parameter value [889175201417338346], value class [java.lang.String], SQL type 12]
2017-03-24 10:54:50,683 DEBUG [org.springframework.jdbc.core.JdbcTemplate] - [CallableStatement.execute() returned 'true']
2017-03-24 10:54:50,683 DEBUG [org.springframework.jdbc.core.JdbcTemplate] - [CallableStatement.getUpdateCount() returned -1]
2017-03-24 10:54:50,683 INFO [org.springframework.jdbc.core.JdbcTemplate] - [Added default SqlReturnResultSet parameter named #result-set-1]
2017-03-24 10:54:50,683 DEBUG [org.springframework.jdbc.core.JdbcTemplate] - [CallableStatement.getUpdateCount() returned -1]
2017-03-24 10:55:00,286 DEBUG [org.springframework.jdbc.core.JdbcTemplate] - [Calling stored procedure [{call sessao.pSelDadosSessao01(?)}]]
2017-03-24 10:55:00,286 DEBUG [org.springframework.jdbc.core.StatementCreatorUtils] - [Setting SQL statement parameter value: column index 1, parameter value [889175201417338346], value class [java.lang.String], SQL type 12]
2017-03-24 10:55:00,292 DEBUG [org.springframework.jdbc.core.JdbcTemplate] - [CallableStatement.execute() returned 'true']
2017-03-24 10:55:00,292 DEBUG [org.springframework.jdbc.core.JdbcTemplate] - [CallableStatement.getUpdateCount() returned -1]
2017-03-24 10:55:00,292 INFO [org.springframework.jdbc.core.JdbcTemplate] - [Added default SqlReturnResultSet parameter named #result-set-1]
2017-03-24 10:55:00,292 DEBUG [org.springframework.jdbc.core.JdbcTemplate] - [CallableStatement.getUpdateCount() returned -1]
2017-03-24 10:55:12,745 DEBUG [org.springframework.jdbc.core.JdbcTemplate] - [Calling stored procedure [{call sessao.pSelDadosSessao01(?)}]]
2017-03-24 10:55:12,745 DEBUG [org.springframework.jdbc.core.StatementCreatorUtils] - [Setting SQL statement parameter value: column index 1, parameter value [889175201417338346], value class [java.lang.String], SQL type 12]
2017-03-24 10:55:12,751 DEBUG [org.springframework.jdbc.core.JdbcTemplate] - [CallableStatement.execute() returned 'true']
2017-03-24 10:55:12,751 DEBUG [org.springframework.jdbc.core.JdbcTemplate] - [CallableStatement.getUpdateCount() returned -1]
2017-03-24 10:55:12,751 INFO [org.springframework.jdbc.core.JdbcTemplate] - [Added default SqlReturnResultSet parameter named #result-set-1]
2017-03-24 10:55:12,751 DEBUG [org.springframework.jdbc.core.JdbcTemplate] - [CallableStatement.getUpdateCount() returned -1]
2017-03-24 10:55:26,556 DEBUG [org.springframework.jdbc.core.JdbcTemplate] - [Calling stored procedure [{call sessao.pSelDadosSessao01(?)}]]
2017-03-24 10:55:26,556 DEBUG [org.springframework.jdbc.core.StatementCreatorUtils] - [Setting SQL statement parameter value: column index 1, parameter value [889175201417338346], value class [java.lang.String], SQL type 12]
2017-03-24 10:55:26,562 DEBUG [org.springframework.jdbc.core.JdbcTemplate] - [CallableStatement.execute() returned 'true']
2017-03-24 10:55:26,562 DEBUG [org.springframework.jdbc.core.JdbcTemplate] - [CallableStatement.getUpdateCount() returned -1]
2017-03-24 10:55:26,562 INFO [org.springframework.jdbc.core.JdbcTemplate] - [Added default SqlReturnResultSet parameter named #result-set-1]
2017-03-24 10:55:26,562 DEBUG [org.springframework.jdbc.core.JdbcTemplate] - [CallableStatement.getUpdateCount() returned -1]
2017-03-24 10:55:36,306 DEBUG [org.springframework.jdbc.core.JdbcTemplate] - [Calling stored procedure [{call sessao.pSelDadosSessao01(?)}]]
2017-03-24 10:55:36,306 DEBUG [org.springframework.jdbc.core.StatementCreatorUtils] - [Setting SQL statement parameter value: column index 1, parameter value [889175201417338346], value class [java.lang.String], SQL type 12]
2017-03-24 10:55:36,312 DEBUG [org.springframework.jdbc.core.JdbcTemplate] - [CallableStatement.execute() returned 'true']
2017-03-24 10:55:36,312 DEBUG [org.springframework.jdbc.core.JdbcTemplate] - [CallableStatement.getUpdateCount() returned -1]
2017-03-24 10:55:36,312 INFO [org.springframework.jdbc.core.JdbcTemplate] - [Added default SqlReturnResultSet parameter named #result-set-1]
2017-03-24 10:55:36,312 DEBUG [org.springframework.jdbc.core.JdbcTemplate] - [CallableStatement.getUpdateCount() returned -1]
2017-03-24 10:55:42,965 DEBUG [org.springframework.jdbc.core.JdbcTemplate] - [Calling stored procedure [{call sessao.pSelDadosSessao01(?)}]]
2017-03-24 10:55:42,966 DEBUG [org.springframework.jdbc.core.StatementCreatorUtils] - [Setting SQL statement parameter value: column index 1, parameter value [889175201417338346], value class [java.lang.String], SQL type 12]
2017-03-24 10:55:42,971 DEBUG [org.springframework.jdbc.core.JdbcTemplate] - [CallableStatement.execute() returned 'true']
2017-03-24 10:55:42,971 DEBUG [org.springframework.jdbc.core.JdbcTemplate] - [CallableStatement.getUpdateCount() returned -1]
2017-03-24 10:55:42,971 INFO [org.springframework.jdbc.core.JdbcTemplate] - [Added default SqlReturnResultSet parameter named #result-set-1]
2017-03-24 10:55:42,971 DEBUG [org.springframework.jdbc.core.JdbcTemplate] - [CallableStatement.getUpdateCount() returned -1]
2017-03-24 10:56:53,669 DEBUG [org.springframework.jdbc.core.JdbcTemplate] - [Calling stored procedure [{call sessao.pSelDadosSessao01(?)}]]
2017-03-24 10:56:53,669 DEBUG [org.springframework.jdbc.core.StatementCreatorUtils] - [Setting SQL statement parameter value: column index 1, parameter value [889175201417338346], value class [java.lang.String], SQL type 12]
2017-03-24 10:56:53,675 DEBUG [org.springframework.jdbc.core.JdbcTemplate] - [CallableStatement.execute() returned 'true']
2017-03-24 10:56:53,675 DEBUG [org.springframework.jdbc.core.JdbcTemplate] - [CallableStatement.getUpdateCount() returned -1]
2017-03-24 10:56:53,675 INFO [org.springframework.jdbc.core.JdbcTemplate] - [Added default SqlReturnResultSet parameter named #result-set-1]
2017-03-24 10:56:53,675 DEBUG [org.springframework.jdbc.core.JdbcTemplate] - [CallableStatement.getUpdateCount() returned -1]
2017-03-24 10:57:15,290 DEBUG [org.springframework.jdbc.core.JdbcTemplate] - [Calling stored procedure [{call sessao.pSelDadosSessao01(?)}]]
2017-03-24 10:57:15,290 DEBUG [org.springframework.jdbc.core.StatementCreatorUtils] - [Setting SQL statement parameter value: column index 1, parameter value [889175201417338346], value class [java.lang.String], SQL type 12]
2017-03-24 10:57:15,296 DEBUG [org.springframework.jdbc.core.JdbcTemplate] - [CallableStatement.execute() returned 'true']
2017-03-24 10:57:15,296 DEBUG [org.springframework.jdbc.core.JdbcTemplate] - [CallableStatement.getUpdateCount() returned -1]
2017-03-24 10:57:15,296 INFO [org.springframework.jdbc.core.JdbcTemplate] - [Added default SqlReturnResultSet parameter named #result-set-1]
2017-03-24 10:57:15,296 DEBUG [org.springframework.jdbc.core.JdbcTemplate] - [CallableStatement.getUpdateCount() returned -1]
2017-03-24 10:57:39,739 DEBUG [org.springframework.jdbc.core.JdbcTemplate] - [Calling stored procedure [{call sessao.pSelDadosSessao01(?)}]]
2017-03-24 10:57:39,739 DEBUG [org.springframework.jdbc.core.StatementCreatorUtils] - [Setting SQL statement parameter value: column index 1, parameter value [889175201417338346], value class [java.lang.String], SQL type 12]
2017-03-24 10:57:39,745 DEBUG [org.springframework.jdbc.core.JdbcTemplate] - [CallableStatement.execute() returned 'true']
2017-03-24 10:57:39,745 DEBUG [org.springframework.jdbc.core.JdbcTemplate] - [CallableStatement.getUpdateCount() returned -1]
2017-03-24 10:57:39,745 INFO [org.springframework.jdbc.core.JdbcTemplate] - [Added default SqlReturnResultSet parameter named #result-set-1]
2017-03-24 10:57:39,745 DEBUG [org.springframework.jdbc.core.JdbcTemplate] - [CallableStatement.getUpdateCount() returned -1]
2017-03-24 11:04:56,312 DEBUG [org.springframework.jdbc.core.JdbcTemplate] - [Calling stored procedure [{call sessao.pSelDadosSessao01(?)}]]
2017-03-24 11:04:56,312 DEBUG [org.springframework.jdbc.core.StatementCreatorUtils] - [Setting SQL statement parameter value: column index 1, parameter value [889175201417338346], value class [java.lang.String], SQL type 12]
2017-03-24 11:04:56,320 DEBUG [org.springframework.jdbc.core.JdbcTemplate] - [CallableStatement.execute() returned 'true']
2017-03-24 11:04:56,320 DEBUG [org.springframework.jdbc.core.JdbcTemplate] - [CallableStatement.getUpdateCount() returned -1]
2017-03-24 11:04:56,320 INFO [org.springframework.jdbc.core.JdbcTemplate] - [Added default SqlReturnResultSet parameter named #result-set-1]
2017-03-24 11:04:56,320 DEBUG [org.springframework.jdbc.core.JdbcTemplate] - [CallableStatement.getUpdateCount() returned -1]
