2017-03-16 12:41:00,647 INFO [br.com.bradesco.web.aq.application.log.impl.LogManagerImpl] - [Loaded LOG CATALOG from EXTERNAL Location [ '/suportedbdc_apl/custodia/calitatransferencia/config/log4j-catalog.xml'].]
2017-03-16 12:41:00,693 WARN [br.com.bradesco.web.aq.application.alert.config.AlertCatalogImpl] - [Could not open ServletContext resource [/WEB-INF/classes/alert-catalog.xml]]
2017-03-16 12:41:00,693 WARN [br.com.bradesco.web.aq.application.alert.channel.file.impl.FileEmitterImpl] - [O sistema não pode encontrar o caminho especificado]
2017-03-16 12:41:01,963 INFO [br.com.bradesco.web.aq.view.filters.impl.BradescoFilterManager] - [Inicializando BradescoFilterManager]
2017-03-16 12:41:01,963 INFO [br.com.bradesco.web.aq.view.filters.impl.BradescoFilterManager] - [Finalizando a inicialização do objeto BradescoFilterManager]
2017-03-16 12:43:39,660 INFO [br.com.bradesco.web.aq.view.filters.session.BradescoRequestInterceptionFilter] - [Inicializando Bradesco Filter 'class br.com.bradesco.web.aq.view.filters.session.BradescoRequestInterceptionFilter']
2017-03-16 12:43:39,660 INFO [br.com.bradesco.web.aq.view.filters.object.BradescoDataContextInterceptionFilter] - [Inicializando Bradesco Filter 'class br.com.bradesco.web.aq.view.filters.object.BradescoDataContextInterceptionFilter']
2017-03-16 12:43:39,949 INFO [br.com.bradesco.web.aq.view.filters.impl.BradescoFilterImpl] - [Inicializando Bradesco Filter 'class br.com.bradesco.web.aq.view.filters.impl.BradescoFilterImpl']
2017-03-16 12:43:42,493 INFO [br.com.bradesco.web.aq.view.filters.session.BradescoRequestInterceptionFilter] - [Inicializando Bradesco Filter 'class br.com.bradesco.web.aq.view.filters.session.BradescoRequestInterceptionFilter']
2017-03-16 12:43:42,493 INFO [br.com.bradesco.web.aq.view.filters.object.BradescoDataContextInterceptionFilter] - [Inicializando Bradesco Filter 'class br.com.bradesco.web.aq.view.filters.object.BradescoDataContextInterceptionFilter']
2017-03-16 12:43:42,527 INFO [br.com.bradesco.web.aq.view.filters.impl.BradescoFilterImpl] - [Inicializando Bradesco Filter 'class br.com.bradesco.web.aq.view.filters.impl.BradescoFilterImpl']
2017-03-16 12:43:43,811 INFO [br.com.bradesco.web.aq.view.filters.session.BradescoRequestInterceptionFilter] - [Inicializando Bradesco Filter 'class br.com.bradesco.web.aq.view.filters.session.BradescoRequestInterceptionFilter']
2017-03-16 12:43:43,818 INFO [br.com.bradesco.web.aq.view.filters.object.BradescoDataContextInterceptionFilter] - [Inicializando Bradesco Filter 'class br.com.bradesco.web.aq.view.filters.object.BradescoDataContextInterceptionFilter']
2017-03-16 12:43:44,359 INFO [br.com.bradesco.web.aq.view.filters.impl.BradescoFilterImpl] - [Inicializando Bradesco Filter 'class br.com.bradesco.web.aq.view.filters.impl.BradescoFilterImpl']
2017-03-16 12:43:45,239 INFO [br.com.bradesco.web.aq.view.filters.session.BradescoRequestInterceptionFilter] - [Inicializando Bradesco Filter 'class br.com.bradesco.web.aq.view.filters.session.BradescoRequestInterceptionFilter']
2017-03-16 12:43:45,239 INFO [br.com.bradesco.web.aq.view.filters.object.BradescoDataContextInterceptionFilter] - [Inicializando Bradesco Filter 'class br.com.bradesco.web.aq.view.filters.object.BradescoDataContextInterceptionFilter']
2017-03-16 12:43:46,310 INFO [br.com.bradesco.web.aq.view.filters.impl.BradescoFilterImpl] - [Inicializando Bradesco Filter 'class br.com.bradesco.web.aq.view.filters.impl.BradescoFilterImpl']
2017-03-16 12:43:53,327 INFO [br.com.bradesco.web.aq.view.filters.session.BradescoRequestInterceptionFilter] - [Inicializando Bradesco Filter 'class br.com.bradesco.web.aq.view.filters.session.BradescoRequestInterceptionFilter']
2017-03-16 12:43:53,327 INFO [br.com.bradesco.web.aq.view.filters.object.BradescoDataContextInterceptionFilter] - [Inicializando Bradesco Filter 'class br.com.bradesco.web.aq.view.filters.object.BradescoDataContextInterceptionFilter']
2017-03-16 12:43:53,864 INFO [br.com.bradesco.web.aq.view.filters.impl.BradescoFilterImpl] - [Inicializando Bradesco Filter 'class br.com.bradesco.web.aq.view.filters.impl.BradescoFilterImpl']
2017-03-16 12:44:16,244 INFO [br.com.bradesco.web.aq.view.filters.session.BradescoRequestInterceptionFilter] - [Inicializando Bradesco Filter 'class br.com.bradesco.web.aq.view.filters.session.BradescoRequestInterceptionFilter']
2017-03-16 12:44:16,245 INFO [br.com.bradesco.web.aq.view.filters.object.BradescoDataContextInterceptionFilter] - [Inicializando Bradesco Filter 'class br.com.bradesco.web.aq.view.filters.object.BradescoDataContextInterceptionFilter']
2017-03-16 12:44:16,283 INFO [br.com.bradesco.web.aq.view.filters.impl.BradescoFilterImpl] - [Inicializando Bradesco Filter 'class br.com.bradesco.web.aq.view.filters.impl.BradescoFilterImpl']
2017-03-16 12:44:17,509 INFO [br.com.bradesco.web.aq.view.filters.session.BradescoRequestInterceptionFilter] - [Inicializando Bradesco Filter 'class br.com.bradesco.web.aq.view.filters.session.BradescoRequestInterceptionFilter']
2017-03-16 12:44:17,510 INFO [br.com.bradesco.web.aq.view.filters.object.BradescoDataContextInterceptionFilter] - [Inicializando Bradesco Filter 'class br.com.bradesco.web.aq.view.filters.object.BradescoDataContextInterceptionFilter']
2017-03-16 12:44:17,524 INFO [br.com.bradesco.web.aq.view.filters.impl.BradescoFilterImpl] - [Inicializando Bradesco Filter 'class br.com.bradesco.web.aq.view.filters.impl.BradescoFilterImpl']
2017-03-16 12:44:18,577 INFO [br.com.bradesco.web.aq.view.filters.session.BradescoRequestInterceptionFilter] - [Inicializando Bradesco Filter 'class br.com.bradesco.web.aq.view.filters.session.BradescoRequestInterceptionFilter']
2017-03-16 12:44:18,577 INFO [br.com.bradesco.web.aq.view.filters.object.BradescoDataContextInterceptionFilter] - [Inicializando Bradesco Filter 'class br.com.bradesco.web.aq.view.filters.object.BradescoDataContextInterceptionFilter']
2017-03-16 12:44:18,599 INFO [br.com.bradesco.web.aq.view.filters.impl.BradescoFilterImpl] - [Inicializando Bradesco Filter 'class br.com.bradesco.web.aq.view.filters.impl.BradescoFilterImpl']
2017-03-16 12:44:19,192 INFO [br.com.bradesco.web.aq.view.filters.session.BradescoRequestInterceptionFilter] - [Inicializando Bradesco Filter 'class br.com.bradesco.web.aq.view.filters.session.BradescoRequestInterceptionFilter']
2017-03-16 12:44:19,192 INFO [br.com.bradesco.web.aq.view.filters.object.BradescoDataContextInterceptionFilter] - [Inicializando Bradesco Filter 'class br.com.bradesco.web.aq.view.filters.object.BradescoDataContextInterceptionFilter']
2017-03-16 12:44:19,215 INFO [br.com.bradesco.web.aq.view.filters.impl.BradescoFilterImpl] - [Inicializando Bradesco Filter 'class br.com.bradesco.web.aq.view.filters.impl.BradescoFilterImpl']
2017-03-16 12:44:20,441 INFO [br.com.bradesco.web.aq.view.filters.session.BradescoRequestInterceptionFilter] - [Inicializando Bradesco Filter 'class br.com.bradesco.web.aq.view.filters.session.BradescoRequestInterceptionFilter']
2017-03-16 12:44:20,441 INFO [br.com.bradesco.web.aq.view.filters.object.BradescoDataContextInterceptionFilter] - [Inicializando Bradesco Filter 'class br.com.bradesco.web.aq.view.filters.object.BradescoDataContextInterceptionFilter']
2017-03-16 12:44:20,452 INFO [br.com.bradesco.web.aq.view.filters.impl.BradescoFilterImpl] - [Inicializando Bradesco Filter 'class br.com.bradesco.web.aq.view.filters.impl.BradescoFilterImpl']
2017-03-16 12:46:01,383 INFO [br.com.bradesco.web.aq.view.filters.session.BradescoRequestInterceptionFilter] - [Inicializando Bradesco Filter 'class br.com.bradesco.web.aq.view.filters.session.BradescoRequestInterceptionFilter']
2017-03-16 12:46:01,383 INFO [br.com.bradesco.web.aq.view.filters.object.BradescoDataContextInterceptionFilter] - [Inicializando Bradesco Filter 'class br.com.bradesco.web.aq.view.filters.object.BradescoDataContextInterceptionFilter']
2017-03-16 12:46:01,423 INFO [br.com.bradesco.web.aq.view.filters.impl.BradescoFilterImpl] - [Inicializando Bradesco Filter 'class br.com.bradesco.web.aq.view.filters.impl.BradescoFilterImpl']
2017-03-16 12:48:02,827 INFO [br.com.bradesco.web.aq.application.log.impl.LogManagerImpl] - [Loaded LOG CATALOG from EXTERNAL Location [ '/suportedbdc_apl/custodia/calitatransferencia/config/log4j-catalog.xml'].]
2017-03-16 12:48:02,858 WARN [br.com.bradesco.web.aq.application.alert.config.AlertCatalogImpl] - [Could not open ServletContext resource [/WEB-INF/classes/alert-catalog.xml]]
2017-03-16 12:48:02,862 WARN [br.com.bradesco.web.aq.application.alert.channel.file.impl.FileEmitterImpl] - [O sistema não pode encontrar o caminho especificado]
2017-03-16 12:48:04,230 INFO [br.com.bradesco.web.aq.view.filters.impl.BradescoFilterManager] - [Inicializando BradescoFilterManager]
2017-03-16 12:48:04,230 INFO [br.com.bradesco.web.aq.view.filters.impl.BradescoFilterManager] - [Finalizando a inicialização do objeto BradescoFilterManager]
2017-03-16 12:48:14,598 INFO [br.com.bradesco.web.aq.view.filters.session.BradescoRequestInterceptionFilter] - [Inicializando Bradesco Filter 'class br.com.bradesco.web.aq.view.filters.session.BradescoRequestInterceptionFilter']
2017-03-16 12:48:14,598 INFO [br.com.bradesco.web.aq.view.filters.object.BradescoDataContextInterceptionFilter] - [Inicializando Bradesco Filter 'class br.com.bradesco.web.aq.view.filters.object.BradescoDataContextInterceptionFilter']
2017-03-16 12:48:14,710 INFO [br.com.bradesco.web.aq.view.filters.impl.BradescoFilterImpl] - [Inicializando Bradesco Filter 'class br.com.bradesco.web.aq.view.filters.impl.BradescoFilterImpl']
2017-03-16 12:48:17,578 INFO [br.com.bradesco.web.aq.view.filters.session.BradescoRequestInterceptionFilter] - [Inicializando Bradesco Filter 'class br.com.bradesco.web.aq.view.filters.session.BradescoRequestInterceptionFilter']
2017-03-16 12:48:17,578 INFO [br.com.bradesco.web.aq.view.filters.object.BradescoDataContextInterceptionFilter] - [Inicializando Bradesco Filter 'class br.com.bradesco.web.aq.view.filters.object.BradescoDataContextInterceptionFilter']
2017-03-16 12:48:17,617 INFO [br.com.bradesco.web.aq.view.filters.impl.BradescoFilterImpl] - [Inicializando Bradesco Filter 'class br.com.bradesco.web.aq.view.filters.impl.BradescoFilterImpl']
2017-03-16 12:48:20,124 INFO [br.com.bradesco.web.aq.view.filters.session.BradescoRequestInterceptionFilter] - [Inicializando Bradesco Filter 'class br.com.bradesco.web.aq.view.filters.session.BradescoRequestInterceptionFilter']
2017-03-16 12:48:20,124 INFO [br.com.bradesco.web.aq.view.filters.object.BradescoDataContextInterceptionFilter] - [Inicializando Bradesco Filter 'class br.com.bradesco.web.aq.view.filters.object.BradescoDataContextInterceptionFilter']
2017-03-16 12:48:20,150 INFO [br.com.bradesco.web.aq.view.filters.impl.BradescoFilterImpl] - [Inicializando Bradesco Filter 'class br.com.bradesco.web.aq.view.filters.impl.BradescoFilterImpl']
2017-03-16 12:48:20,834 INFO [br.com.bradesco.web.aq.view.filters.session.BradescoRequestInterceptionFilter] - [Inicializando Bradesco Filter 'class br.com.bradesco.web.aq.view.filters.session.BradescoRequestInterceptionFilter']
2017-03-16 12:48:20,834 INFO [br.com.bradesco.web.aq.view.filters.object.BradescoDataContextInterceptionFilter] - [Inicializando Bradesco Filter 'class br.com.bradesco.web.aq.view.filters.object.BradescoDataContextInterceptionFilter']
2017-03-16 12:48:20,864 INFO [br.com.bradesco.web.aq.view.filters.impl.BradescoFilterImpl] - [Inicializando Bradesco Filter 'class br.com.bradesco.web.aq.view.filters.impl.BradescoFilterImpl']
2017-03-16 12:48:21,482 INFO [br.com.bradesco.web.aq.view.filters.session.BradescoRequestInterceptionFilter] - [Inicializando Bradesco Filter 'class br.com.bradesco.web.aq.view.filters.session.BradescoRequestInterceptionFilter']
2017-03-16 12:48:21,482 INFO [br.com.bradesco.web.aq.view.filters.object.BradescoDataContextInterceptionFilter] - [Inicializando Bradesco Filter 'class br.com.bradesco.web.aq.view.filters.object.BradescoDataContextInterceptionFilter']
2017-03-16 12:48:21,514 INFO [br.com.bradesco.web.aq.view.filters.impl.BradescoFilterImpl] - [Inicializando Bradesco Filter 'class br.com.bradesco.web.aq.view.filters.impl.BradescoFilterImpl']
2017-03-16 12:48:22,089 INFO [br.com.bradesco.web.aq.view.filters.session.BradescoRequestInterceptionFilter] - [Inicializando Bradesco Filter 'class br.com.bradesco.web.aq.view.filters.session.BradescoRequestInterceptionFilter']
2017-03-16 12:48:22,089 INFO [br.com.bradesco.web.aq.view.filters.object.BradescoDataContextInterceptionFilter] - [Inicializando Bradesco Filter 'class br.com.bradesco.web.aq.view.filters.object.BradescoDataContextInterceptionFilter']
2017-03-16 12:48:22,119 INFO [br.com.bradesco.web.aq.view.filters.impl.BradescoFilterImpl] - [Inicializando Bradesco Filter 'class br.com.bradesco.web.aq.view.filters.impl.BradescoFilterImpl']
2017-03-16 12:48:22,682 INFO [br.com.bradesco.web.aq.view.filters.session.BradescoRequestInterceptionFilter] - [Inicializando Bradesco Filter 'class br.com.bradesco.web.aq.view.filters.session.BradescoRequestInterceptionFilter']
2017-03-16 12:48:22,682 INFO [br.com.bradesco.web.aq.view.filters.object.BradescoDataContextInterceptionFilter] - [Inicializando Bradesco Filter 'class br.com.bradesco.web.aq.view.filters.object.BradescoDataContextInterceptionFilter']
2017-03-16 12:48:22,719 INFO [br.com.bradesco.web.aq.view.filters.impl.BradescoFilterImpl] - [Inicializando Bradesco Filter 'class br.com.bradesco.web.aq.view.filters.impl.BradescoFilterImpl']
2017-03-16 12:57:19,981 INFO [br.com.bradesco.web.aq.view.filters.session.BradescoRequestInterceptionFilter] - [Inicializando Bradesco Filter 'class br.com.bradesco.web.aq.view.filters.session.BradescoRequestInterceptionFilter']
2017-03-16 12:57:19,981 INFO [br.com.bradesco.web.aq.view.filters.object.BradescoDataContextInterceptionFilter] - [Inicializando Bradesco Filter 'class br.com.bradesco.web.aq.view.filters.object.BradescoDataContextInterceptionFilter']
2017-03-16 12:57:20,002 INFO [br.com.bradesco.web.aq.view.filters.impl.BradescoFilterImpl] - [Inicializando Bradesco Filter 'class br.com.bradesco.web.aq.view.filters.impl.BradescoFilterImpl']
2017-03-16 12:57:41,758 INFO [br.com.bradesco.web.aq.view.filters.session.BradescoRequestInterceptionFilter] - [Inicializando Bradesco Filter 'class br.com.bradesco.web.aq.view.filters.session.BradescoRequestInterceptionFilter']
2017-03-16 12:57:41,758 INFO [br.com.bradesco.web.aq.view.filters.object.BradescoDataContextInterceptionFilter] - [Inicializando Bradesco Filter 'class br.com.bradesco.web.aq.view.filters.object.BradescoDataContextInterceptionFilter']
2017-03-16 12:57:41,790 INFO [br.com.bradesco.web.aq.view.filters.impl.BradescoFilterImpl] - [Inicializando Bradesco Filter 'class br.com.bradesco.web.aq.view.filters.impl.BradescoFilterImpl']
2017-03-16 12:58:59,737 INFO [br.com.bradesco.web.aq.application.log.impl.LogManagerImpl] - [Loaded LOG CATALOG from EXTERNAL Location [ '/suportedbdc_apl/custodia/calitatransferencia/config/log4j-catalog.xml'].]
2017-03-16 12:58:59,768 WARN [br.com.bradesco.web.aq.application.alert.config.AlertCatalogImpl] - [Could not open ServletContext resource [/WEB-INF/classes/alert-catalog.xml]]
2017-03-16 12:58:59,771 WARN [br.com.bradesco.web.aq.application.alert.channel.file.impl.FileEmitterImpl] - [O sistema não pode encontrar o caminho especificado]
2017-03-16 12:59:01,034 INFO [br.com.bradesco.web.aq.view.filters.impl.BradescoFilterManager] - [Inicializando BradescoFilterManager]
2017-03-16 12:59:01,034 INFO [br.com.bradesco.web.aq.view.filters.impl.BradescoFilterManager] - [Finalizando a inicialização do objeto BradescoFilterManager]
2017-03-16 12:59:07,098 INFO [br.com.bradesco.web.aq.view.filters.session.BradescoRequestInterceptionFilter] - [Inicializando Bradesco Filter 'class br.com.bradesco.web.aq.view.filters.session.BradescoRequestInterceptionFilter']
2017-03-16 12:59:07,098 INFO [br.com.bradesco.web.aq.view.filters.object.BradescoDataContextInterceptionFilter] - [Inicializando Bradesco Filter 'class br.com.bradesco.web.aq.view.filters.object.BradescoDataContextInterceptionFilter']
2017-03-16 12:59:07,231 INFO [br.com.bradesco.web.aq.view.filters.impl.BradescoFilterImpl] - [Inicializando Bradesco Filter 'class br.com.bradesco.web.aq.view.filters.impl.BradescoFilterImpl']
2017-03-16 13:02:26,792 INFO [br.com.bradesco.web.aq.application.log.impl.LogManagerImpl] - [Loaded LOG CATALOG from EXTERNAL Location [ '/suportedbdc_apl/custodia/calitatransferencia/config/log4j-catalog.xml'].]
2017-03-16 13:02:26,823 WARN [br.com.bradesco.web.aq.application.alert.config.AlertCatalogImpl] - [Could not open ServletContext resource [/WEB-INF/classes/alert-catalog.xml]]
2017-03-16 13:02:26,823 WARN [br.com.bradesco.web.aq.application.alert.channel.file.impl.FileEmitterImpl] - [O sistema não pode encontrar o caminho especificado]
2017-03-16 13:02:28,041 INFO [br.com.bradesco.web.aq.view.filters.impl.BradescoFilterManager] - [Inicializando BradescoFilterManager]
2017-03-16 13:02:28,041 INFO [br.com.bradesco.web.aq.view.filters.impl.BradescoFilterManager] - [Finalizando a inicialização do objeto BradescoFilterManager]
2017-03-16 13:03:23,595 INFO [br.com.bradesco.web.aq.view.filters.session.BradescoRequestInterceptionFilter] - [Inicializando Bradesco Filter 'class br.com.bradesco.web.aq.view.filters.session.BradescoRequestInterceptionFilter']
2017-03-16 13:03:23,595 INFO [br.com.bradesco.web.aq.view.filters.object.BradescoDataContextInterceptionFilter] - [Inicializando Bradesco Filter 'class br.com.bradesco.web.aq.view.filters.object.BradescoDataContextInterceptionFilter']
2017-03-16 13:03:23,709 INFO [br.com.bradesco.web.aq.view.filters.impl.BradescoFilterImpl] - [Inicializando Bradesco Filter 'class br.com.bradesco.web.aq.view.filters.impl.BradescoFilterImpl']
2017-03-16 13:03:31,529 INFO [br.com.bradesco.web.aq.view.filters.session.BradescoRequestInterceptionFilter] - [Inicializando Bradesco Filter 'class br.com.bradesco.web.aq.view.filters.session.BradescoRequestInterceptionFilter']
2017-03-16 13:03:31,529 INFO [br.com.bradesco.web.aq.view.filters.object.BradescoDataContextInterceptionFilter] - [Inicializando Bradesco Filter 'class br.com.bradesco.web.aq.view.filters.object.BradescoDataContextInterceptionFilter']
2017-03-16 13:03:31,567 INFO [br.com.bradesco.web.aq.view.filters.impl.BradescoFilterImpl] - [Inicializando Bradesco Filter 'class br.com.bradesco.web.aq.view.filters.impl.BradescoFilterImpl']
2017-03-16 13:03:34,494 INFO [br.com.bradesco.web.aq.view.filters.session.BradescoRequestInterceptionFilter] - [Inicializando Bradesco Filter 'class br.com.bradesco.web.aq.view.filters.session.BradescoRequestInterceptionFilter']
2017-03-16 13:03:34,494 INFO [br.com.bradesco.web.aq.view.filters.object.BradescoDataContextInterceptionFilter] - [Inicializando Bradesco Filter 'class br.com.bradesco.web.aq.view.filters.object.BradescoDataContextInterceptionFilter']
2017-03-16 13:03:34,514 INFO [br.com.bradesco.web.aq.view.filters.impl.BradescoFilterImpl] - [Inicializando Bradesco Filter 'class br.com.bradesco.web.aq.view.filters.impl.BradescoFilterImpl']
2017-03-16 13:07:40,159 INFO [br.com.bradesco.web.aq.view.filters.session.BradescoRequestInterceptionFilter] - [Inicializando Bradesco Filter 'class br.com.bradesco.web.aq.view.filters.session.BradescoRequestInterceptionFilter']
2017-03-16 13:07:40,159 INFO [br.com.bradesco.web.aq.view.filters.object.BradescoDataContextInterceptionFilter] - [Inicializando Bradesco Filter 'class br.com.bradesco.web.aq.view.filters.object.BradescoDataContextInterceptionFilter']
2017-03-16 13:07:40,189 INFO [br.com.bradesco.web.aq.view.filters.impl.BradescoFilterImpl] - [Inicializando Bradesco Filter 'class br.com.bradesco.web.aq.view.filters.impl.BradescoFilterImpl']
2017-03-16 13:07:42,780 INFO [br.com.bradesco.web.aq.view.filters.session.BradescoRequestInterceptionFilter] - [Inicializando Bradesco Filter 'class br.com.bradesco.web.aq.view.filters.session.BradescoRequestInterceptionFilter']
2017-03-16 13:07:42,780 INFO [br.com.bradesco.web.aq.view.filters.object.BradescoDataContextInterceptionFilter] - [Inicializando Bradesco Filter 'class br.com.bradesco.web.aq.view.filters.object.BradescoDataContextInterceptionFilter']
2017-03-16 13:07:42,797 INFO [br.com.bradesco.web.aq.view.filters.impl.BradescoFilterImpl] - [Inicializando Bradesco Filter 'class br.com.bradesco.web.aq.view.filters.impl.BradescoFilterImpl']
2017-03-16 13:15:52,844 INFO [br.com.bradesco.web.aq.view.filters.session.BradescoRequestInterceptionFilter] - [Inicializando Bradesco Filter 'class br.com.bradesco.web.aq.view.filters.session.BradescoRequestInterceptionFilter']
2017-03-16 13:15:52,844 INFO [br.com.bradesco.web.aq.view.filters.object.BradescoDataContextInterceptionFilter] - [Inicializando Bradesco Filter 'class br.com.bradesco.web.aq.view.filters.object.BradescoDataContextInterceptionFilter']
2017-03-16 13:15:52,864 INFO [br.com.bradesco.web.aq.view.filters.impl.BradescoFilterImpl] - [Inicializando Bradesco Filter 'class br.com.bradesco.web.aq.view.filters.impl.BradescoFilterImpl']
2017-03-16 13:15:54,076 INFO [br.com.bradesco.web.aq.view.filters.session.BradescoRequestInterceptionFilter] - [Inicializando Bradesco Filter 'class br.com.bradesco.web.aq.view.filters.session.BradescoRequestInterceptionFilter']
2017-03-16 13:15:54,076 INFO [br.com.bradesco.web.aq.view.filters.object.BradescoDataContextInterceptionFilter] - [Inicializando Bradesco Filter 'class br.com.bradesco.web.aq.view.filters.object.BradescoDataContextInterceptionFilter']
2017-03-16 13:15:54,091 INFO [br.com.bradesco.web.aq.view.filters.impl.BradescoFilterImpl] - [Inicializando Bradesco Filter 'class br.com.bradesco.web.aq.view.filters.impl.BradescoFilterImpl']
2017-03-16 13:15:54,726 INFO [br.com.bradesco.web.aq.view.filters.session.BradescoRequestInterceptionFilter] - [Inicializando Bradesco Filter 'class br.com.bradesco.web.aq.view.filters.session.BradescoRequestInterceptionFilter']
2017-03-16 13:15:54,726 INFO [br.com.bradesco.web.aq.view.filters.object.BradescoDataContextInterceptionFilter] - [Inicializando Bradesco Filter 'class br.com.bradesco.web.aq.view.filters.object.BradescoDataContextInterceptionFilter']
2017-03-16 13:15:54,739 INFO [br.com.bradesco.web.aq.view.filters.impl.BradescoFilterImpl] - [Inicializando Bradesco Filter 'class br.com.bradesco.web.aq.view.filters.impl.BradescoFilterImpl']
2017-03-16 13:15:56,493 INFO [br.com.bradesco.web.aq.view.filters.session.BradescoRequestInterceptionFilter] - [Inicializando Bradesco Filter 'class br.com.bradesco.web.aq.view.filters.session.BradescoRequestInterceptionFilter']
2017-03-16 13:15:56,493 INFO [br.com.bradesco.web.aq.view.filters.object.BradescoDataContextInterceptionFilter] - [Inicializando Bradesco Filter 'class br.com.bradesco.web.aq.view.filters.object.BradescoDataContextInterceptionFilter']
2017-03-16 13:15:56,508 INFO [br.com.bradesco.web.aq.view.filters.impl.BradescoFilterImpl] - [Inicializando Bradesco Filter 'class br.com.bradesco.web.aq.view.filters.impl.BradescoFilterImpl']
2017-03-16 13:44:35,525 INFO [br.com.bradesco.web.aq.application.log.impl.LogManagerImpl] - [Loaded LOG CATALOG from EXTERNAL Location [ '/suportedbdc_apl/custodia/calitatransferencia/config/log4j-catalog.xml'].]
2017-03-16 13:44:35,556 WARN [br.com.bradesco.web.aq.application.alert.config.AlertCatalogImpl] - [Could not open ServletContext resource [/WEB-INF/classes/alert-catalog.xml]]
2017-03-16 13:44:35,571 WARN [br.com.bradesco.web.aq.application.alert.channel.file.impl.FileEmitterImpl] - [O sistema não pode encontrar o caminho especificado]
2017-03-16 13:44:36,933 INFO [br.com.bradesco.web.aq.view.filters.impl.BradescoFilterManager] - [Inicializando BradescoFilterManager]
2017-03-16 13:44:36,933 INFO [br.com.bradesco.web.aq.view.filters.impl.BradescoFilterManager] - [Finalizando a inicialização do objeto BradescoFilterManager]
